2023-08-29 09:31:16,089 - BANKNIFTY31AUG23C45100 went long at price-30.9, time-9:31:16
2023-08-29 09:31:16,089 - long entry dict:[0.0, 30.9]
2023-08-29 09:31:16,089 - long exit dict:[0.0]
2023-08-29 09:31:16,089 - HEDGE-BANKNIFTY31AUG23C45100 went long at price-30.9, time-9:31:16
2023-08-29 11:28:33,051 - BANKNIFTY31AUG23C45100 went short at price-22.0, time-11:28:33
2023-08-29 11:28:33,051 - short entry dict: [0.0, 22.0]
2023-08-29 11:29:59,148 - BANKNIFTY31AUG23C45100 candle closing price at time 2023-08-29 11:29:59.148770+05:30 is 22.4
2023-08-29 11:44:59,252 - BANKNIFTY31AUG23C45100 candle closing price at time 2023-08-29 11:44:59.252732+05:30 is 24.25
2023-08-29 11:59:59,213 - BANKNIFTY31AUG23C45100 candle closing price at time 2023-08-29 11:59:59.213816+05:30 is 23.4
2023-08-29 12:14:59,128 - BANKNIFTY31AUG23C45100 candle closing price at time 2023-08-29 12:14:59.128815+05:30 is 23.45
2023-08-29 12:29:59,203 - BANKNIFTY31AUG23C45100 candle closing price at time 2023-08-29 12:29:59.203769+05:30 is 24.3
2023-08-29 12:44:59,123 - BANKNIFTY31AUG23C45100 candle closing price at time 2023-08-29 12:44:59.123877+05:30 is 22.45
2023-08-29 12:59:59,260 - BANKNIFTY31AUG23C45100 candle closing price at time 2023-08-29 12:59:59.260357+05:30 is 22.5
2023-08-29 13:14:59,074 - BANKNIFTY31AUG23C45100 candle closing price at time 2023-08-29 13:14:59.074047+05:30 is 21.4
2023-08-29 13:29:59,068 - BANKNIFTY31AUG23C45100 candle closing price at time 2023-08-29 13:29:59.067990+05:30 is 21.25
2023-08-29 13:44:59,000 - BANKNIFTY31AUG23C45100 candle closing price at time 2023-08-29 13:44:59.000532+05:30 is 20.0
2023-08-29 13:59:59,092 - BANKNIFTY31AUG23C45100 candle closing price at time 2023-08-29 13:59:59.092332+05:30 is 18.75
2023-08-29 14:14:59,289 - BANKNIFTY31AUG23C45100 candle closing price at time 2023-08-29 14:14:59.289483+05:30 is 18.25
2023-08-29 14:29:59,246 - BANKNIFTY31AUG23C45100 candle closing price at time 2023-08-29 14:29:59.246886+05:30 is 15.8
2023-08-29 14:44:59,277 - BANKNIFTY31AUG23C45100 candle closing price at time 2023-08-29 14:44:59.277319+05:30 is 15.75
2023-08-29 14:59:59,042 - BANKNIFTY31AUG23C45100 candle closing price at time 2023-08-29 14:59:59.042577+05:30 is 14.3
2023-08-29 15:14:59,290 - BANKNIFTY31AUG23C45100 candle closing price at time 2023-08-29 15:14:59.289958+05:30 is 14.8
2023-08-30 10:11:28,314 - BANKNIFTY31AUG23C45100 went short at price-20.95, time-10:11:28
2023-08-30 10:11:28,314 - short entry dict: [0.0, 20.95]
2023-08-30 10:14:59,053 - BANKNIFTY31AUG23C45100 candle closing price at time 2023-08-30 10:14:59.053257+05:30 is 21.0
2023-08-30 10:29:59,058 - BANKNIFTY31AUG23C45100 candle closing price at time 2023-08-30 10:29:59.057953+05:30 is 15.65
2023-08-30 10:44:59,135 - BANKNIFTY31AUG23C45100 candle closing price at time 2023-08-30 10:44:59.135583+05:30 is 17.65
2023-08-30 10:59:59,112 - BANKNIFTY31AUG23C45100 candle closing price at time 2023-08-30 10:59:59.112464+05:30 is 17.1
2023-08-30 11:14:59,183 - BANKNIFTY31AUG23C45100 candle closing price at time 2023-08-30 11:14:59.183175+05:30 is 16.65
2023-08-30 11:29:59,207 - BANKNIFTY31AUG23C45100 candle closing price at time 2023-08-30 11:29:59.206663+05:30 is 14.5
2023-08-30 11:44:59,187 - BANKNIFTY31AUG23C45100 candle closing price at time 2023-08-30 11:44:59.187559+05:30 is 14.2
2023-08-30 11:59:59,058 - BANKNIFTY31AUG23C45100 candle closing price at time 2023-08-30 11:59:59.058846+05:30 is 13.75
2023-08-30 12:14:59,106 - BANKNIFTY31AUG23C45100 candle closing price at time 2023-08-30 12:14:59.106580+05:30 is 14.55
2023-08-30 12:29:59,269 - BANKNIFTY31AUG23C45100 candle closing price at time 2023-08-30 12:29:59.268999+05:30 is 13.65
2023-08-30 12:44:59,160 - BANKNIFTY31AUG23C45100 candle closing price at time 2023-08-30 12:44:59.160785+05:30 is 11.75
2023-08-30 12:59:59,022 - BANKNIFTY31AUG23C45100 candle closing price at time 2023-08-30 12:59:59.022478+05:30 is 11.35
2023-08-30 13:14:59,254 - BANKNIFTY31AUG23C45100 candle closing price at time 2023-08-30 13:14:59.254507+05:30 is 12.05
2023-08-30 13:29:59,219 - BANKNIFTY31AUG23C45100 candle closing price at time 2023-08-30 13:29:59.219456+05:30 is 11.05
2023-08-30 13:44:59,109 - BANKNIFTY31AUG23C45100 candle closing price at time 2023-08-30 13:44:59.109174+05:30 is 9.6
2023-08-30 13:59:59,080 - BANKNIFTY31AUG23C45100 candle closing price at time 2023-08-30 13:59:59.080756+05:30 is 9.6
2023-08-30 14:14:59,024 - BANKNIFTY31AUG23C45100 candle closing price at time 2023-08-30 14:14:59.024652+05:30 is 8.25
2023-08-30 14:29:59,239 - BANKNIFTY31AUG23C45100 candle closing price at time 2023-08-30 14:29:59.239340+05:30 is 7.75
2023-08-30 14:44:59,011 - BANKNIFTY31AUG23C45100 candle closing price at time 2023-08-30 14:44:59.011607+05:30 is 7.0
2023-08-30 14:59:59,268 - BANKNIFTY31AUG23C45100 candle closing price at time 2023-08-30 14:59:59.268074+05:30 is 7.1
2023-08-30 15:14:59,075 - BANKNIFTY31AUG23C45100 candle closing price at time 2023-08-30 15:14:59.075411+05:30 is 6.4
