2023-09-06 10:05:20,095 - FINNIFTY12SEP23C19800 went short at price-92.55, time-10:5:20
2023-09-06 10:05:20,095 - short entry dict: [0.0, 92.55]
2023-09-06 10:14:59,172 - FINNIFTY12SEP23C19800 candle closing price at time 2023-09-06 10:14:59.172701+05:30 is 90.65
2023-09-06 10:29:59,194 - FINNIFTY12SEP23C19800 candle closing price at time 2023-09-06 10:29:59.194679+05:30 is 87.9
2023-09-06 10:41:14,461 - short entry dict: [0.0, 92.55]
2023-09-06 10:41:14,461 - short exit dict: [0.0, 100.45]
2023-09-06 10:41:14,461 - last entry was at : 92.55 and exit at: 100.45
2023-09-06 10:41:14,461 - short pnl booked until now:-1264.000000000001
2023-09-06 10:44:58,000 - FINNIFTY12SEP23C19800 went short at price-96.4, time-10:44:58
2023-09-06 10:44:58,001 - short entry dict: [0.0, 92.55, 96.4]
2023-09-06 10:44:59,204 - FINNIFTY12SEP23C19800 candle closing price at time 2023-09-06 10:44:59.204520+05:30 is 96.4
2023-09-06 10:59:59,069 - FINNIFTY12SEP23C19800 candle closing price at time 2023-09-06 10:59:59.069253+05:30 is 85.0
2023-09-06 11:14:59,080 - FINNIFTY12SEP23C19800 candle closing price at time 2023-09-06 11:14:59.080256+05:30 is 85.25
2023-09-06 11:29:59,175 - FINNIFTY12SEP23C19800 candle closing price at time 2023-09-06 11:29:59.175887+05:30 is 81.0
2023-09-06 11:44:59,053 - FINNIFTY12SEP23C19800 candle closing price at time 2023-09-06 11:44:59.053242+05:30 is 73.65
2023-09-06 11:59:59,282 - FINNIFTY12SEP23C19800 candle closing price at time 2023-09-06 11:59:59.281925+05:30 is 79.05
2023-09-06 12:14:59,163 - FINNIFTY12SEP23C19800 candle closing price at time 2023-09-06 12:14:59.163439+05:30 is 80.05
2023-09-06 12:29:59,157 - FINNIFTY12SEP23C19800 candle closing price at time 2023-09-06 12:29:59.157693+05:30 is 75.05
2023-09-06 12:44:59,160 - FINNIFTY12SEP23C19800 candle closing price at time 2023-09-06 12:44:59.160826+05:30 is 65.25
2023-09-06 12:59:59,136 - FINNIFTY12SEP23C19800 candle closing price at time 2023-09-06 12:59:59.136817+05:30 is 64.8
2023-09-06 13:14:59,000 - FINNIFTY12SEP23C19800 candle closing price at time 2023-09-06 13:14:59.000650+05:30 is 65.0
2023-09-06 13:29:59,157 - FINNIFTY12SEP23C19800 candle closing price at time 2023-09-06 13:29:59.157426+05:30 is 58.6
2023-09-06 13:44:59,227 - FINNIFTY12SEP23C19800 candle closing price at time 2023-09-06 13:44:59.227326+05:30 is 62.85
2023-09-06 13:59:59,151 - FINNIFTY12SEP23C19800 candle closing price at time 2023-09-06 13:59:59.151043+05:30 is 58.9
2023-09-06 14:14:59,151 - FINNIFTY12SEP23C19800 candle closing price at time 2023-09-06 14:14:59.151593+05:30 is 62.65
2023-09-06 14:29:59,045 - FINNIFTY12SEP23C19800 candle closing price at time 2023-09-06 14:29:59.045407+05:30 is 66.65
2023-09-06 14:44:59,057 - FINNIFTY12SEP23C19800 candle closing price at time 2023-09-06 14:44:59.056841+05:30 is 67.75
2023-09-06 14:59:59,164 - FINNIFTY12SEP23C19800 candle closing price at time 2023-09-06 14:59:59.164379+05:30 is 69.25
2023-09-06 15:07:40,005 - short entry dict: [0.0, 92.55, 96.4]
2023-09-06 15:07:40,005 - short exit dict: [0.0, 100.45, 76.8]
2023-09-06 15:07:40,005 - last entry was at : 96.4 and exit at: 76.8
2023-09-06 15:07:40,005 - short pnl booked until now:1872.0000000000005
2023-09-06 15:14:58,001 - FINNIFTY12SEP23C19800 went short at price-74.55, time-15:14:58
2023-09-06 15:14:58,001 - short entry dict: [0.0, 92.55, 96.4, 74.55]
2023-09-06 15:14:59,207 - FINNIFTY12SEP23C19800 candle closing price at time 2023-09-06 15:14:59.207008+05:30 is 75.15
2023-09-06 15:15:12,041 - short entry dict: [0.0, 92.55, 96.4, 74.55]
2023-09-06 15:15:12,041 - short exit dict: [0.0, 100.45, 76.8, 76.75]
2023-09-06 15:15:12,041 - last entry was at : 74.55 and exit at: 76.75
2023-09-06 15:15:12,041 - short pnl booked until now:1520.0
