2023-08-24 09:31:19,306 - FINNIFTY29AUG23C20000 went short at price-35.65, time-9:31:19
2023-08-24 09:31:19,306 - short entry dict: [0.0, 35.65]
2023-08-24 09:42:20,618 - short entry dict: [0.0, 35.65]
2023-08-24 09:42:20,619 - short exit dict: [0.0, 41.75]
2023-08-24 09:42:20,619 - last entry was at : 35.65 and exit at: 41.75
2023-08-24 09:42:20,619 - short pnl booked until now:-976.0000000000002
2023-08-24 09:44:59,208 - FINNIFTY29AUG23C20000 candle closing price at time 2023-08-24 09:44:59.207965+05:30 is 51.05
2023-08-24 09:59:59,101 - FINNIFTY29AUG23C20000 candle closing price at time 2023-08-24 09:59:59.101646+05:30 is 54.75
2023-08-24 10:14:59,196 - FINNIFTY29AUG23C20000 candle closing price at time 2023-08-24 10:14:59.196520+05:30 is 57.5
2023-08-24 10:29:59,055 - FINNIFTY29AUG23C20000 candle closing price at time 2023-08-24 10:29:59.055172+05:30 is 49.25
2023-08-24 10:44:59,122 - FINNIFTY29AUG23C20000 candle closing price at time 2023-08-24 10:44:59.121904+05:30 is 47.05
2023-08-24 10:59:59,175 - FINNIFTY29AUG23C20000 candle closing price at time 2023-08-24 10:59:59.174956+05:30 is 36.7
2023-08-24 11:14:59,142 - FINNIFTY29AUG23C20000 candle closing price at time 2023-08-24 11:14:59.142445+05:30 is 33.05
2023-08-24 11:29:59,289 - FINNIFTY29AUG23C20000 candle closing price at time 2023-08-24 11:29:59.289481+05:30 is 33.2
2023-08-24 11:44:59,140 - FINNIFTY29AUG23C20000 candle closing price at time 2023-08-24 11:44:59.140294+05:30 is 35.65
2023-08-24 11:59:59,207 - FINNIFTY29AUG23C20000 candle closing price at time 2023-08-24 11:59:59.207455+05:30 is 31.75
2023-08-24 12:14:58,002 - FINNIFTY29AUG23C20000 went short at price-29.4, time-12:14:58
2023-08-24 12:14:58,004 - short entry dict: [0.0, 35.65, 29.4]
2023-08-24 12:14:59,212 - FINNIFTY29AUG23C20000 candle closing price at time 2023-08-24 12:14:59.212318+05:30 is 28.95
2023-08-24 12:29:59,180 - FINNIFTY29AUG23C20000 candle closing price at time 2023-08-24 12:29:59.180847+05:30 is 26.55
2023-08-24 12:33:59,089 - short entry dict: [0.0, 35.65, 29.4]
2023-08-24 12:33:59,089 - short exit dict: [0.0, 41.75, 29.9]
2023-08-24 12:33:59,090 - last entry was at : 29.4 and exit at: 29.9
2023-08-24 12:33:59,090 - short pnl booked until now:-1056.0000000000002
2023-08-24 12:44:59,209 - FINNIFTY29AUG23C20000 candle closing price at time 2023-08-24 12:44:59.208866+05:30 is 31.65
2023-08-24 12:59:58,001 - FINNIFTY29AUG23C20000 went short at price-26.75, time-12:59:58
2023-08-24 12:59:58,008 - short entry dict: [0.0, 35.65, 29.4, 26.75]
2023-08-24 12:59:59,214 - FINNIFTY29AUG23C20000 candle closing price at time 2023-08-24 12:59:59.214167+05:30 is 26.65
2023-08-24 13:14:59,106 - FINNIFTY29AUG23C20000 candle closing price at time 2023-08-24 13:14:59.105859+05:30 is 22.85
2023-08-24 13:29:59,024 - FINNIFTY29AUG23C20000 candle closing price at time 2023-08-24 13:29:59.024679+05:30 is 22.1
2023-08-24 13:44:59,209 - FINNIFTY29AUG23C20000 candle closing price at time 2023-08-24 13:44:59.208865+05:30 is 20.85
2023-08-24 13:59:59,100 - FINNIFTY29AUG23C20000 candle closing price at time 2023-08-24 13:59:59.100129+05:30 is 20.45
2023-08-24 14:14:59,160 - FINNIFTY29AUG23C20000 candle closing price at time 2023-08-24 14:14:59.160857+05:30 is 23.35
2023-08-24 14:29:59,268 - FINNIFTY29AUG23C20000 candle closing price at time 2023-08-24 14:29:59.268822+05:30 is 19.75
2023-08-24 14:44:59,232 - FINNIFTY29AUG23C20000 candle closing price at time 2023-08-24 14:44:59.232089+05:30 is 19.1
2023-08-24 14:59:59,036 - FINNIFTY29AUG23C20000 candle closing price at time 2023-08-24 14:59:59.035900+05:30 is 16.9
2023-08-24 15:14:59,115 - FINNIFTY29AUG23C20000 candle closing price at time 2023-08-24 15:14:59.115013+05:30 is 15.35
2023-08-25 09:31:17,386 - FINNIFTY29AUG23C20000 went long at price-7.25, time-9:31:17
2023-08-25 09:31:17,386 - long entry dict:[0.0, 7.25]
2023-08-25 09:31:17,387 - long exit dict:[0.0]
2023-08-25 09:31:17,387 - HEDGE-FINNIFTY29AUG23C20000 went long at price-7.25, time-9:31:17
