2023-08-23 09:31:12,268 - FINNIFTY29AUG23C19800 went long at price-24.95, time-9:31:12
2023-08-23 09:31:12,268 - long entry dict:[0.0, 24.95]
2023-08-23 09:31:12,269 - long exit dict:[0.0]
2023-08-23 09:31:12,269 - HEDGE-FINNIFTY29AUG23C19800 went long at price-24.95, time-9:31:12
2023-08-25 09:31:19,323 - FINNIFTY29AUG23C19800 went short at price-35.65, time-9:31:19
2023-08-25 09:31:19,323 - short entry dict: [0.0, 35.65]
2023-08-25 09:44:59,202 - FINNIFTY29AUG23C19800 candle closing price at time 2023-08-25 09:44:59.202437+05:30 is 32.5
2023-08-25 09:59:59,181 - FINNIFTY29AUG23C19800 candle closing price at time 2023-08-25 09:59:59.181617+05:30 is 29.6
2023-08-25 10:14:59,195 - FINNIFTY29AUG23C19800 candle closing price at time 2023-08-25 10:14:59.195447+05:30 is 26.3
2023-08-25 10:29:59,132 - FINNIFTY29AUG23C19800 candle closing price at time 2023-08-25 10:29:59.131835+05:30 is 16.1
2023-08-25 10:44:59,295 - FINNIFTY29AUG23C19800 candle closing price at time 2023-08-25 10:44:59.295189+05:30 is 14.35
2023-08-25 10:59:59,022 - FINNIFTY29AUG23C19800 candle closing price at time 2023-08-25 10:59:59.022112+05:30 is 12.25
2023-08-25 11:14:59,071 - FINNIFTY29AUG23C19800 candle closing price at time 2023-08-25 11:14:59.071600+05:30 is 13.0
2023-08-25 11:29:59,042 - FINNIFTY29AUG23C19800 candle closing price at time 2023-08-25 11:29:59.042083+05:30 is 28.8
2023-08-25 11:44:59,126 - FINNIFTY29AUG23C19800 candle closing price at time 2023-08-25 11:44:59.126282+05:30 is 27.0
2023-08-25 11:59:59,034 - FINNIFTY29AUG23C19800 candle closing price at time 2023-08-25 11:59:59.034709+05:30 is 26.0
2023-08-25 12:14:59,291 - FINNIFTY29AUG23C19800 candle closing price at time 2023-08-25 12:14:59.291907+05:30 is 23.6
2023-08-25 12:29:59,058 - FINNIFTY29AUG23C19800 candle closing price at time 2023-08-25 12:29:59.058633+05:30 is 25.1
2023-08-25 12:44:59,015 - FINNIFTY29AUG23C19800 candle closing price at time 2023-08-25 12:44:59.015100+05:30 is 28.2
2023-08-25 12:59:59,196 - FINNIFTY29AUG23C19800 candle closing price at time 2023-08-25 12:59:59.196475+05:30 is 28.4
2023-08-25 13:14:59,002 - FINNIFTY29AUG23C19800 candle closing price at time 2023-08-25 13:14:59.001961+05:30 is 25.2
2023-08-25 13:29:59,068 - FINNIFTY29AUG23C19800 candle closing price at time 2023-08-25 13:29:59.068044+05:30 is 23.8
2023-08-25 13:44:59,075 - FINNIFTY29AUG23C19800 candle closing price at time 2023-08-25 13:44:59.075245+05:30 is 26.05
2023-08-25 13:59:59,126 - FINNIFTY29AUG23C19800 candle closing price at time 2023-08-25 13:59:59.126185+05:30 is 25.05
2023-08-25 14:14:59,081 - FINNIFTY29AUG23C19800 candle closing price at time 2023-08-25 14:14:59.081717+05:30 is 21.95
2023-08-25 14:29:59,002 - FINNIFTY29AUG23C19800 candle closing price at time 2023-08-25 14:29:59.001693+05:30 is 25.25
2023-08-25 14:44:59,037 - FINNIFTY29AUG23C19800 candle closing price at time 2023-08-25 14:44:59.037238+05:30 is 20.6
2023-08-25 14:59:59,178 - FINNIFTY29AUG23C19800 candle closing price at time 2023-08-25 14:59:59.178236+05:30 is 25.35
2023-08-25 15:14:59,279 - FINNIFTY29AUG23C19800 candle closing price at time 2023-08-25 15:14:59.279351+05:30 is 24.65
2023-08-29 11:28:32,221 - FINNIFTY29AUG23C19800 went short at price-21.7, time-11:28:32
2023-08-29 11:28:32,222 - short entry dict: [0.0, 21.7]
2023-08-29 11:29:59,087 - FINNIFTY29AUG23C19800 candle closing price at time 2023-08-29 11:29:59.087702+05:30 is 22.5
2023-08-29 11:43:44,515 - short entry dict: [0.0, 21.7]
2023-08-29 11:43:44,515 - short exit dict: [0.0, 27.5]
2023-08-29 11:43:44,515 - last entry was at : 21.7 and exit at: 27.5
2023-08-29 11:43:44,515 - short pnl booked until now:-928.0000000000001
2023-08-29 11:44:59,216 - FINNIFTY29AUG23C19800 candle closing price at time 2023-08-29 11:44:59.216745+05:30 is 27.65
2023-08-29 11:59:58,000 - FINNIFTY29AUG23C19800 went short at price-24.25, time-11:59:58
2023-08-29 11:59:58,001 - short entry dict: [0.0, 21.7, 24.25]
2023-08-29 11:59:59,210 - FINNIFTY29AUG23C19800 candle closing price at time 2023-08-29 11:59:59.210309+05:30 is 24.45
2023-08-29 12:04:46,213 - short entry dict: [0.0, 21.7, 24.25]
2023-08-29 12:04:46,213 - short exit dict: [0.0, 27.5, 27.55]
2023-08-29 12:04:46,213 - last entry was at : 24.25 and exit at: 27.55
2023-08-29 12:04:46,213 - short pnl booked until now:-1456.0000000000002
2023-08-29 12:14:58,001 - FINNIFTY29AUG23C19800 went short at price-26.1, time-12:14:58
2023-08-29 12:14:58,003 - short entry dict: [0.0, 21.7, 24.25, 26.1]
2023-08-29 12:14:59,210 - FINNIFTY29AUG23C19800 candle closing price at time 2023-08-29 12:14:59.210303+05:30 is 25.85
2023-08-29 12:17:49,273 - short entry dict: [0.0, 21.7, 24.25, 26.1]
2023-08-29 12:17:49,273 - short exit dict: [0.0, 27.5, 27.55, 26.9]
2023-08-29 12:17:49,273 - last entry was at : 26.1 and exit at: 26.9
2023-08-29 12:17:49,273 - short pnl booked until now:-1583.9999999999998
2023-08-29 12:29:58,001 - FINNIFTY29AUG23C19800 went short at price-25.95, time-12:29:58
2023-08-29 12:29:58,004 - short entry dict: [0.0, 21.7, 24.25, 26.1, 25.95]
2023-08-29 12:29:59,218 - FINNIFTY29AUG23C19800 candle closing price at time 2023-08-29 12:29:59.218409+05:30 is 25.95
2023-08-29 12:31:00,997 - short entry dict: [0.0, 21.7, 24.25, 26.1, 25.95]
2023-08-29 12:31:00,997 - short exit dict: [0.0, 27.5, 27.55, 26.9, 26.95]
2023-08-29 12:31:00,997 - last entry was at : 25.95 and exit at: 26.95
2023-08-29 12:31:00,997 - short pnl booked until now:-1743.9999999999998
2023-08-29 12:44:58,001 - FINNIFTY29AUG23C19800 went short at price-15.7, time-12:44:58
2023-08-29 12:44:58,002 - short entry dict: [0.0, 21.7, 24.25, 26.1, 25.95, 15.7]
2023-08-29 12:44:59,207 - FINNIFTY29AUG23C19800 candle closing price at time 2023-08-29 12:44:59.207287+05:30 is 15.6
2023-08-29 12:59:59,097 - FINNIFTY29AUG23C19800 candle closing price at time 2023-08-29 12:59:59.097781+05:30 is 17.05
2023-08-29 13:14:59,045 - FINNIFTY29AUG23C19800 candle closing price at time 2023-08-29 13:14:59.045486+05:30 is 16.0
2023-08-29 13:29:59,083 - FINNIFTY29AUG23C19800 candle closing price at time 2023-08-29 13:29:59.083557+05:30 is 21.85
2023-08-29 13:44:59,228 - FINNIFTY29AUG23C19800 candle closing price at time 2023-08-29 13:44:59.228511+05:30 is 17.7
2023-08-29 13:59:59,218 - FINNIFTY29AUG23C19800 candle closing price at time 2023-08-29 13:59:59.218552+05:30 is 11.45
2023-08-29 14:14:59,009 - FINNIFTY29AUG23C19800 candle closing price at time 2023-08-29 14:14:59.008891+05:30 is 9.45
2023-08-29 14:29:59,154 - FINNIFTY29AUG23C19800 candle closing price at time 2023-08-29 14:29:59.154163+05:30 is 3.9
2023-08-29 14:44:59,103 - FINNIFTY29AUG23C19800 candle closing price at time 2023-08-29 14:44:59.103147+05:30 is 3.4
2023-08-29 14:59:59,213 - FINNIFTY29AUG23C19800 candle closing price at time 2023-08-29 14:59:59.213628+05:30 is 1.45
2023-08-29 15:14:59,201 - FINNIFTY29AUG23C19800 candle closing price at time 2023-08-29 15:14:59.200933+05:30 is 1.3
