2023-08-25 09:31:20,133 - BANKNIFTY31AUG23P43900 went short at price-117.85, time-9:31:20
2023-08-25 09:31:20,133 - short entry dict: [0.0, 117.85]
2023-08-25 09:44:59,176 - BANKNIFTY31AUG23P43900 candle closing price at time 2023-08-25 09:44:59.176410+05:30 is 113.0
2023-08-25 09:59:59,110 - BANKNIFTY31AUG23P43900 candle closing price at time 2023-08-25 09:59:59.110195+05:30 is 112.25
2023-08-25 10:14:59,245 - BANKNIFTY31AUG23P43900 candle closing price at time 2023-08-25 10:14:59.245643+05:30 is 114.0
2023-08-25 10:27:56,774 - short entry dict: [0.0, 117.85]
2023-08-25 10:27:56,777 - short exit dict: [0.0, 167.9]
2023-08-25 10:27:56,777 - last entry was at : 117.85 and exit at: 167.9
2023-08-25 10:27:56,777 - short pnl booked until now:-15015.000000000004
2023-08-25 10:29:59,214 - BANKNIFTY31AUG23P43900 candle closing price at time 2023-08-25 10:29:59.214473+05:30 is 180.0
2023-08-25 10:44:59,034 - BANKNIFTY31AUG23P43900 candle closing price at time 2023-08-25 10:44:59.034083+05:30 is 200.35
2023-08-25 10:59:59,102 - BANKNIFTY31AUG23P43900 candle closing price at time 2023-08-25 10:59:59.102344+05:30 is 210.45
2023-08-25 11:14:59,015 - BANKNIFTY31AUG23P43900 candle closing price at time 2023-08-25 11:14:59.015364+05:30 is 194.6
2023-08-25 11:29:59,286 - BANKNIFTY31AUG23P43900 candle closing price at time 2023-08-25 11:29:59.286648+05:30 is 116.6
2023-08-25 11:44:59,201 - BANKNIFTY31AUG23P43900 candle closing price at time 2023-08-25 11:44:59.200959+05:30 is 116.7
2023-08-25 11:59:59,209 - BANKNIFTY31AUG23P43900 candle closing price at time 2023-08-25 11:59:59.209512+05:30 is 114.95
2023-08-25 12:14:59,206 - BANKNIFTY31AUG23P43900 candle closing price at time 2023-08-25 12:14:59.206083+05:30 is 126.15
2023-08-25 12:29:59,214 - BANKNIFTY31AUG23P43900 candle closing price at time 2023-08-25 12:29:59.214775+05:30 is 113.05
2023-08-25 12:44:59,216 - BANKNIFTY31AUG23P43900 candle closing price at time 2023-08-25 12:44:59.214966+05:30 is 115.65
2023-08-25 12:59:58,009 - BANKNIFTY31AUG23P43900 went short at price-102.5, time-12:59:58
2023-08-25 12:59:58,025 - short entry dict: [0.0, 117.85, 102.5]
2023-08-25 12:59:59,232 - BANKNIFTY31AUG23P43900 candle closing price at time 2023-08-25 12:59:59.232690+05:30 is 102.7
2023-08-25 13:05:25,910 - short entry dict: [0.0, 117.85, 102.5]
2023-08-25 13:05:25,911 - short exit dict: [0.0, 167.9, 112.25]
2023-08-25 13:05:25,911 - last entry was at : 102.5 and exit at: 112.25
2023-08-25 13:05:25,911 - short pnl booked until now:-17940.000000000004
2023-08-25 13:14:59,216 - BANKNIFTY31AUG23P43900 candle closing price at time 2023-08-25 13:14:59.216467+05:30 is 111.4
2023-08-25 13:29:59,214 - BANKNIFTY31AUG23P43900 candle closing price at time 2023-08-25 13:29:59.214658+05:30 is 115.5
2023-08-25 13:44:58,030 - BANKNIFTY31AUG23P43900 went short at price-106.1, time-13:44:58
2023-08-25 13:44:58,030 - short entry dict: [0.0, 117.85, 102.5, 106.1]
2023-08-25 13:44:59,235 - BANKNIFTY31AUG23P43900 candle closing price at time 2023-08-25 13:44:59.235241+05:30 is 106.35
2023-08-25 13:59:59,102 - BANKNIFTY31AUG23P43900 candle closing price at time 2023-08-25 13:59:59.102238+05:30 is 107.65
2023-08-25 14:12:32,905 - short entry dict: [0.0, 117.85, 102.5, 106.1]
2023-08-25 14:12:32,906 - short exit dict: [0.0, 167.9, 112.25, 112.7]
2023-08-25 14:12:32,906 - last entry was at : 106.1 and exit at: 112.7
2023-08-25 14:12:32,906 - short pnl booked until now:-19920.000000000007
2023-08-25 14:14:59,212 - BANKNIFTY31AUG23P43900 candle closing price at time 2023-08-25 14:14:59.212841+05:30 is 122.15
2023-08-25 14:29:59,159 - BANKNIFTY31AUG23P43900 candle closing price at time 2023-08-25 14:29:59.159223+05:30 is 128.75
2023-08-25 14:44:59,121 - BANKNIFTY31AUG23P43900 candle closing price at time 2023-08-25 14:44:59.120877+05:30 is 125.65
2023-08-25 14:59:59,221 - BANKNIFTY31AUG23P43900 candle closing price at time 2023-08-25 14:59:59.221606+05:30 is 118.9
2023-08-25 15:14:59,212 - BANKNIFTY31AUG23P43900 candle closing price at time 2023-08-25 15:14:59.212649+05:30 is 126.7
2023-08-29 11:28:32,930 - BANKNIFTY31AUG23P43900 went short at price-29.2, time-11:28:32
2023-08-29 11:28:32,930 - short entry dict: [0.0, 29.2]
2023-08-29 11:29:59,033 - BANKNIFTY31AUG23P43900 candle closing price at time 2023-08-29 11:29:59.032891+05:30 is 28.3
2023-08-29 11:44:59,100 - BANKNIFTY31AUG23P43900 candle closing price at time 2023-08-29 11:44:59.100742+05:30 is 24.8
2023-08-29 11:59:59,107 - BANKNIFTY31AUG23P43900 candle closing price at time 2023-08-29 11:59:59.107504+05:30 is 25.7
2023-08-29 12:14:59,181 - BANKNIFTY31AUG23P43900 candle closing price at time 2023-08-29 12:14:59.181366+05:30 is 25.8
2023-08-29 12:29:59,234 - BANKNIFTY31AUG23P43900 candle closing price at time 2023-08-29 12:29:59.234408+05:30 is 26.45
2023-08-29 12:44:59,191 - BANKNIFTY31AUG23P43900 candle closing price at time 2023-08-29 12:44:59.191794+05:30 is 24.8
2023-08-29 12:59:59,187 - BANKNIFTY31AUG23P43900 candle closing price at time 2023-08-29 12:59:59.186977+05:30 is 23.65
2023-08-29 13:14:59,039 - BANKNIFTY31AUG23P43900 candle closing price at time 2023-08-29 13:14:59.038950+05:30 is 22.85
2023-08-29 13:29:59,271 - BANKNIFTY31AUG23P43900 candle closing price at time 2023-08-29 13:29:59.270998+05:30 is 22.3
2023-08-29 13:44:59,098 - BANKNIFTY31AUG23P43900 candle closing price at time 2023-08-29 13:44:59.098079+05:30 is 22.85
2023-08-29 13:59:59,027 - BANKNIFTY31AUG23P43900 candle closing price at time 2023-08-29 13:59:59.027322+05:30 is 24.5
2023-08-29 14:14:59,222 - BANKNIFTY31AUG23P43900 candle closing price at time 2023-08-29 14:14:59.222515+05:30 is 25.2
2023-08-29 14:29:59,218 - BANKNIFTY31AUG23P43900 candle closing price at time 2023-08-29 14:29:59.218895+05:30 is 27.95
2023-08-29 14:44:59,288 - BANKNIFTY31AUG23P43900 candle closing price at time 2023-08-29 14:44:59.288486+05:30 is 26.6
2023-08-29 14:59:59,239 - BANKNIFTY31AUG23P43900 candle closing price at time 2023-08-29 14:59:59.239007+05:30 is 28.55
2023-08-29 15:14:59,084 - BANKNIFTY31AUG23P43900 candle closing price at time 2023-08-29 15:14:59.084005+05:30 is 26.8
2023-08-31 09:30:15,193 - BANKNIFTY31AUG23P43900 went short at price-52.65, time-9:30:15
2023-08-31 09:30:15,193 - short entry dict: [0.0, 52.65]
2023-08-31 09:44:59,300 - BANKNIFTY31AUG23P43900 candle closing price at time 2023-08-31 09:44:59.300060+05:30 is 12.4
2023-08-31 09:59:59,101 - BANKNIFTY31AUG23P43900 candle closing price at time 2023-08-31 09:59:59.101570+05:30 is 12.65
2023-08-31 10:06:03,188 - short entry dict: [0.0, 52.65]
2023-08-31 10:06:03,194 - short exit dict: [0.0, 19.4]
2023-08-31 10:06:03,199 - last entry was at : 52.65 and exit at: 19.4
2023-08-31 10:06:03,204 - short pnl booked until now:9975.0
2023-08-31 10:14:59,205 - BANKNIFTY31AUG23P43900 candle closing price at time 2023-08-31 10:14:59.205682+05:30 is 22.65
2023-08-31 10:29:59,160 - BANKNIFTY31AUG23P43900 candle closing price at time 2023-08-31 10:29:59.160660+05:30 is 35.15
2023-08-31 10:44:59,291 - BANKNIFTY31AUG23P43900 candle closing price at time 2023-08-31 10:44:59.291461+05:30 is 51.3
2023-08-31 10:59:59,054 - BANKNIFTY31AUG23P43900 candle closing price at time 2023-08-31 10:59:59.054239+05:30 is 36.05
2023-08-31 11:14:59,064 - BANKNIFTY31AUG23P43900 candle closing price at time 2023-08-31 11:14:59.064507+05:30 is 45.95
2023-08-31 11:29:59,204 - BANKNIFTY31AUG23P43900 candle closing price at time 2023-08-31 11:29:59.204647+05:30 is 33.8
2023-08-31 11:44:59,254 - BANKNIFTY31AUG23P43900 candle closing price at time 2023-08-31 11:44:59.254703+05:30 is 35.8
2023-08-31 11:59:59,274 - BANKNIFTY31AUG23P43900 candle closing price at time 2023-08-31 11:59:59.274277+05:30 is 54.4
2023-08-31 12:14:59,046 - BANKNIFTY31AUG23P43900 candle closing price at time 2023-08-31 12:14:59.046152+05:30 is 49.1
2023-08-31 12:29:59,026 - BANKNIFTY31AUG23P43900 candle closing price at time 2023-08-31 12:29:59.026197+05:30 is 44.05
2023-08-31 12:44:59,262 - BANKNIFTY31AUG23P43900 candle closing price at time 2023-08-31 12:44:59.262891+05:30 is 48.45
2023-08-31 12:59:59,176 - BANKNIFTY31AUG23P43900 candle closing price at time 2023-08-31 12:59:59.176337+05:30 is 48.25
2023-08-31 13:14:59,207 - BANKNIFTY31AUG23P43900 candle closing price at time 2023-08-31 13:14:59.207682+05:30 is 70.6
2023-08-31 13:29:59,208 - BANKNIFTY31AUG23P43900 candle closing price at time 2023-08-31 13:29:59.207953+05:30 is 40.95
2023-08-31 13:44:58,001 - BANKNIFTY31AUG23P43900 went short at price-14.8, time-13:44:58
2023-08-31 13:44:58,002 - short entry dict: [0.0, 52.65, 14.8]
2023-08-31 13:44:59,211 - BANKNIFTY31AUG23P43900 candle closing price at time 2023-08-31 13:44:59.211027+05:30 is 14.65
2023-08-31 13:59:59,287 - BANKNIFTY31AUG23P43900 candle closing price at time 2023-08-31 13:59:59.286980+05:30 is 22.75
2023-08-31 14:14:59,282 - BANKNIFTY31AUG23P43900 candle closing price at time 2023-08-31 14:14:59.282673+05:30 is 29.25
2023-08-31 14:29:59,292 - BANKNIFTY31AUG23P43900 candle closing price at time 2023-08-31 14:29:59.292718+05:30 is 22.0
2023-08-31 14:44:59,151 - BANKNIFTY31AUG23P43900 candle closing price at time 2023-08-31 14:44:59.151689+05:30 is 29.55
2023-08-31 14:59:59,162 - BANKNIFTY31AUG23P43900 candle closing price at time 2023-08-31 14:59:59.162373+05:30 is 4.75
2023-08-31 15:14:59,118 - BANKNIFTY31AUG23P43900 candle closing price at time 2023-08-31 15:14:59.118249+05:30 is 0.05
