2023-08-30 10:11:27,269 - FINNIFTY05SEP23C19900 went short at price-106.3, time-10:11:27
2023-08-30 10:11:27,270 - short entry dict: [0.0, 106.3]
2023-08-30 10:14:01,557 - short entry dict: [0.0, 106.3]
2023-08-30 10:14:01,557 - short exit dict: [0.0, 108.0]
2023-08-30 10:14:01,557 - last entry was at : 106.3 and exit at: 108.0
2023-08-30 10:14:01,557 - short pnl booked until now:-272.00000000000045
2023-08-30 10:14:58,001 - FINNIFTY05SEP23C19900 went short at price-106.9, time-10:14:58
2023-08-30 10:14:58,002 - short entry dict: [0.0, 106.3, 106.9]
2023-08-30 10:14:59,207 - FINNIFTY05SEP23C19900 candle closing price at time 2023-08-30 10:14:59.207897+05:30 is 106.9
2023-08-30 10:15:56,397 - short entry dict: [0.0, 106.3, 106.9]
2023-08-30 10:15:56,397 - short exit dict: [0.0, 108.0, 108.0]
2023-08-30 10:15:56,397 - last entry was at : 106.9 and exit at: 108.0
2023-08-30 10:15:56,397 - short pnl booked until now:-447.99999999999955
2023-08-30 10:29:58,001 - FINNIFTY05SEP23C19900 went short at price-100.8, time-10:29:58
2023-08-30 10:29:58,001 - short entry dict: [0.0, 106.3, 106.9, 100.8]
2023-08-30 10:29:59,209 - FINNIFTY05SEP23C19900 candle closing price at time 2023-08-30 10:29:59.209191+05:30 is 100.95
2023-08-30 10:44:59,001 - FINNIFTY05SEP23C19900 candle closing price at time 2023-08-30 10:44:59.001207+05:30 is 103.4
2023-08-30 10:50:29,129 - short entry dict: [0.0, 106.3, 106.9, 100.8]
2023-08-30 10:50:29,130 - short exit dict: [0.0, 108.0, 108.0, 108.45]
2023-08-30 10:50:29,130 - last entry was at : 100.8 and exit at: 108.45
2023-08-30 10:50:29,130 - short pnl booked until now:-1672.0000000000005
2023-08-30 10:59:58,003 - FINNIFTY05SEP23C19900 went short at price-104.7, time-10:59:58
2023-08-30 10:59:58,004 - short entry dict: [0.0, 106.3, 106.9, 100.8, 104.7]
2023-08-30 10:59:59,209 - FINNIFTY05SEP23C19900 candle closing price at time 2023-08-30 10:59:59.209501+05:30 is 104.7
2023-08-30 11:14:59,223 - FINNIFTY05SEP23C19900 candle closing price at time 2023-08-30 11:14:59.223034+05:30 is 105.45
2023-08-30 11:29:59,058 - FINNIFTY05SEP23C19900 candle closing price at time 2023-08-30 11:29:59.058716+05:30 is 103.0
2023-08-30 11:44:59,200 - FINNIFTY05SEP23C19900 candle closing price at time 2023-08-30 11:44:59.200036+05:30 is 102.4
2023-08-30 11:59:59,234 - FINNIFTY05SEP23C19900 candle closing price at time 2023-08-30 11:59:59.234614+05:30 is 99.3
2023-08-30 12:14:59,299 - FINNIFTY05SEP23C19900 candle closing price at time 2023-08-30 12:14:59.299384+05:30 is 101.2
2023-08-30 12:29:59,156 - FINNIFTY05SEP23C19900 candle closing price at time 2023-08-30 12:29:59.155953+05:30 is 97.0
2023-08-30 12:39:36,261 - short entry dict: [0.0, 106.3, 106.9, 100.8, 104.7]
2023-08-30 12:39:36,261 - short exit dict: [0.0, 108.0, 108.0, 108.45, 95.15]
2023-08-30 12:39:36,261 - last entry was at : 104.7 and exit at: 95.15
2023-08-30 12:39:36,261 - short pnl booked until now:-144.0000000000009
2023-08-30 12:44:58,001 - FINNIFTY05SEP23C19900 went short at price-92.15, time-12:44:58
2023-08-30 12:44:58,002 - short entry dict: [0.0, 106.3, 106.9, 100.8, 104.7, 92.15]
2023-08-30 12:44:59,208 - FINNIFTY05SEP23C19900 candle closing price at time 2023-08-30 12:44:59.207990+05:30 is 92.15
2023-08-30 12:59:59,239 - FINNIFTY05SEP23C19900 candle closing price at time 2023-08-30 12:59:59.239454+05:30 is 88.75
2023-08-30 13:14:59,182 - FINNIFTY05SEP23C19900 candle closing price at time 2023-08-30 13:14:59.181857+05:30 is 92.7
2023-08-30 13:29:59,044 - FINNIFTY05SEP23C19900 candle closing price at time 2023-08-30 13:29:59.044094+05:30 is 90.25
2023-08-30 13:44:59,218 - FINNIFTY05SEP23C19900 candle closing price at time 2023-08-30 13:44:59.217985+05:30 is 86.7
2023-08-30 13:59:59,063 - FINNIFTY05SEP23C19900 candle closing price at time 2023-08-30 13:59:59.062964+05:30 is 91.1
2023-08-30 14:14:59,279 - FINNIFTY05SEP23C19900 candle closing price at time 2023-08-30 14:14:59.279706+05:30 is 85.7
2023-08-30 14:29:59,043 - FINNIFTY05SEP23C19900 candle closing price at time 2023-08-30 14:29:59.043799+05:30 is 78.25
2023-08-30 14:44:59,055 - FINNIFTY05SEP23C19900 candle closing price at time 2023-08-30 14:44:59.055473+05:30 is 64.75
2023-08-30 14:59:59,268 - FINNIFTY05SEP23C19900 candle closing price at time 2023-08-30 14:59:59.268077+05:30 is 61.9
2023-08-30 15:14:59,299 - FINNIFTY05SEP23C19900 candle closing price at time 2023-08-30 15:14:59.299737+05:30 is 43.6
2023-08-31 09:30:14,003 - FINNIFTY05SEP23C19900 went long at price-30.75, time-9:30:14
2023-08-31 09:30:14,005 - long entry dict:[0.0, 30.75]
2023-08-31 09:30:14,005 - long exit dict:[0.0]
2023-08-31 09:30:14,006 - HEDGE-FINNIFTY05SEP23C19900 went long at price-30.75, time-9:30:14
2023-09-01 09:20:48,521 - FINNIFTY05SEP23C19900 went long at price-10.6, time-9:20:48
2023-09-01 09:20:48,521 - long entry dict:[0.0, 10.6]
2023-09-01 09:20:48,521 - long exit dict:[0.0]
2023-09-01 09:20:48,522 - HEDGE-FINNIFTY05SEP23C19900 went long at price-10.6, time-9:20:48
