2023-08-23 09:31:13,082 - FINNIFTY29AUG23P19500 went short at price-77.25, time-9:31:13
2023-08-23 09:31:13,082 - short entry dict: [0.0, 77.25]
2023-08-23 09:34:37,295 - short entry dict: [0.0, 77.25]
2023-08-23 09:34:37,295 - short exit dict: [0.0, 84.45]
2023-08-23 09:34:37,295 - last entry was at : 77.25 and exit at: 84.45
2023-08-23 09:34:37,295 - short pnl booked until now:-1152.0000000000005
2023-08-23 09:44:58,001 - FINNIFTY29AUG23P19500 went short at price-74.4, time-9:44:58
2023-08-23 09:44:58,002 - short entry dict: [0.0, 77.25, 74.4]
2023-08-23 09:44:59,206 - FINNIFTY29AUG23P19500 candle closing price at time 2023-08-23 09:44:59.206223+05:30 is 74.75
2023-08-23 09:53:54,140 - short entry dict: [0.0, 77.25, 74.4]
2023-08-23 09:53:54,145 - short exit dict: [0.0, 84.45, 84.3]
2023-08-23 09:53:54,150 - last entry was at : 74.4 and exit at: 84.3
2023-08-23 09:53:54,155 - short pnl booked until now:-2735.999999999999
2023-08-23 09:59:59,206 - FINNIFTY29AUG23P19500 candle closing price at time 2023-08-23 09:59:59.206162+05:30 is 89.2
2023-08-23 10:14:59,218 - FINNIFTY29AUG23P19500 candle closing price at time 2023-08-23 10:14:59.218349+05:30 is 91.5
2023-08-23 10:29:59,089 - FINNIFTY29AUG23P19500 candle closing price at time 2023-08-23 10:29:59.089871+05:30 is 90.35
2023-08-23 10:44:59,084 - FINNIFTY29AUG23P19500 candle closing price at time 2023-08-23 10:44:59.084879+05:30 is 85.9
2023-08-23 10:59:59,112 - FINNIFTY29AUG23P19500 candle closing price at time 2023-08-23 10:59:59.112822+05:30 is 83.25
2023-08-23 11:14:58,001 - FINNIFTY29AUG23P19500 went short at price-68.5, time-11:14:58
2023-08-23 11:14:58,002 - short entry dict: [0.0, 77.25, 74.4, 68.5]
2023-08-23 11:14:59,207 - FINNIFTY29AUG23P19500 candle closing price at time 2023-08-23 11:14:59.207193+05:30 is 68.25
2023-08-23 11:29:59,226 - FINNIFTY29AUG23P19500 candle closing price at time 2023-08-23 11:29:59.226317+05:30 is 60.8
2023-08-23 11:44:59,160 - FINNIFTY29AUG23P19500 candle closing price at time 2023-08-23 11:44:59.160100+05:30 is 60.4
2023-08-23 11:59:59,268 - FINNIFTY29AUG23P19500 candle closing price at time 2023-08-23 11:59:59.268277+05:30 is 63.3
2023-08-23 12:14:59,152 - FINNIFTY29AUG23P19500 candle closing price at time 2023-08-23 12:14:59.152030+05:30 is 60.95
2023-08-23 12:29:59,041 - FINNIFTY29AUG23P19500 candle closing price at time 2023-08-23 12:29:59.041326+05:30 is 56.5
2023-08-23 12:44:59,068 - FINNIFTY29AUG23P19500 candle closing price at time 2023-08-23 12:44:59.067895+05:30 is 50.45
2023-08-23 12:59:59,092 - FINNIFTY29AUG23P19500 candle closing price at time 2023-08-23 12:59:59.092469+05:30 is 41.55
2023-08-23 13:14:59,001 - FINNIFTY29AUG23P19500 candle closing price at time 2023-08-23 13:14:59.001124+05:30 is 42.55
2023-08-23 13:29:59,044 - FINNIFTY29AUG23P19500 candle closing price at time 2023-08-23 13:29:59.044594+05:30 is 41.2
2023-08-23 13:44:59,193 - FINNIFTY29AUG23P19500 candle closing price at time 2023-08-23 13:44:59.193099+05:30 is 39.8
2023-08-23 13:59:59,026 - FINNIFTY29AUG23P19500 candle closing price at time 2023-08-23 13:59:59.026383+05:30 is 38.2
2023-08-23 14:14:59,058 - FINNIFTY29AUG23P19500 candle closing price at time 2023-08-23 14:14:59.058331+05:30 is 34.7
2023-08-23 14:29:59,090 - FINNIFTY29AUG23P19500 candle closing price at time 2023-08-23 14:29:59.090671+05:30 is 36.5
2023-08-23 14:44:59,209 - FINNIFTY29AUG23P19500 candle closing price at time 2023-08-23 14:44:59.209204+05:30 is 34.6
2023-08-23 14:59:59,026 - FINNIFTY29AUG23P19500 candle closing price at time 2023-08-23 14:59:59.025897+05:30 is 36.0
2023-08-23 15:14:59,139 - FINNIFTY29AUG23P19500 candle closing price at time 2023-08-23 15:14:59.139822+05:30 is 34.3
2023-08-29 09:31:16,141 - FINNIFTY29AUG23P19500 went long at price-0.9, time-9:31:16
2023-08-29 09:31:16,141 - long entry dict:[0.0, 0.9]
2023-08-29 09:31:16,141 - long exit dict:[0.0]
2023-08-29 09:31:16,141 - HEDGE-FINNIFTY29AUG23P19500 went long at price-0.9, time-9:31:16
2023-08-29 11:28:30,829 - HEDGE-FINNIFTY29AUG23P19500 went long at price-0, time-11:28:30
