2023-09-04 09:31:12,082 - BANKNIFTY06SEP23C44800 went short at price-95.55, time-9:31:12
2023-09-04 09:31:12,082 - short entry dict: [0.0, 95.55]
2023-09-04 09:36:30,918 - short entry dict: [0.0, 95.55]
2023-09-04 09:36:30,924 - short exit dict: [0.0, 70.6]
2023-09-04 09:36:30,929 - last entry was at : 95.55 and exit at: 70.6
2023-09-04 09:36:30,939 - short pnl booked until now:7485.000000000001
2023-09-04 09:44:58,001 - BANKNIFTY06SEP23C44800 went short at price-63.3, time-9:44:58
2023-09-04 09:44:58,002 - short entry dict: [0.0, 95.55, 63.3]
2023-09-04 09:44:59,207 - BANKNIFTY06SEP23C44800 candle closing price at time 2023-09-04 09:44:59.207325+05:30 is 63.2
2023-09-04 09:46:38,967 - short entry dict: [0.0, 95.55, 63.3]
2023-09-04 09:46:38,973 - short exit dict: [0.0, 70.6, 70.25]
2023-09-04 09:46:38,978 - last entry was at : 63.3 and exit at: 70.25
2023-09-04 09:46:38,983 - short pnl booked until now:5400.0
2023-09-04 09:59:59,205 - BANKNIFTY06SEP23C44800 candle closing price at time 2023-09-04 09:59:59.205304+05:30 is 83.55
2023-09-04 10:14:58,003 - BANKNIFTY06SEP23C44800 went short at price-67.5, time-10:14:58
2023-09-04 10:14:58,004 - short entry dict: [0.0, 95.55, 63.3, 67.5]
2023-09-04 10:14:59,208 - BANKNIFTY06SEP23C44800 candle closing price at time 2023-09-04 10:14:59.208062+05:30 is 67.25
2023-09-04 10:23:54,991 - short entry dict: [0.0, 95.55, 63.3, 67.5]
2023-09-04 10:23:54,997 - short exit dict: [0.0, 70.6, 70.25, 71.8]
2023-09-04 10:23:55,002 - last entry was at : 67.5 and exit at: 71.8
2023-09-04 10:23:55,007 - short pnl booked until now:4110.000000000001
2023-09-04 10:29:58,002 - BANKNIFTY06SEP23C44800 went short at price-67.45, time-10:29:58
2023-09-04 10:29:58,002 - short entry dict: [0.0, 95.55, 63.3, 67.5, 67.45]
2023-09-04 10:29:59,207 - BANKNIFTY06SEP23C44800 candle closing price at time 2023-09-04 10:29:59.207529+05:30 is 67.6
2023-09-04 10:44:59,207 - BANKNIFTY06SEP23C44800 candle closing price at time 2023-09-04 10:44:59.207660+05:30 is 54.55
2023-09-04 10:54:05,099 - short entry dict: [0.0, 95.55, 63.3, 67.5, 67.45]
2023-09-04 10:54:05,104 - short exit dict: [0.0, 70.6, 70.25, 71.8, 69.35]
2023-09-04 10:54:05,109 - last entry was at : 67.45 and exit at: 69.35
2023-09-04 10:54:05,114 - short pnl booked until now:3540.0000000000036
2023-09-04 10:59:58,001 - BANKNIFTY06SEP23C44800 went short at price-60.75, time-10:59:58
2023-09-04 10:59:58,001 - short entry dict: [0.0, 95.55, 63.3, 67.5, 67.45, 60.75]
2023-09-04 10:59:59,205 - BANKNIFTY06SEP23C44800 candle closing price at time 2023-09-04 10:59:59.205391+05:30 is 60.55
2023-09-04 11:02:42,669 - short entry dict: [0.0, 95.55, 63.3, 67.5, 67.45, 60.75]
2023-09-04 11:02:42,674 - short exit dict: [0.0, 70.6, 70.25, 71.8, 69.35, 71.1]
2023-09-04 11:02:42,680 - last entry was at : 60.75 and exit at: 71.1
2023-09-04 11:02:42,685 - short pnl booked until now:435.00000000000546
2023-09-04 11:14:59,207 - BANKNIFTY06SEP23C44800 candle closing price at time 2023-09-04 11:14:59.207629+05:30 is 75.5
2023-09-04 11:29:59,206 - BANKNIFTY06SEP23C44800 candle closing price at time 2023-09-04 11:29:59.206085+05:30 is 75.05
2023-09-04 11:44:59,205 - BANKNIFTY06SEP23C44800 candle closing price at time 2023-09-04 11:44:59.205037+05:30 is 73.2
2023-09-04 11:59:59,264 - BANKNIFTY06SEP23C44800 candle closing price at time 2023-09-04 11:59:59.263966+05:30 is 73.35
2023-09-04 12:14:58,003 - BANKNIFTY06SEP23C44800 went short at price-69.45, time-12:14:58
2023-09-04 12:14:58,003 - short entry dict: [0.0, 95.55, 63.3, 67.5, 67.45, 60.75, 69.45]
2023-09-04 12:14:59,207 - BANKNIFTY06SEP23C44800 candle closing price at time 2023-09-04 12:14:59.207005+05:30 is 69.25
2023-09-04 12:15:11,734 - short entry dict: [0.0, 95.55, 63.3, 67.5, 67.45, 60.75, 69.45]
2023-09-04 12:15:11,735 - short exit dict: [0.0, 70.6, 70.25, 71.8, 69.35, 71.1, 72.05]
2023-09-04 12:15:11,735 - last entry was at : 69.45 and exit at: 72.05
2023-09-04 12:15:11,735 - short pnl booked until now:-344.99999999999284
2023-09-04 12:29:59,204 - BANKNIFTY06SEP23C44800 candle closing price at time 2023-09-04 12:29:59.204501+05:30 is 79.35
2023-09-04 12:44:59,266 - BANKNIFTY06SEP23C44800 candle closing price at time 2023-09-04 12:44:59.266719+05:30 is 82.6
2023-09-04 12:59:59,251 - BANKNIFTY06SEP23C44800 candle closing price at time 2023-09-04 12:59:59.251437+05:30 is 78.3
2023-09-04 13:14:59,062 - BANKNIFTY06SEP23C44800 candle closing price at time 2023-09-04 13:14:59.061977+05:30 is 84.45
2023-09-04 13:29:59,246 - BANKNIFTY06SEP23C44800 candle closing price at time 2023-09-04 13:29:59.245966+05:30 is 85.6
2023-09-04 13:44:59,177 - BANKNIFTY06SEP23C44800 candle closing price at time 2023-09-04 13:44:59.177216+05:30 is 77.2
2023-09-04 13:59:58,018 - BANKNIFTY06SEP23C44800 went short at price-67.05, time-13:59:58
2023-09-04 13:59:58,019 - short entry dict: [0.0, 95.55, 63.3, 67.5, 67.45, 60.75, 69.45, 67.05]
2023-09-04 13:59:59,224 - BANKNIFTY06SEP23C44800 candle closing price at time 2023-09-04 13:59:59.224269+05:30 is 67.3
2023-09-04 14:00:37,314 - short entry dict: [0.0, 95.55, 63.3, 67.5, 67.45, 60.75, 69.45, 67.05]
2023-09-04 14:00:37,315 - short exit dict: [0.0, 70.6, 70.25, 71.8, 69.35, 71.1, 72.05, 76.25]
2023-09-04 14:00:37,315 - last entry was at : 67.05 and exit at: 76.25
2023-09-04 14:00:37,315 - short pnl booked until now:-3104.9999999999936
2023-09-04 14:14:58,002 - BANKNIFTY06SEP23C44800 went short at price-67.35, time-14:14:58
2023-09-04 14:14:58,002 - short entry dict: [0.0, 95.55, 63.3, 67.5, 67.45, 60.75, 69.45, 67.05, 67.35]
2023-09-04 14:14:59,207 - BANKNIFTY06SEP23C44800 candle closing price at time 2023-09-04 14:14:59.207174+05:30 is 66.9
2023-09-04 14:28:05,158 - short entry dict: [0.0, 95.55, 63.3, 67.5, 67.45, 60.75, 69.45, 67.05, 67.35]
2023-09-04 14:28:05,159 - short exit dict: [0.0, 70.6, 70.25, 71.8, 69.35, 71.1, 72.05, 76.25, 74.5]
2023-09-04 14:28:05,159 - last entry was at : 67.35 and exit at: 74.5
2023-09-04 14:28:05,159 - short pnl booked until now:-5249.999999999995
2023-09-04 14:29:59,211 - BANKNIFTY06SEP23C44800 candle closing price at time 2023-09-04 14:29:59.211011+05:30 is 78.65
2023-09-04 14:44:59,210 - BANKNIFTY06SEP23C44800 candle closing price at time 2023-09-04 14:44:59.210781+05:30 is 84.6
2023-09-04 14:59:59,207 - BANKNIFTY06SEP23C44800 candle closing price at time 2023-09-04 14:59:59.207761+05:30 is 79.25
2023-09-04 15:14:58,607 - BANKNIFTY06SEP23C44800 went short at price-74.8, time-15:14:58
2023-09-04 15:14:58,609 - short entry dict: [0.0, 95.55, 63.3, 67.5, 67.45, 60.75, 69.45, 67.05, 67.35, 74.8]
2023-09-04 15:14:59,212 - BANKNIFTY06SEP23C44800 candle closing price at time 2023-09-04 15:14:59.212065+05:30 is 75.0
2023-09-04 15:15:07,229 - short entry dict: [0.0, 95.55, 63.3, 67.5, 67.45, 60.75, 69.45, 67.05, 67.35, 74.8]
2023-09-04 15:15:07,230 - short exit dict: [0.0, 70.6, 70.25, 71.8, 69.35, 71.1, 72.05, 76.25, 74.5, 76.75]
2023-09-04 15:15:07,230 - last entry was at : 74.8 and exit at: 76.75
2023-09-04 15:15:07,230 - short pnl booked until now:-5834.999999999996
2023-09-05 10:55:14,016 - BANKNIFTY06SEP23C44800 went short at price-52.45, time-10:55:14
2023-09-05 10:55:14,016 - short entry dict: [0.0, 52.45]
2023-09-05 10:59:59,109 - BANKNIFTY06SEP23C44800 candle closing price at time 2023-09-05 10:59:59.109309+05:30 is 49.25
2023-09-05 11:14:59,234 - BANKNIFTY06SEP23C44800 candle closing price at time 2023-09-05 11:14:59.234718+05:30 is 47.0
2023-09-05 11:29:59,100 - BANKNIFTY06SEP23C44800 candle closing price at time 2023-09-05 11:29:59.099835+05:30 is 43.65
2023-09-05 11:44:59,107 - BANKNIFTY06SEP23C44800 candle closing price at time 2023-09-05 11:44:59.107258+05:30 is 43.85
2023-09-05 11:59:59,250 - BANKNIFTY06SEP23C44800 candle closing price at time 2023-09-05 11:59:59.250525+05:30 is 47.45
2023-09-05 12:14:59,167 - BANKNIFTY06SEP23C44800 candle closing price at time 2023-09-05 12:14:59.167606+05:30 is 34.4
2023-09-05 12:29:59,213 - BANKNIFTY06SEP23C44800 candle closing price at time 2023-09-05 12:29:59.213545+05:30 is 33.85
2023-09-05 12:44:59,250 - BANKNIFTY06SEP23C44800 candle closing price at time 2023-09-05 12:44:59.250801+05:30 is 28.45
2023-09-05 12:59:59,151 - BANKNIFTY06SEP23C44800 candle closing price at time 2023-09-05 12:59:59.151542+05:30 is 30.2
2023-09-05 13:14:59,036 - BANKNIFTY06SEP23C44800 candle closing price at time 2023-09-05 13:14:59.036452+05:30 is 32.75
2023-09-05 13:29:59,011 - BANKNIFTY06SEP23C44800 candle closing price at time 2023-09-05 13:29:59.011124+05:30 is 26.55
2023-09-05 13:44:59,039 - BANKNIFTY06SEP23C44800 candle closing price at time 2023-09-05 13:44:59.039423+05:30 is 27.9
2023-09-05 13:59:59,286 - BANKNIFTY06SEP23C44800 candle closing price at time 2023-09-05 13:59:59.285931+05:30 is 29.2
2023-09-05 14:14:59,021 - BANKNIFTY06SEP23C44800 candle closing price at time 2023-09-05 14:14:59.021641+05:30 is 30.8
2023-09-05 14:29:59,205 - BANKNIFTY06SEP23C44800 candle closing price at time 2023-09-05 14:29:59.205041+05:30 is 36.85
2023-09-05 14:44:59,256 - BANKNIFTY06SEP23C44800 candle closing price at time 2023-09-05 14:44:59.256730+05:30 is 35.25
2023-09-05 14:59:59,050 - BANKNIFTY06SEP23C44800 candle closing price at time 2023-09-05 14:59:59.050574+05:30 is 33.4
2023-09-05 15:14:59,097 - BANKNIFTY06SEP23C44800 candle closing price at time 2023-09-05 15:14:59.097694+05:30 is 27.95
2023-09-06 10:05:19,073 - BANKNIFTY06SEP23C44800 went long at price-7.95, time-10:5:19
2023-09-06 10:05:19,073 - long entry dict:[0.0, 7.95]
2023-09-06 10:05:19,073 - long exit dict:[0.0]
2023-09-06 10:05:19,073 - HEDGE-BANKNIFTY06SEP23C44800 went long at price-7.95, time-10:5:19
