2023-08-22 09:31:21,399 - FINNIFTY22AUG23P19600 went short at price-24.15, time-9:31:21
2023-08-22 09:31:21,399 - short entry dict: [0.0, 24.15]
2023-08-22 09:44:59,139 - FINNIFTY22AUG23P19600 candle closing price at time 2023-08-22 09:44:59.139339+05:30 is 21.2
2023-08-22 09:59:59,208 - FINNIFTY22AUG23P19600 candle closing price at time 2023-08-22 09:59:59.208299+05:30 is 26.75
2023-08-22 10:14:59,033 - FINNIFTY22AUG23P19600 candle closing price at time 2023-08-22 10:14:59.033528+05:30 is 23.95
2023-08-22 10:29:59,112 - FINNIFTY22AUG23P19600 candle closing price at time 2023-08-22 10:29:59.112798+05:30 is 20.95
2023-08-22 10:44:59,058 - FINNIFTY22AUG23P19600 candle closing price at time 2023-08-22 10:44:59.058149+05:30 is 17.25
2023-08-22 10:59:59,052 - FINNIFTY22AUG23P19600 candle closing price at time 2023-08-22 10:59:59.052547+05:30 is 20.5
2023-08-22 11:14:59,251 - FINNIFTY22AUG23P19600 candle closing price at time 2023-08-22 11:14:59.251484+05:30 is 20.2
2023-08-22 11:29:59,190 - FINNIFTY22AUG23P19600 candle closing price at time 2023-08-22 11:29:59.190654+05:30 is 20.95
2023-08-22 11:44:59,172 - FINNIFTY22AUG23P19600 candle closing price at time 2023-08-22 11:44:59.171999+05:30 is 19.55
2023-08-22 11:59:59,155 - FINNIFTY22AUG23P19600 candle closing price at time 2023-08-22 11:59:59.155167+05:30 is 19.1
2023-08-22 12:14:59,270 - FINNIFTY22AUG23P19600 candle closing price at time 2023-08-22 12:14:59.270002+05:30 is 20.25
2023-08-22 12:29:59,119 - FINNIFTY22AUG23P19600 candle closing price at time 2023-08-22 12:29:59.119884+05:30 is 29.55
2023-08-22 12:44:59,192 - FINNIFTY22AUG23P19600 candle closing price at time 2023-08-22 12:44:59.192255+05:30 is 26.2
2023-08-22 12:59:59,239 - FINNIFTY22AUG23P19600 candle closing price at time 2023-08-22 12:59:59.239119+05:30 is 16.45
2023-08-22 13:14:59,186 - FINNIFTY22AUG23P19600 candle closing price at time 2023-08-22 13:14:59.186020+05:30 is 18.45
2023-08-22 13:29:59,041 - FINNIFTY22AUG23P19600 candle closing price at time 2023-08-22 13:29:59.041009+05:30 is 13.3
2023-08-22 13:44:59,231 - FINNIFTY22AUG23P19600 candle closing price at time 2023-08-22 13:44:59.231448+05:30 is 16.5
2023-08-22 13:59:59,270 - FINNIFTY22AUG23P19600 candle closing price at time 2023-08-22 13:59:59.270055+05:30 is 22.7
2023-08-22 14:03:48,297 - short entry dict: [0.0, 24.15]
2023-08-22 14:03:48,298 - short exit dict: [0.0, 30.8]
2023-08-22 14:03:48,298 - last entry was at : 24.15 and exit at: 30.8
2023-08-22 14:03:48,298 - short pnl booked until now:-1064.0000000000005
2023-08-22 14:14:58,001 - FINNIFTY22AUG23P19600 went short at price-18.3, time-14:14:58
2023-08-22 14:14:58,002 - short entry dict: [0.0, 24.15, 18.3]
2023-08-22 14:14:59,208 - FINNIFTY22AUG23P19600 candle closing price at time 2023-08-22 14:14:59.207962+05:30 is 18.1
2023-08-22 14:29:59,168 - FINNIFTY22AUG23P19600 candle closing price at time 2023-08-22 14:29:59.168799+05:30 is 22.7
2023-08-22 14:35:44,525 - short entry dict: [0.0, 24.15, 18.3]
2023-08-22 14:35:44,526 - short exit dict: [0.0, 30.8, 29.8]
2023-08-22 14:35:44,526 - last entry was at : 18.3 and exit at: 29.8
2023-08-22 14:35:44,526 - short pnl booked until now:-2904.0000000000005
2023-08-22 14:44:58,002 - FINNIFTY22AUG23P19600 went short at price-28.05, time-14:44:58
2023-08-22 14:44:58,002 - short entry dict: [0.0, 24.15, 18.3, 28.05]
2023-08-22 14:44:59,207 - FINNIFTY22AUG23P19600 candle closing price at time 2023-08-22 14:44:59.207755+05:30 is 28.0
2023-08-22 14:45:31,953 - short entry dict: [0.0, 24.15, 18.3, 28.05]
2023-08-22 14:45:31,955 - short exit dict: [0.0, 30.8, 29.8, 28.35]
2023-08-22 14:45:31,955 - last entry was at : 28.05 and exit at: 28.35
2023-08-22 14:45:31,955 - short pnl booked until now:-2952.0000000000005
2023-08-22 14:59:58,002 - FINNIFTY22AUG23P19600 went short at price-25.9, time-14:59:58
2023-08-22 14:59:58,003 - short entry dict: [0.0, 24.15, 18.3, 28.05, 25.9]
2023-08-22 14:59:59,208 - FINNIFTY22AUG23P19600 candle closing price at time 2023-08-22 14:59:59.208654+05:30 is 25.3
2023-08-22 15:00:09,629 - short entry dict: [0.0, 24.15, 18.3, 28.05, 25.9]
2023-08-22 15:00:09,630 - short exit dict: [0.0, 30.8, 29.8, 28.35, 31.05]
2023-08-22 15:00:09,630 - last entry was at : 25.9 and exit at: 31.05
2023-08-22 15:00:09,630 - short pnl booked until now:-3776.000000000001
2023-08-22 15:14:59,210 - FINNIFTY22AUG23P19600 candle closing price at time 2023-08-22 15:14:59.210695+05:30 is 44.4
