2023-09-08 09:31:16,282 - BANKNIFTY13SEP23P44700 went short at price-129.1, time-9:31:16
2023-09-08 09:31:16,283 - short entry dict: [0.0, 129.1]
2023-09-08 09:44:59,071 - BANKNIFTY13SEP23P44700 candle closing price at time 2023-09-08 09:44:59.071465+05:30 is 138.55
2023-09-08 09:59:59,131 - BANKNIFTY13SEP23P44700 candle closing price at time 2023-09-08 09:59:59.131628+05:30 is 138.0
2023-09-08 10:14:59,253 - BANKNIFTY13SEP23P44700 candle closing price at time 2023-09-08 10:14:59.253825+05:30 is 138.15
2023-09-08 10:20:33,567 - short entry dict: [0.0, 129.1]
2023-09-08 10:20:33,573 - short exit dict: [0.0, 173.35]
2023-09-08 10:20:33,578 - last entry was at : 129.1 and exit at: 173.35
2023-09-08 10:20:33,583 - short pnl booked until now:-13275.0
2023-09-08 10:29:58,001 - BANKNIFTY13SEP23P44700 went short at price-162.15, time-10:29:58
2023-09-08 10:29:58,003 - short entry dict: [0.0, 129.1, 162.15]
2023-09-08 10:29:59,206 - BANKNIFTY13SEP23P44700 candle closing price at time 2023-09-08 10:29:59.206706+05:30 is 161.4
2023-09-08 10:31:29,461 - short entry dict: [0.0, 129.1, 162.15]
2023-09-08 10:31:29,467 - short exit dict: [0.0, 173.35, 170.9]
2023-09-08 10:31:29,472 - last entry was at : 162.15 and exit at: 170.9
2023-09-08 10:31:29,477 - short pnl booked until now:-15900.0
2023-09-08 10:44:58,003 - BANKNIFTY13SEP23P44700 went short at price-160.0, time-10:44:58
2023-09-08 10:44:58,005 - short entry dict: [0.0, 129.1, 162.15, 160.0]
2023-09-08 10:44:59,211 - BANKNIFTY13SEP23P44700 candle closing price at time 2023-09-08 10:44:59.211604+05:30 is 159.3
2023-09-08 10:59:59,226 - BANKNIFTY13SEP23P44700 candle closing price at time 2023-09-08 10:59:59.226736+05:30 is 148.65
2023-09-08 11:14:59,067 - BANKNIFTY13SEP23P44700 candle closing price at time 2023-09-08 11:14:59.067792+05:30 is 157.9
2023-09-08 11:29:59,039 - BANKNIFTY13SEP23P44700 candle closing price at time 2023-09-08 11:29:59.039439+05:30 is 131.5
2023-09-08 11:44:59,238 - BANKNIFTY13SEP23P44700 candle closing price at time 2023-09-08 11:44:59.237934+05:30 is 94.3
2023-09-08 11:59:59,168 - BANKNIFTY13SEP23P44700 candle closing price at time 2023-09-08 11:59:59.168172+05:30 is 94.85
2023-09-08 12:14:59,104 - BANKNIFTY13SEP23P44700 candle closing price at time 2023-09-08 12:14:59.104690+05:30 is 93.7
2023-09-08 12:29:59,099 - BANKNIFTY13SEP23P44700 candle closing price at time 2023-09-08 12:29:59.099086+05:30 is 98.0
2023-09-08 12:44:59,147 - BANKNIFTY13SEP23P44700 candle closing price at time 2023-09-08 12:44:59.147654+05:30 is 90.25
2023-09-08 12:59:59,153 - BANKNIFTY13SEP23P44700 candle closing price at time 2023-09-08 12:59:59.153140+05:30 is 98.1
2023-09-08 13:14:59,106 - BANKNIFTY13SEP23P44700 candle closing price at time 2023-09-08 13:14:59.106134+05:30 is 100.1
2023-09-08 13:29:59,132 - BANKNIFTY13SEP23P44700 candle closing price at time 2023-09-08 13:29:59.132754+05:30 is 92.55
2023-09-08 13:44:59,282 - BANKNIFTY13SEP23P44700 candle closing price at time 2023-09-08 13:44:59.282084+05:30 is 79.7
2023-09-08 13:59:59,004 - BANKNIFTY13SEP23P44700 candle closing price at time 2023-09-08 13:59:59.004768+05:30 is 81.0
2023-09-08 14:14:59,065 - BANKNIFTY13SEP23P44700 candle closing price at time 2023-09-08 14:14:59.064817+05:30 is 76.6
2023-09-08 14:29:59,143 - BANKNIFTY13SEP23P44700 candle closing price at time 2023-09-08 14:29:59.143578+05:30 is 58.0
2023-09-08 14:44:59,060 - BANKNIFTY13SEP23P44700 candle closing price at time 2023-09-08 14:44:59.060791+05:30 is 86.85
2023-09-08 14:59:59,298 - BANKNIFTY13SEP23P44700 candle closing price at time 2023-09-08 14:59:59.298803+05:30 is 87.3
2023-09-08 15:14:59,198 - BANKNIFTY13SEP23P44700 candle closing price at time 2023-09-08 15:14:59.198103+05:30 is 89.95
