2023-08-17 09:31:18,594 - FINNIFTY22AUG23P19400 went short at price-48.5, time-9:31:18
2023-08-17 09:31:18,594 - short entry dict: [0.0, 48.5]
2023-08-17 09:44:59,210 - FINNIFTY22AUG23P19400 candle closing price at time 2023-08-17 09:44:59.210405+05:30 is 44.4
2023-08-17 09:59:59,225 - FINNIFTY22AUG23P19400 candle closing price at time 2023-08-17 09:59:59.225475+05:30 is 44.85
2023-08-17 10:14:59,265 - FINNIFTY22AUG23P19400 candle closing price at time 2023-08-17 10:14:59.265103+05:30 is 40.25
2023-08-17 10:29:59,262 - FINNIFTY22AUG23P19400 candle closing price at time 2023-08-17 10:29:59.262663+05:30 is 38.8
2023-08-17 10:44:59,161 - FINNIFTY22AUG23P19400 candle closing price at time 2023-08-17 10:44:59.161228+05:30 is 35.15
2023-08-17 10:59:59,043 - FINNIFTY22AUG23P19400 candle closing price at time 2023-08-17 10:59:59.043232+05:30 is 34.0
2023-08-17 11:14:59,281 - FINNIFTY22AUG23P19400 candle closing price at time 2023-08-17 11:14:59.281647+05:30 is 34.05
2023-08-17 11:29:59,015 - FINNIFTY22AUG23P19400 candle closing price at time 2023-08-17 11:29:59.014749+05:30 is 40.5
2023-08-17 11:44:59,118 - FINNIFTY22AUG23P19400 candle closing price at time 2023-08-17 11:44:59.118172+05:30 is 37.2
2023-08-17 11:59:59,273 - FINNIFTY22AUG23P19400 candle closing price at time 2023-08-17 11:59:59.273237+05:30 is 40.5
2023-08-17 12:14:59,026 - FINNIFTY22AUG23P19400 candle closing price at time 2023-08-17 12:14:59.025889+05:30 is 42.4
2023-08-17 12:29:59,179 - FINNIFTY22AUG23P19400 candle closing price at time 2023-08-17 12:29:59.179363+05:30 is 40.15
2023-08-17 12:39:08,512 - short entry dict: [0.0, 48.5]
2023-08-17 12:39:08,512 - short exit dict: [0.0, 45.65]
2023-08-17 12:39:08,512 - last entry was at : 48.5 and exit at: 45.65
2023-08-17 12:39:08,512 - short pnl booked until now:456.0000000000002
2023-08-17 12:44:59,208 - FINNIFTY22AUG23P19400 candle closing price at time 2023-08-17 12:44:59.208096+05:30 is 51.0
2023-08-17 12:59:59,103 - FINNIFTY22AUG23P19400 candle closing price at time 2023-08-17 12:59:59.103204+05:30 is 58.6
2023-08-17 13:14:59,126 - FINNIFTY22AUG23P19400 candle closing price at time 2023-08-17 13:14:59.126376+05:30 is 55.7
2023-08-17 13:29:59,254 - FINNIFTY22AUG23P19400 candle closing price at time 2023-08-17 13:29:59.253821+05:30 is 52.85
2023-08-17 13:44:58,014 - FINNIFTY22AUG23P19400 went short at price-42.15, time-13:44:58
2023-08-17 13:44:58,014 - short entry dict: [0.0, 48.5, 42.15]
2023-08-17 13:44:59,221 - FINNIFTY22AUG23P19400 candle closing price at time 2023-08-17 13:44:59.220829+05:30 is 42.3
2023-08-17 13:59:59,137 - FINNIFTY22AUG23P19400 candle closing price at time 2023-08-17 13:59:59.137189+05:30 is 42.3
2023-08-17 14:14:59,018 - FINNIFTY22AUG23P19400 candle closing price at time 2023-08-17 14:14:59.018370+05:30 is 39.95
2023-08-17 14:29:59,280 - FINNIFTY22AUG23P19400 candle closing price at time 2023-08-17 14:29:59.280545+05:30 is 41.65
2023-08-17 14:44:59,080 - FINNIFTY22AUG23P19400 candle closing price at time 2023-08-17 14:44:59.080164+05:30 is 35.65
2023-08-17 14:59:59,187 - FINNIFTY22AUG23P19400 candle closing price at time 2023-08-17 14:59:59.187259+05:30 is 36.25
2023-08-17 15:14:59,256 - FINNIFTY22AUG23P19400 candle closing price at time 2023-08-17 15:14:59.256321+05:30 is 36.6
2023-08-18 09:31:19,272 - FINNIFTY22AUG23P19400 went short at price-41.55, time-9:31:19
2023-08-18 09:31:19,273 - short entry dict: [0.0, 41.55]
2023-08-18 09:36:09,737 - short entry dict: [0.0, 41.55]
2023-08-18 09:36:09,738 - short exit dict: [0.0, 43.2]
2023-08-18 09:36:09,738 - last entry was at : 41.55 and exit at: 43.2
2023-08-18 09:36:09,738 - short pnl booked until now:-264.0000000000009
2023-08-18 09:44:59,219 - FINNIFTY22AUG23P19400 candle closing price at time 2023-08-18 09:44:59.219028+05:30 is 44.5
2023-08-18 09:59:59,205 - FINNIFTY22AUG23P19400 candle closing price at time 2023-08-18 09:59:59.205583+05:30 is 46.3
2023-08-18 10:14:59,167 - FINNIFTY22AUG23P19400 candle closing price at time 2023-08-18 10:14:59.167220+05:30 is 46.05
2023-08-18 10:29:58,002 - FINNIFTY22AUG23P19400 went short at price-39.5, time-10:29:58
2023-08-18 10:29:58,002 - short entry dict: [0.0, 41.55, 39.5]
2023-08-18 10:29:59,214 - FINNIFTY22AUG23P19400 candle closing price at time 2023-08-18 10:29:59.214192+05:30 is 39.35
2023-08-18 10:44:59,032 - FINNIFTY22AUG23P19400 candle closing price at time 2023-08-18 10:44:59.032468+05:30 is 41.95
2023-08-18 10:45:53,186 - short entry dict: [0.0, 41.55, 39.5]
2023-08-18 10:45:53,186 - short exit dict: [0.0, 43.2, 42.8]
2023-08-18 10:45:53,186 - last entry was at : 39.5 and exit at: 42.8
2023-08-18 10:45:53,186 - short pnl booked until now:-792.0000000000005
2023-08-18 10:59:58,004 - FINNIFTY22AUG23P19400 went short at price-39.65, time-10:59:58
2023-08-18 10:59:58,005 - short entry dict: [0.0, 41.55, 39.5, 39.65]
2023-08-18 10:59:59,214 - FINNIFTY22AUG23P19400 candle closing price at time 2023-08-18 10:59:59.214571+05:30 is 39.85
2023-08-18 11:14:59,198 - FINNIFTY22AUG23P19400 candle closing price at time 2023-08-18 11:14:59.198229+05:30 is 38.7
2023-08-18 11:29:59,078 - FINNIFTY22AUG23P19400 candle closing price at time 2023-08-18 11:29:59.078722+05:30 is 37.25
2023-08-18 11:44:59,277 - FINNIFTY22AUG23P19400 candle closing price at time 2023-08-18 11:44:59.277162+05:30 is 36.25
2023-08-18 11:59:59,271 - FINNIFTY22AUG23P19400 candle closing price at time 2023-08-18 11:59:59.271476+05:30 is 38.85
2023-08-18 12:14:59,247 - FINNIFTY22AUG23P19400 candle closing price at time 2023-08-18 12:14:59.247573+05:30 is 39.0
2023-08-18 12:15:35,889 - short entry dict: [0.0, 41.55, 39.5, 39.65]
2023-08-18 12:15:35,890 - short exit dict: [0.0, 43.2, 42.8, 41.25]
2023-08-18 12:15:35,890 - last entry was at : 39.65 and exit at: 41.25
2023-08-18 12:15:35,890 - short pnl booked until now:-1048.0000000000007
2023-08-18 12:29:59,219 - FINNIFTY22AUG23P19400 candle closing price at time 2023-08-18 12:29:59.219060+05:30 is 43.25
2023-08-18 12:44:58,001 - FINNIFTY22AUG23P19400 went short at price-40.95, time-12:44:58
2023-08-18 12:44:58,001 - short entry dict: [0.0, 41.55, 39.5, 39.65, 40.95]
2023-08-18 12:44:59,209 - FINNIFTY22AUG23P19400 candle closing price at time 2023-08-18 12:44:59.209045+05:30 is 41.05
2023-08-18 12:46:12,745 - short entry dict: [0.0, 41.55, 39.5, 39.65, 40.95]
2023-08-18 12:46:12,746 - short exit dict: [0.0, 43.2, 42.8, 41.25, 41.2]
2023-08-18 12:46:12,746 - last entry was at : 40.95 and exit at: 41.2
2023-08-18 12:46:12,746 - short pnl booked until now:-1088.0000000000007
2023-08-18 12:59:58,007 - FINNIFTY22AUG23P19400 went short at price-39.9, time-12:59:58
2023-08-18 12:59:58,008 - short entry dict: [0.0, 41.55, 39.5, 39.65, 40.95, 39.9]
2023-08-18 12:59:59,216 - FINNIFTY22AUG23P19400 candle closing price at time 2023-08-18 12:59:59.216315+05:30 is 39.9
2023-08-18 13:07:41,783 - short entry dict: [0.0, 41.55, 39.5, 39.65, 40.95, 39.9]
2023-08-18 13:07:41,783 - short exit dict: [0.0, 43.2, 42.8, 41.25, 41.2, 41.15]
2023-08-18 13:07:41,784 - last entry was at : 39.9 and exit at: 41.15
2023-08-18 13:07:41,784 - short pnl booked until now:-1288.0000000000007
2023-08-18 13:14:59,209 - FINNIFTY22AUG23P19400 candle closing price at time 2023-08-18 13:14:59.208896+05:30 is 43.3
2023-08-18 13:29:58,004 - FINNIFTY22AUG23P19400 went short at price-40.4, time-13:29:58
2023-08-18 13:29:58,004 - short entry dict: [0.0, 41.55, 39.5, 39.65, 40.95, 39.9, 40.4]
2023-08-18 13:29:59,209 - FINNIFTY22AUG23P19400 candle closing price at time 2023-08-18 13:29:59.209659+05:30 is 40.3
2023-08-18 13:39:47,325 - short entry dict: [0.0, 41.55, 39.5, 39.65, 40.95, 39.9, 40.4]
2023-08-18 13:39:47,326 - short exit dict: [0.0, 43.2, 42.8, 41.25, 41.2, 41.15, 41.4]
2023-08-18 13:39:47,326 - last entry was at : 40.4 and exit at: 41.4
2023-08-18 13:39:47,326 - short pnl booked until now:-1448.0000000000007
2023-08-18 13:44:59,207 - FINNIFTY22AUG23P19400 candle closing price at time 2023-08-18 13:44:59.207604+05:30 is 43.7
2023-08-18 13:59:58,001 - FINNIFTY22AUG23P19400 went short at price-39.65, time-13:59:58
2023-08-18 13:59:58,004 - short entry dict: [0.0, 41.55, 39.5, 39.65, 40.95, 39.9, 40.4, 39.65]
2023-08-18 13:59:59,211 - FINNIFTY22AUG23P19400 candle closing price at time 2023-08-18 13:59:59.210944+05:30 is 39.65
2023-08-18 14:14:59,097 - FINNIFTY22AUG23P19400 candle closing price at time 2023-08-18 14:14:59.097036+05:30 is 31.85
2023-08-18 14:29:59,251 - FINNIFTY22AUG23P19400 candle closing price at time 2023-08-18 14:29:59.251258+05:30 is 26.9
2023-08-18 14:44:59,157 - FINNIFTY22AUG23P19400 candle closing price at time 2023-08-18 14:44:59.156875+05:30 is 29.0
2023-08-18 14:59:59,166 - FINNIFTY22AUG23P19400 candle closing price at time 2023-08-18 14:59:59.166291+05:30 is 30.8
2023-08-18 15:14:59,082 - FINNIFTY22AUG23P19400 candle closing price at time 2023-08-18 15:14:59.082110+05:30 is 35.6
2023-08-18 15:16:18,155 - short entry dict: [0.0, 41.55, 39.5, 39.65, 40.95, 39.9, 40.4, 39.65]
2023-08-18 15:16:18,155 - short exit dict: [0.0, 43.2, 42.8, 41.25, 41.2, 41.15, 41.4, 39.25]
2023-08-18 15:16:18,155 - last entry was at : 39.65 and exit at: 39.25
2023-08-18 15:16:18,155 - short pnl booked until now:-1384.000000000001
2023-08-21 09:31:18,517 - FINNIFTY22AUG23P19400 went short at price-15.45, time-9:31:18
2023-08-21 09:31:18,518 - short entry dict: [0.0, 15.45]
2023-08-21 09:44:59,104 - FINNIFTY22AUG23P19400 candle closing price at time 2023-08-21 09:44:59.104599+05:30 is 14.9
2023-08-21 09:59:59,023 - FINNIFTY22AUG23P19400 candle closing price at time 2023-08-21 09:59:59.023200+05:30 is 16.95
2023-08-21 10:14:59,120 - FINNIFTY22AUG23P19400 candle closing price at time 2023-08-21 10:14:59.120433+05:30 is 16.8
2023-08-21 10:29:59,233 - FINNIFTY22AUG23P19400 candle closing price at time 2023-08-21 10:29:59.233732+05:30 is 9.6
2023-08-21 10:44:59,286 - FINNIFTY22AUG23P19400 candle closing price at time 2023-08-21 10:44:59.286255+05:30 is 8.75
2023-08-21 10:59:59,294 - FINNIFTY22AUG23P19400 candle closing price at time 2023-08-21 10:59:59.294354+05:30 is 7.7
2023-08-21 11:14:59,124 - FINNIFTY22AUG23P19400 candle closing price at time 2023-08-21 11:14:59.124186+05:30 is 6.3
2023-08-21 11:29:59,285 - FINNIFTY22AUG23P19400 candle closing price at time 2023-08-21 11:29:59.285124+05:30 is 6.4
2023-08-21 11:44:59,257 - FINNIFTY22AUG23P19400 candle closing price at time 2023-08-21 11:44:59.257622+05:30 is 6.5
2023-08-21 11:59:59,213 - FINNIFTY22AUG23P19400 candle closing price at time 2023-08-21 11:59:59.213394+05:30 is 6.35
2023-08-21 12:14:59,055 - FINNIFTY22AUG23P19400 candle closing price at time 2023-08-21 12:14:59.054976+05:30 is 6.3
2023-08-21 12:29:59,109 - FINNIFTY22AUG23P19400 candle closing price at time 2023-08-21 12:29:59.109257+05:30 is 6.0
2023-08-21 12:44:59,026 - FINNIFTY22AUG23P19400 candle closing price at time 2023-08-21 12:44:59.026340+05:30 is 5.35
2023-08-21 12:59:59,101 - FINNIFTY22AUG23P19400 candle closing price at time 2023-08-21 12:59:59.101019+05:30 is 5.05
2023-08-21 13:14:59,206 - FINNIFTY22AUG23P19400 candle closing price at time 2023-08-21 13:14:59.206803+05:30 is 4.85
2023-08-21 13:29:59,232 - FINNIFTY22AUG23P19400 candle closing price at time 2023-08-21 13:29:59.232333+05:30 is 5.15
2023-08-21 13:44:59,042 - FINNIFTY22AUG23P19400 candle closing price at time 2023-08-21 13:44:59.042362+05:30 is 5.65
2023-08-21 13:59:59,049 - FINNIFTY22AUG23P19400 candle closing price at time 2023-08-21 13:59:59.049288+05:30 is 4.25
2023-08-21 14:14:59,010 - FINNIFTY22AUG23P19400 candle closing price at time 2023-08-21 14:14:59.009946+05:30 is 5.15
2023-08-21 14:29:59,281 - FINNIFTY22AUG23P19400 candle closing price at time 2023-08-21 14:29:59.281429+05:30 is 4.55
2023-08-21 14:44:59,279 - FINNIFTY22AUG23P19400 candle closing price at time 2023-08-21 14:44:59.278952+05:30 is 3.75
2023-08-21 14:59:59,160 - FINNIFTY22AUG23P19400 candle closing price at time 2023-08-21 14:59:59.160810+05:30 is 3.15
2023-08-21 15:14:59,293 - FINNIFTY22AUG23P19400 candle closing price at time 2023-08-21 15:14:59.293317+05:30 is 5.65
