2023-09-07 09:31:11,793 - BANKNIFTY13SEP23C45300 went long at price-22.95, time-9:31:11
2023-09-07 09:31:11,794 - long entry dict:[0.0, 22.95]
2023-09-07 09:31:11,794 - long exit dict:[0.0]
2023-09-07 09:31:11,795 - HEDGE-BANKNIFTY13SEP23C45300 went long at price-22.95, time-9:31:11
2023-09-08 09:31:16,290 - BANKNIFTY13SEP23C45300 went short at price-94.55, time-9:31:16
2023-09-08 09:31:16,290 - short entry dict: [0.0, 94.55]
2023-09-08 09:31:34,445 - short entry dict: [0.0, 94.55]
2023-09-08 09:31:34,446 - short exit dict: [0.0, 99.2]
2023-09-08 09:31:34,446 - last entry was at : 94.55 and exit at: 99.2
2023-09-08 09:31:34,446 - short pnl booked until now:-1395.0000000000018
2023-09-08 09:44:59,217 - BANKNIFTY13SEP23C45300 candle closing price at time 2023-09-08 09:44:59.217320+05:30 is 96.6
2023-09-08 09:59:59,098 - BANKNIFTY13SEP23C45300 candle closing price at time 2023-09-08 09:59:59.098807+05:30 is 95.35
2023-09-08 10:14:59,149 - BANKNIFTY13SEP23C45300 candle closing price at time 2023-09-08 10:14:59.149517+05:30 is 93.65
2023-09-08 10:29:59,111 - BANKNIFTY13SEP23C45300 candle closing price at time 2023-09-08 10:29:59.111686+05:30 is 81.3
2023-09-08 10:44:59,141 - BANKNIFTY13SEP23C45300 candle closing price at time 2023-09-08 10:44:59.141397+05:30 is 81.05
2023-09-08 10:59:59,044 - BANKNIFTY13SEP23C45300 candle closing price at time 2023-09-08 10:59:59.044122+05:30 is 83.85
2023-09-08 11:14:59,017 - BANKNIFTY13SEP23C45300 candle closing price at time 2023-09-08 11:14:59.017551+05:30 is 76.95
2023-09-08 11:29:59,056 - BANKNIFTY13SEP23C45300 candle closing price at time 2023-09-08 11:29:59.056580+05:30 is 95.05
2023-09-08 11:44:59,072 - BANKNIFTY13SEP23C45300 candle closing price at time 2023-09-08 11:44:59.072669+05:30 is 168.25
2023-09-08 11:59:59,140 - BANKNIFTY13SEP23C45300 candle closing price at time 2023-09-08 11:59:59.140296+05:30 is 166.45
2023-09-08 12:14:59,171 - BANKNIFTY13SEP23C45300 candle closing price at time 2023-09-08 12:14:59.171409+05:30 is 181.95
2023-09-08 12:29:59,106 - BANKNIFTY13SEP23C45300 candle closing price at time 2023-09-08 12:29:59.106069+05:30 is 161.3
2023-09-08 12:44:59,100 - BANKNIFTY13SEP23C45300 candle closing price at time 2023-09-08 12:44:59.100751+05:30 is 205.2
2023-09-08 12:59:59,050 - BANKNIFTY13SEP23C45300 candle closing price at time 2023-09-08 12:59:59.050606+05:30 is 171.35
2023-09-08 13:14:59,043 - BANKNIFTY13SEP23C45300 candle closing price at time 2023-09-08 13:14:59.043253+05:30 is 158.35
2023-09-08 13:29:59,218 - BANKNIFTY13SEP23C45300 candle closing price at time 2023-09-08 13:29:59.218094+05:30 is 160.55
2023-09-08 13:44:59,099 - BANKNIFTY13SEP23C45300 candle closing price at time 2023-09-08 13:44:59.099376+05:30 is 188.85
2023-09-08 13:59:59,250 - BANKNIFTY13SEP23C45300 candle closing price at time 2023-09-08 13:59:59.249989+05:30 is 175.7
2023-09-08 14:14:59,246 - BANKNIFTY13SEP23C45300 candle closing price at time 2023-09-08 14:14:59.246190+05:30 is 194.4
2023-09-08 14:29:59,147 - BANKNIFTY13SEP23C45300 candle closing price at time 2023-09-08 14:29:59.147192+05:30 is 289.6
2023-09-08 14:44:59,254 - BANKNIFTY13SEP23C45300 candle closing price at time 2023-09-08 14:44:59.254840+05:30 is 168.75
2023-09-08 14:59:59,285 - BANKNIFTY13SEP23C45300 candle closing price at time 2023-09-08 14:59:59.285529+05:30 is 168.2
2023-09-08 15:14:58,013 - BANKNIFTY13SEP23C45300 went short at price-143.75, time-15:14:58
2023-09-08 15:14:58,013 - short entry dict: [0.0, 94.55, 143.75]
2023-09-08 15:14:59,218 - BANKNIFTY13SEP23C45300 candle closing price at time 2023-09-08 15:14:59.218007+05:30 is 144.5
2023-09-08 15:16:07,037 - short entry dict: [0.0, 94.55, 143.75]
2023-09-08 15:16:07,037 - short exit dict: [0.0, 99.2, 149.5]
2023-09-08 15:16:07,037 - last entry was at : 143.75 and exit at: 149.5
2023-09-08 15:16:07,037 - short pnl booked until now:-3120.000000000002
