2023-08-24 09:31:19,269 - FINNIFTY29AUG23C19900 went short at price-71.35, time-9:31:19
2023-08-24 09:31:19,270 - short entry dict: [0.0, 71.35]
2023-08-24 09:39:07,669 - short entry dict: [0.0, 71.35]
2023-08-24 09:39:07,670 - short exit dict: [0.0, 76.4]
2023-08-24 09:39:07,670 - last entry was at : 71.35 and exit at: 76.4
2023-08-24 09:39:07,670 - short pnl booked until now:-808.0000000000018
2023-08-24 09:44:59,218 - FINNIFTY29AUG23C19900 candle closing price at time 2023-08-24 09:44:59.218753+05:30 is 95.4
2023-08-24 09:59:59,060 - FINNIFTY29AUG23C19900 candle closing price at time 2023-08-24 09:59:59.059806+05:30 is 99.3
2023-08-24 10:14:59,090 - FINNIFTY29AUG23C19900 candle closing price at time 2023-08-24 10:14:59.090461+05:30 is 102.05
2023-08-24 10:29:59,231 - FINNIFTY29AUG23C19900 candle closing price at time 2023-08-24 10:29:59.231016+05:30 is 90.25
2023-08-24 10:44:59,132 - FINNIFTY29AUG23C19900 candle closing price at time 2023-08-24 10:44:59.132816+05:30 is 86.1
2023-08-24 10:59:59,031 - FINNIFTY29AUG23C19900 candle closing price at time 2023-08-24 10:59:59.031281+05:30 is 69.8
2023-08-24 11:14:59,101 - FINNIFTY29AUG23C19900 candle closing price at time 2023-08-24 11:14:59.101815+05:30 is 63.5
2023-08-24 11:29:59,182 - FINNIFTY29AUG23C19900 candle closing price at time 2023-08-24 11:29:59.182091+05:30 is 63.0
2023-08-24 11:44:59,206 - FINNIFTY29AUG23C19900 candle closing price at time 2023-08-24 11:44:59.206094+05:30 is 67.5
2023-08-24 11:59:59,232 - FINNIFTY29AUG23C19900 candle closing price at time 2023-08-24 11:59:59.232277+05:30 is 61.05
2023-08-24 12:14:58,004 - FINNIFTY29AUG23C19900 went short at price-56.3, time-12:14:58
2023-08-24 12:14:58,004 - short entry dict: [0.0, 71.35, 56.3]
2023-08-24 12:14:59,211 - FINNIFTY29AUG23C19900 candle closing price at time 2023-08-24 12:14:59.211707+05:30 is 56.3
2023-08-24 12:29:59,013 - FINNIFTY29AUG23C19900 candle closing price at time 2023-08-24 12:29:59.012945+05:30 is 50.35
2023-08-24 12:33:52,925 - short entry dict: [0.0, 71.35, 56.3]
2023-08-24 12:33:52,926 - short exit dict: [0.0, 76.4, 56.65]
2023-08-24 12:33:52,926 - last entry was at : 56.3 and exit at: 56.65
2023-08-24 12:33:52,926 - short pnl booked until now:-864.000000000002
2023-08-24 12:44:59,209 - FINNIFTY29AUG23C19900 candle closing price at time 2023-08-24 12:44:59.209893+05:30 is 59.65
2023-08-24 12:59:58,003 - FINNIFTY29AUG23C19900 went short at price-51.2, time-12:59:58
2023-08-24 12:59:58,003 - short entry dict: [0.0, 71.35, 56.3, 51.2]
2023-08-24 12:59:59,209 - FINNIFTY29AUG23C19900 candle closing price at time 2023-08-24 12:59:59.209845+05:30 is 51.15
2023-08-24 13:14:59,187 - FINNIFTY29AUG23C19900 candle closing price at time 2023-08-24 13:14:59.187369+05:30 is 44.8
2023-08-24 13:29:59,211 - FINNIFTY29AUG23C19900 candle closing price at time 2023-08-24 13:29:59.211456+05:30 is 43.85
2023-08-24 13:44:59,262 - FINNIFTY29AUG23C19900 candle closing price at time 2023-08-24 13:44:59.261951+05:30 is 41.7
2023-08-24 13:59:59,160 - FINNIFTY29AUG23C19900 candle closing price at time 2023-08-24 13:59:59.160862+05:30 is 40.5
2023-08-24 14:14:59,039 - FINNIFTY29AUG23C19900 candle closing price at time 2023-08-24 14:14:59.038920+05:30 is 45.7
2023-08-24 14:29:59,265 - FINNIFTY29AUG23C19900 candle closing price at time 2023-08-24 14:29:59.264911+05:30 is 40.65
2023-08-24 14:44:59,183 - FINNIFTY29AUG23C19900 candle closing price at time 2023-08-24 14:44:59.183195+05:30 is 39.15
2023-08-24 14:59:59,047 - FINNIFTY29AUG23C19900 candle closing price at time 2023-08-24 14:59:59.047604+05:30 is 36.05
2023-08-24 15:14:59,058 - FINNIFTY29AUG23C19900 candle closing price at time 2023-08-24 15:14:59.058797+05:30 is 33.6
2023-08-29 11:28:32,198 - FINNIFTY29AUG23C19900 went short at price-2.35, time-11:28:32
2023-08-29 11:28:32,198 - short entry dict: [0.0, 2.35]
2023-08-29 11:29:59,118 - FINNIFTY29AUG23C19900 candle closing price at time 2023-08-29 11:29:59.118023+05:30 is 2.35
2023-08-29 11:44:59,016 - FINNIFTY29AUG23C19900 candle closing price at time 2023-08-29 11:44:59.016742+05:30 is 2.95
2023-08-29 11:59:59,228 - FINNIFTY29AUG23C19900 candle closing price at time 2023-08-29 11:59:59.228766+05:30 is 2.4
2023-08-29 12:14:59,035 - FINNIFTY29AUG23C19900 candle closing price at time 2023-08-29 12:14:59.035554+05:30 is 3.3
2023-08-29 12:29:59,022 - FINNIFTY29AUG23C19900 candle closing price at time 2023-08-29 12:29:59.022299+05:30 is 3.1
2023-08-29 12:44:59,007 - FINNIFTY29AUG23C19900 candle closing price at time 2023-08-29 12:44:59.007700+05:30 is 1.4
2023-08-29 12:59:59,096 - FINNIFTY29AUG23C19900 candle closing price at time 2023-08-29 12:59:59.096285+05:30 is 1.35
2023-08-29 13:14:59,252 - FINNIFTY29AUG23C19900 candle closing price at time 2023-08-29 13:14:59.252090+05:30 is 0.85
2023-08-29 13:29:59,207 - FINNIFTY29AUG23C19900 candle closing price at time 2023-08-29 13:29:59.206945+05:30 is 0.95
2023-08-29 13:44:59,214 - FINNIFTY29AUG23C19900 candle closing price at time 2023-08-29 13:44:59.214617+05:30 is 0.8
2023-08-29 13:59:59,209 - FINNIFTY29AUG23C19900 candle closing price at time 2023-08-29 13:59:59.208913+05:30 is 0.55
2023-08-29 14:14:59,183 - FINNIFTY29AUG23C19900 candle closing price at time 2023-08-29 14:14:59.183089+05:30 is 0.5
2023-08-29 14:29:59,275 - FINNIFTY29AUG23C19900 candle closing price at time 2023-08-29 14:29:59.275092+05:30 is 0.15
2023-08-29 14:44:59,102 - FINNIFTY29AUG23C19900 candle closing price at time 2023-08-29 14:44:59.102543+05:30 is 0.1
2023-08-29 14:59:59,123 - FINNIFTY29AUG23C19900 candle closing price at time 2023-08-29 14:59:59.123183+05:30 is 0.1
2023-08-29 15:14:59,043 - FINNIFTY29AUG23C19900 candle closing price at time 2023-08-29 15:14:59.043221+05:30 is 0.05
