2023-08-18 09:31:20,124 - BANKNIFTY24AUG23C44300 went short at price-117.25, time-9:31:20
2023-08-18 09:31:20,124 - short entry dict: [0.0, 117.25]
2023-08-18 09:44:59,222 - BANKNIFTY24AUG23C44300 candle closing price at time 2023-08-18 09:44:59.222863+05:30 is 103.95
2023-08-18 09:59:59,103 - BANKNIFTY24AUG23C44300 candle closing price at time 2023-08-18 09:59:59.103191+05:30 is 95.9
2023-08-18 10:14:59,154 - BANKNIFTY24AUG23C44300 candle closing price at time 2023-08-18 10:14:59.154636+05:30 is 95.1
2023-08-18 10:29:59,175 - BANKNIFTY24AUG23C44300 candle closing price at time 2023-08-18 10:29:59.175617+05:30 is 105.4
2023-08-18 10:44:59,192 - BANKNIFTY24AUG23C44300 candle closing price at time 2023-08-18 10:44:59.192804+05:30 is 101.6
2023-08-18 10:59:59,252 - BANKNIFTY24AUG23C44300 candle closing price at time 2023-08-18 10:59:59.252511+05:30 is 100.0
2023-08-18 11:14:59,159 - BANKNIFTY24AUG23C44300 candle closing price at time 2023-08-18 11:14:59.159266+05:30 is 100.5
2023-08-18 11:29:59,011 - BANKNIFTY24AUG23C44300 candle closing price at time 2023-08-18 11:29:59.010909+05:30 is 99.15
2023-08-18 11:44:59,116 - BANKNIFTY24AUG23C44300 candle closing price at time 2023-08-18 11:44:59.116386+05:30 is 98.15
2023-08-18 11:59:59,011 - BANKNIFTY24AUG23C44300 candle closing price at time 2023-08-18 11:59:59.011530+05:30 is 92.1
2023-08-18 12:14:59,133 - BANKNIFTY24AUG23C44300 candle closing price at time 2023-08-18 12:14:59.133247+05:30 is 91.6
2023-08-18 12:29:59,263 - BANKNIFTY24AUG23C44300 candle closing price at time 2023-08-18 12:29:59.263083+05:30 is 82.25
2023-08-18 12:44:59,299 - BANKNIFTY24AUG23C44300 candle closing price at time 2023-08-18 12:44:59.299280+05:30 is 83.45
2023-08-18 12:59:59,062 - BANKNIFTY24AUG23C44300 candle closing price at time 2023-08-18 12:59:59.062807+05:30 is 81.55
2023-08-18 13:14:59,223 - BANKNIFTY24AUG23C44300 candle closing price at time 2023-08-18 13:14:59.223802+05:30 is 71.55
2023-08-18 13:29:59,233 - BANKNIFTY24AUG23C44300 candle closing price at time 2023-08-18 13:29:59.233512+05:30 is 72.0
2023-08-18 13:44:59,192 - BANKNIFTY24AUG23C44300 candle closing price at time 2023-08-18 13:44:59.192171+05:30 is 72.5
2023-08-18 13:59:59,287 - BANKNIFTY24AUG23C44300 candle closing price at time 2023-08-18 13:59:59.287209+05:30 is 72.65
2023-08-18 14:14:59,001 - BANKNIFTY24AUG23C44300 candle closing price at time 2023-08-18 14:14:59.001635+05:30 is 82.6
2023-08-18 14:19:57,725 - short entry dict: [0.0, 117.25]
2023-08-18 14:19:57,725 - short exit dict: [0.0, 97.4]
2023-08-18 14:19:57,725 - last entry was at : 117.25 and exit at: 97.4
2023-08-18 14:19:57,725 - short pnl booked until now:5954.999999999998
2023-08-18 14:29:58,003 - BANKNIFTY24AUG23C44300 went short at price-94.1, time-14:29:58
2023-08-18 14:29:58,003 - short entry dict: [0.0, 117.25, 94.1]
2023-08-18 14:29:59,208 - BANKNIFTY24AUG23C44300 candle closing price at time 2023-08-18 14:29:59.208831+05:30 is 94.2
2023-08-18 14:44:59,245 - BANKNIFTY24AUG23C44300 candle closing price at time 2023-08-18 14:44:59.245197+05:30 is 83.0
2023-08-18 14:59:59,247 - BANKNIFTY24AUG23C44300 candle closing price at time 2023-08-18 14:59:59.247262+05:30 is 86.0
2023-08-18 15:14:59,261 - BANKNIFTY24AUG23C44300 candle closing price at time 2023-08-18 15:14:59.261558+05:30 is 80.2
2023-08-21 09:31:19,174 - BANKNIFTY24AUG23C44300 went short at price-75.05, time-9:31:19
2023-08-21 09:31:19,175 - short entry dict: [0.0, 75.05]
2023-08-21 09:44:59,244 - BANKNIFTY24AUG23C44300 candle closing price at time 2023-08-21 09:44:59.244232+05:30 is 74.15
2023-08-21 09:59:59,300 - BANKNIFTY24AUG23C44300 candle closing price at time 2023-08-21 09:59:59.300634+05:30 is 63.2
2023-08-21 10:14:59,037 - BANKNIFTY24AUG23C44300 candle closing price at time 2023-08-21 10:14:59.037010+05:30 is 62.35
2023-08-21 10:29:59,023 - BANKNIFTY24AUG23C44300 candle closing price at time 2023-08-21 10:29:59.023102+05:30 is 74.75
2023-08-21 10:35:19,295 - short entry dict: [0.0, 75.05]
2023-08-21 10:35:19,295 - short exit dict: [0.0, 83.55]
2023-08-21 10:35:19,295 - last entry was at : 75.05 and exit at: 83.55
2023-08-21 10:35:19,295 - short pnl booked until now:-2550.0
2023-08-21 10:44:58,031 - BANKNIFTY24AUG23C44300 went short at price-79.8, time-10:44:58
2023-08-21 10:44:58,032 - short entry dict: [0.0, 75.05, 79.8]
2023-08-21 10:44:59,237 - BANKNIFTY24AUG23C44300 candle closing price at time 2023-08-21 10:44:59.237760+05:30 is 79.15
2023-08-21 10:59:59,099 - BANKNIFTY24AUG23C44300 candle closing price at time 2023-08-21 10:59:59.099404+05:30 is 75.8
2023-08-21 11:08:07,369 - short entry dict: [0.0, 75.05, 79.8]
2023-08-21 11:08:07,369 - short exit dict: [0.0, 83.55, 84.15]
2023-08-21 11:08:07,369 - last entry was at : 79.8 and exit at: 84.15
2023-08-21 11:08:07,370 - short pnl booked until now:-3855.0000000000027
2023-08-21 11:14:59,213 - BANKNIFTY24AUG23C44300 candle closing price at time 2023-08-21 11:14:59.213112+05:30 is 94.0
2023-08-21 11:29:58,001 - BANKNIFTY24AUG23C44300 went short at price-79.45, time-11:29:58
2023-08-21 11:29:58,010 - short entry dict: [0.0, 75.05, 79.8, 79.45]
2023-08-21 11:29:59,216 - BANKNIFTY24AUG23C44300 candle closing price at time 2023-08-21 11:29:59.215990+05:30 is 79.25
2023-08-21 11:45:02,334 - short entry dict: [0.0, 75.05, 79.8, 79.45]
2023-08-21 11:45:02,334 - short exit dict: [0.0, 83.55, 84.15, 83.7]
2023-08-21 11:45:02,335 - last entry was at : 79.45 and exit at: 83.7
2023-08-21 11:45:02,335 - short pnl booked until now:-5130.000000000003
2023-08-21 11:59:59,205 - BANKNIFTY24AUG23C44300 candle closing price at time 2023-08-21 11:59:59.205342+05:30 is 83.35
2023-08-21 12:14:58,007 - BANKNIFTY24AUG23C44300 went short at price-82.05, time-12:14:58
2023-08-21 12:14:58,008 - short entry dict: [0.0, 75.05, 79.8, 79.45, 82.05]
2023-08-21 12:14:59,219 - BANKNIFTY24AUG23C44300 candle closing price at time 2023-08-21 12:14:59.219632+05:30 is 82.3
2023-08-21 12:17:03,424 - short entry dict: [0.0, 75.05, 79.8, 79.45, 82.05]
2023-08-21 12:17:03,430 - short exit dict: [0.0, 83.55, 84.15, 83.7, 83.0]
2023-08-21 12:17:03,438 - last entry was at : 82.05 and exit at: 83.0
2023-08-21 12:17:03,443 - short pnl booked until now:-5415.000000000004
2023-08-21 12:29:59,207 - BANKNIFTY24AUG23C44300 candle closing price at time 2023-08-21 12:29:59.207645+05:30 is 88.15
2023-08-21 12:44:59,209 - BANKNIFTY24AUG23C44300 candle closing price at time 2023-08-21 12:44:59.209318+05:30 is 93.0
2023-08-21 12:59:59,046 - BANKNIFTY24AUG23C44300 candle closing price at time 2023-08-21 12:59:59.046408+05:30 is 94.6
2023-08-21 13:14:59,113 - BANKNIFTY24AUG23C44300 candle closing price at time 2023-08-21 13:14:59.113596+05:30 is 104.75
2023-08-21 13:29:59,080 - BANKNIFTY24AUG23C44300 candle closing price at time 2023-08-21 13:29:59.080096+05:30 is 106.55
2023-08-21 13:44:59,199 - BANKNIFTY24AUG23C44300 candle closing price at time 2023-08-21 13:44:59.199280+05:30 is 102.25
2023-08-21 13:59:59,037 - BANKNIFTY24AUG23C44300 candle closing price at time 2023-08-21 13:59:59.037791+05:30 is 100.65
2023-08-21 14:14:59,208 - BANKNIFTY24AUG23C44300 candle closing price at time 2023-08-21 14:14:59.208298+05:30 is 90.3
2023-08-21 14:29:59,193 - BANKNIFTY24AUG23C44300 candle closing price at time 2023-08-21 14:29:59.193142+05:30 is 94.75
2023-08-21 14:44:59,215 - BANKNIFTY24AUG23C44300 candle closing price at time 2023-08-21 14:44:59.215187+05:30 is 98.6
2023-08-21 14:59:59,021 - BANKNIFTY24AUG23C44300 candle closing price at time 2023-08-21 14:59:59.021116+05:30 is 106.3
2023-08-21 15:14:58,006 - BANKNIFTY24AUG23C44300 went short at price-86.5, time-15:14:58
2023-08-21 15:14:58,007 - short entry dict: [0.0, 75.05, 79.8, 79.45, 82.05, 86.5]
2023-08-21 15:14:59,211 - BANKNIFTY24AUG23C44300 candle closing price at time 2023-08-21 15:14:59.211377+05:30 is 87.0
2023-08-22 09:31:20,195 - BANKNIFTY24AUG23C44300 went short at price-86.75, time-9:31:20
2023-08-22 09:31:20,195 - short entry dict: [0.0, 86.75]
2023-08-22 09:34:40,094 - short entry dict: [0.0, 86.75]
2023-08-22 09:34:40,095 - short exit dict: [0.0, 89.95]
2023-08-22 09:34:40,095 - last entry was at : 86.75 and exit at: 89.95
2023-08-22 09:34:40,095 - short pnl booked until now:-960.0000000000009
2023-08-22 09:44:58,003 - BANKNIFTY24AUG23C44300 went short at price-86.55, time-9:44:58
2023-08-22 09:44:58,004 - short entry dict: [0.0, 86.75, 86.55]
2023-08-22 09:44:59,209 - BANKNIFTY24AUG23C44300 candle closing price at time 2023-08-22 09:44:59.209440+05:30 is 86.6
2023-08-22 09:59:59,250 - BANKNIFTY24AUG23C44300 candle closing price at time 2023-08-22 09:59:59.250599+05:30 is 70.65
2023-08-22 10:14:59,287 - BANKNIFTY24AUG23C44300 candle closing price at time 2023-08-22 10:14:59.287177+05:30 is 73.95
2023-08-22 10:29:59,135 - BANKNIFTY24AUG23C44300 candle closing price at time 2023-08-22 10:29:59.135183+05:30 is 76.75
2023-08-22 10:44:59,297 - BANKNIFTY24AUG23C44300 candle closing price at time 2023-08-22 10:44:59.297192+05:30 is 79.15
2023-08-22 10:59:59,194 - BANKNIFTY24AUG23C44300 candle closing price at time 2023-08-22 10:59:59.194847+05:30 is 73.2
2023-08-22 11:14:59,292 - BANKNIFTY24AUG23C44300 candle closing price at time 2023-08-22 11:14:59.291985+05:30 is 70.15
2023-08-22 11:29:59,252 - BANKNIFTY24AUG23C44300 candle closing price at time 2023-08-22 11:29:59.252438+05:30 is 69.8
2023-08-22 11:44:59,213 - BANKNIFTY24AUG23C44300 candle closing price at time 2023-08-22 11:44:59.213311+05:30 is 70.95
2023-08-22 11:59:59,257 - BANKNIFTY24AUG23C44300 candle closing price at time 2023-08-22 11:59:59.257216+05:30 is 69.8
2023-08-22 12:14:59,284 - BANKNIFTY24AUG23C44300 candle closing price at time 2023-08-22 12:14:59.284469+05:30 is 70.1
2023-08-22 12:29:59,275 - BANKNIFTY24AUG23C44300 candle closing price at time 2023-08-22 12:29:59.274993+05:30 is 59.5
2023-08-22 12:44:59,164 - BANKNIFTY24AUG23C44300 candle closing price at time 2023-08-22 12:44:59.164006+05:30 is 63.45
2023-08-22 12:59:59,268 - BANKNIFTY24AUG23C44300 candle closing price at time 2023-08-22 12:59:59.268697+05:30 is 67.7
2023-08-22 13:14:59,213 - BANKNIFTY24AUG23C44300 candle closing price at time 2023-08-22 13:14:59.213564+05:30 is 66.85
2023-08-22 13:29:59,165 - BANKNIFTY24AUG23C44300 candle closing price at time 2023-08-22 13:29:59.165264+05:30 is 68.35
2023-08-22 13:44:59,122 - BANKNIFTY24AUG23C44300 candle closing price at time 2023-08-22 13:44:59.122540+05:30 is 63.4
2023-08-22 13:59:59,253 - BANKNIFTY24AUG23C44300 candle closing price at time 2023-08-22 13:59:59.253246+05:30 is 58.1
2023-08-22 14:14:59,132 - BANKNIFTY24AUG23C44300 candle closing price at time 2023-08-22 14:14:59.132635+05:30 is 57.45
2023-08-22 14:29:59,094 - BANKNIFTY24AUG23C44300 candle closing price at time 2023-08-22 14:29:59.094283+05:30 is 55.4
2023-08-22 14:44:59,209 - BANKNIFTY24AUG23C44300 candle closing price at time 2023-08-22 14:44:59.209525+05:30 is 52.2
2023-08-22 14:59:59,081 - BANKNIFTY24AUG23C44300 candle closing price at time 2023-08-22 14:59:59.080927+05:30 is 52.9
2023-08-22 15:14:59,068 - BANKNIFTY24AUG23C44300 candle closing price at time 2023-08-22 15:14:59.068664+05:30 is 53.2
2023-08-23 09:31:12,246 - BANKNIFTY24AUG23C44300 went long at price-37.0, time-9:31:12
2023-08-23 09:31:12,252 - long entry dict:[0.0, 37.0]
2023-08-23 09:31:12,258 - long exit dict:[0.0]
2023-08-23 09:31:12,264 - HEDGE-BANKNIFTY24AUG23C44300 went long at price-37.0, time-9:31:12
