2023-09-04 09:31:12,023 - BANKNIFTY06SEP23P44200 went short at price-81.0, time-9:31:12
2023-09-04 09:31:12,023 - short entry dict: [0.0, 81.0]
2023-09-04 09:45:04,327 - short entry dict: [0.0, 81.0]
2023-09-04 09:45:04,333 - short exit dict: [0.0, 131.9]
2023-09-04 09:45:04,344 - last entry was at : 81.0 and exit at: 131.9
2023-09-04 09:45:04,349 - short pnl booked until now:-15270.000000000002
2023-09-04 09:59:58,008 - BANKNIFTY06SEP23P44200 went short at price-92.05, time-9:59:58
2023-09-04 09:59:58,008 - short entry dict: [0.0, 81.0, 92.05]
2023-09-04 09:59:59,214 - BANKNIFTY06SEP23P44200 candle closing price at time 2023-09-04 09:59:59.214147+05:30 is 92.1
2023-09-04 10:03:38,285 - short entry dict: [0.0, 81.0, 92.05]
2023-09-04 10:03:38,290 - short exit dict: [0.0, 131.9, 113.75]
2023-09-04 10:03:38,295 - last entry was at : 92.05 and exit at: 113.75
2023-09-04 10:03:38,301 - short pnl booked until now:-21780.000000000004
2023-09-04 10:14:59,206 - BANKNIFTY06SEP23P44200 candle closing price at time 2023-09-04 10:14:59.206479+05:30 is 115.95
2023-09-04 10:29:59,184 - BANKNIFTY06SEP23P44200 candle closing price at time 2023-09-04 10:29:59.184090+05:30 is 112.95
2023-09-04 10:44:59,096 - BANKNIFTY06SEP23P44200 candle closing price at time 2023-09-04 10:44:59.096423+05:30 is 145.3
2023-09-04 10:59:59,187 - BANKNIFTY06SEP23P44200 candle closing price at time 2023-09-04 10:59:59.187136+05:30 is 129.95
2023-09-04 11:14:59,136 - BANKNIFTY06SEP23P44200 candle closing price at time 2023-09-04 11:14:59.136069+05:30 is 97.1
2023-09-04 11:29:59,194 - BANKNIFTY06SEP23P44200 candle closing price at time 2023-09-04 11:29:59.194276+05:30 is 96.4
2023-09-04 11:44:59,227 - BANKNIFTY06SEP23P44200 candle closing price at time 2023-09-04 11:44:59.227749+05:30 is 93.45
2023-09-04 11:59:59,125 - BANKNIFTY06SEP23P44200 candle closing price at time 2023-09-04 11:59:59.125052+05:30 is 92.45
2023-09-04 12:14:59,072 - BANKNIFTY06SEP23P44200 candle closing price at time 2023-09-04 12:14:59.072170+05:30 is 93.75
2023-09-04 12:29:59,016 - BANKNIFTY06SEP23P44200 candle closing price at time 2023-09-04 12:29:59.015964+05:30 is 79.75
2023-09-04 12:44:59,248 - BANKNIFTY06SEP23P44200 candle closing price at time 2023-09-04 12:44:59.248461+05:30 is 78.45
2023-09-04 12:59:59,098 - BANKNIFTY06SEP23P44200 candle closing price at time 2023-09-04 12:59:59.098049+05:30 is 77.9
2023-09-04 13:14:59,019 - BANKNIFTY06SEP23P44200 candle closing price at time 2023-09-04 13:14:59.018881+05:30 is 69.45
2023-09-04 13:29:59,112 - BANKNIFTY06SEP23P44200 candle closing price at time 2023-09-04 13:29:59.112875+05:30 is 66.75
2023-09-04 13:44:59,022 - BANKNIFTY06SEP23P44200 candle closing price at time 2023-09-04 13:44:59.022699+05:30 is 69.3
2023-09-04 13:59:59,071 - BANKNIFTY06SEP23P44200 candle closing price at time 2023-09-04 13:59:59.071799+05:30 is 76.2
2023-09-04 14:14:59,256 - BANKNIFTY06SEP23P44200 candle closing price at time 2023-09-04 14:14:59.256833+05:30 is 79.8
2023-09-04 14:29:59,068 - BANKNIFTY06SEP23P44200 candle closing price at time 2023-09-04 14:29:59.068842+05:30 is 63.8
2023-09-04 14:44:59,031 - BANKNIFTY06SEP23P44200 candle closing price at time 2023-09-04 14:44:59.031152+05:30 is 56.8
2023-09-04 14:59:59,114 - BANKNIFTY06SEP23P44200 candle closing price at time 2023-09-04 14:59:59.114335+05:30 is 60.6
2023-09-04 15:14:59,213 - BANKNIFTY06SEP23P44200 candle closing price at time 2023-09-04 15:14:59.213424+05:30 is 61.35
2023-09-05 10:55:13,952 - BANKNIFTY06SEP23P44200 went short at price-43.05, time-10:55:13
2023-09-05 10:55:13,952 - short entry dict: [0.0, 43.05]
2023-09-05 10:59:59,194 - BANKNIFTY06SEP23P44200 candle closing price at time 2023-09-05 10:59:59.194780+05:30 is 47.8
2023-09-05 11:14:59,106 - BANKNIFTY06SEP23P44200 candle closing price at time 2023-09-05 11:14:59.106282+05:30 is 45.35
2023-09-05 11:29:59,187 - BANKNIFTY06SEP23P44200 candle closing price at time 2023-09-05 11:29:59.187802+05:30 is 46.0
2023-09-05 11:44:59,107 - BANKNIFTY06SEP23P44200 candle closing price at time 2023-09-05 11:44:59.107247+05:30 is 43.5
2023-09-05 11:59:59,250 - BANKNIFTY06SEP23P44200 candle closing price at time 2023-09-05 11:59:59.250525+05:30 is 41.7
2023-09-05 12:10:47,389 - short entry dict: [0.0, 43.05]
2023-09-05 12:10:47,394 - short exit dict: [0.0, 60.35]
2023-09-05 12:10:47,404 - last entry was at : 43.05 and exit at: 60.35
2023-09-05 12:10:47,440 - short pnl booked until now:-5190.000000000001
2023-09-05 12:14:58,001 - BANKNIFTY06SEP23P44200 went short at price-54.3, time-12:14:58
2023-09-05 12:14:58,001 - short entry dict: [0.0, 43.05, 54.3]
2023-09-05 12:14:59,205 - BANKNIFTY06SEP23P44200 candle closing price at time 2023-09-05 12:14:59.205514+05:30 is 55.25
2023-09-05 12:19:02,477 - short entry dict: [0.0, 43.05, 54.3]
2023-09-05 12:19:02,477 - short exit dict: [0.0, 60.35, 58.95]
2023-09-05 12:19:02,477 - last entry was at : 54.3 and exit at: 58.95
2023-09-05 12:19:02,477 - short pnl booked until now:-6585.000000000003
2023-09-05 12:29:58,000 - BANKNIFTY06SEP23P44200 went short at price-55.7, time-12:29:58
2023-09-05 12:29:58,001 - short entry dict: [0.0, 43.05, 54.3, 55.7]
2023-09-05 12:29:59,204 - BANKNIFTY06SEP23P44200 candle closing price at time 2023-09-05 12:29:59.204718+05:30 is 55.8
2023-09-05 12:31:08,109 - short entry dict: [0.0, 43.05, 54.3, 55.7]
2023-09-05 12:31:08,109 - short exit dict: [0.0, 60.35, 58.95, 58.75]
2023-09-05 12:31:08,109 - last entry was at : 55.7 and exit at: 58.75
2023-09-05 12:31:08,110 - short pnl booked until now:-7500.000000000002
2023-09-05 12:44:59,204 - BANKNIFTY06SEP23P44200 candle closing price at time 2023-09-05 12:44:59.204924+05:30 is 65.1
2023-09-05 12:59:59,204 - BANKNIFTY06SEP23P44200 candle closing price at time 2023-09-05 12:59:59.203993+05:30 is 61.7
2023-09-05 13:14:58,001 - BANKNIFTY06SEP23P44200 went short at price-54.3, time-13:14:58
2023-09-05 13:14:58,001 - short entry dict: [0.0, 43.05, 54.3, 55.7, 54.3]
2023-09-05 13:14:59,205 - BANKNIFTY06SEP23P44200 candle closing price at time 2023-09-05 13:14:59.205743+05:30 is 54.55
2023-09-05 13:15:52,969 - short entry dict: [0.0, 43.05, 54.3, 55.7, 54.3]
2023-09-05 13:15:52,969 - short exit dict: [0.0, 60.35, 58.95, 58.75, 59.1]
2023-09-05 13:15:52,969 - last entry was at : 54.3 and exit at: 59.1
2023-09-05 13:15:52,969 - short pnl booked until now:-8940.000000000004
2023-09-05 13:29:58,000 - BANKNIFTY06SEP23P44200 went short at price-57.5, time-13:29:58
2023-09-05 13:29:58,000 - short entry dict: [0.0, 43.05, 54.3, 55.7, 54.3, 57.5]
2023-09-05 13:29:59,204 - BANKNIFTY06SEP23P44200 candle closing price at time 2023-09-05 13:29:59.204467+05:30 is 56.2
2023-09-05 13:44:59,269 - BANKNIFTY06SEP23P44200 candle closing price at time 2023-09-05 13:44:59.269292+05:30 is 48.65
2023-09-05 13:59:59,073 - BANKNIFTY06SEP23P44200 candle closing price at time 2023-09-05 13:59:59.073506+05:30 is 42.9
2023-09-05 14:14:59,132 - BANKNIFTY06SEP23P44200 candle closing price at time 2023-09-05 14:14:59.132917+05:30 is 40.65
2023-09-05 14:29:59,239 - BANKNIFTY06SEP23P44200 candle closing price at time 2023-09-05 14:29:59.239502+05:30 is 28.35
2023-09-05 14:44:59,060 - BANKNIFTY06SEP23P44200 candle closing price at time 2023-09-05 14:44:59.059964+05:30 is 25.4
2023-09-05 14:59:59,233 - BANKNIFTY06SEP23P44200 candle closing price at time 2023-09-05 14:59:59.233127+05:30 is 23.8
2023-09-05 15:14:59,214 - BANKNIFTY06SEP23P44200 candle closing price at time 2023-09-05 15:14:59.214132+05:30 is 25.25
2023-09-06 10:05:19,109 - BANKNIFTY06SEP23P44200 went long at price-14.8, time-10:5:19
2023-09-06 10:05:19,109 - long entry dict:[0.0, 14.8]
2023-09-06 10:05:19,109 - long exit dict:[0.0]
2023-09-06 10:05:19,109 - HEDGE-BANKNIFTY06SEP23P44200 went long at price-14.8, time-10:5:19
