2023-08-25 09:31:20,068 - BANKNIFTY31AUG23C44900 went short at price-64.05, time-9:31:20
2023-08-25 09:31:20,068 - short entry dict: [0.0, 64.05]
2023-08-25 09:44:59,072 - BANKNIFTY31AUG23C44900 candle closing price at time 2023-08-25 09:44:59.072813+05:30 is 60.6
2023-08-25 09:59:59,152 - BANKNIFTY31AUG23C44900 candle closing price at time 2023-08-25 09:59:59.152389+05:30 is 56.85
2023-08-25 10:14:59,215 - BANKNIFTY31AUG23C44900 candle closing price at time 2023-08-25 10:14:59.215882+05:30 is 55.8
2023-08-25 10:29:59,083 - BANKNIFTY31AUG23C44900 candle closing price at time 2023-08-25 10:29:59.082969+05:30 is 37.9
2023-08-25 10:44:59,104 - BANKNIFTY31AUG23C44900 candle closing price at time 2023-08-25 10:44:59.104059+05:30 is 36.4
2023-08-25 10:59:59,263 - BANKNIFTY31AUG23C44900 candle closing price at time 2023-08-25 10:59:59.263443+05:30 is 34.8
2023-08-25 11:14:59,234 - BANKNIFTY31AUG23C44900 candle closing price at time 2023-08-25 11:14:59.234501+05:30 is 36.75
2023-08-25 11:29:59,001 - BANKNIFTY31AUG23C44900 candle closing price at time 2023-08-25 11:29:59.000975+05:30 is 62.1
2023-08-25 11:44:59,183 - BANKNIFTY31AUG23C44900 candle closing price at time 2023-08-25 11:44:59.183033+05:30 is 57.15
2023-08-25 11:59:59,085 - BANKNIFTY31AUG23C44900 candle closing price at time 2023-08-25 11:59:59.085417+05:30 is 54.3
2023-08-25 12:14:59,047 - BANKNIFTY31AUG23C44900 candle closing price at time 2023-08-25 12:14:59.047651+05:30 is 52.45
2023-08-25 12:29:59,028 - BANKNIFTY31AUG23C44900 candle closing price at time 2023-08-25 12:29:59.027992+05:30 is 57.05
2023-08-25 12:44:59,244 - BANKNIFTY31AUG23C44900 candle closing price at time 2023-08-25 12:44:59.244483+05:30 is 63.5
2023-08-25 12:59:59,049 - BANKNIFTY31AUG23C44900 candle closing price at time 2023-08-25 12:59:59.049101+05:30 is 62.7
2023-08-25 13:14:59,261 - BANKNIFTY31AUG23C44900 candle closing price at time 2023-08-25 13:14:59.261189+05:30 is 55.3
2023-08-25 13:29:59,201 - BANKNIFTY31AUG23C44900 candle closing price at time 2023-08-25 13:29:59.201559+05:30 is 51.7
2023-08-25 13:44:59,204 - BANKNIFTY31AUG23C44900 candle closing price at time 2023-08-25 13:44:59.204142+05:30 is 56.9
2023-08-25 13:59:59,056 - BANKNIFTY31AUG23C44900 candle closing price at time 2023-08-25 13:59:59.056757+05:30 is 54.2
2023-08-25 14:14:59,191 - BANKNIFTY31AUG23C44900 candle closing price at time 2023-08-25 14:14:59.191230+05:30 is 50.3
2023-08-25 14:29:59,295 - BANKNIFTY31AUG23C44900 candle closing price at time 2023-08-25 14:29:59.295265+05:30 is 51.5
2023-08-25 14:44:59,005 - BANKNIFTY31AUG23C44900 candle closing price at time 2023-08-25 14:44:59.004871+05:30 is 46.4
2023-08-25 14:59:59,182 - BANKNIFTY31AUG23C44900 candle closing price at time 2023-08-25 14:59:59.182626+05:30 is 50.35
2023-08-25 15:14:59,059 - BANKNIFTY31AUG23C44900 candle closing price at time 2023-08-25 15:14:59.059763+05:30 is 48.8
2023-08-29 09:31:16,081 - BANKNIFTY31AUG23C44900 went long at price-62.8, time-9:31:16
2023-08-29 09:31:16,081 - long entry dict:[0.0, 62.8]
2023-08-29 09:31:16,081 - long exit dict:[0.0]
2023-08-29 09:31:16,081 - HEDGE-BANKNIFTY31AUG23C44900 went long at price-62.8, time-9:31:16
2023-08-29 11:28:33,081 - BANKNIFTY31AUG23C44900 went short at price-45.35, time-11:28:33
2023-08-29 11:28:33,082 - short entry dict: [0.0, 45.35]
2023-08-29 11:29:59,200 - BANKNIFTY31AUG23C44900 candle closing price at time 2023-08-29 11:29:59.200774+05:30 is 46.35
2023-08-29 11:44:59,004 - BANKNIFTY31AUG23C44900 candle closing price at time 2023-08-29 11:44:59.004772+05:30 is 50.85
2023-08-29 11:59:59,246 - BANKNIFTY31AUG23C44900 candle closing price at time 2023-08-29 11:59:59.246767+05:30 is 48.7
2023-08-29 12:14:59,096 - BANKNIFTY31AUG23C44900 candle closing price at time 2023-08-29 12:14:59.096828+05:30 is 48.9
2023-08-29 12:29:59,236 - BANKNIFTY31AUG23C44900 candle closing price at time 2023-08-29 12:29:59.236134+05:30 is 50.35
2023-08-29 12:44:59,144 - BANKNIFTY31AUG23C44900 candle closing price at time 2023-08-29 12:44:59.144866+05:30 is 47.75
2023-08-29 12:59:59,007 - BANKNIFTY31AUG23C44900 candle closing price at time 2023-08-29 12:59:59.007199+05:30 is 47.95
2023-08-29 13:14:59,205 - BANKNIFTY31AUG23C44900 candle closing price at time 2023-08-29 13:14:59.205221+05:30 is 46.25
2023-08-29 13:29:59,020 - BANKNIFTY31AUG23C44900 candle closing price at time 2023-08-29 13:29:59.020351+05:30 is 45.7
2023-08-29 13:44:59,211 - BANKNIFTY31AUG23C44900 candle closing price at time 2023-08-29 13:44:59.211889+05:30 is 43.1
2023-08-29 13:59:59,300 - BANKNIFTY31AUG23C44900 candle closing price at time 2023-08-29 13:59:59.300247+05:30 is 40.6
2023-08-29 14:14:59,217 - BANKNIFTY31AUG23C44900 candle closing price at time 2023-08-29 14:14:59.216874+05:30 is 40.35
2023-08-29 14:29:59,191 - BANKNIFTY31AUG23C44900 candle closing price at time 2023-08-29 14:29:59.191388+05:30 is 34.2
2023-08-29 14:44:59,051 - BANKNIFTY31AUG23C44900 candle closing price at time 2023-08-29 14:44:59.051594+05:30 is 34.65
2023-08-29 14:59:59,234 - BANKNIFTY31AUG23C44900 candle closing price at time 2023-08-29 14:59:59.234113+05:30 is 31.45
2023-08-29 15:14:59,121 - BANKNIFTY31AUG23C44900 candle closing price at time 2023-08-29 15:14:59.121420+05:30 is 34.25
2023-08-30 10:11:28,289 - BANKNIFTY31AUG23C44900 went short at price-56.8, time-10:11:28
2023-08-30 10:11:28,289 - short entry dict: [0.0, 56.8]
2023-08-30 10:14:59,253 - BANKNIFTY31AUG23C44900 candle closing price at time 2023-08-30 10:14:59.253155+05:30 is 56.75
2023-08-30 10:29:59,024 - BANKNIFTY31AUG23C44900 candle closing price at time 2023-08-30 10:29:59.024707+05:30 is 41.2
2023-08-30 10:44:59,150 - BANKNIFTY31AUG23C44900 candle closing price at time 2023-08-30 10:44:59.149900+05:30 is 45.75
2023-08-30 10:59:59,113 - BANKNIFTY31AUG23C44900 candle closing price at time 2023-08-30 10:59:59.113064+05:30 is 44.8
2023-08-30 11:14:59,118 - BANKNIFTY31AUG23C44900 candle closing price at time 2023-08-30 11:14:59.118679+05:30 is 43.55
2023-08-30 11:29:59,279 - BANKNIFTY31AUG23C44900 candle closing price at time 2023-08-30 11:29:59.279632+05:30 is 39.9
2023-08-30 11:44:59,197 - BANKNIFTY31AUG23C44900 candle closing price at time 2023-08-30 11:44:59.197837+05:30 is 38.9
2023-08-30 11:59:59,146 - BANKNIFTY31AUG23C44900 candle closing price at time 2023-08-30 11:59:59.146294+05:30 is 36.6
2023-08-30 12:14:59,126 - BANKNIFTY31AUG23C44900 candle closing price at time 2023-08-30 12:14:59.126410+05:30 is 38.85
2023-08-30 12:29:59,293 - BANKNIFTY31AUG23C44900 candle closing price at time 2023-08-30 12:29:59.293480+05:30 is 37.2
2023-08-30 12:44:59,063 - BANKNIFTY31AUG23C44900 candle closing price at time 2023-08-30 12:44:59.063126+05:30 is 32.65
2023-08-30 12:59:59,068 - BANKNIFTY31AUG23C44900 candle closing price at time 2023-08-30 12:59:59.068351+05:30 is 28.65
2023-08-30 13:14:59,120 - BANKNIFTY31AUG23C44900 candle closing price at time 2023-08-30 13:14:59.120153+05:30 is 32.0
2023-08-30 13:29:59,089 - BANKNIFTY31AUG23C44900 candle closing price at time 2023-08-30 13:29:59.089754+05:30 is 29.75
2023-08-30 13:44:59,010 - BANKNIFTY31AUG23C44900 candle closing price at time 2023-08-30 13:44:59.010336+05:30 is 25.35
2023-08-30 13:59:59,186 - BANKNIFTY31AUG23C44900 candle closing price at time 2023-08-30 13:59:59.186782+05:30 is 26.1
2023-08-30 14:14:59,023 - BANKNIFTY31AUG23C44900 candle closing price at time 2023-08-30 14:14:59.023247+05:30 is 20.65
2023-08-30 14:29:59,083 - BANKNIFTY31AUG23C44900 candle closing price at time 2023-08-30 14:29:59.083491+05:30 is 17.4
2023-08-30 14:44:59,112 - BANKNIFTY31AUG23C44900 candle closing price at time 2023-08-30 14:44:59.112194+05:30 is 13.5
2023-08-30 14:59:59,108 - BANKNIFTY31AUG23C44900 candle closing price at time 2023-08-30 14:59:59.108731+05:30 is 13.7
2023-08-30 15:14:59,110 - BANKNIFTY31AUG23C44900 candle closing price at time 2023-08-30 15:14:59.110824+05:30 is 9.35
