2023-09-07 09:31:12,896 - BANKNIFTY13SEP23P44200 went short at price-148.9, time-9:31:12
2023-09-07 09:31:12,896 - short entry dict: [0.0, 148.9]
2023-09-07 09:44:59,162 - BANKNIFTY13SEP23P44200 candle closing price at time 2023-09-07 09:44:59.162527+05:30 is 151.5
2023-09-07 09:59:59,093 - BANKNIFTY13SEP23P44200 candle closing price at time 2023-09-07 09:59:59.093480+05:30 is 124.6
2023-09-07 10:14:59,191 - BANKNIFTY13SEP23P44200 candle closing price at time 2023-09-07 10:14:59.191657+05:30 is 126.4
2023-09-07 10:29:59,001 - BANKNIFTY13SEP23P44200 candle closing price at time 2023-09-07 10:29:59.001555+05:30 is 127.35
2023-09-07 10:44:59,118 - BANKNIFTY13SEP23P44200 candle closing price at time 2023-09-07 10:44:59.117833+05:30 is 115.5
2023-09-07 10:59:59,289 - BANKNIFTY13SEP23P44200 candle closing price at time 2023-09-07 10:59:59.289454+05:30 is 114.0
2023-09-07 11:14:59,099 - BANKNIFTY13SEP23P44200 candle closing price at time 2023-09-07 11:14:59.099213+05:30 is 89.6
2023-09-07 11:29:59,234 - BANKNIFTY13SEP23P44200 candle closing price at time 2023-09-07 11:29:59.234060+05:30 is 93.0
2023-09-07 11:44:59,066 - BANKNIFTY13SEP23P44200 candle closing price at time 2023-09-07 11:44:59.066510+05:30 is 124.6
2023-09-07 11:59:59,265 - BANKNIFTY13SEP23P44200 candle closing price at time 2023-09-07 11:59:59.265285+05:30 is 113.0
2023-09-07 12:14:59,046 - BANKNIFTY13SEP23P44200 candle closing price at time 2023-09-07 12:14:59.046234+05:30 is 123.0
2023-09-07 12:28:46,960 - short entry dict: [0.0, 148.9]
2023-09-07 12:28:46,960 - short exit dict: [0.0, 138.4]
2023-09-07 12:28:46,960 - last entry was at : 148.9 and exit at: 138.4
2023-09-07 12:28:46,960 - short pnl booked until now:3150.0
2023-09-07 12:29:59,205 - BANKNIFTY13SEP23P44200 candle closing price at time 2023-09-07 12:29:59.205268+05:30 is 139.05
2023-09-07 12:44:58,004 - BANKNIFTY13SEP23P44200 went short at price-123.4, time-12:44:58
2023-09-07 12:44:58,005 - short entry dict: [0.0, 148.9, 123.4]
2023-09-07 12:44:59,209 - BANKNIFTY13SEP23P44200 candle closing price at time 2023-09-07 12:44:59.209416+05:30 is 123.65
2023-09-07 12:59:59,098 - BANKNIFTY13SEP23P44200 candle closing price at time 2023-09-07 12:59:59.098561+05:30 is 124.75
2023-09-07 13:14:59,110 - BANKNIFTY13SEP23P44200 candle closing price at time 2023-09-07 13:14:59.110545+05:30 is 113.9
2023-09-07 13:29:59,249 - BANKNIFTY13SEP23P44200 candle closing price at time 2023-09-07 13:29:59.249535+05:30 is 98.4
2023-09-07 13:44:59,235 - BANKNIFTY13SEP23P44200 candle closing price at time 2023-09-07 13:44:59.235041+05:30 is 92.75
2023-09-07 13:59:59,268 - BANKNIFTY13SEP23P44200 candle closing price at time 2023-09-07 13:59:59.268264+05:30 is 95.1
2023-09-07 14:14:59,144 - BANKNIFTY13SEP23P44200 candle closing price at time 2023-09-07 14:14:59.144051+05:30 is 81.1
2023-09-07 14:29:59,270 - BANKNIFTY13SEP23P44200 candle closing price at time 2023-09-07 14:29:59.269925+05:30 is 73.35
2023-09-07 14:44:59,215 - BANKNIFTY13SEP23P44200 candle closing price at time 2023-09-07 14:44:59.215032+05:30 is 64.05
2023-09-07 14:59:59,250 - BANKNIFTY13SEP23P44200 candle closing price at time 2023-09-07 14:59:59.250844+05:30 is 58.6
2023-09-07 15:14:59,208 - BANKNIFTY13SEP23P44200 candle closing price at time 2023-09-07 15:14:59.208867+05:30 is 60.15
