2023-09-08 09:31:15,868 - NIFTY14SEP23C19800 went short at price-90.05, time-9:31:15
2023-09-08 09:31:15,869 - short entry dict: [0.0, 90.05]
2023-09-08 09:31:21,876 - short entry dict: [0.0, 90.05]
2023-09-08 09:31:21,877 - short exit dict: [0.0, 89.6]
2023-09-08 09:31:21,877 - last entry was at : 90.05 and exit at: 89.6
2023-09-08 09:31:21,877 - short pnl booked until now:225.00000000000142
2023-09-08 09:44:58,005 - NIFTY14SEP23C19800 went short at price-83.2, time-9:44:58
2023-09-08 09:44:58,006 - short entry dict: [0.0, 90.05, 83.2]
2023-09-08 09:44:59,211 - NIFTY14SEP23C19800 candle closing price at time 2023-09-08 09:44:59.211103+05:30 is 83.8
2023-09-08 09:59:59,035 - NIFTY14SEP23C19800 candle closing price at time 2023-09-08 09:59:59.035596+05:30 is 79.8
2023-09-08 10:14:59,253 - NIFTY14SEP23C19800 candle closing price at time 2023-09-08 10:14:59.253816+05:30 is 80.55
2023-09-08 10:29:59,062 - NIFTY14SEP23C19800 candle closing price at time 2023-09-08 10:29:59.062188+05:30 is 65.5
2023-09-08 10:44:59,246 - NIFTY14SEP23C19800 candle closing price at time 2023-09-08 10:44:59.246641+05:30 is 64.05
2023-09-08 10:59:59,202 - NIFTY14SEP23C19800 candle closing price at time 2023-09-08 10:59:59.202959+05:30 is 68.0
2023-09-08 11:14:59,187 - NIFTY14SEP23C19800 candle closing price at time 2023-09-08 11:14:59.187707+05:30 is 65.95
2023-09-08 11:29:59,024 - NIFTY14SEP23C19800 candle closing price at time 2023-09-08 11:29:59.024829+05:30 is 78.6
2023-09-08 11:34:58,305 - short entry dict: [0.0, 90.05, 83.2]
2023-09-08 11:34:58,305 - short exit dict: [0.0, 89.6, 88.65]
2023-09-08 11:34:58,305 - last entry was at : 83.2 and exit at: 88.65
2023-09-08 11:34:58,305 - short pnl booked until now:-2500.0
2023-09-08 11:44:59,209 - NIFTY14SEP23C19800 candle closing price at time 2023-09-08 11:44:59.209187+05:30 is 102.6
2023-09-08 11:59:59,271 - NIFTY14SEP23C19800 candle closing price at time 2023-09-08 11:59:59.271861+05:30 is 110.8
2023-09-08 12:14:59,170 - NIFTY14SEP23C19800 candle closing price at time 2023-09-08 12:14:59.170695+05:30 is 109.05
2023-09-08 12:29:59,227 - NIFTY14SEP23C19800 candle closing price at time 2023-09-08 12:29:59.227206+05:30 is 103.3
2023-09-08 12:44:59,162 - NIFTY14SEP23C19800 candle closing price at time 2023-09-08 12:44:59.162226+05:30 is 118.0
2023-09-08 12:59:59,138 - NIFTY14SEP23C19800 candle closing price at time 2023-09-08 12:59:59.138285+05:30 is 108.1
2023-09-08 13:14:59,098 - NIFTY14SEP23C19800 candle closing price at time 2023-09-08 13:14:59.098199+05:30 is 100.95
2023-09-08 13:29:59,082 - NIFTY14SEP23C19800 candle closing price at time 2023-09-08 13:29:59.082035+05:30 is 105.75
2023-09-08 13:44:59,132 - NIFTY14SEP23C19800 candle closing price at time 2023-09-08 13:44:59.132799+05:30 is 111.4
2023-09-08 13:59:59,109 - NIFTY14SEP23C19800 candle closing price at time 2023-09-08 13:59:59.109150+05:30 is 109.3
2023-09-08 14:14:59,266 - NIFTY14SEP23C19800 candle closing price at time 2023-09-08 14:14:59.266569+05:30 is 119.7
2023-09-08 14:29:59,032 - NIFTY14SEP23C19800 candle closing price at time 2023-09-08 14:29:59.032375+05:30 is 129.5
2023-09-08 14:44:59,061 - NIFTY14SEP23C19800 candle closing price at time 2023-09-08 14:44:59.061290+05:30 is 100.85
2023-09-08 14:59:59,194 - NIFTY14SEP23C19800 candle closing price at time 2023-09-08 14:59:59.194829+05:30 is 106.7
2023-09-08 15:14:59,014 - NIFTY14SEP23C19800 candle closing price at time 2023-09-08 15:14:59.014215+05:30 is 100.15
