2023-08-18 09:31:20,237 - BANKNIFTY24AUG23P43900 went short at price-248.9, time-9:31:20
2023-08-18 09:31:20,237 - short entry dict: [0.0, 248.9]
2023-08-18 09:38:21,322 - short entry dict: [0.0, 248.9]
2023-08-18 09:38:21,323 - short exit dict: [0.0, 264.8]
2023-08-18 09:38:21,323 - last entry was at : 248.9 and exit at: 264.8
2023-08-18 09:38:21,323 - short pnl booked until now:-4770.000000000002
2023-08-18 09:44:59,208 - BANKNIFTY24AUG23P43900 candle closing price at time 2023-08-18 09:44:59.207963+05:30 is 264.0
2023-08-18 09:59:59,216 - BANKNIFTY24AUG23P43900 candle closing price at time 2023-08-18 09:59:59.216185+05:30 is 277.55
2023-08-18 10:14:59,229 - BANKNIFTY24AUG23P43900 candle closing price at time 2023-08-18 10:14:59.229398+05:30 is 267.4
2023-08-18 10:29:58,006 - BANKNIFTY24AUG23P43900 went short at price-245.6, time-10:29:58
2023-08-18 10:29:58,006 - short entry dict: [0.0, 248.9, 245.6]
2023-08-18 10:29:59,211 - BANKNIFTY24AUG23P43900 candle closing price at time 2023-08-18 10:29:59.211513+05:30 is 245.55
2023-08-18 10:44:59,076 - BANKNIFTY24AUG23P43900 candle closing price at time 2023-08-18 10:44:59.076145+05:30 is 251.15
2023-08-18 10:59:59,261 - BANKNIFTY24AUG23P43900 candle closing price at time 2023-08-18 10:59:59.261588+05:30 is 246.65
2023-08-18 11:14:59,108 - BANKNIFTY24AUG23P43900 candle closing price at time 2023-08-18 11:14:59.108331+05:30 is 244.75
2023-08-18 11:29:59,236 - BANKNIFTY24AUG23P43900 candle closing price at time 2023-08-18 11:29:59.236088+05:30 is 243.1
2023-08-18 11:44:59,147 - BANKNIFTY24AUG23P43900 candle closing price at time 2023-08-18 11:44:59.147825+05:30 is 242.1
2023-08-18 11:59:59,104 - BANKNIFTY24AUG23P43900 candle closing price at time 2023-08-18 11:59:59.103971+05:30 is 253.25
2023-08-18 12:14:59,091 - BANKNIFTY24AUG23P43900 candle closing price at time 2023-08-18 12:14:59.091035+05:30 is 250.65
2023-08-18 12:15:18,561 - short entry dict: [0.0, 248.9, 245.6]
2023-08-18 12:15:18,562 - short exit dict: [0.0, 264.8, 262.25]
2023-08-18 12:15:18,562 - last entry was at : 245.6 and exit at: 262.25
2023-08-18 12:15:18,562 - short pnl booked until now:-9765.000000000004
2023-08-18 12:29:59,213 - BANKNIFTY24AUG23P43900 candle closing price at time 2023-08-18 12:29:59.213431+05:30 is 265.95
2023-08-18 12:44:59,208 - BANKNIFTY24AUG23P43900 candle closing price at time 2023-08-18 12:44:59.207946+05:30 is 259.0
2023-08-18 12:59:59,206 - BANKNIFTY24AUG23P43900 candle closing price at time 2023-08-18 12:59:59.205935+05:30 is 260.1
2023-08-18 13:14:59,224 - BANKNIFTY24AUG23P43900 candle closing price at time 2023-08-18 13:14:59.223857+05:30 is 281.6
2023-08-18 13:29:59,301 - BANKNIFTY24AUG23P43900 candle closing price at time 2023-08-18 13:29:59.301564+05:30 is 283.85
2023-08-18 13:44:59,117 - BANKNIFTY24AUG23P43900 candle closing price at time 2023-08-18 13:44:59.117395+05:30 is 277.6
2023-08-18 13:59:59,036 - BANKNIFTY24AUG23P43900 candle closing price at time 2023-08-18 13:59:59.035964+05:30 is 274.5
2023-08-18 14:14:58,001 - BANKNIFTY24AUG23P43900 went short at price-242.3, time-14:14:58
2023-08-18 14:14:58,002 - short entry dict: [0.0, 248.9, 245.6, 242.3]
2023-08-18 14:14:59,207 - BANKNIFTY24AUG23P43900 candle closing price at time 2023-08-18 14:14:59.207569+05:30 is 243.65
2023-08-18 14:29:59,203 - BANKNIFTY24AUG23P43900 candle closing price at time 2023-08-18 14:29:59.203248+05:30 is 221.2
2023-08-18 14:44:59,217 - BANKNIFTY24AUG23P43900 candle closing price at time 2023-08-18 14:44:59.217698+05:30 is 224.0
2023-08-18 14:59:59,259 - BANKNIFTY24AUG23P43900 candle closing price at time 2023-08-18 14:59:59.259147+05:30 is 227.25
2023-08-18 15:14:59,073 - BANKNIFTY24AUG23P43900 candle closing price at time 2023-08-18 15:14:59.073125+05:30 is 245.3
2023-08-21 09:31:19,356 - BANKNIFTY24AUG23P43900 went short at price-206.65, time-9:31:19
2023-08-21 09:31:19,356 - short entry dict: [0.0, 206.65]
2023-08-21 09:44:59,103 - BANKNIFTY24AUG23P43900 candle closing price at time 2023-08-21 09:44:59.103685+05:30 is 201.95
2023-08-21 09:59:59,120 - BANKNIFTY24AUG23P43900 candle closing price at time 2023-08-21 09:59:59.120403+05:30 is 230.0
2023-08-21 10:14:59,301 - BANKNIFTY24AUG23P43900 candle closing price at time 2023-08-21 10:14:59.301194+05:30 is 228.45
2023-08-21 10:29:59,217 - BANKNIFTY24AUG23P43900 candle closing price at time 2023-08-21 10:29:59.217386+05:30 is 186.1
2023-08-21 10:44:59,170 - BANKNIFTY24AUG23P43900 candle closing price at time 2023-08-21 10:44:59.170227+05:30 is 178.15
2023-08-21 10:59:59,061 - BANKNIFTY24AUG23P43900 candle closing price at time 2023-08-21 10:59:59.061175+05:30 is 183.05
2023-08-21 11:14:59,004 - BANKNIFTY24AUG23P43900 candle closing price at time 2023-08-21 11:14:59.004837+05:30 is 160.0
2023-08-21 11:29:59,020 - BANKNIFTY24AUG23P43900 candle closing price at time 2023-08-21 11:29:59.020191+05:30 is 169.5
2023-08-21 11:44:59,247 - BANKNIFTY24AUG23P43900 candle closing price at time 2023-08-21 11:44:59.247617+05:30 is 163.7
2023-08-21 11:59:59,250 - BANKNIFTY24AUG23P43900 candle closing price at time 2023-08-21 11:59:59.250767+05:30 is 159.25
2023-08-21 12:14:59,089 - BANKNIFTY24AUG23P43900 candle closing price at time 2023-08-21 12:14:59.089844+05:30 is 153.9
2023-08-21 12:29:59,074 - BANKNIFTY24AUG23P43900 candle closing price at time 2023-08-21 12:29:59.074411+05:30 is 146.55
2023-08-21 12:44:59,144 - BANKNIFTY24AUG23P43900 candle closing price at time 2023-08-21 12:44:59.143846+05:30 is 135.6
2023-08-21 12:59:59,105 - BANKNIFTY24AUG23P43900 candle closing price at time 2023-08-21 12:59:59.105529+05:30 is 135.0
2023-08-21 13:14:59,165 - BANKNIFTY24AUG23P43900 candle closing price at time 2023-08-21 13:14:59.165257+05:30 is 125.65
2023-08-21 13:29:59,157 - BANKNIFTY24AUG23P43900 candle closing price at time 2023-08-21 13:29:59.157265+05:30 is 123.8
2023-08-21 13:44:59,258 - BANKNIFTY24AUG23P43900 candle closing price at time 2023-08-21 13:44:59.258280+05:30 is 130.55
2023-08-21 13:59:59,066 - BANKNIFTY24AUG23P43900 candle closing price at time 2023-08-21 13:59:59.066668+05:30 is 129.25
2023-08-21 14:14:59,204 - BANKNIFTY24AUG23P43900 candle closing price at time 2023-08-21 14:14:59.204193+05:30 is 138.1
2023-08-21 14:29:59,204 - BANKNIFTY24AUG23P43900 candle closing price at time 2023-08-21 14:29:59.204526+05:30 is 127.65
2023-08-21 14:44:59,185 - BANKNIFTY24AUG23P43900 candle closing price at time 2023-08-21 14:44:59.185501+05:30 is 122.4
2023-08-21 14:59:59,237 - BANKNIFTY24AUG23P43900 candle closing price at time 2023-08-21 14:59:59.237629+05:30 is 114.8
2023-08-21 15:14:59,225 - BANKNIFTY24AUG23P43900 candle closing price at time 2023-08-21 15:14:59.225094+05:30 is 134.25
2023-08-22 09:31:20,589 - BANKNIFTY24AUG23P43900 went short at price-102.15, time-9:31:20
2023-08-22 09:31:20,589 - short entry dict: [0.0, 102.15]
2023-08-22 09:44:59,277 - BANKNIFTY24AUG23P43900 candle closing price at time 2023-08-22 09:44:59.277098+05:30 is 98.9
2023-08-22 09:55:38,118 - short entry dict: [0.0, 102.15]
2023-08-22 09:55:38,118 - short exit dict: [0.0, 123.15]
2023-08-22 09:55:38,118 - last entry was at : 102.15 and exit at: 123.15
2023-08-22 09:55:38,118 - short pnl booked until now:-6300.0
2023-08-22 09:59:58,004 - BANKNIFTY24AUG23P43900 went short at price-117.35, time-9:59:58
2023-08-22 09:59:58,004 - short entry dict: [0.0, 102.15, 117.35]
2023-08-22 09:59:59,210 - BANKNIFTY24AUG23P43900 candle closing price at time 2023-08-22 09:59:59.210038+05:30 is 118.1
2023-08-22 10:14:59,219 - BANKNIFTY24AUG23P43900 candle closing price at time 2023-08-22 10:14:59.219354+05:30 is 106.65
2023-08-22 10:29:59,178 - BANKNIFTY24AUG23P43900 candle closing price at time 2023-08-22 10:29:59.178535+05:30 is 98.2
2023-08-22 10:44:59,097 - BANKNIFTY24AUG23P43900 candle closing price at time 2023-08-22 10:44:59.096920+05:30 is 93.7
2023-08-22 10:59:59,059 - BANKNIFTY24AUG23P43900 candle closing price at time 2023-08-22 10:59:59.059748+05:30 is 100.9
2023-08-22 11:14:59,251 - BANKNIFTY24AUG23P43900 candle closing price at time 2023-08-22 11:14:59.251907+05:30 is 100.1
2023-08-22 11:29:59,177 - BANKNIFTY24AUG23P43900 candle closing price at time 2023-08-22 11:29:59.177769+05:30 is 100.2
2023-08-22 11:44:59,170 - BANKNIFTY24AUG23P43900 candle closing price at time 2023-08-22 11:44:59.170699+05:30 is 98.05
2023-08-22 11:59:59,155 - BANKNIFTY24AUG23P43900 candle closing price at time 2023-08-22 11:59:59.155101+05:30 is 98.8
2023-08-22 12:14:59,043 - BANKNIFTY24AUG23P43900 candle closing price at time 2023-08-22 12:14:59.043434+05:30 is 97.0
2023-08-22 12:29:59,083 - BANKNIFTY24AUG23P43900 candle closing price at time 2023-08-22 12:29:59.083702+05:30 is 108.15
2023-08-22 12:44:59,134 - BANKNIFTY24AUG23P43900 candle closing price at time 2023-08-22 12:44:59.134808+05:30 is 97.75
2023-08-22 12:59:59,211 - BANKNIFTY24AUG23P43900 candle closing price at time 2023-08-22 12:59:59.211433+05:30 is 90.5
2023-08-22 13:14:59,127 - BANKNIFTY24AUG23P43900 candle closing price at time 2023-08-22 13:14:59.127816+05:30 is 90.7
2023-08-22 13:29:59,225 - BANKNIFTY24AUG23P43900 candle closing price at time 2023-08-22 13:29:59.224969+05:30 is 86.15
2023-08-22 13:44:59,117 - BANKNIFTY24AUG23P43900 candle closing price at time 2023-08-22 13:44:59.117122+05:30 is 89.4
2023-08-22 13:59:59,037 - BANKNIFTY24AUG23P43900 candle closing price at time 2023-08-22 13:59:59.037510+05:30 is 96.45
2023-08-22 14:14:59,046 - BANKNIFTY24AUG23P43900 candle closing price at time 2023-08-22 14:14:59.046214+05:30 is 93.5
2023-08-22 14:29:59,229 - BANKNIFTY24AUG23P43900 candle closing price at time 2023-08-22 14:29:59.229220+05:30 is 98.0
2023-08-22 14:44:59,208 - BANKNIFTY24AUG23P43900 candle closing price at time 2023-08-22 14:44:59.208514+05:30 is 102.4
2023-08-22 14:51:08,698 - short entry dict: [0.0, 102.15, 117.35]
2023-08-22 14:51:08,698 - short exit dict: [0.0, 123.15, 110.65]
2023-08-22 14:51:08,698 - last entry was at : 117.35 and exit at: 110.65
2023-08-22 14:51:08,699 - short pnl booked until now:-4290.000000000004
2023-08-22 14:59:58,010 - BANKNIFTY24AUG23P43900 went short at price-101.1, time-14:59:58
2023-08-22 14:59:58,011 - short entry dict: [0.0, 102.15, 117.35, 101.1]
2023-08-22 14:59:59,216 - BANKNIFTY24AUG23P43900 candle closing price at time 2023-08-22 14:59:59.215956+05:30 is 100.55
2023-08-22 15:00:09,637 - short entry dict: [0.0, 102.15, 117.35, 101.1]
2023-08-22 15:00:09,638 - short exit dict: [0.0, 123.15, 110.65, 106.65]
2023-08-22 15:00:09,638 - last entry was at : 101.1 and exit at: 106.65
2023-08-22 15:00:09,638 - short pnl booked until now:-5955.000000000007
2023-08-22 15:14:58,001 - BANKNIFTY24AUG23P43900 went short at price-103.95, time-15:14:58
2023-08-22 15:14:58,001 - short entry dict: [0.0, 102.15, 117.35, 101.1, 103.95]
2023-08-22 15:14:59,207 - BANKNIFTY24AUG23P43900 candle closing price at time 2023-08-22 15:14:59.207143+05:30 is 103.85
2023-08-22 15:15:08,725 - short entry dict: [0.0, 102.15, 117.35, 101.1, 103.95]
2023-08-22 15:15:08,726 - short exit dict: [0.0, 123.15, 110.65, 106.65, 106.5]
2023-08-22 15:15:08,726 - last entry was at : 103.95 and exit at: 106.5
2023-08-22 15:15:08,726 - short pnl booked until now:-6720.000000000006
2023-08-23 09:31:12,244 - BANKNIFTY24AUG23P43900 went long at price-94.0, time-9:31:12
2023-08-23 09:31:12,245 - long entry dict:[0.0, 94.0]
2023-08-23 09:31:12,245 - long exit dict:[0.0]
2023-08-23 09:31:12,246 - HEDGE-BANKNIFTY24AUG23P43900 went long at price-94.0, time-9:31:12
2023-08-24 09:31:17,137 - BANKNIFTY24AUG23P43900 went long at price-4.55, time-9:31:17
2023-08-24 09:31:17,138 - long entry dict:[0.0, 4.55]
2023-08-24 09:31:17,138 - long exit dict:[0.0]
2023-08-24 09:31:17,138 - HEDGE-BANKNIFTY24AUG23P43900 went long at price-4.55, time-9:31:17
