2023-09-04 09:31:11,048 - BANKNIFTY06SEP23C45100 went long at price-33.85, time-9:31:11
2023-09-04 09:31:11,049 - long entry dict:[0.0, 33.85]
2023-09-04 09:31:11,050 - long exit dict:[0.0]
2023-09-04 09:31:11,054 - HEDGE-BANKNIFTY06SEP23C45100 went long at price-33.85, time-9:31:11
2023-09-05 10:55:12,787 - BANKNIFTY06SEP23C45100 went long at price-14.1, time-10:55:12
2023-09-05 10:55:12,789 - long entry dict:[0.0, 14.1]
2023-09-05 10:55:12,790 - long exit dict:[0.0]
2023-09-05 10:55:12,791 - HEDGE-BANKNIFTY06SEP23C45100 went long at price-14.1, time-10:55:12
2023-09-06 10:05:20,889 - BANKNIFTY06SEP23C45100 went short at price-2.7, time-10:5:20
2023-09-06 10:05:20,889 - short entry dict: [0.0, 2.7]
2023-09-06 10:14:59,008 - BANKNIFTY06SEP23C45100 candle closing price at time 2023-09-06 10:14:59.008413+05:30 is 2.4
2023-09-06 10:29:59,164 - BANKNIFTY06SEP23C45100 candle closing price at time 2023-09-06 10:29:59.164550+05:30 is 2.25
2023-09-06 10:44:59,048 - BANKNIFTY06SEP23C45100 candle closing price at time 2023-09-06 10:44:59.048147+05:30 is 2.55
2023-09-06 10:59:59,155 - BANKNIFTY06SEP23C45100 candle closing price at time 2023-09-06 10:59:59.155286+05:30 is 2.45
2023-09-06 11:14:59,084 - BANKNIFTY06SEP23C45100 candle closing price at time 2023-09-06 11:14:59.084007+05:30 is 2.55
2023-09-06 11:29:59,179 - BANKNIFTY06SEP23C45100 candle closing price at time 2023-09-06 11:29:59.179278+05:30 is 2.4
2023-09-06 11:44:59,053 - BANKNIFTY06SEP23C45100 candle closing price at time 2023-09-06 11:44:59.052941+05:30 is 2.85
2023-09-06 11:59:59,285 - BANKNIFTY06SEP23C45100 candle closing price at time 2023-09-06 11:59:59.285127+05:30 is 2.9
2023-09-06 12:14:59,153 - BANKNIFTY06SEP23C45100 candle closing price at time 2023-09-06 12:14:59.153094+05:30 is 2.85
2023-09-06 12:29:59,142 - BANKNIFTY06SEP23C45100 candle closing price at time 2023-09-06 12:29:59.142442+05:30 is 2.45
2023-09-06 12:44:59,153 - BANKNIFTY06SEP23C45100 candle closing price at time 2023-09-06 12:44:59.153334+05:30 is 2.8
2023-09-06 12:59:59,194 - BANKNIFTY06SEP23C45100 candle closing price at time 2023-09-06 12:59:59.194216+05:30 is 2.0
2023-09-06 13:14:59,268 - BANKNIFTY06SEP23C45100 candle closing price at time 2023-09-06 13:14:59.268008+05:30 is 2.1
2023-09-06 13:29:59,147 - BANKNIFTY06SEP23C45100 candle closing price at time 2023-09-06 13:29:59.147215+05:30 is 1.7
2023-09-06 13:44:59,120 - BANKNIFTY06SEP23C45100 candle closing price at time 2023-09-06 13:44:59.120626+05:30 is 1.25
2023-09-06 13:59:59,138 - BANKNIFTY06SEP23C45100 candle closing price at time 2023-09-06 13:59:59.138166+05:30 is 0.9
2023-09-06 14:14:59,284 - BANKNIFTY06SEP23C45100 candle closing price at time 2023-09-06 14:14:59.284512+05:30 is 0.95
2023-09-06 14:29:59,246 - BANKNIFTY06SEP23C45100 candle closing price at time 2023-09-06 14:29:59.246483+05:30 is 0.8
2023-09-06 14:44:59,182 - BANKNIFTY06SEP23C45100 candle closing price at time 2023-09-06 14:44:59.182666+05:30 is 0.3
2023-09-06 14:59:59,104 - BANKNIFTY06SEP23C45100 candle closing price at time 2023-09-06 14:59:59.104437+05:30 is 0.25
2023-09-06 15:14:59,092 - BANKNIFTY06SEP23C45100 candle closing price at time 2023-09-06 15:14:59.092811+05:30 is 0.15
