2023-09-07 09:31:12,876 - BANKNIFTY13SEP23C44400 went short at price-253.55, time-9:31:12
2023-09-07 09:31:12,876 - short entry dict: [0.0, 253.55]
2023-09-07 09:44:59,262 - BANKNIFTY13SEP23C44400 candle closing price at time 2023-09-07 09:44:59.262678+05:30 is 254.45
2023-09-07 09:53:41,037 - short entry dict: [0.0, 253.55]
2023-09-07 09:53:41,038 - short exit dict: [0.0, 300.05]
2023-09-07 09:53:41,038 - last entry was at : 253.55 and exit at: 300.05
2023-09-07 09:53:41,038 - short pnl booked until now:-13950.0
2023-09-07 09:59:59,209 - BANKNIFTY13SEP23C44400 candle closing price at time 2023-09-07 09:59:59.209417+05:30 is 317.3
2023-09-07 10:14:59,207 - BANKNIFTY13SEP23C44400 candle closing price at time 2023-09-07 10:14:59.207108+05:30 is 308.95
2023-09-07 10:29:58,002 - BANKNIFTY13SEP23C44400 went short at price-300.45, time-10:29:58
2023-09-07 10:29:58,003 - short entry dict: [0.0, 253.55, 300.45]
2023-09-07 10:30:04,910 - short entry dict: [0.0, 253.55, 300.45]
2023-09-07 10:30:04,910 - short exit dict: [0.0, 300.05, 301.45]
2023-09-07 10:30:04,910 - last entry was at : 300.45 and exit at: 301.45
2023-09-07 10:30:04,911 - short pnl booked until now:-14250.0
2023-09-07 10:44:59,208 - BANKNIFTY13SEP23C44400 candle closing price at time 2023-09-07 10:44:59.208468+05:30 is 327.8
2023-09-07 10:59:59,205 - BANKNIFTY13SEP23C44400 candle closing price at time 2023-09-07 10:59:59.204992+05:30 is 338.3
2023-09-07 11:14:59,151 - BANKNIFTY13SEP23C44400 candle closing price at time 2023-09-07 11:14:59.151014+05:30 is 449.5
2023-09-07 11:29:59,295 - BANKNIFTY13SEP23C44400 candle closing price at time 2023-09-07 11:29:59.295125+05:30 is 412.3
2023-09-07 11:44:58,001 - BANKNIFTY13SEP23C44400 went short at price-307.25, time-11:44:58
2023-09-07 11:44:58,002 - short entry dict: [0.0, 253.55, 300.45, 307.25]
2023-09-07 11:44:59,207 - BANKNIFTY13SEP23C44400 candle closing price at time 2023-09-07 11:44:59.207469+05:30 is 306.5
2023-09-07 11:59:17,025 - short entry dict: [0.0, 253.55, 300.45, 307.25]
2023-09-07 11:59:17,026 - short exit dict: [0.0, 300.05, 301.45, 322.75]
2023-09-07 11:59:17,026 - last entry was at : 307.25 and exit at: 322.75
2023-09-07 11:59:17,026 - short pnl booked until now:-18900.0
2023-09-07 11:59:59,204 - BANKNIFTY13SEP23C44400 candle closing price at time 2023-09-07 11:59:59.204866+05:30 is 322.75
2023-09-07 12:14:58,000 - BANKNIFTY13SEP23C44400 went short at price-303.1, time-12:14:58
2023-09-07 12:14:58,001 - short entry dict: [0.0, 253.55, 300.45, 307.25, 303.1]
2023-09-07 12:14:59,204 - BANKNIFTY13SEP23C44400 candle closing price at time 2023-09-07 12:14:59.204906+05:30 is 302.9
2023-09-07 12:29:59,218 - BANKNIFTY13SEP23C44400 candle closing price at time 2023-09-07 12:29:59.218154+05:30 is 271.75
2023-09-07 12:44:59,050 - BANKNIFTY13SEP23C44400 candle closing price at time 2023-09-07 12:44:59.050382+05:30 is 289.5
2023-09-07 12:49:07,285 - short entry dict: [0.0, 253.55, 300.45, 307.25, 303.1]
2023-09-07 12:49:07,286 - short exit dict: [0.0, 300.05, 301.45, 322.75, 315.15]
2023-09-07 12:49:07,286 - last entry was at : 303.1 and exit at: 315.15
2023-09-07 12:49:07,286 - short pnl booked until now:-22514.999999999985
2023-09-07 12:59:58,001 - BANKNIFTY13SEP23C44400 went short at price-284.55, time-12:59:58
2023-09-07 12:59:58,002 - short entry dict: [0.0, 253.55, 300.45, 307.25, 303.1, 284.55]
2023-09-07 12:59:59,207 - BANKNIFTY13SEP23C44400 candle closing price at time 2023-09-07 12:59:59.207490+05:30 is 284.05
2023-09-07 13:14:59,126 - BANKNIFTY13SEP23C44400 candle closing price at time 2023-09-07 13:14:59.126308+05:30 is 300.2
2023-09-07 13:17:48,177 - short entry dict: [0.0, 253.55, 300.45, 307.25, 303.1, 284.55]
2023-09-07 13:17:48,177 - short exit dict: [0.0, 300.05, 301.45, 322.75, 315.15, 312.8]
2023-09-07 13:17:48,177 - last entry was at : 284.55 and exit at: 312.8
2023-09-07 13:17:48,178 - short pnl booked until now:-30989.999999999985
2023-09-07 13:29:59,213 - BANKNIFTY13SEP23C44400 candle closing price at time 2023-09-07 13:29:59.213460+05:30 is 338.85
2023-09-07 13:44:59,244 - BANKNIFTY13SEP23C44400 candle closing price at time 2023-09-07 13:44:59.244132+05:30 is 359.4
2023-09-07 13:59:59,201 - BANKNIFTY13SEP23C44400 candle closing price at time 2023-09-07 13:59:59.201486+05:30 is 350.0
2023-09-07 14:14:59,269 - BANKNIFTY13SEP23C44400 candle closing price at time 2023-09-07 14:14:59.269303+05:30 is 405.85
2023-09-07 14:29:59,031 - BANKNIFTY13SEP23C44400 candle closing price at time 2023-09-07 14:29:59.031773+05:30 is 453.45
2023-09-07 14:44:59,232 - BANKNIFTY13SEP23C44400 candle closing price at time 2023-09-07 14:44:59.232114+05:30 is 592.55
2023-09-07 14:59:59,221 - BANKNIFTY13SEP23C44400 candle closing price at time 2023-09-07 14:59:59.221527+05:30 is 608.85
2023-09-07 15:14:59,112 - BANKNIFTY13SEP23C44400 candle closing price at time 2023-09-07 15:14:59.112605+05:30 is 572.55
