2023-09-04 09:31:11,053 - BANKNIFTY06SEP23P44500 went long at price-173.5, time-9:31:11
2023-09-04 09:31:11,053 - long entry dict:[0.0, 173.5]
2023-09-04 09:31:11,055 - long exit dict:[0.0]
2023-09-04 09:31:11,056 - HEDGE-BANKNIFTY06SEP23P44500 went long at price-173.5, time-9:31:11
2023-09-05 10:55:12,787 - BANKNIFTY06SEP23P44500 went long at price-123.4, time-10:55:12
2023-09-05 10:55:12,788 - long entry dict:[0.0, 123.4]
2023-09-05 10:55:12,789 - long exit dict:[0.0]
2023-09-05 10:55:12,790 - HEDGE-BANKNIFTY06SEP23P44500 went long at price-123.4, time-10:55:12
2023-09-06 10:05:20,813 - BANKNIFTY06SEP23P44500 went short at price-124.0, time-10:5:20
2023-09-06 10:05:20,814 - short entry dict: [0.0, 124.0]
2023-09-06 10:05:55,669 - short entry dict: [0.0, 124.0]
2023-09-06 10:05:55,669 - short exit dict: [0.0, 122.75]
2023-09-06 10:05:55,669 - last entry was at : 124.0 and exit at: 122.75
2023-09-06 10:05:55,670 - short pnl booked until now:375.0
2023-09-06 10:14:59,216 - BANKNIFTY06SEP23P44500 candle closing price at time 2023-09-06 10:14:59.216768+05:30 is 126.1
2023-09-06 10:29:58,000 - BANKNIFTY06SEP23P44500 went short at price-116.9, time-10:29:58
2023-09-06 10:29:58,000 - short entry dict: [0.0, 124.0, 116.9]
2023-09-06 10:29:59,204 - BANKNIFTY06SEP23P44500 candle closing price at time 2023-09-06 10:29:59.204450+05:30 is 117.45
2023-09-06 10:44:59,023 - BANKNIFTY06SEP23P44500 candle closing price at time 2023-09-06 10:44:59.023554+05:30 is 85.15
2023-09-06 10:59:59,058 - BANKNIFTY06SEP23P44500 candle closing price at time 2023-09-06 10:59:59.058752+05:30 is 102.6
2023-09-06 11:12:44,281 - short entry dict: [0.0, 124.0, 116.9]
2023-09-06 11:12:44,282 - short exit dict: [0.0, 122.75, 117.0]
2023-09-06 11:12:44,282 - last entry was at : 116.9 and exit at: 117.0
2023-09-06 11:12:44,282 - short pnl booked until now:345.0000000000017
2023-09-06 11:14:58,000 - BANKNIFTY06SEP23P44500 went short at price-114.45, time-11:14:58
2023-09-06 11:14:58,000 - short entry dict: [0.0, 124.0, 116.9, 114.45]
2023-09-06 11:14:59,204 - BANKNIFTY06SEP23P44500 candle closing price at time 2023-09-06 11:14:59.204477+05:30 is 114.45
2023-09-06 11:16:00,211 - short entry dict: [0.0, 124.0, 116.9, 114.45]
2023-09-06 11:16:00,211 - short exit dict: [0.0, 122.75, 117.0, 120.3]
2023-09-06 11:16:00,211 - last entry was at : 114.45 and exit at: 120.3
2023-09-06 11:16:00,212 - short pnl booked until now:-1409.9999999999964
2023-09-06 11:29:59,203 - BANKNIFTY06SEP23P44500 candle closing price at time 2023-09-06 11:29:59.203118+05:30 is 154.85
2023-09-06 11:44:59,073 - BANKNIFTY06SEP23P44500 candle closing price at time 2023-09-06 11:44:59.073507+05:30 is 200.85
2023-09-06 11:59:59,284 - BANKNIFTY06SEP23P44500 candle closing price at time 2023-09-06 11:59:59.284924+05:30 is 205.0
2023-09-06 12:14:59,009 - BANKNIFTY06SEP23P44500 candle closing price at time 2023-09-06 12:14:59.009300+05:30 is 188.95
2023-09-06 12:29:59,194 - BANKNIFTY06SEP23P44500 candle closing price at time 2023-09-06 12:29:59.194638+05:30 is 232.3
2023-09-06 12:44:59,060 - BANKNIFTY06SEP23P44500 candle closing price at time 2023-09-06 12:44:59.060149+05:30 is 276.5
2023-09-06 12:59:59,272 - BANKNIFTY06SEP23P44500 candle closing price at time 2023-09-06 12:59:59.272887+05:30 is 271.05
2023-09-06 13:14:59,002 - BANKNIFTY06SEP23P44500 candle closing price at time 2023-09-06 13:14:59.002866+05:30 is 261.45
2023-09-06 13:29:59,168 - BANKNIFTY06SEP23P44500 candle closing price at time 2023-09-06 13:29:59.168714+05:30 is 277.75
2023-09-06 13:44:59,123 - BANKNIFTY06SEP23P44500 candle closing price at time 2023-09-06 13:44:59.123043+05:30 is 219.05
2023-09-06 13:59:59,186 - BANKNIFTY06SEP23P44500 candle closing price at time 2023-09-06 13:59:59.186746+05:30 is 245.2
2023-09-06 14:14:59,093 - BANKNIFTY06SEP23P44500 candle closing price at time 2023-09-06 14:14:59.093255+05:30 is 209.55
2023-09-06 14:29:59,210 - BANKNIFTY06SEP23P44500 candle closing price at time 2023-09-06 14:29:59.210434+05:30 is 203.6
2023-09-06 14:44:58,006 - BANKNIFTY06SEP23P44500 went short at price-185.85, time-14:44:58
2023-09-06 14:44:58,006 - short entry dict: [0.0, 124.0, 116.9, 114.45, 185.85]
2023-09-06 14:44:59,211 - BANKNIFTY06SEP23P44500 candle closing price at time 2023-09-06 14:44:59.211846+05:30 is 185.55
2023-09-06 14:46:23,889 - short entry dict: [0.0, 124.0, 116.9, 114.45, 185.85]
2023-09-06 14:46:23,889 - short exit dict: [0.0, 122.75, 117.0, 120.3, 189.65]
2023-09-06 14:46:23,889 - last entry was at : 185.85 and exit at: 189.65
2023-09-06 14:46:23,889 - short pnl booked until now:-2550.0
2023-09-06 14:59:58,001 - BANKNIFTY06SEP23P44500 went short at price-170.5, time-14:59:58
2023-09-06 14:59:58,001 - short entry dict: [0.0, 124.0, 116.9, 114.45, 185.85, 170.5]
2023-09-06 14:59:59,206 - BANKNIFTY06SEP23P44500 candle closing price at time 2023-09-06 14:59:59.206798+05:30 is 170.15
2023-09-06 15:14:59,159 - BANKNIFTY06SEP23P44500 candle closing price at time 2023-09-06 15:14:59.159318+05:30 is 108.45
