2023-08-30 10:11:28,054 - BANKNIFTY31AUG23P44700 went short at price-124.95, time-10:11:28
2023-08-30 10:11:28,054 - short entry dict: [0.0, 124.95]
2023-08-30 10:14:59,011 - BANKNIFTY31AUG23P44700 candle closing price at time 2023-08-30 10:14:59.011157+05:30 is 125.7
2023-08-30 10:29:59,037 - BANKNIFTY31AUG23P44700 candle closing price at time 2023-08-30 10:29:59.037628+05:30 is 158.95
2023-08-30 10:44:59,091 - BANKNIFTY31AUG23P44700 candle closing price at time 2023-08-30 10:44:59.091886+05:30 is 148.85
2023-08-30 10:59:59,244 - BANKNIFTY31AUG23P44700 candle closing price at time 2023-08-30 10:59:59.244143+05:30 is 148.35
2023-08-30 11:14:59,192 - BANKNIFTY31AUG23P44700 candle closing price at time 2023-08-30 11:14:59.192657+05:30 is 151.55
2023-08-30 11:29:59,084 - BANKNIFTY31AUG23P44700 candle closing price at time 2023-08-30 11:29:59.084301+05:30 is 158.55
2023-08-30 11:44:59,154 - BANKNIFTY31AUG23P44700 candle closing price at time 2023-08-30 11:44:59.154337+05:30 is 161.65
2023-08-30 11:50:02,097 - short entry dict: [0.0, 124.95]
2023-08-30 11:50:02,098 - short exit dict: [0.0, 179.8]
2023-08-30 11:50:02,098 - last entry was at : 124.95 and exit at: 179.8
2023-08-30 11:50:02,098 - short pnl booked until now:-16455.000000000004
2023-08-30 11:59:58,000 - BANKNIFTY31AUG23P44700 went short at price-173.5, time-11:59:58
2023-08-30 11:59:58,001 - short entry dict: [0.0, 124.95, 173.5]
2023-08-30 11:59:59,206 - BANKNIFTY31AUG23P44700 candle closing price at time 2023-08-30 11:59:59.206460+05:30 is 173.6
2023-08-30 12:14:59,206 - BANKNIFTY31AUG23P44700 candle closing price at time 2023-08-30 12:14:59.206244+05:30 is 162.5
2023-08-30 12:29:59,003 - BANKNIFTY31AUG23P44700 candle closing price at time 2023-08-30 12:29:59.003249+05:30 is 166.8
2023-08-30 12:44:59,206 - BANKNIFTY31AUG23P44700 candle closing price at time 2023-08-30 12:44:59.206532+05:30 is 173.6
2023-08-30 12:46:38,681 - short entry dict: [0.0, 124.95, 173.5]
2023-08-30 12:46:38,681 - short exit dict: [0.0, 179.8, 178.9]
2023-08-30 12:46:38,682 - last entry was at : 173.5 and exit at: 178.9
2023-08-30 12:46:38,682 - short pnl booked until now:-18075.000000000007
2023-08-30 13:14:58,001 - BANKNIFTY31AUG23P44700 went short at price-181.25, time-13:14:58
2023-08-30 13:14:58,005 - short entry dict: [0.0, 124.95, 173.5, 181.25]
2023-08-30 13:14:59,210 - BANKNIFTY31AUG23P44700 candle closing price at time 2023-08-30 13:14:59.209980+05:30 is 180.4
2023-08-30 13:19:42,993 - short entry dict: [0.0, 124.95, 173.5, 181.25]
2023-08-30 13:19:42,994 - short exit dict: [0.0, 179.8, 178.9, 188.0]
2023-08-30 13:19:42,994 - last entry was at : 181.25 and exit at: 188.0
2023-08-30 13:19:42,994 - short pnl booked until now:-20100.000000000007
2023-08-30 13:29:58,303 - BANKNIFTY31AUG23P44700 went short at price-187.6, time-13:29:58
2023-08-30 13:29:58,303 - short entry dict: [0.0, 124.95, 173.5, 181.25, 187.6]
2023-08-30 13:30:04,909 - short entry dict: [0.0, 124.95, 173.5, 181.25, 187.6]
2023-08-30 13:30:04,909 - short exit dict: [0.0, 179.8, 178.9, 188.0, 187.95]
2023-08-30 13:30:04,909 - last entry was at : 187.6 and exit at: 187.95
2023-08-30 13:30:04,909 - short pnl booked until now:-20205.000000000007
2023-08-30 13:44:59,206 - BANKNIFTY31AUG23P44700 candle closing price at time 2023-08-30 13:44:59.206781+05:30 is 203.55
2023-08-30 13:59:59,207 - BANKNIFTY31AUG23P44700 candle closing price at time 2023-08-30 13:59:59.207731+05:30 is 197.1
2023-08-30 14:14:59,209 - BANKNIFTY31AUG23P44700 candle closing price at time 2023-08-30 14:14:59.209805+05:30 is 217.0
2023-08-30 14:29:59,219 - BANKNIFTY31AUG23P44700 candle closing price at time 2023-08-30 14:29:59.219081+05:30 is 256.9
2023-08-30 14:44:59,210 - BANKNIFTY31AUG23P44700 candle closing price at time 2023-08-30 14:44:59.210114+05:30 is 328.6
2023-08-30 14:59:59,071 - BANKNIFTY31AUG23P44700 candle closing price at time 2023-08-30 14:59:59.071331+05:30 is 324.7
2023-08-30 15:14:59,061 - BANKNIFTY31AUG23P44700 candle closing price at time 2023-08-30 15:14:59.061185+05:30 is 558.0
