2023-08-24 09:31:19,737 - BANKNIFTY24AUG23P44600 went short at price-45.65, time-9:31:19
2023-08-24 09:31:19,737 - short entry dict: [0.0, 45.65]
2023-08-24 09:44:59,209 - BANKNIFTY24AUG23P44600 candle closing price at time 2023-08-24 09:44:59.209556+05:30 is 23.65
2023-08-24 09:59:59,121 - BANKNIFTY24AUG23P44600 candle closing price at time 2023-08-24 09:59:59.121807+05:30 is 19.85
2023-08-24 10:14:59,056 - BANKNIFTY24AUG23P44600 candle closing price at time 2023-08-24 10:14:59.056202+05:30 is 15.05
2023-08-24 10:29:59,143 - BANKNIFTY24AUG23P44600 candle closing price at time 2023-08-24 10:29:59.143290+05:30 is 23.25
2023-08-24 10:44:59,166 - BANKNIFTY24AUG23P44600 candle closing price at time 2023-08-24 10:44:59.166552+05:30 is 23.6
2023-08-24 10:59:59,080 - BANKNIFTY24AUG23P44600 candle closing price at time 2023-08-24 10:59:59.080496+05:30 is 38.9
2023-08-24 11:14:59,019 - BANKNIFTY24AUG23P44600 candle closing price at time 2023-08-24 11:14:59.018971+05:30 is 56.8
2023-08-24 11:29:59,074 - BANKNIFTY24AUG23P44600 candle closing price at time 2023-08-24 11:29:59.074456+05:30 is 52.45
2023-08-24 11:44:59,209 - BANKNIFTY24AUG23P44600 candle closing price at time 2023-08-24 11:44:59.208931+05:30 is 36.25
2023-08-24 11:59:59,027 - BANKNIFTY24AUG23P44600 candle closing price at time 2023-08-24 11:59:59.026932+05:30 is 57.55
2023-08-24 12:14:59,244 - BANKNIFTY24AUG23P44600 candle closing price at time 2023-08-24 12:14:59.244665+05:30 is 78.05
2023-08-24 12:29:59,268 - BANKNIFTY24AUG23P44600 candle closing price at time 2023-08-24 12:29:59.268500+05:30 is 95.1
2023-08-24 12:44:59,288 - BANKNIFTY24AUG23P44600 candle closing price at time 2023-08-24 12:44:59.288425+05:30 is 57.05
2023-08-24 12:59:59,300 - BANKNIFTY24AUG23P44600 candle closing price at time 2023-08-24 12:59:59.300814+05:30 is 76.95
2023-08-24 13:14:59,147 - BANKNIFTY24AUG23P44600 candle closing price at time 2023-08-24 13:14:59.147140+05:30 is 82.3
2023-08-24 13:29:59,043 - BANKNIFTY24AUG23P44600 candle closing price at time 2023-08-24 13:29:59.042956+05:30 is 78.0
2023-08-24 13:44:59,023 - BANKNIFTY24AUG23P44600 candle closing price at time 2023-08-24 13:44:59.023764+05:30 is 77.45
2023-08-24 13:59:59,154 - BANKNIFTY24AUG23P44600 candle closing price at time 2023-08-24 13:59:59.154220+05:30 is 77.5
2023-08-24 14:14:59,272 - BANKNIFTY24AUG23P44600 candle closing price at time 2023-08-24 14:14:59.272712+05:30 is 53.3
2023-08-24 14:26:11,153 - short entry dict: [0.0, 45.65]
2023-08-24 14:26:11,153 - short exit dict: [0.0, 116.05]
2023-08-24 14:26:11,153 - last entry was at : 45.65 and exit at: 116.05
2023-08-24 14:26:11,153 - short pnl booked until now:-21120.0
2023-08-24 14:29:58,002 - BANKNIFTY24AUG23P44600 went short at price-75.35, time-14:29:58
2023-08-24 14:29:58,002 - short entry dict: [0.0, 45.65, 75.35]
2023-08-24 14:29:59,208 - BANKNIFTY24AUG23P44600 candle closing price at time 2023-08-24 14:29:59.208711+05:30 is 74.1
2023-08-24 14:44:59,027 - BANKNIFTY24AUG23P44600 candle closing price at time 2023-08-24 14:44:59.027722+05:30 is 104.05
2023-08-24 14:45:35,465 - short entry dict: [0.0, 45.65, 75.35]
2023-08-24 14:45:35,465 - short exit dict: [0.0, 116.05, 119.5]
2023-08-24 14:45:35,465 - last entry was at : 75.35 and exit at: 119.5
2023-08-24 14:45:35,465 - short pnl booked until now:-34365.0
2023-08-24 14:59:59,204 - BANKNIFTY24AUG23P44600 candle closing price at time 2023-08-24 14:59:59.204825+05:30 is 117.0
2023-08-24 15:14:58,001 - BANKNIFTY24AUG23P44600 went short at price-92.1, time-15:14:58
2023-08-24 15:14:58,001 - short entry dict: [0.0, 45.65, 75.35, 92.1]
2023-08-24 15:14:59,206 - BANKNIFTY24AUG23P44600 candle closing price at time 2023-08-24 15:14:59.206351+05:30 is 91.7
