2023-08-29 09:31:16,101 - BANKNIFTY31AUG23P44500 went long at price-148.9, time-9:31:16
2023-08-29 09:31:16,102 - long entry dict:[0.0, 148.9]
2023-08-29 09:31:16,102 - long exit dict:[0.0]
2023-08-29 09:31:16,102 - HEDGE-BANKNIFTY31AUG23P44500 went long at price-148.9, time-9:31:16
2023-08-29 11:28:32,893 - BANKNIFTY31AUG23P44500 went short at price-169.65, time-11:28:32
2023-08-29 11:28:32,893 - short entry dict: [0.0, 169.65]
2023-08-29 11:28:38,897 - short entry dict: [0.0, 169.65]
2023-08-29 11:28:38,897 - short exit dict: [0.0, 168.25]
2023-08-29 11:28:38,897 - last entry was at : 169.65 and exit at: 168.25
2023-08-29 11:28:38,897 - short pnl booked until now:420.0000000000017
2023-08-29 11:29:59,220 - BANKNIFTY31AUG23P44500 candle closing price at time 2023-08-29 11:29:59.220797+05:30 is 164.65
2023-08-29 11:44:59,268 - BANKNIFTY31AUG23P44500 candle closing price at time 2023-08-29 11:44:59.268763+05:30 is 147.55
2023-08-29 11:59:59,033 - BANKNIFTY31AUG23P44500 candle closing price at time 2023-08-29 11:59:59.032806+05:30 is 152.75
2023-08-29 12:14:59,080 - BANKNIFTY31AUG23P44500 candle closing price at time 2023-08-29 12:14:59.080852+05:30 is 152.7
2023-08-29 12:29:59,166 - BANKNIFTY31AUG23P44500 candle closing price at time 2023-08-29 12:29:59.166811+05:30 is 153.9
2023-08-29 12:44:59,094 - BANKNIFTY31AUG23P44500 candle closing price at time 2023-08-29 12:44:59.094448+05:30 is 148.55
2023-08-29 12:59:59,291 - BANKNIFTY31AUG23P44500 candle closing price at time 2023-08-29 12:59:59.291042+05:30 is 141.0
2023-08-29 13:14:59,006 - BANKNIFTY31AUG23P44500 candle closing price at time 2023-08-29 13:14:59.005615+05:30 is 140.05
2023-08-29 13:29:59,291 - BANKNIFTY31AUG23P44500 candle closing price at time 2023-08-29 13:29:59.290915+05:30 is 140.35
2023-08-29 13:44:59,166 - BANKNIFTY31AUG23P44500 candle closing price at time 2023-08-29 13:44:59.166469+05:30 is 145.3
2023-08-29 13:59:59,299 - BANKNIFTY31AUG23P44500 candle closing price at time 2023-08-29 13:59:59.299677+05:30 is 155.0
2023-08-29 14:14:59,009 - BANKNIFTY31AUG23P44500 candle closing price at time 2023-08-29 14:14:59.008913+05:30 is 154.95
2023-08-29 14:29:59,207 - BANKNIFTY31AUG23P44500 candle closing price at time 2023-08-29 14:29:59.206958+05:30 is 174.45
2023-08-29 14:44:59,211 - BANKNIFTY31AUG23P44500 candle closing price at time 2023-08-29 14:44:59.210897+05:30 is 169.35
2023-08-29 14:59:59,214 - BANKNIFTY31AUG23P44500 candle closing price at time 2023-08-29 14:59:59.214193+05:30 is 179.1
2023-08-29 15:14:58,013 - BANKNIFTY31AUG23P44500 went short at price-161.15, time-15:14:58
2023-08-29 15:14:58,013 - short entry dict: [0.0, 169.65, 161.15]
2023-08-29 15:14:59,218 - BANKNIFTY31AUG23P44500 candle closing price at time 2023-08-29 15:14:59.218379+05:30 is 161.2
2023-08-30 10:11:28,122 - BANKNIFTY31AUG23P44500 went short at price-56.9, time-10:11:28
2023-08-30 10:11:28,122 - short entry dict: [0.0, 56.9]
2023-08-30 10:14:59,100 - BANKNIFTY31AUG23P44500 candle closing price at time 2023-08-30 10:14:59.100273+05:30 is 57.35
2023-08-30 10:29:59,297 - BANKNIFTY31AUG23P44500 candle closing price at time 2023-08-30 10:29:59.297634+05:30 is 75.35
2023-08-30 10:44:59,069 - BANKNIFTY31AUG23P44500 candle closing price at time 2023-08-30 10:44:59.069166+05:30 is 67.9
2023-08-30 10:59:59,019 - BANKNIFTY31AUG23P44500 candle closing price at time 2023-08-30 10:59:59.019856+05:30 is 67.65
2023-08-30 11:14:59,005 - BANKNIFTY31AUG23P44500 candle closing price at time 2023-08-30 11:14:59.005047+05:30 is 69.9
2023-08-30 11:29:59,246 - BANKNIFTY31AUG23P44500 candle closing price at time 2023-08-30 11:29:59.246865+05:30 is 74.6
2023-08-30 11:44:59,253 - BANKNIFTY31AUG23P44500 candle closing price at time 2023-08-30 11:44:59.253162+05:30 is 76.3
2023-08-30 11:59:59,150 - BANKNIFTY31AUG23P44500 candle closing price at time 2023-08-30 11:59:59.150779+05:30 is 82.75
2023-08-30 12:14:59,084 - BANKNIFTY31AUG23P44500 candle closing price at time 2023-08-30 12:14:59.084030+05:30 is 75.65
2023-08-30 12:29:59,293 - BANKNIFTY31AUG23P44500 candle closing price at time 2023-08-30 12:29:59.293032+05:30 is 78.7
2023-08-30 12:44:59,153 - BANKNIFTY31AUG23P44500 candle closing price at time 2023-08-30 12:44:59.153553+05:30 is 82.3
2023-08-30 12:48:24,193 - short entry dict: [0.0, 56.9]
2023-08-30 12:48:24,194 - short exit dict: [0.0, 98.7]
2023-08-30 12:48:24,194 - last entry was at : 56.9 and exit at: 98.7
2023-08-30 12:48:24,194 - short pnl booked until now:-12540.000000000002
2023-08-30 12:59:59,212 - BANKNIFTY31AUG23P44500 candle closing price at time 2023-08-30 12:59:59.212147+05:30 is 97.3
2023-08-30 13:14:58,003 - BANKNIFTY31AUG23P44500 went short at price-85.85, time-13:14:58
2023-08-30 13:14:58,003 - short entry dict: [0.0, 56.9, 85.85]
2023-08-30 13:14:59,209 - BANKNIFTY31AUG23P44500 candle closing price at time 2023-08-30 13:14:59.209163+05:30 is 85.65
2023-08-30 13:29:59,080 - BANKNIFTY31AUG23P44500 candle closing price at time 2023-08-30 13:29:59.080224+05:30 is 90.9
2023-08-30 13:44:33,510 - short entry dict: [0.0, 56.9, 85.85]
2023-08-30 13:44:33,510 - short exit dict: [0.0, 98.7, 96.1]
2023-08-30 13:44:33,511 - last entry was at : 85.85 and exit at: 96.1
2023-08-30 13:44:33,511 - short pnl booked until now:-15615.000000000002
2023-08-30 13:44:59,206 - BANKNIFTY31AUG23P44500 candle closing price at time 2023-08-30 13:44:59.206073+05:30 is 99.5
2023-08-30 13:59:58,001 - BANKNIFTY31AUG23P44500 went short at price-95.2, time-13:59:58
2023-08-30 13:59:58,002 - short entry dict: [0.0, 56.9, 85.85, 95.2]
2023-08-30 13:59:59,207 - BANKNIFTY31AUG23P44500 candle closing price at time 2023-08-30 13:59:59.207078+05:30 is 95.5
2023-08-30 14:00:40,341 - short entry dict: [0.0, 56.9, 85.85, 95.2]
2023-08-30 14:00:40,341 - short exit dict: [0.0, 98.7, 96.1, 97.6]
2023-08-30 14:00:40,341 - last entry was at : 95.2 and exit at: 97.6
2023-08-30 14:00:40,341 - short pnl booked until now:-16335.0
2023-08-30 14:14:59,218 - BANKNIFTY31AUG23P44500 candle closing price at time 2023-08-30 14:14:59.218521+05:30 is 106.85
2023-08-30 14:29:59,132 - BANKNIFTY31AUG23P44500 candle closing price at time 2023-08-30 14:29:59.132514+05:30 is 131.75
2023-08-30 14:44:59,048 - BANKNIFTY31AUG23P44500 candle closing price at time 2023-08-30 14:44:59.048279+05:30 is 180.85
2023-08-30 14:59:59,039 - BANKNIFTY31AUG23P44500 candle closing price at time 2023-08-30 14:59:59.039806+05:30 is 178.45
2023-08-30 15:14:59,098 - BANKNIFTY31AUG23P44500 candle closing price at time 2023-08-30 15:14:59.098792+05:30 is 376.8
