2023-08-18 09:31:20,081 - BANKNIFTY24AUG23C44100 went short at price-191.45, time-9:31:20
2023-08-18 09:31:20,082 - short entry dict: [0.0, 191.45]
2023-08-18 09:44:59,220 - BANKNIFTY24AUG23C44100 candle closing price at time 2023-08-18 09:44:59.220259+05:30 is 172.5
2023-08-18 09:59:59,088 - BANKNIFTY24AUG23C44100 candle closing price at time 2023-08-18 09:59:59.088447+05:30 is 160.7
2023-08-18 10:14:59,214 - BANKNIFTY24AUG23C44100 candle closing price at time 2023-08-18 10:14:59.214524+05:30 is 161.75
2023-08-18 10:29:59,005 - BANKNIFTY24AUG23C44100 candle closing price at time 2023-08-18 10:29:59.005254+05:30 is 177.45
2023-08-18 10:44:59,058 - BANKNIFTY24AUG23C44100 candle closing price at time 2023-08-18 10:44:59.058485+05:30 is 171.6
2023-08-18 10:59:59,070 - BANKNIFTY24AUG23C44100 candle closing price at time 2023-08-18 10:59:59.070488+05:30 is 170.2
2023-08-18 11:14:59,214 - BANKNIFTY24AUG23C44100 candle closing price at time 2023-08-18 11:14:59.214740+05:30 is 170.85
2023-08-18 11:29:59,015 - BANKNIFTY24AUG23C44100 candle closing price at time 2023-08-18 11:29:59.015189+05:30 is 169.2
2023-08-18 11:44:59,228 - BANKNIFTY24AUG23C44100 candle closing price at time 2023-08-18 11:44:59.228591+05:30 is 167.9
2023-08-18 11:59:59,283 - BANKNIFTY24AUG23C44100 candle closing price at time 2023-08-18 11:59:59.283562+05:30 is 159.15
2023-08-18 12:14:59,228 - BANKNIFTY24AUG23C44100 candle closing price at time 2023-08-18 12:14:59.227932+05:30 is 158.4
2023-08-18 12:29:59,192 - BANKNIFTY24AUG23C44100 candle closing price at time 2023-08-18 12:29:59.192415+05:30 is 144.4
2023-08-18 12:44:59,035 - BANKNIFTY24AUG23C44100 candle closing price at time 2023-08-18 12:44:59.035002+05:30 is 146.0
2023-08-18 12:59:59,184 - BANKNIFTY24AUG23C44100 candle closing price at time 2023-08-18 12:59:59.184570+05:30 is 142.9
2023-08-18 13:14:59,173 - BANKNIFTY24AUG23C44100 candle closing price at time 2023-08-18 13:14:59.173587+05:30 is 126.9
2023-08-18 13:29:59,299 - BANKNIFTY24AUG23C44100 candle closing price at time 2023-08-18 13:29:59.299515+05:30 is 128.0
2023-08-18 13:44:59,239 - BANKNIFTY24AUG23C44100 candle closing price at time 2023-08-18 13:44:59.239207+05:30 is 128.85
2023-08-18 13:59:59,005 - BANKNIFTY24AUG23C44100 candle closing price at time 2023-08-18 13:59:59.005634+05:30 is 128.75
2023-08-18 14:14:59,139 - BANKNIFTY24AUG23C44100 candle closing price at time 2023-08-18 14:14:59.139236+05:30 is 145.2
2023-08-18 14:19:38,402 - short entry dict: [0.0, 191.45]
2023-08-18 14:19:38,402 - short exit dict: [0.0, 165.0]
2023-08-18 14:19:38,402 - last entry was at : 191.45 and exit at: 165.0
2023-08-18 14:19:38,402 - short pnl booked until now:7934.999999999996
2023-08-18 14:29:59,207 - BANKNIFTY24AUG23C44100 candle closing price at time 2023-08-18 14:29:59.207071+05:30 is 163.75
2023-08-18 14:44:58,017 - BANKNIFTY24AUG23C44100 went short at price-148.1, time-14:44:58
2023-08-18 14:44:58,017 - short entry dict: [0.0, 191.45, 148.1]
2023-08-18 14:44:59,224 - BANKNIFTY24AUG23C44100 candle closing price at time 2023-08-18 14:44:59.224344+05:30 is 148.3
2023-08-18 14:59:59,100 - BANKNIFTY24AUG23C44100 candle closing price at time 2023-08-18 14:59:59.100392+05:30 is 152.5
2023-08-18 15:14:59,176 - BANKNIFTY24AUG23C44100 candle closing price at time 2023-08-18 15:14:59.176205+05:30 is 142.65
2023-08-21 09:31:19,139 - BANKNIFTY24AUG23C44100 went short at price-137.6, time-9:31:19
2023-08-21 09:31:19,139 - short entry dict: [0.0, 137.6]
2023-08-21 09:44:59,252 - BANKNIFTY24AUG23C44100 candle closing price at time 2023-08-21 09:44:59.252208+05:30 is 137.55
2023-08-21 09:59:59,299 - BANKNIFTY24AUG23C44100 candle closing price at time 2023-08-21 09:59:59.299265+05:30 is 119.85
2023-08-21 10:14:59,210 - BANKNIFTY24AUG23C44100 candle closing price at time 2023-08-21 10:14:59.210343+05:30 is 118.1
2023-08-21 10:29:59,153 - BANKNIFTY24AUG23C44100 candle closing price at time 2023-08-21 10:29:59.153221+05:30 is 140.3
2023-08-21 10:30:51,102 - short entry dict: [0.0, 137.6]
2023-08-21 10:30:51,110 - short exit dict: [0.0, 149.6]
2023-08-21 10:30:51,115 - last entry was at : 137.6 and exit at: 149.6
2023-08-21 10:30:51,121 - short pnl booked until now:-3600.0
2023-08-21 10:44:59,218 - BANKNIFTY24AUG23C44100 candle closing price at time 2023-08-21 10:44:59.218221+05:30 is 147.55
2023-08-21 10:59:58,001 - BANKNIFTY24AUG23C44100 went short at price-142.4, time-10:59:58
2023-08-21 10:59:58,001 - short entry dict: [0.0, 137.6, 142.4]
2023-08-21 10:59:59,207 - BANKNIFTY24AUG23C44100 candle closing price at time 2023-08-21 10:59:59.207071+05:30 is 142.25
2023-08-21 11:07:39,087 - short entry dict: [0.0, 137.6, 142.4]
2023-08-21 11:07:39,088 - short exit dict: [0.0, 149.6, 149.0]
2023-08-21 11:07:39,088 - last entry was at : 142.4 and exit at: 149.0
2023-08-21 11:07:39,088 - short pnl booked until now:-5579.999999999998
2023-08-21 11:14:59,219 - BANKNIFTY24AUG23C44100 candle closing price at time 2023-08-21 11:14:59.219872+05:30 is 169.75
2023-08-21 11:29:58,128 - BANKNIFTY24AUG23C44100 went short at price-148.0, time-11:29:58
2023-08-21 11:29:58,128 - short entry dict: [0.0, 137.6, 142.4, 148.0]
2023-08-21 11:29:59,032 - BANKNIFTY24AUG23C44100 candle closing price at time 2023-08-21 11:29:59.031980+05:30 is 148.0
2023-08-21 11:30:09,454 - short entry dict: [0.0, 137.6, 142.4, 148.0]
2023-08-21 11:30:09,454 - short exit dict: [0.0, 149.6, 149.0, 149.15]
2023-08-21 11:30:09,454 - last entry was at : 148.0 and exit at: 149.15
2023-08-21 11:30:09,455 - short pnl booked until now:-5925.0
2023-08-21 11:44:59,211 - BANKNIFTY24AUG23C44100 candle closing price at time 2023-08-21 11:44:59.211541+05:30 is 156.1
2023-08-21 11:59:59,177 - BANKNIFTY24AUG23C44100 candle closing price at time 2023-08-21 11:59:59.177273+05:30 is 155.1
2023-08-21 12:14:59,269 - BANKNIFTY24AUG23C44100 candle closing price at time 2023-08-21 12:14:59.269635+05:30 is 154.5
2023-08-21 12:29:59,212 - BANKNIFTY24AUG23C44100 candle closing price at time 2023-08-21 12:29:59.212623+05:30 is 163.85
2023-08-21 12:44:59,215 - BANKNIFTY24AUG23C44100 candle closing price at time 2023-08-21 12:44:59.215867+05:30 is 172.2
2023-08-21 12:59:59,157 - BANKNIFTY24AUG23C44100 candle closing price at time 2023-08-21 12:59:59.157065+05:30 is 174.65
2023-08-21 13:14:59,180 - BANKNIFTY24AUG23C44100 candle closing price at time 2023-08-21 13:14:59.180806+05:30 is 189.05
2023-08-21 13:29:59,157 - BANKNIFTY24AUG23C44100 candle closing price at time 2023-08-21 13:29:59.157318+05:30 is 191.05
2023-08-21 13:44:59,204 - BANKNIFTY24AUG23C44100 candle closing price at time 2023-08-21 13:44:59.204494+05:30 is 185.35
2023-08-21 13:59:59,027 - BANKNIFTY24AUG23C44100 candle closing price at time 2023-08-21 13:59:59.027157+05:30 is 182.35
2023-08-21 14:14:59,212 - BANKNIFTY24AUG23C44100 candle closing price at time 2023-08-21 14:14:59.211975+05:30 is 167.7
2023-08-21 14:29:59,292 - BANKNIFTY24AUG23C44100 candle closing price at time 2023-08-21 14:29:59.292469+05:30 is 175.85
2023-08-21 14:44:59,213 - BANKNIFTY24AUG23C44100 candle closing price at time 2023-08-21 14:44:59.213942+05:30 is 181.85
2023-08-21 14:59:59,161 - BANKNIFTY24AUG23C44100 candle closing price at time 2023-08-21 14:59:59.161262+05:30 is 193.7
2023-08-21 15:14:58,002 - BANKNIFTY24AUG23C44100 went short at price-165.5, time-15:14:58
2023-08-21 15:14:58,003 - short entry dict: [0.0, 137.6, 142.4, 148.0, 165.5]
2023-08-21 15:14:59,208 - BANKNIFTY24AUG23C44100 candle closing price at time 2023-08-21 15:14:59.208869+05:30 is 166.55
2023-08-22 09:31:20,030 - BANKNIFTY24AUG23C44100 went short at price-171.9, time-9:31:20
2023-08-22 09:31:20,030 - short entry dict: [0.0, 171.9]
2023-08-22 09:44:59,123 - BANKNIFTY24AUG23C44100 candle closing price at time 2023-08-22 09:44:59.123671+05:30 is 171.8
2023-08-22 09:59:59,168 - BANKNIFTY24AUG23C44100 candle closing price at time 2023-08-22 09:59:59.168797+05:30 is 145.35
2023-08-22 10:14:59,235 - BANKNIFTY24AUG23C44100 candle closing price at time 2023-08-22 10:14:59.235586+05:30 is 152.5
2023-08-22 10:29:59,168 - BANKNIFTY24AUG23C44100 candle closing price at time 2023-08-22 10:29:59.167954+05:30 is 158.1
2023-08-22 10:34:31,214 - short entry dict: [0.0, 171.9]
2023-08-22 10:34:31,214 - short exit dict: [0.0, 163.65]
2023-08-22 10:34:31,215 - last entry was at : 171.9 and exit at: 163.65
2023-08-22 10:34:31,215 - short pnl booked until now:2475.0
2023-08-22 10:44:58,003 - BANKNIFTY24AUG23C44100 went short at price-161.75, time-10:44:58
2023-08-22 10:44:58,003 - short entry dict: [0.0, 171.9, 161.75]
2023-08-22 10:44:59,209 - BANKNIFTY24AUG23C44100 candle closing price at time 2023-08-22 10:44:59.208932+05:30 is 161.75
2023-08-22 10:59:59,027 - BANKNIFTY24AUG23C44100 candle closing price at time 2023-08-22 10:59:59.027003+05:30 is 152.0
2023-08-22 11:14:59,182 - BANKNIFTY24AUG23C44100 candle closing price at time 2023-08-22 11:14:59.181991+05:30 is 148.2
2023-08-22 11:29:59,253 - BANKNIFTY24AUG23C44100 candle closing price at time 2023-08-22 11:29:59.253309+05:30 is 148.5
2023-08-22 11:44:59,106 - BANKNIFTY24AUG23C44100 candle closing price at time 2023-08-22 11:44:59.106122+05:30 is 150.1
2023-08-22 11:59:59,256 - BANKNIFTY24AUG23C44100 candle closing price at time 2023-08-22 11:59:59.256170+05:30 is 147.55
2023-08-22 12:14:59,284 - BANKNIFTY24AUG23C44100 candle closing price at time 2023-08-22 12:14:59.283938+05:30 is 148.8
2023-08-22 12:29:59,268 - BANKNIFTY24AUG23C44100 candle closing price at time 2023-08-22 12:29:59.267974+05:30 is 131.3
2023-08-22 12:44:59,021 - BANKNIFTY24AUG23C44100 candle closing price at time 2023-08-22 12:44:59.021522+05:30 is 139.15
2023-08-22 12:59:59,027 - BANKNIFTY24AUG23C44100 candle closing price at time 2023-08-22 12:59:59.027420+05:30 is 148.4
2023-08-22 13:14:59,278 - BANKNIFTY24AUG23C44100 candle closing price at time 2023-08-22 13:14:59.278512+05:30 is 147.0
2023-08-22 13:29:59,225 - BANKNIFTY24AUG23C44100 candle closing price at time 2023-08-22 13:29:59.224968+05:30 is 150.05
2023-08-22 13:44:59,065 - BANKNIFTY24AUG23C44100 candle closing price at time 2023-08-22 13:44:59.065558+05:30 is 141.7
2023-08-22 13:59:59,295 - BANKNIFTY24AUG23C44100 candle closing price at time 2023-08-22 13:59:59.295572+05:30 is 132.45
2023-08-22 14:14:59,234 - BANKNIFTY24AUG23C44100 candle closing price at time 2023-08-22 14:14:59.234587+05:30 is 131.85
2023-08-22 14:29:59,177 - BANKNIFTY24AUG23C44100 candle closing price at time 2023-08-22 14:29:59.177892+05:30 is 127.75
2023-08-22 14:44:59,050 - BANKNIFTY24AUG23C44100 candle closing price at time 2023-08-22 14:44:59.050776+05:30 is 122.25
2023-08-22 14:59:59,032 - BANKNIFTY24AUG23C44100 candle closing price at time 2023-08-22 14:59:59.032546+05:30 is 124.55
2023-08-22 15:14:59,040 - BANKNIFTY24AUG23C44100 candle closing price at time 2023-08-22 15:14:59.039869+05:30 is 122.9
2023-08-23 09:31:12,238 - BANKNIFTY24AUG23C44100 went long at price-93.55, time-9:31:12
2023-08-23 09:31:12,239 - long entry dict:[0.0, 93.55]
2023-08-23 09:31:12,240 - long exit dict:[0.0]
2023-08-23 09:31:12,246 - HEDGE-BANKNIFTY24AUG23C44100 went long at price-93.55, time-9:31:12
