2023-08-25 09:31:19,488 - NIFTY31AUG23P19100 went short at price-29.7, time-9:31:19
2023-08-25 09:31:19,488 - short entry dict: [0.0, 29.7]
2023-08-25 09:44:59,210 - NIFTY31AUG23P19100 candle closing price at time 2023-08-25 09:44:59.210641+05:30 is 27.05
2023-08-25 09:59:59,079 - NIFTY31AUG23P19100 candle closing price at time 2023-08-25 09:59:59.079107+05:30 is 24.6
2023-08-25 10:14:59,232 - NIFTY31AUG23P19100 candle closing price at time 2023-08-25 10:14:59.232856+05:30 is 28.9
2023-08-25 10:29:59,255 - NIFTY31AUG23P19100 candle closing price at time 2023-08-25 10:29:59.255678+05:30 is 42.55
2023-08-25 10:30:43,137 - short entry dict: [0.0, 29.7]
2023-08-25 10:30:43,138 - short exit dict: [0.0, 44.55]
2023-08-25 10:30:43,138 - last entry was at : 29.7 and exit at: 44.55
2023-08-25 10:30:43,138 - short pnl booked until now:-7424.999999999999
2023-08-25 10:44:59,216 - NIFTY31AUG23P19100 candle closing price at time 2023-08-25 10:44:59.216646+05:30 is 45.15
2023-08-25 10:59:59,254 - NIFTY31AUG23P19100 candle closing price at time 2023-08-25 10:59:59.254145+05:30 is 44.45
2023-08-25 11:14:59,015 - NIFTY31AUG23P19100 candle closing price at time 2023-08-25 11:14:59.015777+05:30 is 39.7
2023-08-25 11:29:59,269 - NIFTY31AUG23P19100 candle closing price at time 2023-08-25 11:29:59.268942+05:30 is 28.5
2023-08-25 11:44:59,046 - NIFTY31AUG23P19100 candle closing price at time 2023-08-25 11:44:59.046293+05:30 is 26.2
2023-08-25 11:59:59,205 - NIFTY31AUG23P19100 candle closing price at time 2023-08-25 11:59:59.204974+05:30 is 28.0
2023-08-25 12:14:59,041 - NIFTY31AUG23P19100 candle closing price at time 2023-08-25 12:14:59.041488+05:30 is 35.3
2023-08-25 12:29:59,134 - NIFTY31AUG23P19100 candle closing price at time 2023-08-25 12:29:59.134843+05:30 is 32.05
2023-08-25 12:44:59,044 - NIFTY31AUG23P19100 candle closing price at time 2023-08-25 12:44:59.044760+05:30 is 31.95
2023-08-25 12:59:59,142 - NIFTY31AUG23P19100 candle closing price at time 2023-08-25 12:59:59.142844+05:30 is 28.1
2023-08-25 13:14:59,145 - NIFTY31AUG23P19100 candle closing price at time 2023-08-25 13:14:59.145258+05:30 is 29.0
2023-08-25 13:29:59,212 - NIFTY31AUG23P19100 candle closing price at time 2023-08-25 13:29:59.212251+05:30 is 29.5
2023-08-25 13:44:58,001 - NIFTY31AUG23P19100 went short at price-26.9, time-13:44:58
2023-08-25 13:44:58,005 - short entry dict: [0.0, 29.7, 26.9]
2023-08-25 13:44:59,210 - NIFTY31AUG23P19100 candle closing price at time 2023-08-25 13:44:59.210268+05:30 is 27.0
2023-08-25 13:45:09,933 - short entry dict: [0.0, 29.7, 26.9]
2023-08-25 13:45:09,934 - short exit dict: [0.0, 44.55, 27.3]
2023-08-25 13:45:09,934 - last entry was at : 26.9 and exit at: 27.3
2023-08-25 13:45:09,934 - short pnl booked until now:-7625.0
2023-08-25 13:59:59,211 - NIFTY31AUG23P19100 candle closing price at time 2023-08-25 13:59:59.211849+05:30 is 28.0
2023-08-25 14:14:59,211 - NIFTY31AUG23P19100 candle closing price at time 2023-08-25 14:14:59.210989+05:30 is 33.55
2023-08-25 14:29:59,165 - NIFTY31AUG23P19100 candle closing price at time 2023-08-25 14:29:59.165435+05:30 is 33.2
2023-08-25 14:44:59,193 - NIFTY31AUG23P19100 candle closing price at time 2023-08-25 14:44:59.193172+05:30 is 34.25
2023-08-25 14:59:59,000 - NIFTY31AUG23P19100 candle closing price at time 2023-08-25 14:59:59.000660+05:30 is 31.25
2023-08-25 15:14:59,206 - NIFTY31AUG23P19100 candle closing price at time 2023-08-25 15:14:59.206255+05:30 is 37.45
2023-08-29 11:28:32,730 - NIFTY31AUG23P19100 went short at price-7.0, time-11:28:32
2023-08-29 11:28:32,730 - short entry dict: [0.0, 7.0]
2023-08-29 11:29:59,176 - NIFTY31AUG23P19100 candle closing price at time 2023-08-29 11:29:59.176866+05:30 is 7.0
2023-08-29 11:44:59,013 - NIFTY31AUG23P19100 candle closing price at time 2023-08-29 11:44:59.012773+05:30 is 6.7
2023-08-29 11:59:59,031 - NIFTY31AUG23P19100 candle closing price at time 2023-08-29 11:59:59.031666+05:30 is 6.8
2023-08-29 12:14:59,232 - NIFTY31AUG23P19100 candle closing price at time 2023-08-29 12:14:59.232797+05:30 is 6.45
2023-08-29 12:29:59,144 - NIFTY31AUG23P19100 candle closing price at time 2023-08-29 12:29:59.144771+05:30 is 6.2
2023-08-29 12:44:59,269 - NIFTY31AUG23P19100 candle closing price at time 2023-08-29 12:44:59.269299+05:30 is 5.95
2023-08-29 12:59:59,262 - NIFTY31AUG23P19100 candle closing price at time 2023-08-29 12:59:59.261918+05:30 is 5.2
2023-08-29 13:14:59,206 - NIFTY31AUG23P19100 candle closing price at time 2023-08-29 13:14:59.206766+05:30 is 5.15
2023-08-29 13:29:59,267 - NIFTY31AUG23P19100 candle closing price at time 2023-08-29 13:29:59.267314+05:30 is 4.8
2023-08-29 13:44:59,069 - NIFTY31AUG23P19100 candle closing price at time 2023-08-29 13:44:59.068862+05:30 is 4.9
2023-08-29 13:59:59,074 - NIFTY31AUG23P19100 candle closing price at time 2023-08-29 13:59:59.074591+05:30 is 5.45
2023-08-29 14:14:59,127 - NIFTY31AUG23P19100 candle closing price at time 2023-08-29 14:14:59.127450+05:30 is 5.6
2023-08-29 14:29:59,267 - NIFTY31AUG23P19100 candle closing price at time 2023-08-29 14:29:59.266945+05:30 is 6.0
2023-08-29 14:44:59,070 - NIFTY31AUG23P19100 candle closing price at time 2023-08-29 14:44:59.070531+05:30 is 5.8
2023-08-29 14:59:59,048 - NIFTY31AUG23P19100 candle closing price at time 2023-08-29 14:59:59.047939+05:30 is 6.25
2023-08-29 15:14:59,091 - NIFTY31AUG23P19100 candle closing price at time 2023-08-29 15:14:59.091384+05:30 is 5.05
2023-08-31 09:30:15,043 - NIFTY31AUG23P19100 went short at price-1.1, time-9:30:15
2023-08-31 09:30:15,043 - short entry dict: [0.0, 1.1]
2023-08-31 09:44:59,240 - NIFTY31AUG23P19100 candle closing price at time 2023-08-31 09:44:59.240220+05:30 is 0.85
2023-08-31 09:59:59,052 - NIFTY31AUG23P19100 candle closing price at time 2023-08-31 09:59:59.052336+05:30 is 0.95
2023-08-31 10:14:59,055 - NIFTY31AUG23P19100 candle closing price at time 2023-08-31 10:14:59.055240+05:30 is 0.85
2023-08-31 10:29:59,083 - NIFTY31AUG23P19100 candle closing price at time 2023-08-31 10:29:59.083068+05:30 is 0.9
2023-08-31 10:44:59,063 - NIFTY31AUG23P19100 candle closing price at time 2023-08-31 10:44:59.063067+05:30 is 0.95
2023-08-31 10:59:59,122 - NIFTY31AUG23P19100 candle closing price at time 2023-08-31 10:59:59.122749+05:30 is 1.0
2023-08-31 11:14:59,205 - NIFTY31AUG23P19100 candle closing price at time 2023-08-31 11:14:59.205807+05:30 is 0.95
2023-08-31 11:29:59,291 - NIFTY31AUG23P19100 candle closing price at time 2023-08-31 11:29:59.291236+05:30 is 0.95
2023-08-31 11:44:59,222 - NIFTY31AUG23P19100 candle closing price at time 2023-08-31 11:44:59.222204+05:30 is 0.9
2023-08-31 11:59:59,053 - NIFTY31AUG23P19100 candle closing price at time 2023-08-31 11:59:59.053411+05:30 is 0.95
2023-08-31 12:14:59,022 - NIFTY31AUG23P19100 candle closing price at time 2023-08-31 12:14:59.022609+05:30 is 1.0
2023-08-31 12:29:59,141 - NIFTY31AUG23P19100 candle closing price at time 2023-08-31 12:29:59.141260+05:30 is 1.0
2023-08-31 12:44:59,203 - NIFTY31AUG23P19100 candle closing price at time 2023-08-31 12:44:59.203602+05:30 is 0.9
2023-08-31 12:59:59,228 - NIFTY31AUG23P19100 candle closing price at time 2023-08-31 12:59:59.228355+05:30 is 0.95
2023-08-31 13:14:59,212 - NIFTY31AUG23P19100 candle closing price at time 2023-08-31 13:14:59.212482+05:30 is 0.9
2023-08-31 13:29:59,152 - NIFTY31AUG23P19100 candle closing price at time 2023-08-31 13:29:59.152564+05:30 is 0.75
2023-08-31 13:44:59,233 - NIFTY31AUG23P19100 candle closing price at time 2023-08-31 13:44:59.233506+05:30 is 0.5
2023-08-31 13:59:59,033 - NIFTY31AUG23P19100 candle closing price at time 2023-08-31 13:59:59.033212+05:30 is 0.5
2023-08-31 14:14:59,056 - NIFTY31AUG23P19100 candle closing price at time 2023-08-31 14:14:59.056688+05:30 is 0.5
2023-08-31 14:29:59,165 - NIFTY31AUG23P19100 candle closing price at time 2023-08-31 14:29:59.165497+05:30 is 0.35
2023-08-31 14:44:59,054 - NIFTY31AUG23P19100 candle closing price at time 2023-08-31 14:44:59.054353+05:30 is 0.3
2023-08-31 14:59:59,119 - NIFTY31AUG23P19100 candle closing price at time 2023-08-31 14:59:59.118869+05:30 is 0.25
2023-08-31 15:14:59,053 - NIFTY31AUG23P19100 candle closing price at time 2023-08-31 15:14:59.053410+05:30 is 0.05
