2023-08-17 09:31:19,133 - BANKNIFTY17AUG23P43700 went short at price-61.8, time-9:31:19
2023-08-17 09:31:19,133 - short entry dict: [0.0, 61.8]
2023-08-17 09:44:59,013 - BANKNIFTY17AUG23P43700 candle closing price at time 2023-08-17 09:44:59.013609+05:30 is 45.35
2023-08-17 09:59:59,182 - BANKNIFTY17AUG23P43700 candle closing price at time 2023-08-17 09:59:59.182880+05:30 is 39.0
2023-08-17 10:14:59,265 - BANKNIFTY17AUG23P43700 candle closing price at time 2023-08-17 10:14:59.265597+05:30 is 26.55
2023-08-17 10:29:59,149 - BANKNIFTY17AUG23P43700 candle closing price at time 2023-08-17 10:29:59.149153+05:30 is 24.85
2023-08-17 10:44:59,282 - BANKNIFTY17AUG23P43700 candle closing price at time 2023-08-17 10:44:59.282575+05:30 is 17.65
2023-08-17 10:59:59,269 - BANKNIFTY17AUG23P43700 candle closing price at time 2023-08-17 10:59:59.269722+05:30 is 16.85
2023-08-17 11:14:59,196 - BANKNIFTY17AUG23P43700 candle closing price at time 2023-08-17 11:14:59.196095+05:30 is 19.55
2023-08-17 11:29:59,226 - BANKNIFTY17AUG23P43700 candle closing price at time 2023-08-17 11:29:59.226022+05:30 is 31.35
2023-08-17 11:44:59,102 - BANKNIFTY17AUG23P43700 candle closing price at time 2023-08-17 11:44:59.102667+05:30 is 22.45
2023-08-17 11:59:59,141 - BANKNIFTY17AUG23P43700 candle closing price at time 2023-08-17 11:59:59.141099+05:30 is 27.45
2023-08-17 12:14:59,017 - BANKNIFTY17AUG23P43700 candle closing price at time 2023-08-17 12:14:59.017112+05:30 is 34.5
2023-08-17 12:29:59,277 - BANKNIFTY17AUG23P43700 candle closing price at time 2023-08-17 12:29:59.276990+05:30 is 30.7
2023-08-17 12:45:02,713 - short entry dict: [0.0, 61.8]
2023-08-17 12:45:02,713 - short exit dict: [0.0, 53.55]
2023-08-17 12:45:02,713 - last entry was at : 61.8 and exit at: 53.55
2023-08-17 12:45:02,713 - short pnl booked until now:2475.0
2023-08-17 12:59:59,206 - BANKNIFTY17AUG23P43700 candle closing price at time 2023-08-17 12:59:59.206423+05:30 is 51.5
2023-08-17 13:14:58,006 - BANKNIFTY17AUG23P43700 went short at price-47.95, time-13:14:58
2023-08-17 13:14:58,007 - short entry dict: [0.0, 61.8, 47.95]
2023-08-17 13:14:59,212 - BANKNIFTY17AUG23P43700 candle closing price at time 2023-08-17 13:14:59.212263+05:30 is 49.8
2023-08-17 13:29:59,079 - BANKNIFTY17AUG23P43700 candle closing price at time 2023-08-17 13:29:59.079023+05:30 is 34.9
2023-08-17 13:44:59,126 - BANKNIFTY17AUG23P43700 candle closing price at time 2023-08-17 13:44:59.125949+05:30 is 12.4
2023-08-17 13:59:59,115 - BANKNIFTY17AUG23P43700 candle closing price at time 2023-08-17 13:59:59.115790+05:30 is 13.55
2023-08-17 14:14:59,005 - BANKNIFTY17AUG23P43700 candle closing price at time 2023-08-17 14:14:59.005151+05:30 is 7.75
2023-08-17 14:29:59,116 - BANKNIFTY17AUG23P43700 candle closing price at time 2023-08-17 14:29:59.115876+05:30 is 8.0
2023-08-17 14:44:59,195 - BANKNIFTY17AUG23P43700 candle closing price at time 2023-08-17 14:44:59.195461+05:30 is 1.1
2023-08-17 14:59:59,073 - BANKNIFTY17AUG23P43700 candle closing price at time 2023-08-17 14:59:59.073698+05:30 is 0.7
2023-08-17 15:14:59,256 - BANKNIFTY17AUG23P43700 candle closing price at time 2023-08-17 15:14:59.256437+05:30 is 0.05
