2023-09-04 09:31:12,002 - BANKNIFTY06SEP23P44400 went short at price-136.25, time-9:31:12
2023-09-04 09:31:12,002 - short entry dict: [0.0, 136.25]
2023-09-04 09:45:04,316 - short entry dict: [0.0, 136.25]
2023-09-04 09:45:04,322 - short exit dict: [0.0, 211.45]
2023-09-04 09:45:04,328 - last entry was at : 136.25 and exit at: 211.45
2023-09-04 09:45:04,333 - short pnl booked until now:-22559.999999999996
2023-09-04 09:59:58,005 - BANKNIFTY06SEP23P44400 went short at price-151.5, time-9:59:58
2023-09-04 09:59:58,005 - short entry dict: [0.0, 136.25, 151.5]
2023-09-04 09:59:59,214 - BANKNIFTY06SEP23P44400 candle closing price at time 2023-09-04 09:59:59.214929+05:30 is 151.5
2023-09-04 10:03:10,255 - short entry dict: [0.0, 136.25, 151.5]
2023-09-04 10:03:10,255 - short exit dict: [0.0, 211.45, 170.6]
2023-09-04 10:03:10,255 - last entry was at : 151.5 and exit at: 170.6
2023-09-04 10:03:10,255 - short pnl booked until now:-28289.999999999993
2023-09-04 10:14:59,207 - BANKNIFTY06SEP23P44400 candle closing price at time 2023-09-04 10:14:59.207499+05:30 is 188.6
2023-09-04 10:29:59,184 - BANKNIFTY06SEP23P44400 candle closing price at time 2023-09-04 10:29:59.184572+05:30 is 185.0
2023-09-04 10:44:59,266 - BANKNIFTY06SEP23P44400 candle closing price at time 2023-09-04 10:44:59.266814+05:30 is 233.7
2023-09-04 10:59:59,186 - BANKNIFTY06SEP23P44400 candle closing price at time 2023-09-04 10:59:59.186738+05:30 is 210.3
2023-09-04 11:14:59,134 - BANKNIFTY06SEP23P44400 candle closing price at time 2023-09-04 11:14:59.134527+05:30 is 161.25
2023-09-04 11:29:59,193 - BANKNIFTY06SEP23P44400 candle closing price at time 2023-09-04 11:29:59.193808+05:30 is 160.3
2023-09-04 11:44:59,227 - BANKNIFTY06SEP23P44400 candle closing price at time 2023-09-04 11:44:59.227253+05:30 is 156.15
2023-09-04 11:59:59,125 - BANKNIFTY06SEP23P44400 candle closing price at time 2023-09-04 11:59:59.125540+05:30 is 154.55
2023-09-04 12:14:59,072 - BANKNIFTY06SEP23P44400 candle closing price at time 2023-09-04 12:14:59.072834+05:30 is 157.7
2023-09-04 12:29:59,024 - BANKNIFTY06SEP23P44400 candle closing price at time 2023-09-04 12:29:59.024211+05:30 is 135.3
2023-09-04 12:44:59,055 - BANKNIFTY06SEP23P44400 candle closing price at time 2023-09-04 12:44:59.055182+05:30 is 132.45
2023-09-04 12:59:59,018 - BANKNIFTY06SEP23P44400 candle closing price at time 2023-09-04 12:59:59.018777+05:30 is 131.85
2023-09-04 13:14:59,109 - BANKNIFTY06SEP23P44400 candle closing price at time 2023-09-04 13:14:59.109011+05:30 is 118.5
2023-09-04 13:29:59,166 - BANKNIFTY06SEP23P44400 candle closing price at time 2023-09-04 13:29:59.166435+05:30 is 114.5
2023-09-04 13:44:59,255 - BANKNIFTY06SEP23P44400 candle closing price at time 2023-09-04 13:44:59.255623+05:30 is 118.7
2023-09-04 13:59:59,118 - BANKNIFTY06SEP23P44400 candle closing price at time 2023-09-04 13:59:59.118374+05:30 is 129.95
2023-09-04 14:14:59,298 - BANKNIFTY06SEP23P44400 candle closing price at time 2023-09-04 14:14:59.298864+05:30 is 136.5
2023-09-04 14:29:59,264 - BANKNIFTY06SEP23P44400 candle closing price at time 2023-09-04 14:29:59.264482+05:30 is 111.2
2023-09-04 14:44:59,215 - BANKNIFTY06SEP23P44400 candle closing price at time 2023-09-04 14:44:59.215177+05:30 is 98.2
2023-09-04 14:59:59,106 - BANKNIFTY06SEP23P44400 candle closing price at time 2023-09-04 14:59:59.106265+05:30 is 103.95
2023-09-04 15:14:59,214 - BANKNIFTY06SEP23P44400 candle closing price at time 2023-09-04 15:14:59.213959+05:30 is 105.1
2023-09-05 10:55:13,870 - BANKNIFTY06SEP23P44400 went short at price-86.4, time-10:55:13
2023-09-05 10:55:13,870 - short entry dict: [0.0, 86.4]
2023-09-05 10:59:59,168 - BANKNIFTY06SEP23P44400 candle closing price at time 2023-09-05 10:59:59.168316+05:30 is 94.7
2023-09-05 11:14:59,059 - BANKNIFTY06SEP23P44400 candle closing price at time 2023-09-05 11:14:59.059307+05:30 is 91.6
2023-09-05 11:29:59,204 - BANKNIFTY06SEP23P44400 candle closing price at time 2023-09-05 11:29:59.204834+05:30 is 94.15
2023-09-05 11:44:59,095 - BANKNIFTY06SEP23P44400 candle closing price at time 2023-09-05 11:44:59.095086+05:30 is 89.45
2023-09-05 11:59:59,252 - BANKNIFTY06SEP23P44400 candle closing price at time 2023-09-05 11:59:59.252324+05:30 is 86.8
2023-09-05 12:10:13,008 - short entry dict: [0.0, 86.4]
2023-09-05 12:10:13,014 - short exit dict: [0.0, 106.75]
2023-09-05 12:10:13,019 - last entry was at : 86.4 and exit at: 106.75
2023-09-05 12:10:13,024 - short pnl booked until now:-6104.999999999998
2023-09-05 12:29:59,129 - BANKNIFTY06SEP23P44400 candle closing price at time 2023-09-05 12:29:59.129467+05:30 is 116.0
2023-09-05 12:44:59,248 - BANKNIFTY06SEP23P44400 candle closing price at time 2023-09-05 12:44:59.248354+05:30 is 134.3
2023-09-05 12:59:59,135 - BANKNIFTY06SEP23P44400 candle closing price at time 2023-09-05 12:59:59.135075+05:30 is 129.0
2023-09-05 13:14:59,179 - BANKNIFTY06SEP23P44400 candle closing price at time 2023-09-05 13:14:59.179399+05:30 is 118.1
2023-09-05 13:29:59,199 - BANKNIFTY06SEP23P44400 candle closing price at time 2023-09-05 13:29:59.199681+05:30 is 121.5
2023-09-05 13:44:58,002 - BANKNIFTY06SEP23P44400 went short at price-106.55, time-13:44:58
2023-09-05 13:44:58,003 - short entry dict: [0.0, 86.4, 106.55]
2023-09-05 13:44:59,206 - BANKNIFTY06SEP23P44400 candle closing price at time 2023-09-05 13:44:59.206035+05:30 is 106.85
2023-09-05 13:53:22,986 - short entry dict: [0.0, 86.4, 106.55]
2023-09-05 13:53:22,992 - short exit dict: [0.0, 106.75, 112.35]
2023-09-05 13:53:22,997 - last entry was at : 106.55 and exit at: 112.35
2023-09-05 13:53:23,002 - short pnl booked until now:-7844.999999999997
2023-09-05 13:59:58,002 - BANKNIFTY06SEP23P44400 went short at price-97.0, time-13:59:58
2023-09-05 13:59:58,002 - short entry dict: [0.0, 86.4, 106.55, 97.0]
2023-09-05 13:59:59,207 - BANKNIFTY06SEP23P44400 candle closing price at time 2023-09-05 13:59:59.207141+05:30 is 96.55
2023-09-05 14:14:59,235 - BANKNIFTY06SEP23P44400 candle closing price at time 2023-09-05 14:14:59.235402+05:30 is 93.5
2023-09-05 14:29:59,240 - BANKNIFTY06SEP23P44400 candle closing price at time 2023-09-05 14:29:59.240000+05:30 is 67.65
2023-09-05 14:44:59,219 - BANKNIFTY06SEP23P44400 candle closing price at time 2023-09-05 14:44:59.219854+05:30 is 61.4
2023-09-05 14:59:59,082 - BANKNIFTY06SEP23P44400 candle closing price at time 2023-09-05 14:59:59.082771+05:30 is 59.3
2023-09-05 15:14:59,203 - BANKNIFTY06SEP23P44400 candle closing price at time 2023-09-05 15:14:59.203869+05:30 is 61.95
2023-09-06 10:05:19,100 - BANKNIFTY06SEP23P44400 went long at price-68.7, time-10:5:19
2023-09-06 10:05:19,100 - long entry dict:[0.0, 68.7]
2023-09-06 10:05:19,100 - long exit dict:[0.0]
2023-09-06 10:05:19,100 - HEDGE-BANKNIFTY06SEP23P44400 went long at price-68.7, time-10:5:19
