2023-08-17 09:31:19,348 - BANKNIFTY17AUG23C43900 went short at price-102.55, time-9:31:19
2023-08-17 09:31:19,348 - short entry dict: [0.0, 102.55]
2023-08-17 09:44:59,089 - BANKNIFTY17AUG23C43900 candle closing price at time 2023-08-17 09:44:59.088586+05:30 is 119.2
2023-08-17 09:48:35,901 - short entry dict: [0.0, 102.55]
2023-08-17 09:48:35,902 - short exit dict: [0.0, 130.65]
2023-08-17 09:48:35,902 - last entry was at : 102.55 and exit at: 130.65
2023-08-17 09:48:35,902 - short pnl booked until now:-8430.000000000002
2023-08-17 09:59:58,000 - BANKNIFTY17AUG23C43900 went short at price-121.15, time-9:59:58
2023-08-17 09:59:58,001 - short entry dict: [0.0, 102.55, 121.15]
2023-08-17 09:59:59,206 - BANKNIFTY17AUG23C43900 candle closing price at time 2023-08-17 09:59:59.206597+05:30 is 121.4
2023-08-17 10:03:03,225 - short entry dict: [0.0, 102.55, 121.15]
2023-08-17 10:03:03,225 - short exit dict: [0.0, 130.65, 128.6]
2023-08-17 10:03:03,225 - last entry was at : 121.15 and exit at: 128.6
2023-08-17 10:03:03,226 - short pnl booked until now:-10664.999999999998
2023-08-17 10:14:59,219 - BANKNIFTY17AUG23C43900 candle closing price at time 2023-08-17 10:14:59.219047+05:30 is 144.1
2023-08-17 10:29:59,027 - BANKNIFTY17AUG23C43900 candle closing price at time 2023-08-17 10:29:59.027247+05:30 is 144.25
2023-08-17 10:44:59,065 - BANKNIFTY17AUG23C43900 candle closing price at time 2023-08-17 10:44:59.065124+05:30 is 166.95
2023-08-17 10:59:59,227 - BANKNIFTY17AUG23C43900 candle closing price at time 2023-08-17 10:59:59.227146+05:30 is 184.95
2023-08-17 11:14:59,071 - BANKNIFTY17AUG23C43900 candle closing price at time 2023-08-17 11:14:59.071646+05:30 is 143.9
2023-08-17 11:29:58,006 - BANKNIFTY17AUG23C43900 went short at price-97.2, time-11:29:58
2023-08-17 11:29:58,007 - short entry dict: [0.0, 102.55, 121.15, 97.2]
2023-08-17 11:29:59,212 - BANKNIFTY17AUG23C43900 candle closing price at time 2023-08-17 11:29:59.212237+05:30 is 94.6
2023-08-17 11:44:59,268 - BANKNIFTY17AUG23C43900 candle closing price at time 2023-08-17 11:44:59.268781+05:30 is 106.8
2023-08-17 11:59:59,139 - BANKNIFTY17AUG23C43900 candle closing price at time 2023-08-17 11:59:59.139008+05:30 is 91.9
2023-08-17 12:14:59,033 - BANKNIFTY17AUG23C43900 candle closing price at time 2023-08-17 12:14:59.033178+05:30 is 63.85
2023-08-17 12:29:59,121 - BANKNIFTY17AUG23C43900 candle closing price at time 2023-08-17 12:29:59.121199+05:30 is 68.1
2023-08-17 12:44:59,172 - BANKNIFTY17AUG23C43900 candle closing price at time 2023-08-17 12:44:59.172650+05:30 is 33.6
2023-08-17 12:59:59,164 - BANKNIFTY17AUG23C43900 candle closing price at time 2023-08-17 12:59:59.164619+05:30 is 28.1
2023-08-17 13:14:59,016 - BANKNIFTY17AUG23C43900 candle closing price at time 2023-08-17 13:14:59.016159+05:30 is 24.85
2023-08-17 13:29:59,281 - BANKNIFTY17AUG23C43900 candle closing price at time 2023-08-17 13:29:59.280963+05:30 is 33.3
2023-08-17 13:44:59,120 - BANKNIFTY17AUG23C43900 candle closing price at time 2023-08-17 13:44:59.120616+05:30 is 44.05
2023-08-17 13:59:59,055 - BANKNIFTY17AUG23C43900 candle closing price at time 2023-08-17 13:59:59.054868+05:30 is 33.45
2023-08-17 14:14:59,082 - BANKNIFTY17AUG23C43900 candle closing price at time 2023-08-17 14:14:59.082696+05:30 is 31.7
2023-08-17 14:29:59,124 - BANKNIFTY17AUG23C43900 candle closing price at time 2023-08-17 14:29:59.124048+05:30 is 15.75
2023-08-17 14:44:59,060 - BANKNIFTY17AUG23C43900 candle closing price at time 2023-08-17 14:44:59.060576+05:30 is 22.25
2023-08-17 14:59:59,132 - BANKNIFTY17AUG23C43900 candle closing price at time 2023-08-17 14:59:59.131913+05:30 is 12.15
2023-08-17 15:14:59,259 - BANKNIFTY17AUG23C43900 candle closing price at time 2023-08-17 15:14:59.259680+05:30 is 0.65
