2023-09-04 09:31:11,822 - FINNIFTY05SEP23P19700 went short at price-17.75, time-9:31:11
2023-09-04 09:31:11,822 - short entry dict: [0.0, 17.75]
2023-09-04 09:35:23,103 - short entry dict: [0.0, 17.75]
2023-09-04 09:35:23,109 - short exit dict: [0.0, 28.8]
2023-09-04 09:35:23,114 - last entry was at : 17.75 and exit at: 28.8
2023-09-04 09:35:23,119 - short pnl booked until now:-1768.0
2023-09-04 09:44:59,209 - FINNIFTY05SEP23P19700 candle closing price at time 2023-09-04 09:44:59.208985+05:30 is 34.85
2023-09-04 09:59:59,170 - FINNIFTY05SEP23P19700 candle closing price at time 2023-09-04 09:59:59.170631+05:30 is 22.95
2023-09-04 10:14:59,145 - FINNIFTY05SEP23P19700 candle closing price at time 2023-09-04 10:14:59.145579+05:30 is 30.8
2023-09-04 10:29:59,240 - FINNIFTY05SEP23P19700 candle closing price at time 2023-09-04 10:29:59.240434+05:30 is 31.35
2023-09-04 10:44:59,106 - FINNIFTY05SEP23P19700 candle closing price at time 2023-09-04 10:44:59.105987+05:30 is 53.4
2023-09-04 10:59:59,036 - FINNIFTY05SEP23P19700 candle closing price at time 2023-09-04 10:59:59.036506+05:30 is 47.6
2023-09-04 11:14:59,079 - FINNIFTY05SEP23P19700 candle closing price at time 2023-09-04 11:14:59.079707+05:30 is 30.4
2023-09-04 11:29:59,193 - FINNIFTY05SEP23P19700 candle closing price at time 2023-09-04 11:29:59.193009+05:30 is 30.1
2023-09-04 11:44:59,226 - FINNIFTY05SEP23P19700 candle closing price at time 2023-09-04 11:44:59.226007+05:30 is 28.05
2023-09-04 11:59:59,106 - FINNIFTY05SEP23P19700 candle closing price at time 2023-09-04 11:59:59.106382+05:30 is 29.0
2023-09-04 12:14:59,066 - FINNIFTY05SEP23P19700 candle closing price at time 2023-09-04 12:14:59.065952+05:30 is 28.05
2023-09-04 12:29:59,016 - FINNIFTY05SEP23P19700 candle closing price at time 2023-09-04 12:29:59.016520+05:30 is 23.0
2023-09-04 12:44:59,159 - FINNIFTY05SEP23P19700 candle closing price at time 2023-09-04 12:44:59.159144+05:30 is 22.2
2023-09-04 12:59:59,151 - FINNIFTY05SEP23P19700 candle closing price at time 2023-09-04 12:59:59.151571+05:30 is 22.3
2023-09-04 13:14:59,101 - FINNIFTY05SEP23P19700 candle closing price at time 2023-09-04 13:14:59.101688+05:30 is 18.8
2023-09-04 13:29:59,029 - FINNIFTY05SEP23P19700 candle closing price at time 2023-09-04 13:29:59.029563+05:30 is 17.7
2023-09-04 13:44:59,251 - FINNIFTY05SEP23P19700 candle closing price at time 2023-09-04 13:44:59.251505+05:30 is 19.35
2023-09-04 13:59:59,183 - FINNIFTY05SEP23P19700 candle closing price at time 2023-09-04 13:59:59.183768+05:30 is 22.1
2023-09-04 14:14:59,261 - FINNIFTY05SEP23P19700 candle closing price at time 2023-09-04 14:14:59.261564+05:30 is 23.5
2023-09-04 14:29:59,060 - FINNIFTY05SEP23P19700 candle closing price at time 2023-09-04 14:29:59.060668+05:30 is 18.8
2023-09-04 14:44:59,116 - FINNIFTY05SEP23P19700 candle closing price at time 2023-09-04 14:44:59.116292+05:30 is 14.6
2023-09-04 14:59:59,007 - FINNIFTY05SEP23P19700 candle closing price at time 2023-09-04 14:59:59.006897+05:30 is 15.65
2023-09-04 15:14:59,128 - FINNIFTY05SEP23P19700 candle closing price at time 2023-09-04 15:14:59.128878+05:30 is 15.1
2023-09-05 10:55:13,649 - FINNIFTY05SEP23P19700 went short at price-7.4, time-10:55:13
2023-09-05 10:55:13,651 - short entry dict: [0.0, 7.4]
2023-09-05 11:00:04,309 - short entry dict: [0.0, 7.4]
2023-09-05 11:00:04,310 - short exit dict: [0.0, 9.75]
2023-09-05 11:00:04,310 - last entry was at : 7.4 and exit at: 9.75
2023-09-05 11:00:04,310 - short pnl booked until now:-375.99999999999994
2023-09-05 11:14:58,002 - FINNIFTY05SEP23P19700 went short at price-8.3, time-11:14:58
2023-09-05 11:14:58,002 - short entry dict: [0.0, 7.4, 8.3]
2023-09-05 11:14:59,208 - FINNIFTY05SEP23P19700 candle closing price at time 2023-09-05 11:14:59.208880+05:30 is 8.35
2023-09-05 11:29:59,106 - FINNIFTY05SEP23P19700 candle closing price at time 2023-09-05 11:29:59.106712+05:30 is 7.7
2023-09-05 11:44:59,118 - FINNIFTY05SEP23P19700 candle closing price at time 2023-09-05 11:44:59.118610+05:30 is 7.45
2023-09-05 11:59:59,200 - FINNIFTY05SEP23P19700 candle closing price at time 2023-09-05 11:59:59.200798+05:30 is 6.1
2023-09-05 12:15:04,305 - short entry dict: [0.0, 7.4, 8.3]
2023-09-05 12:15:04,306 - short exit dict: [0.0, 9.75, 10.35]
2023-09-05 12:15:04,306 - last entry was at : 8.3 and exit at: 10.35
2023-09-05 12:15:04,306 - short pnl booked until now:-703.9999999999998
2023-09-05 12:29:59,204 - FINNIFTY05SEP23P19700 candle closing price at time 2023-09-05 12:29:59.204384+05:30 is 11.45
2023-09-05 12:44:59,244 - FINNIFTY05SEP23P19700 candle closing price at time 2023-09-05 12:44:59.244762+05:30 is 11.8
2023-09-05 12:59:59,161 - FINNIFTY05SEP23P19700 candle closing price at time 2023-09-05 12:59:59.161079+05:30 is 9.4
2023-09-05 13:14:59,160 - FINNIFTY05SEP23P19700 candle closing price at time 2023-09-05 13:14:59.160470+05:30 is 6.8
2023-09-05 13:29:59,090 - FINNIFTY05SEP23P19700 candle closing price at time 2023-09-05 13:29:59.090628+05:30 is 8.95
2023-09-05 13:44:59,065 - FINNIFTY05SEP23P19700 candle closing price at time 2023-09-05 13:44:59.065509+05:30 is 7.6
2023-09-05 13:59:59,015 - FINNIFTY05SEP23P19700 candle closing price at time 2023-09-05 13:59:59.015883+05:30 is 3.65
2023-09-05 14:14:59,244 - FINNIFTY05SEP23P19700 candle closing price at time 2023-09-05 14:14:59.244427+05:30 is 1.7
2023-09-05 14:29:59,271 - FINNIFTY05SEP23P19700 candle closing price at time 2023-09-05 14:29:59.271187+05:30 is 0.95
2023-09-05 14:44:59,086 - FINNIFTY05SEP23P19700 candle closing price at time 2023-09-05 14:44:59.086435+05:30 is 0.35
2023-09-05 14:59:59,085 - FINNIFTY05SEP23P19700 candle closing price at time 2023-09-05 14:59:59.085869+05:30 is 0.3
2023-09-05 15:14:59,021 - FINNIFTY05SEP23P19700 candle closing price at time 2023-09-05 15:14:59.021752+05:30 is 0.05
