2023-08-18 09:31:17,197 - BANKNIFTY24AUG23P43800 went long at price-207.8, time-9:31:17
2023-08-18 09:31:17,198 - long entry dict:[0.0, 207.8]
2023-08-18 09:31:17,198 - long exit dict:[0.0]
2023-08-18 09:31:17,198 - HEDGE-BANKNIFTY24AUG23P43800 went long at price-207.8, time-9:31:17
2023-08-21 09:31:16,685 - BANKNIFTY24AUG23P43800 went long at price-161.65, time-9:31:16
2023-08-21 09:31:16,685 - long entry dict:[0.0, 161.65]
2023-08-21 09:31:16,685 - long exit dict:[0.0]
2023-08-21 09:31:16,685 - HEDGE-BANKNIFTY24AUG23P43800 went long at price-161.65, time-9:31:16
2023-08-22 09:31:17,290 - BANKNIFTY24AUG23P43800 went long at price-75.15, time-9:31:17
2023-08-22 09:31:17,290 - long entry dict:[0.0, 75.15]
2023-08-22 09:31:17,290 - long exit dict:[0.0]
2023-08-22 09:31:17,290 - HEDGE-BANKNIFTY24AUG23P43800 went long at price-75.15, time-9:31:17
2023-08-23 09:31:13,397 - BANKNIFTY24AUG23P43800 went short at price-63.15, time-9:31:13
2023-08-23 09:31:13,398 - short entry dict: [0.0, 63.15]
2023-08-23 09:44:59,055 - BANKNIFTY24AUG23P43800 candle closing price at time 2023-08-23 09:44:59.055417+05:30 is 57.55
2023-08-23 09:59:59,169 - BANKNIFTY24AUG23P43800 candle closing price at time 2023-08-23 09:59:59.169131+05:30 is 65.75
2023-08-23 10:01:50,969 - short entry dict: [0.0, 63.15]
2023-08-23 10:01:50,970 - short exit dict: [0.0, 70.85]
2023-08-23 10:01:50,970 - last entry was at : 63.15 and exit at: 70.85
2023-08-23 10:01:50,970 - short pnl booked until now:-2309.9999999999986
2023-08-23 10:14:58,001 - BANKNIFTY24AUG23P43800 went short at price-68.6, time-10:14:58
2023-08-23 10:14:58,001 - short entry dict: [0.0, 63.15, 68.6]
2023-08-23 10:14:59,205 - BANKNIFTY24AUG23P43800 candle closing price at time 2023-08-23 10:14:59.205179+05:30 is 69.1
2023-08-23 10:16:22,268 - short entry dict: [0.0, 63.15, 68.6]
2023-08-23 10:16:22,268 - short exit dict: [0.0, 70.85, 69.4]
2023-08-23 10:16:22,268 - last entry was at : 68.6 and exit at: 69.4
2023-08-23 10:16:22,268 - short pnl booked until now:-2550.000000000002
2023-08-23 10:29:58,001 - BANKNIFTY24AUG23P43800 went short at price-59.2, time-10:29:58
2023-08-23 10:29:58,002 - short entry dict: [0.0, 63.15, 68.6, 59.2]
2023-08-23 10:29:59,206 - BANKNIFTY24AUG23P43800 candle closing price at time 2023-08-23 10:29:59.206145+05:30 is 59.2
2023-08-23 10:44:59,287 - BANKNIFTY24AUG23P43800 candle closing price at time 2023-08-23 10:44:59.287923+05:30 is 56.4
2023-08-23 10:59:59,021 - BANKNIFTY24AUG23P43800 candle closing price at time 2023-08-23 10:59:59.021345+05:30 is 48.7
2023-08-23 11:14:59,061 - BANKNIFTY24AUG23P43800 candle closing price at time 2023-08-23 11:14:59.061821+05:30 is 33.8
2023-08-23 11:29:59,261 - BANKNIFTY24AUG23P43800 candle closing price at time 2023-08-23 11:29:59.261147+05:30 is 30.2
2023-08-23 11:44:59,176 - BANKNIFTY24AUG23P43800 candle closing price at time 2023-08-23 11:44:59.176812+05:30 is 27.75
2023-08-23 11:59:59,079 - BANKNIFTY24AUG23P43800 candle closing price at time 2023-08-23 11:59:59.079910+05:30 is 29.75
2023-08-23 12:14:59,272 - BANKNIFTY24AUG23P43800 candle closing price at time 2023-08-23 12:14:59.272605+05:30 is 27.0
2023-08-23 12:29:59,177 - BANKNIFTY24AUG23P43800 candle closing price at time 2023-08-23 12:29:59.177384+05:30 is 22.2
2023-08-23 12:44:59,297 - BANKNIFTY24AUG23P43800 candle closing price at time 2023-08-23 12:44:59.297735+05:30 is 18.2
2023-08-23 12:59:59,250 - BANKNIFTY24AUG23P43800 candle closing price at time 2023-08-23 12:59:59.250026+05:30 is 17.5
2023-08-23 13:14:59,055 - BANKNIFTY24AUG23P43800 candle closing price at time 2023-08-23 13:14:59.055343+05:30 is 17.7
2023-08-23 13:29:59,232 - BANKNIFTY24AUG23P43800 candle closing price at time 2023-08-23 13:29:59.232679+05:30 is 17.3
2023-08-23 13:44:59,260 - BANKNIFTY24AUG23P43800 candle closing price at time 2023-08-23 13:44:59.259926+05:30 is 16.6
2023-08-23 13:59:59,104 - BANKNIFTY24AUG23P43800 candle closing price at time 2023-08-23 13:59:59.104539+05:30 is 15.8
2023-08-23 14:14:59,111 - BANKNIFTY24AUG23P43800 candle closing price at time 2023-08-23 14:14:59.111520+05:30 is 14.35
2023-08-23 14:29:59,156 - BANKNIFTY24AUG23P43800 candle closing price at time 2023-08-23 14:29:59.156061+05:30 is 14.7
2023-08-23 14:44:59,251 - BANKNIFTY24AUG23P43800 candle closing price at time 2023-08-23 14:44:59.251803+05:30 is 12.35
2023-08-23 14:59:59,076 - BANKNIFTY24AUG23P43800 candle closing price at time 2023-08-23 14:59:59.076180+05:30 is 12.4
2023-08-23 15:14:59,090 - BANKNIFTY24AUG23P43800 candle closing price at time 2023-08-23 15:14:59.090292+05:30 is 13.85
