2023-08-24 09:31:20,199 - BANKNIFTY24AUG23C45200 went short at price-8.3, time-9:31:20
2023-08-24 09:31:20,200 - short entry dict: [0.0, 8.3]
2023-08-24 09:42:22,589 - short entry dict: [0.0, 8.3]
2023-08-24 09:42:22,630 - short exit dict: [0.0, 10.8]
2023-08-24 09:42:22,648 - last entry was at : 8.3 and exit at: 10.8
2023-08-24 09:42:22,649 - short pnl booked until now:-750.0
2023-08-24 09:44:59,219 - BANKNIFTY24AUG23C45200 candle closing price at time 2023-08-24 09:44:59.219565+05:30 is 13.65
2023-08-24 09:59:59,129 - BANKNIFTY24AUG23C45200 candle closing price at time 2023-08-24 09:59:59.128893+05:30 is 21.05
2023-08-24 10:14:59,249 - BANKNIFTY24AUG23C45200 candle closing price at time 2023-08-24 10:14:59.249788+05:30 is 21.45
2023-08-24 10:29:59,146 - BANKNIFTY24AUG23C45200 candle closing price at time 2023-08-24 10:29:59.146567+05:30 is 14.25
2023-08-24 10:44:59,070 - BANKNIFTY24AUG23C45200 candle closing price at time 2023-08-24 10:44:59.070807+05:30 is 11.7
2023-08-24 10:59:58,018 - BANKNIFTY24AUG23C45200 went short at price-7.3, time-10:59:58
2023-08-24 10:59:58,018 - short entry dict: [0.0, 8.3, 7.3]
2023-08-24 10:59:59,223 - BANKNIFTY24AUG23C45200 candle closing price at time 2023-08-24 10:59:59.223778+05:30 is 7.3
2023-08-24 11:02:44,979 - short entry dict: [0.0, 8.3, 7.3]
2023-08-24 11:02:44,985 - short exit dict: [0.0, 10.8, 8.6]
2023-08-24 11:02:44,985 - last entry was at : 7.3 and exit at: 8.6
2023-08-24 11:02:44,985 - short pnl booked until now:-1140.0
2023-08-24 11:14:58,001 - BANKNIFTY24AUG23C45200 went short at price-7.5, time-11:14:58
2023-08-24 11:14:58,002 - short entry dict: [0.0, 8.3, 7.3, 7.5]
2023-08-24 11:14:59,207 - BANKNIFTY24AUG23C45200 candle closing price at time 2023-08-24 11:14:59.207679+05:30 is 7.45
2023-08-24 11:28:51,708 - short entry dict: [0.0, 8.3, 7.3, 7.5]
2023-08-24 11:28:51,709 - short exit dict: [0.0, 10.8, 8.6, 8.65]
2023-08-24 11:28:51,709 - last entry was at : 7.5 and exit at: 8.65
2023-08-24 11:28:51,709 - short pnl booked until now:-1485.0
2023-08-24 11:29:58,905 - BANKNIFTY24AUG23C45200 went short at price-8.4, time-11:29:58
2023-08-24 11:29:58,906 - short entry dict: [0.0, 8.3, 7.3, 7.5, 8.4]
2023-08-24 11:29:59,206 - BANKNIFTY24AUG23C45200 candle closing price at time 2023-08-24 11:29:59.206855+05:30 is 8.4
2023-08-24 11:35:16,981 - short entry dict: [0.0, 8.3, 7.3, 7.5, 8.4]
2023-08-24 11:35:16,981 - short exit dict: [0.0, 10.8, 8.6, 8.65, 8.65]
2023-08-24 11:35:16,981 - last entry was at : 8.4 and exit at: 8.65
2023-08-24 11:35:16,981 - short pnl booked until now:-1560.0
2023-08-24 11:44:59,206 - BANKNIFTY24AUG23C45200 candle closing price at time 2023-08-24 11:44:59.206093+05:30 is 8.9
2023-08-24 11:59:58,006 - BANKNIFTY24AUG23C45200 went short at price-6.3, time-11:59:58
2023-08-24 11:59:58,006 - short entry dict: [0.0, 8.3, 7.3, 7.5, 8.4, 6.3]
2023-08-24 11:59:59,211 - BANKNIFTY24AUG23C45200 candle closing price at time 2023-08-24 11:59:59.211853+05:30 is 6.35
2023-08-24 12:14:59,059 - BANKNIFTY24AUG23C45200 candle closing price at time 2023-08-24 12:14:59.059198+05:30 is 5.95
2023-08-24 12:29:59,036 - BANKNIFTY24AUG23C45200 candle closing price at time 2023-08-24 12:29:59.035925+05:30 is 4.55
2023-08-24 12:44:59,179 - BANKNIFTY24AUG23C45200 candle closing price at time 2023-08-24 12:44:59.179170+05:30 is 6.3
2023-08-24 12:59:59,260 - BANKNIFTY24AUG23C45200 candle closing price at time 2023-08-24 12:59:59.260816+05:30 is 3.75
2023-08-24 13:14:59,290 - BANKNIFTY24AUG23C45200 candle closing price at time 2023-08-24 13:14:59.290570+05:30 is 2.1
2023-08-24 13:29:59,184 - BANKNIFTY24AUG23C45200 candle closing price at time 2023-08-24 13:29:59.184070+05:30 is 2.45
2023-08-24 13:44:59,161 - BANKNIFTY24AUG23C45200 candle closing price at time 2023-08-24 13:44:59.161801+05:30 is 2.5
2023-08-24 13:59:59,132 - BANKNIFTY24AUG23C45200 candle closing price at time 2023-08-24 13:59:59.132818+05:30 is 2.75
2023-08-24 14:14:59,285 - BANKNIFTY24AUG23C45200 candle closing price at time 2023-08-24 14:14:59.285345+05:30 is 3.2
2023-08-24 14:29:59,050 - BANKNIFTY24AUG23C45200 candle closing price at time 2023-08-24 14:29:59.050111+05:30 is 1.4
2023-08-24 14:44:59,168 - BANKNIFTY24AUG23C45200 candle closing price at time 2023-08-24 14:44:59.168579+05:30 is 0.75
2023-08-24 14:59:59,176 - BANKNIFTY24AUG23C45200 candle closing price at time 2023-08-24 14:59:59.176799+05:30 is 0.75
2023-08-24 15:14:59,037 - BANKNIFTY24AUG23C45200 candle closing price at time 2023-08-24 15:14:59.037273+05:30 is 0.15
