2023-08-17 09:31:18,628 - FINNIFTY22AUG23C19500 went short at price-141.4, time-9:31:18
2023-08-17 09:31:18,628 - short entry dict: [0.0, 141.4]
2023-08-17 09:38:08,382 - short entry dict: [0.0, 141.4]
2023-08-17 09:38:08,383 - short exit dict: [0.0, 148.45]
2023-08-17 09:38:08,383 - last entry was at : 141.4 and exit at: 148.45
2023-08-17 09:38:08,383 - short pnl booked until now:-1127.9999999999973
2023-08-17 09:44:59,208 - FINNIFTY22AUG23C19500 candle closing price at time 2023-08-17 09:44:59.208086+05:30 is 148.05
2023-08-17 09:59:58,006 - FINNIFTY22AUG23C19500 went short at price-144.0, time-9:59:58
2023-08-17 09:59:58,006 - short entry dict: [0.0, 141.4, 144.0]
2023-08-17 09:59:59,211 - FINNIFTY22AUG23C19500 candle closing price at time 2023-08-17 09:59:59.211760+05:30 is 144.1
2023-08-17 10:03:20,573 - short entry dict: [0.0, 141.4, 144.0]
2023-08-17 10:03:20,574 - short exit dict: [0.0, 148.45, 148.55]
2023-08-17 10:03:20,574 - last entry was at : 144.0 and exit at: 148.55
2023-08-17 10:03:20,574 - short pnl booked until now:-1855.999999999999
2023-08-17 10:14:59,211 - FINNIFTY22AUG23C19500 candle closing price at time 2023-08-17 10:14:59.211884+05:30 is 157.85
2023-08-17 10:29:59,021 - FINNIFTY22AUG23C19500 candle closing price at time 2023-08-17 10:29:59.021709+05:30 is 157.65
2023-08-17 10:44:59,225 - FINNIFTY22AUG23C19500 candle closing price at time 2023-08-17 10:44:59.225524+05:30 is 172.0
2023-08-17 10:59:59,226 - FINNIFTY22AUG23C19500 candle closing price at time 2023-08-17 10:59:59.226141+05:30 is 177.5
2023-08-17 11:14:59,064 - FINNIFTY22AUG23C19500 candle closing price at time 2023-08-17 11:14:59.063964+05:30 is 175.1
2023-08-17 11:29:58,006 - FINNIFTY22AUG23C19500 went short at price-152.15, time-11:29:58
2023-08-17 11:29:58,006 - short entry dict: [0.0, 141.4, 144.0, 152.15]
2023-08-17 11:29:59,212 - FINNIFTY22AUG23C19500 candle closing price at time 2023-08-17 11:29:59.211935+05:30 is 151.1
2023-08-17 11:34:16,289 - short entry dict: [0.0, 141.4, 144.0, 152.15]
2023-08-17 11:34:16,289 - short exit dict: [0.0, 148.45, 148.55, 154.5]
2023-08-17 11:34:16,289 - last entry was at : 152.15 and exit at: 154.5
2023-08-17 11:34:16,289 - short pnl booked until now:-2231.999999999998
2023-08-17 11:44:59,208 - FINNIFTY22AUG23C19500 candle closing price at time 2023-08-17 11:44:59.208405+05:30 is 161.15
2023-08-17 11:59:59,209 - FINNIFTY22AUG23C19500 candle closing price at time 2023-08-17 11:59:59.209012+05:30 is 156.3
2023-08-17 12:14:58,002 - FINNIFTY22AUG23C19500 went short at price-142.75, time-12:14:58
2023-08-17 12:14:58,002 - short entry dict: [0.0, 141.4, 144.0, 152.15, 142.75]
2023-08-17 12:14:59,208 - FINNIFTY22AUG23C19500 candle closing price at time 2023-08-17 12:14:59.208047+05:30 is 142.65
2023-08-17 12:29:59,039 - FINNIFTY22AUG23C19500 candle closing price at time 2023-08-17 12:29:59.039093+05:30 is 146.7
2023-08-17 12:44:59,119 - FINNIFTY22AUG23C19500 candle closing price at time 2023-08-17 12:44:59.119657+05:30 is 120.8
2023-08-17 12:59:59,267 - FINNIFTY22AUG23C19500 candle closing price at time 2023-08-17 12:59:59.267880+05:30 is 119.85
2023-08-17 13:14:59,069 - FINNIFTY22AUG23C19500 candle closing price at time 2023-08-17 13:14:59.069059+05:30 is 120.7
2023-08-17 13:29:59,297 - FINNIFTY22AUG23C19500 candle closing price at time 2023-08-17 13:29:59.297503+05:30 is 125.5
2023-08-17 13:44:59,166 - FINNIFTY22AUG23C19500 candle closing price at time 2023-08-17 13:44:59.166364+05:30 is 131.5
2023-08-17 13:59:59,012 - FINNIFTY22AUG23C19500 candle closing price at time 2023-08-17 13:59:59.012516+05:30 is 128.25
2023-08-17 14:14:59,083 - FINNIFTY22AUG23C19500 candle closing price at time 2023-08-17 14:14:59.083679+05:30 is 131.9
2023-08-17 14:29:59,151 - FINNIFTY22AUG23C19500 candle closing price at time 2023-08-17 14:29:59.151821+05:30 is 123.85
2023-08-17 14:44:59,227 - FINNIFTY22AUG23C19500 candle closing price at time 2023-08-17 14:44:59.227858+05:30 is 132.5
2023-08-17 14:59:59,253 - FINNIFTY22AUG23C19500 candle closing price at time 2023-08-17 14:59:59.253190+05:30 is 133.2
2023-08-17 15:14:59,162 - FINNIFTY22AUG23C19500 candle closing price at time 2023-08-17 15:14:59.162222+05:30 is 131.5
2023-08-18 09:31:19,504 - FINNIFTY22AUG23C19500 went short at price-94.35, time-9:31:19
2023-08-18 09:31:19,505 - short entry dict: [0.0, 94.35]
2023-08-18 09:44:59,194 - FINNIFTY22AUG23C19500 candle closing price at time 2023-08-18 09:44:59.194608+05:30 is 83.4
2023-08-18 09:59:59,266 - FINNIFTY22AUG23C19500 candle closing price at time 2023-08-18 09:59:59.265897+05:30 is 77.65
2023-08-18 10:14:59,285 - FINNIFTY22AUG23C19500 candle closing price at time 2023-08-18 10:14:59.285161+05:30 is 75.3
2023-08-18 10:29:59,234 - FINNIFTY22AUG23C19500 candle closing price at time 2023-08-18 10:29:59.234307+05:30 is 82.0
2023-08-18 10:44:59,007 - FINNIFTY22AUG23C19500 candle closing price at time 2023-08-18 10:44:59.007058+05:30 is 75.2
2023-08-18 10:59:59,011 - FINNIFTY22AUG23C19500 candle closing price at time 2023-08-18 10:59:59.011213+05:30 is 77.75
2023-08-18 11:14:59,148 - FINNIFTY22AUG23C19500 candle closing price at time 2023-08-18 11:14:59.148767+05:30 is 78.0
2023-08-18 11:29:59,188 - FINNIFTY22AUG23C19500 candle closing price at time 2023-08-18 11:29:59.188115+05:30 is 77.85
2023-08-18 11:44:59,200 - FINNIFTY22AUG23C19500 candle closing price at time 2023-08-18 11:44:59.199964+05:30 is 77.75
2023-08-18 11:59:59,300 - FINNIFTY22AUG23C19500 candle closing price at time 2023-08-18 11:59:59.300529+05:30 is 73.15
2023-08-18 12:14:59,204 - FINNIFTY22AUG23C19500 candle closing price at time 2023-08-18 12:14:59.204531+05:30 is 75.5
2023-08-18 12:29:59,263 - FINNIFTY22AUG23C19500 candle closing price at time 2023-08-18 12:29:59.263778+05:30 is 71.0
2023-08-18 12:44:59,164 - FINNIFTY22AUG23C19500 candle closing price at time 2023-08-18 12:44:59.164143+05:30 is 72.6
2023-08-18 12:59:59,108 - FINNIFTY22AUG23C19500 candle closing price at time 2023-08-18 12:59:59.108338+05:30 is 73.0
2023-08-18 13:14:59,165 - FINNIFTY22AUG23C19500 candle closing price at time 2023-08-18 13:14:59.165270+05:30 is 66.0
2023-08-18 13:29:59,277 - FINNIFTY22AUG23C19500 candle closing price at time 2023-08-18 13:29:59.277597+05:30 is 69.7
2023-08-18 13:44:59,270 - FINNIFTY22AUG23C19500 candle closing price at time 2023-08-18 13:44:59.270537+05:30 is 63.35
2023-08-18 13:59:59,044 - FINNIFTY22AUG23C19500 candle closing price at time 2023-08-18 13:59:59.044153+05:30 is 66.3
2023-08-18 14:14:59,028 - FINNIFTY22AUG23C19500 candle closing price at time 2023-08-18 14:14:59.028670+05:30 is 75.05
2023-08-18 14:20:20,021 - short entry dict: [0.0, 94.35]
2023-08-18 14:20:20,022 - short exit dict: [0.0, 86.5]
2023-08-18 14:20:20,022 - last entry was at : 94.35 and exit at: 86.5
2023-08-18 14:20:20,022 - short pnl booked until now:1255.999999999999
2023-08-18 14:29:58,000 - FINNIFTY22AUG23C19500 went short at price-82.4, time-14:29:58
2023-08-18 14:29:58,008 - short entry dict: [0.0, 94.35, 82.4]
2023-08-18 14:29:59,214 - FINNIFTY22AUG23C19500 candle closing price at time 2023-08-18 14:29:59.214614+05:30 is 82.55
2023-08-18 14:44:59,089 - FINNIFTY22AUG23C19500 candle closing price at time 2023-08-18 14:44:59.089448+05:30 is 74.75
2023-08-18 14:59:59,111 - FINNIFTY22AUG23C19500 candle closing price at time 2023-08-18 14:59:59.111841+05:30 is 76.55
2023-08-18 15:14:59,111 - FINNIFTY22AUG23C19500 candle closing price at time 2023-08-18 15:14:59.111384+05:30 is 71.5
2023-08-21 09:31:18,480 - FINNIFTY22AUG23C19500 went short at price-71.7, time-9:31:18
2023-08-21 09:31:18,481 - short entry dict: [0.0, 71.7]
2023-08-21 09:44:59,147 - FINNIFTY22AUG23C19500 candle closing price at time 2023-08-21 09:44:59.147126+05:30 is 72.9
2023-08-21 09:59:59,234 - FINNIFTY22AUG23C19500 candle closing price at time 2023-08-21 09:59:59.234409+05:30 is 64.0
2023-08-21 10:14:59,077 - FINNIFTY22AUG23C19500 candle closing price at time 2023-08-21 10:14:59.077247+05:30 is 60.8
2023-08-21 10:28:34,494 - short entry dict: [0.0, 71.7]
2023-08-21 10:28:34,494 - short exit dict: [0.0, 75.45]
2023-08-21 10:28:34,495 - last entry was at : 71.7 and exit at: 75.45
2023-08-21 10:28:34,495 - short pnl booked until now:-600.0
2023-08-21 10:29:59,209 - FINNIFTY22AUG23C19500 candle closing price at time 2023-08-21 10:29:59.209789+05:30 is 77.9
2023-08-21 10:44:59,282 - FINNIFTY22AUG23C19500 candle closing price at time 2023-08-21 10:44:59.282163+05:30 is 86.0
2023-08-21 10:59:59,290 - FINNIFTY22AUG23C19500 candle closing price at time 2023-08-21 10:59:59.290763+05:30 is 93.4
2023-08-21 11:14:59,107 - FINNIFTY22AUG23C19500 candle closing price at time 2023-08-21 11:14:59.107779+05:30 is 129.05
2023-08-21 11:29:59,199 - FINNIFTY22AUG23C19500 candle closing price at time 2023-08-21 11:29:59.198946+05:30 is 116.1
2023-08-21 11:44:59,048 - FINNIFTY22AUG23C19500 candle closing price at time 2023-08-21 11:44:59.048548+05:30 is 111.65
2023-08-21 11:59:59,068 - FINNIFTY22AUG23C19500 candle closing price at time 2023-08-21 11:59:59.068063+05:30 is 112.4
2023-08-21 12:14:59,179 - FINNIFTY22AUG23C19500 candle closing price at time 2023-08-21 12:14:59.178989+05:30 is 110.5
2023-08-21 12:29:59,122 - FINNIFTY22AUG23C19500 candle closing price at time 2023-08-21 12:29:59.121968+05:30 is 114.3
2023-08-21 12:44:59,181 - FINNIFTY22AUG23C19500 candle closing price at time 2023-08-21 12:44:59.181580+05:30 is 117.55
2023-08-21 12:59:59,091 - FINNIFTY22AUG23C19500 candle closing price at time 2023-08-21 12:59:59.091718+05:30 is 118.25
2023-08-21 13:14:59,051 - FINNIFTY22AUG23C19500 candle closing price at time 2023-08-21 13:14:59.051296+05:30 is 121.0
2023-08-21 13:29:59,131 - FINNIFTY22AUG23C19500 candle closing price at time 2023-08-21 13:29:59.130958+05:30 is 117.8
2023-08-21 13:44:59,254 - FINNIFTY22AUG23C19500 candle closing price at time 2023-08-21 13:44:59.254647+05:30 is 115.2
2023-08-21 13:59:59,263 - FINNIFTY22AUG23C19500 candle closing price at time 2023-08-21 13:59:59.263801+05:30 is 121.5
2023-08-21 14:14:59,095 - FINNIFTY22AUG23C19500 candle closing price at time 2023-08-21 14:14:59.095525+05:30 is 110.45
2023-08-21 14:29:59,249 - FINNIFTY22AUG23C19500 candle closing price at time 2023-08-21 14:29:59.249256+05:30 is 117.0
2023-08-21 14:44:59,166 - FINNIFTY22AUG23C19500 candle closing price at time 2023-08-21 14:44:59.166824+05:30 is 124.0
2023-08-21 14:59:59,287 - FINNIFTY22AUG23C19500 candle closing price at time 2023-08-21 14:59:59.287204+05:30 is 136.85
2023-08-21 15:14:58,008 - FINNIFTY22AUG23C19500 went short at price-105.25, time-15:14:58
2023-08-21 15:14:58,008 - short entry dict: [0.0, 71.7, 105.25]
2023-08-21 15:14:59,214 - FINNIFTY22AUG23C19500 candle closing price at time 2023-08-21 15:14:59.214314+05:30 is 105.4
