2023-09-07 09:31:12,885 - BANKNIFTY13SEP23C44600 went short at price-160.6, time-9:31:12
2023-09-07 09:31:12,885 - short entry dict: [0.0, 160.6]
2023-09-07 09:44:59,248 - BANKNIFTY13SEP23C44600 candle closing price at time 2023-09-07 09:44:59.248648+05:30 is 161.4
2023-09-07 09:53:51,965 - short entry dict: [0.0, 160.6]
2023-09-07 09:53:51,971 - short exit dict: [0.0, 202.35]
2023-09-07 09:53:51,976 - last entry was at : 160.6 and exit at: 202.35
2023-09-07 09:53:51,987 - short pnl booked until now:-12525.0
2023-09-07 09:59:59,208 - BANKNIFTY13SEP23C44600 candle closing price at time 2023-09-07 09:59:59.208850+05:30 is 209.6
2023-09-07 10:14:59,206 - BANKNIFTY13SEP23C44600 candle closing price at time 2023-09-07 10:14:59.205975+05:30 is 202.4
2023-09-07 10:29:58,004 - BANKNIFTY13SEP23C44600 went short at price-196.0, time-10:29:58
2023-09-07 10:29:58,004 - short entry dict: [0.0, 160.6, 196.0]
2023-09-07 10:29:59,209 - BANKNIFTY13SEP23C44600 candle closing price at time 2023-09-07 10:29:59.209189+05:30 is 195.7
2023-09-07 10:38:27,182 - short entry dict: [0.0, 160.6, 196.0]
2023-09-07 10:38:27,187 - short exit dict: [0.0, 202.35, 203.85]
2023-09-07 10:38:27,193 - last entry was at : 196.0 and exit at: 203.85
2023-09-07 10:38:27,198 - short pnl booked until now:-14879.999999999998
2023-09-07 10:44:59,206 - BANKNIFTY13SEP23C44600 candle closing price at time 2023-09-07 10:44:59.206178+05:30 is 216.85
2023-09-07 10:59:59,293 - BANKNIFTY13SEP23C44600 candle closing price at time 2023-09-07 10:59:59.293396+05:30 is 224.9
2023-09-07 11:14:59,172 - BANKNIFTY13SEP23C44600 candle closing price at time 2023-09-07 11:14:59.172873+05:30 is 317.6
2023-09-07 11:29:59,295 - BANKNIFTY13SEP23C44600 candle closing price at time 2023-09-07 11:29:59.295749+05:30 is 284.9
2023-09-07 11:44:58,005 - BANKNIFTY13SEP23C44600 went short at price-200.55, time-11:44:58
2023-09-07 11:44:58,005 - short entry dict: [0.0, 160.6, 196.0, 200.55]
2023-09-07 11:44:59,209 - BANKNIFTY13SEP23C44600 candle closing price at time 2023-09-07 11:44:59.209210+05:30 is 200.4
2023-09-07 11:59:59,254 - BANKNIFTY13SEP23C44600 candle closing price at time 2023-09-07 11:59:59.254354+05:30 is 211.9
2023-09-07 12:14:59,241 - BANKNIFTY13SEP23C44600 candle closing price at time 2023-09-07 12:14:59.241428+05:30 is 197.0
2023-09-07 12:29:59,037 - BANKNIFTY13SEP23C44600 candle closing price at time 2023-09-07 12:29:59.037442+05:30 is 173.05
2023-09-07 12:44:59,197 - BANKNIFTY13SEP23C44600 candle closing price at time 2023-09-07 12:44:59.197171+05:30 is 186.3
2023-09-07 12:59:59,034 - BANKNIFTY13SEP23C44600 candle closing price at time 2023-09-07 12:59:59.034192+05:30 is 182.4
2023-09-07 13:14:59,073 - BANKNIFTY13SEP23C44600 candle closing price at time 2023-09-07 13:14:59.073777+05:30 is 194.0
2023-09-07 13:19:34,283 - short entry dict: [0.0, 160.6, 196.0, 200.55]
2023-09-07 13:19:34,289 - short exit dict: [0.0, 202.35, 203.85, 207.8]
2023-09-07 13:19:34,294 - last entry was at : 200.55 and exit at: 207.8
2023-09-07 13:19:34,299 - short pnl booked until now:-17055.0
2023-09-07 13:29:59,211 - BANKNIFTY13SEP23C44600 candle closing price at time 2023-09-07 13:29:59.211483+05:30 is 223.6
2023-09-07 13:44:59,151 - BANKNIFTY13SEP23C44600 candle closing price at time 2023-09-07 13:44:59.151020+05:30 is 240.05
2023-09-07 13:59:59,009 - BANKNIFTY13SEP23C44600 candle closing price at time 2023-09-07 13:59:59.008975+05:30 is 232.1
2023-09-07 14:14:59,253 - BANKNIFTY13SEP23C44600 candle closing price at time 2023-09-07 14:14:59.253561+05:30 is 277.05
2023-09-07 14:29:59,060 - BANKNIFTY13SEP23C44600 candle closing price at time 2023-09-07 14:29:59.060252+05:30 is 317.0
2023-09-07 14:44:59,028 - BANKNIFTY13SEP23C44600 candle closing price at time 2023-09-07 14:44:59.028331+05:30 is 438.9
2023-09-07 14:59:59,133 - BANKNIFTY13SEP23C44600 candle closing price at time 2023-09-07 14:59:59.133540+05:30 is 451.55
2023-09-07 15:14:59,051 - BANKNIFTY13SEP23C44600 candle closing price at time 2023-09-07 15:14:59.051546+05:30 is 418.4
