2023-08-25 09:31:20,410 - BANKNIFTY31AUG23P44300 went short at price-253.35, time-9:31:20
2023-08-25 09:31:20,411 - short entry dict: [0.0, 253.35]
2023-08-25 09:44:59,135 - BANKNIFTY31AUG23P44300 candle closing price at time 2023-08-25 09:44:59.135799+05:30 is 246.55
2023-08-25 09:59:59,150 - BANKNIFTY31AUG23P44300 candle closing price at time 2023-08-25 09:59:59.149931+05:30 is 248.1
2023-08-25 10:14:59,262 - BANKNIFTY31AUG23P44300 candle closing price at time 2023-08-25 10:14:59.262697+05:30 is 253.6
2023-08-25 10:26:56,750 - short entry dict: [0.0, 253.35]
2023-08-25 10:26:56,750 - short exit dict: [0.0, 331.95]
2023-08-25 10:26:56,750 - last entry was at : 253.35 and exit at: 331.95
2023-08-25 10:26:56,750 - short pnl booked until now:-23580.0
2023-08-25 10:29:59,217 - BANKNIFTY31AUG23P44300 candle closing price at time 2023-08-25 10:29:59.217586+05:30 is 370.5
2023-08-25 10:44:59,236 - BANKNIFTY31AUG23P44300 candle closing price at time 2023-08-25 10:44:59.236187+05:30 is 400.35
2023-08-25 10:59:59,290 - BANKNIFTY31AUG23P44300 candle closing price at time 2023-08-25 10:59:59.290606+05:30 is 417.0
2023-08-25 11:14:59,071 - BANKNIFTY31AUG23P44300 candle closing price at time 2023-08-25 11:14:59.071015+05:30 is 396.55
2023-08-25 11:29:59,209 - BANKNIFTY31AUG23P44300 candle closing price at time 2023-08-25 11:29:59.209372+05:30 is 257.35
2023-08-25 11:44:59,190 - BANKNIFTY31AUG23P44300 candle closing price at time 2023-08-25 11:44:59.190013+05:30 is 257.5
2023-08-25 11:59:59,209 - BANKNIFTY31AUG23P44300 candle closing price at time 2023-08-25 11:59:59.209011+05:30 is 256.7
2023-08-25 12:14:59,125 - BANKNIFTY31AUG23P44300 candle closing price at time 2023-08-25 12:14:59.125133+05:30 is 277.55
2023-08-25 12:29:59,110 - BANKNIFTY31AUG23P44300 candle closing price at time 2023-08-25 12:29:59.110761+05:30 is 251.5
2023-08-25 12:44:59,255 - BANKNIFTY31AUG23P44300 candle closing price at time 2023-08-25 12:44:59.255104+05:30 is 251.1
2023-08-25 12:59:58,019 - BANKNIFTY31AUG23P44300 went short at price-231.9, time-12:59:58
2023-08-25 12:59:58,019 - short entry dict: [0.0, 253.35, 231.9]
2023-08-25 12:59:59,229 - BANKNIFTY31AUG23P44300 candle closing price at time 2023-08-25 12:59:59.229576+05:30 is 232.9
2023-08-25 13:01:41,750 - short entry dict: [0.0, 253.35, 231.9]
2023-08-25 13:01:41,750 - short exit dict: [0.0, 331.95, 239.35]
2023-08-25 13:01:41,750 - last entry was at : 231.9 and exit at: 239.35
2023-08-25 13:01:41,750 - short pnl booked until now:-25814.999999999996
2023-08-25 13:14:59,218 - BANKNIFTY31AUG23P44300 candle closing price at time 2023-08-25 13:14:59.218421+05:30 is 251.2
2023-08-25 13:29:59,207 - BANKNIFTY31AUG23P44300 candle closing price at time 2023-08-25 13:29:59.207293+05:30 is 259.0
2023-08-25 13:44:58,026 - BANKNIFTY31AUG23P44300 went short at price-240.85, time-13:44:58
2023-08-25 13:44:58,026 - short entry dict: [0.0, 253.35, 231.9, 240.85]
2023-08-25 13:44:59,231 - BANKNIFTY31AUG23P44300 candle closing price at time 2023-08-25 13:44:59.231707+05:30 is 240.75
2023-08-25 13:45:07,845 - short entry dict: [0.0, 253.35, 231.9, 240.85]
2023-08-25 13:45:07,846 - short exit dict: [0.0, 331.95, 239.35, 242.8]
2023-08-25 13:45:07,846 - last entry was at : 240.85 and exit at: 242.8
2023-08-25 13:45:07,846 - short pnl booked until now:-26400.0
2023-08-25 13:59:59,220 - BANKNIFTY31AUG23P44300 candle closing price at time 2023-08-25 13:59:59.220623+05:30 is 244.0
2023-08-25 14:14:59,213 - BANKNIFTY31AUG23P44300 candle closing price at time 2023-08-25 14:14:59.213443+05:30 is 269.9
2023-08-25 14:29:59,069 - BANKNIFTY31AUG23P44300 candle closing price at time 2023-08-25 14:29:59.069610+05:30 is 279.1
2023-08-25 14:44:59,237 - BANKNIFTY31AUG23P44300 candle closing price at time 2023-08-25 14:44:59.237212+05:30 is 281.05
2023-08-25 14:59:59,213 - BANKNIFTY31AUG23P44300 candle closing price at time 2023-08-25 14:59:59.213605+05:30 is 266.35
2023-08-25 15:14:59,215 - BANKNIFTY31AUG23P44300 candle closing price at time 2023-08-25 15:14:59.215737+05:30 is 278.15
2023-08-29 09:31:16,123 - BANKNIFTY31AUG23P44300 went long at price-84.8, time-9:31:16
2023-08-29 09:31:16,123 - long entry dict:[0.0, 84.8]
2023-08-29 09:31:16,123 - long exit dict:[0.0]
2023-08-29 09:31:16,124 - HEDGE-BANKNIFTY31AUG23P44300 went long at price-84.8, time-9:31:16
2023-08-29 11:28:32,898 - BANKNIFTY31AUG23P44300 went short at price-95.05, time-11:28:32
2023-08-29 11:28:32,899 - short entry dict: [0.0, 95.05]
2023-08-29 11:29:59,210 - BANKNIFTY31AUG23P44300 candle closing price at time 2023-08-29 11:29:59.210884+05:30 is 92.3
2023-08-29 11:44:59,120 - BANKNIFTY31AUG23P44300 candle closing price at time 2023-08-29 11:44:59.120753+05:30 is 81.0
2023-08-29 11:59:59,106 - BANKNIFTY31AUG23P44300 candle closing price at time 2023-08-29 11:59:59.106620+05:30 is 84.5
2023-08-29 12:14:59,182 - BANKNIFTY31AUG23P44300 candle closing price at time 2023-08-29 12:14:59.182229+05:30 is 84.35
2023-08-29 12:29:59,254 - BANKNIFTY31AUG23P44300 candle closing price at time 2023-08-29 12:29:59.254472+05:30 is 85.2
2023-08-29 12:38:19,305 - short entry dict: [0.0, 95.05]
2023-08-29 12:38:19,306 - short exit dict: [0.0, 99.75]
2023-08-29 12:38:19,306 - last entry was at : 95.05 and exit at: 99.75
2023-08-29 12:38:19,306 - short pnl booked until now:-1410.000000000001
2023-08-29 12:44:58,002 - BANKNIFTY31AUG23P44300 went short at price-81.3, time-12:44:58
2023-08-29 12:44:58,002 - short entry dict: [0.0, 95.05, 81.3]
2023-08-29 12:44:59,207 - BANKNIFTY31AUG23P44300 candle closing price at time 2023-08-29 12:44:59.207656+05:30 is 81.45
2023-08-29 12:59:59,074 - BANKNIFTY31AUG23P44300 candle closing price at time 2023-08-29 12:59:59.074141+05:30 is 76.9
2023-08-29 13:14:59,115 - BANKNIFTY31AUG23P44300 candle closing price at time 2023-08-29 13:14:59.114952+05:30 is 75.45
2023-08-29 13:29:59,138 - BANKNIFTY31AUG23P44300 candle closing price at time 2023-08-29 13:29:59.138111+05:30 is 75.2
2023-08-29 13:44:59,119 - BANKNIFTY31AUG23P44300 candle closing price at time 2023-08-29 13:44:59.119133+05:30 is 77.75
2023-08-29 13:59:59,073 - BANKNIFTY31AUG23P44300 candle closing price at time 2023-08-29 13:59:59.073902+05:30 is 83.4
2023-08-29 14:14:59,044 - BANKNIFTY31AUG23P44300 candle closing price at time 2023-08-29 14:14:59.044807+05:30 is 83.95
2023-08-29 14:23:45,298 - short entry dict: [0.0, 95.05, 81.3]
2023-08-29 14:23:45,299 - short exit dict: [0.0, 99.75, 97.6]
2023-08-29 14:23:45,299 - last entry was at : 81.3 and exit at: 97.6
2023-08-29 14:23:45,299 - short pnl booked until now:-6300.0
2023-08-29 14:29:59,210 - BANKNIFTY31AUG23P44300 candle closing price at time 2023-08-29 14:29:59.210226+05:30 is 96.15
2023-08-29 14:44:58,013 - BANKNIFTY31AUG23P44300 went short at price-92.45, time-14:44:58
2023-08-29 14:44:58,014 - short entry dict: [0.0, 95.05, 81.3, 92.45]
2023-08-29 14:44:59,219 - BANKNIFTY31AUG23P44300 candle closing price at time 2023-08-29 14:44:59.219479+05:30 is 92.6
2023-08-29 14:48:01,085 - short entry dict: [0.0, 95.05, 81.3, 92.45]
2023-08-29 14:48:01,086 - short exit dict: [0.0, 99.75, 97.6, 94.15]
2023-08-29 14:48:01,086 - last entry was at : 92.45 and exit at: 94.15
2023-08-29 14:48:01,086 - short pnl booked until now:-6810.000000000001
2023-08-29 14:59:59,222 - BANKNIFTY31AUG23P44300 candle closing price at time 2023-08-29 14:59:59.222906+05:30 is 99.05
2023-08-29 15:14:58,009 - BANKNIFTY31AUG23P44300 went short at price-89.3, time-15:14:58
2023-08-29 15:14:58,009 - short entry dict: [0.0, 95.05, 81.3, 92.45, 89.3]
2023-08-29 15:14:59,215 - BANKNIFTY31AUG23P44300 candle closing price at time 2023-08-29 15:14:59.214923+05:30 is 88.9
2023-08-30 10:11:28,041 - BANKNIFTY31AUG23P44300 went short at price-26.15, time-10:11:28
2023-08-30 10:11:28,042 - short entry dict: [0.0, 26.15]
2023-08-30 10:14:59,131 - BANKNIFTY31AUG23P44300 candle closing price at time 2023-08-30 10:14:59.131036+05:30 is 26.25
2023-08-30 10:29:59,213 - BANKNIFTY31AUG23P44300 candle closing price at time 2023-08-30 10:29:59.213087+05:30 is 34.35
2023-08-30 10:44:59,074 - BANKNIFTY31AUG23P44300 candle closing price at time 2023-08-30 10:44:59.074416+05:30 is 30.1
2023-08-30 10:59:59,235 - BANKNIFTY31AUG23P44300 candle closing price at time 2023-08-30 10:59:59.235219+05:30 is 29.95
2023-08-30 11:14:59,269 - BANKNIFTY31AUG23P44300 candle closing price at time 2023-08-30 11:14:59.268883+05:30 is 30.9
2023-08-30 11:29:59,184 - BANKNIFTY31AUG23P44300 candle closing price at time 2023-08-30 11:29:59.184762+05:30 is 34.0
2023-08-30 11:44:59,288 - BANKNIFTY31AUG23P44300 candle closing price at time 2023-08-30 11:44:59.288059+05:30 is 34.65
2023-08-30 11:59:59,004 - BANKNIFTY31AUG23P44300 candle closing price at time 2023-08-30 11:59:59.004017+05:30 is 37.5
2023-08-30 12:14:59,021 - BANKNIFTY31AUG23P44300 candle closing price at time 2023-08-30 12:14:59.021487+05:30 is 33.7
2023-08-30 12:29:59,137 - BANKNIFTY31AUG23P44300 candle closing price at time 2023-08-30 12:29:59.136955+05:30 is 35.3
2023-08-30 12:44:59,088 - BANKNIFTY31AUG23P44300 candle closing price at time 2023-08-30 12:44:59.088094+05:30 is 37.1
2023-08-30 12:49:55,898 - short entry dict: [0.0, 26.15]
2023-08-30 12:49:55,898 - short exit dict: [0.0, 53.2]
2023-08-30 12:49:55,898 - last entry was at : 26.15 and exit at: 53.2
2023-08-30 12:49:55,898 - short pnl booked until now:-8115.000000000001
2023-08-30 12:59:58,018 - BANKNIFTY31AUG23P44300 went short at price-44.75, time-12:59:58
2023-08-30 12:59:58,018 - short entry dict: [0.0, 26.15, 44.75]
2023-08-30 12:59:59,224 - BANKNIFTY31AUG23P44300 candle closing price at time 2023-08-30 12:59:59.224032+05:30 is 44.05
2023-08-30 13:14:59,276 - BANKNIFTY31AUG23P44300 candle closing price at time 2023-08-30 13:14:59.276807+05:30 is 38.15
2023-08-30 13:29:59,159 - BANKNIFTY31AUG23P44300 candle closing price at time 2023-08-30 13:29:59.159398+05:30 is 41.35
2023-08-30 13:44:59,132 - BANKNIFTY31AUG23P44300 candle closing price at time 2023-08-30 13:44:59.132190+05:30 is 45.3
2023-08-30 13:59:59,066 - BANKNIFTY31AUG23P44300 candle closing price at time 2023-08-30 13:59:59.066223+05:30 is 42.75
2023-08-30 14:13:23,113 - short entry dict: [0.0, 26.15, 44.75]
2023-08-30 14:13:23,113 - short exit dict: [0.0, 53.2, 48.55]
2023-08-30 14:13:23,113 - last entry was at : 44.75 and exit at: 48.55
2023-08-30 14:13:23,114 - short pnl booked until now:-9255.0
2023-08-30 14:14:59,214 - BANKNIFTY31AUG23P44300 candle closing price at time 2023-08-30 14:14:59.214594+05:30 is 48.45
2023-08-30 14:29:59,208 - BANKNIFTY31AUG23P44300 candle closing price at time 2023-08-30 14:29:59.208758+05:30 is 59.95
2023-08-30 14:44:59,277 - BANKNIFTY31AUG23P44300 candle closing price at time 2023-08-30 14:44:59.277165+05:30 is 87.05
2023-08-30 14:59:59,206 - BANKNIFTY31AUG23P44300 candle closing price at time 2023-08-30 14:59:59.206349+05:30 is 85.2
2023-08-30 15:14:59,101 - BANKNIFTY31AUG23P44300 candle closing price at time 2023-08-30 15:14:59.101758+05:30 is 223.9
