2023-08-25 09:31:20,218 - BANKNIFTY31AUG23P44100 went short at price-174.6, time-9:31:20
2023-08-25 09:31:20,218 - short entry dict: [0.0, 174.6]
2023-08-25 09:44:59,252 - BANKNIFTY31AUG23P44100 candle closing price at time 2023-08-25 09:44:59.252782+05:30 is 168.6
2023-08-25 09:59:59,101 - BANKNIFTY31AUG23P44100 candle closing price at time 2023-08-25 09:59:59.100746+05:30 is 169.2
2023-08-25 10:14:59,235 - BANKNIFTY31AUG23P44100 candle closing price at time 2023-08-25 10:14:59.235252+05:30 is 172.5
2023-08-25 10:27:38,861 - short entry dict: [0.0, 174.6]
2023-08-25 10:27:38,862 - short exit dict: [0.0, 240.1]
2023-08-25 10:27:38,862 - last entry was at : 174.6 and exit at: 240.1
2023-08-25 10:27:38,862 - short pnl booked until now:-19650.0
2023-08-25 10:29:59,211 - BANKNIFTY31AUG23P44100 candle closing price at time 2023-08-25 10:29:59.211591+05:30 is 261.25
2023-08-25 10:44:59,138 - BANKNIFTY31AUG23P44100 candle closing price at time 2023-08-25 10:44:59.138080+05:30 is 288.0
2023-08-25 10:59:59,141 - BANKNIFTY31AUG23P44100 candle closing price at time 2023-08-25 10:59:59.140941+05:30 is 300.7
2023-08-25 11:14:59,180 - BANKNIFTY31AUG23P44100 candle closing price at time 2023-08-25 11:14:59.180401+05:30 is 282.8
2023-08-25 11:29:59,143 - BANKNIFTY31AUG23P44100 candle closing price at time 2023-08-25 11:29:59.143013+05:30 is 175.25
2023-08-25 11:44:59,278 - BANKNIFTY31AUG23P44100 candle closing price at time 2023-08-25 11:44:59.278530+05:30 is 175.4
2023-08-25 11:59:59,208 - BANKNIFTY31AUG23P44100 candle closing price at time 2023-08-25 11:59:59.208542+05:30 is 173.15
2023-08-25 12:14:59,205 - BANKNIFTY31AUG23P44100 candle closing price at time 2023-08-25 12:14:59.205374+05:30 is 189.1
2023-08-25 12:29:59,210 - BANKNIFTY31AUG23P44100 candle closing price at time 2023-08-25 12:29:59.210160+05:30 is 170.5
2023-08-25 12:44:59,219 - BANKNIFTY31AUG23P44100 candle closing price at time 2023-08-25 12:44:59.219045+05:30 is 171.7
2023-08-25 12:59:58,022 - BANKNIFTY31AUG23P44100 went short at price-155.75, time-12:59:58
2023-08-25 12:59:58,022 - short entry dict: [0.0, 174.6, 155.75]
2023-08-25 12:59:59,233 - BANKNIFTY31AUG23P44100 candle closing price at time 2023-08-25 12:59:59.233491+05:30 is 156.0
2023-08-25 13:02:39,756 - short entry dict: [0.0, 174.6, 155.75]
2023-08-25 13:02:39,766 - short exit dict: [0.0, 240.1, 166.05]
2023-08-25 13:02:39,776 - last entry was at : 155.75 and exit at: 166.05
2023-08-25 13:02:39,785 - short pnl booked until now:-22740.000000000004
2023-08-25 13:14:59,219 - BANKNIFTY31AUG23P44100 candle closing price at time 2023-08-25 13:14:59.219024+05:30 is 169.4
2023-08-25 13:29:59,218 - BANKNIFTY31AUG23P44100 candle closing price at time 2023-08-25 13:29:59.218549+05:30 is 175.0
2023-08-25 13:44:58,022 - BANKNIFTY31AUG23P44100 went short at price-161.65, time-13:44:58
2023-08-25 13:44:58,022 - short entry dict: [0.0, 174.6, 155.75, 161.65]
2023-08-25 13:44:59,228 - BANKNIFTY31AUG23P44100 candle closing price at time 2023-08-25 13:44:59.228216+05:30 is 161.6
2023-08-25 13:58:35,606 - short entry dict: [0.0, 174.6, 155.75, 161.65]
2023-08-25 13:58:35,607 - short exit dict: [0.0, 240.1, 166.05, 167.2]
2023-08-25 13:58:35,607 - last entry was at : 161.65 and exit at: 167.2
2023-08-25 13:58:35,607 - short pnl booked until now:-24405.0
2023-08-25 13:59:58,006 - BANKNIFTY31AUG23P44100 went short at price-164.1, time-13:59:58
2023-08-25 13:59:58,007 - short entry dict: [0.0, 174.6, 155.75, 161.65, 164.1]
2023-08-25 13:59:59,212 - BANKNIFTY31AUG23P44100 candle closing price at time 2023-08-25 13:59:59.212608+05:30 is 164.3
2023-08-25 14:01:31,386 - short entry dict: [0.0, 174.6, 155.75, 161.65, 164.1]
2023-08-25 14:01:31,386 - short exit dict: [0.0, 240.1, 166.05, 167.2, 167.2]
2023-08-25 14:01:31,386 - last entry was at : 164.1 and exit at: 167.2
2023-08-25 14:01:31,386 - short pnl booked until now:-25335.0
2023-08-25 14:14:59,211 - BANKNIFTY31AUG23P44100 candle closing price at time 2023-08-25 14:14:59.211265+05:30 is 183.4
2023-08-25 14:29:59,013 - BANKNIFTY31AUG23P44100 candle closing price at time 2023-08-25 14:29:59.013098+05:30 is 191.9
2023-08-25 14:44:59,125 - BANKNIFTY31AUG23P44100 candle closing price at time 2023-08-25 14:44:59.125560+05:30 is 190.5
2023-08-25 14:59:59,168 - BANKNIFTY31AUG23P44100 candle closing price at time 2023-08-25 14:59:59.168690+05:30 is 180.95
2023-08-25 15:14:59,223 - BANKNIFTY31AUG23P44100 candle closing price at time 2023-08-25 15:14:59.223010+05:30 is 190.35
2023-08-29 09:31:16,117 - BANKNIFTY31AUG23P44100 went long at price-48.2, time-9:31:16
2023-08-29 09:31:16,118 - long entry dict:[0.0, 48.2]
2023-08-29 09:31:16,118 - long exit dict:[0.0]
2023-08-29 09:31:16,118 - HEDGE-BANKNIFTY31AUG23P44100 went long at price-48.2, time-9:31:16
2023-08-29 11:28:32,897 - BANKNIFTY31AUG23P44100 went short at price-52.8, time-11:28:32
2023-08-29 11:28:32,898 - short entry dict: [0.0, 52.8]
2023-08-29 11:29:59,210 - BANKNIFTY31AUG23P44100 candle closing price at time 2023-08-29 11:29:59.210272+05:30 is 51.0
2023-08-29 11:44:59,283 - BANKNIFTY31AUG23P44100 candle closing price at time 2023-08-29 11:44:59.283877+05:30 is 44.35
2023-08-29 11:59:59,300 - BANKNIFTY31AUG23P44100 candle closing price at time 2023-08-29 11:59:59.300781+05:30 is 46.15
2023-08-29 12:14:59,042 - BANKNIFTY31AUG23P44100 candle closing price at time 2023-08-29 12:14:59.042387+05:30 is 46.35
2023-08-29 12:29:59,093 - BANKNIFTY31AUG23P44100 candle closing price at time 2023-08-29 12:29:59.092867+05:30 is 47.0
2023-08-29 12:38:20,765 - short entry dict: [0.0, 52.8]
2023-08-29 12:38:20,765 - short exit dict: [0.0, 54.5]
2023-08-29 12:38:20,765 - last entry was at : 52.8 and exit at: 54.5
2023-08-29 12:38:20,766 - short pnl booked until now:-510.00000000000085
2023-08-29 12:44:58,005 - BANKNIFTY31AUG23P44100 went short at price-44.45, time-12:44:58
2023-08-29 12:44:58,005 - short entry dict: [0.0, 52.8, 44.45]
2023-08-29 12:44:59,216 - BANKNIFTY31AUG23P44100 candle closing price at time 2023-08-29 12:44:59.216816+05:30 is 44.4
2023-08-29 12:59:59,287 - BANKNIFTY31AUG23P44100 candle closing price at time 2023-08-29 12:59:59.287619+05:30 is 42.3
2023-08-29 13:14:59,167 - BANKNIFTY31AUG23P44100 candle closing price at time 2023-08-29 13:14:59.167190+05:30 is 40.9
2023-08-29 13:29:59,284 - BANKNIFTY31AUG23P44100 candle closing price at time 2023-08-29 13:29:59.284369+05:30 is 40.6
2023-08-29 13:44:59,222 - BANKNIFTY31AUG23P44100 candle closing price at time 2023-08-29 13:44:59.222657+05:30 is 41.4
2023-08-29 13:59:59,211 - BANKNIFTY31AUG23P44100 candle closing price at time 2023-08-29 13:59:59.211607+05:30 is 44.65
2023-08-29 14:14:59,043 - BANKNIFTY31AUG23P44100 candle closing price at time 2023-08-29 14:14:59.043756+05:30 is 45.35
2023-08-29 14:24:08,573 - short entry dict: [0.0, 52.8, 44.45]
2023-08-29 14:24:08,574 - short exit dict: [0.0, 54.5, 53.7]
2023-08-29 14:24:08,574 - last entry was at : 44.45 and exit at: 53.7
2023-08-29 14:24:08,574 - short pnl booked until now:-3285.000000000001
2023-08-29 14:29:58,009 - BANKNIFTY31AUG23P44100 went short at price-51.7, time-14:29:58
2023-08-29 14:29:58,010 - short entry dict: [0.0, 52.8, 44.45, 51.7]
2023-08-29 14:29:59,215 - BANKNIFTY31AUG23P44100 candle closing price at time 2023-08-29 14:29:59.215485+05:30 is 51.8
2023-08-29 14:30:15,681 - short entry dict: [0.0, 52.8, 44.45, 51.7]
2023-08-29 14:30:15,681 - short exit dict: [0.0, 54.5, 53.7, 54.1]
2023-08-29 14:30:15,681 - last entry was at : 51.7 and exit at: 54.1
2023-08-29 14:30:15,681 - short pnl booked until now:-4005.0000000000005
2023-08-29 14:44:58,010 - BANKNIFTY31AUG23P44100 went short at price-49.55, time-14:44:58
2023-08-29 14:44:58,011 - short entry dict: [0.0, 52.8, 44.45, 51.7, 49.55]
2023-08-29 14:44:59,216 - BANKNIFTY31AUG23P44100 candle closing price at time 2023-08-29 14:44:59.216587+05:30 is 49.45
2023-08-29 14:57:52,133 - short entry dict: [0.0, 52.8, 44.45, 51.7, 49.55]
2023-08-29 14:57:52,133 - short exit dict: [0.0, 54.5, 53.7, 54.1, 52.75]
2023-08-29 14:57:52,133 - last entry was at : 49.55 and exit at: 52.75
2023-08-29 14:57:52,133 - short pnl booked until now:-4965.000000000002
2023-08-29 14:59:59,218 - BANKNIFTY31AUG23P44100 candle closing price at time 2023-08-29 14:59:59.218313+05:30 is 53.2
2023-08-29 15:14:58,006 - BANKNIFTY31AUG23P44100 went short at price-48.85, time-15:14:58
2023-08-29 15:14:58,006 - short entry dict: [0.0, 52.8, 44.45, 51.7, 49.55, 48.85]
2023-08-29 15:14:59,211 - BANKNIFTY31AUG23P44100 candle closing price at time 2023-08-29 15:14:59.211849+05:30 is 48.75
2023-08-30 10:11:28,128 - BANKNIFTY31AUG23P44100 went short at price-13.9, time-10:11:28
2023-08-30 10:11:28,128 - short entry dict: [0.0, 13.9]
2023-08-30 10:14:59,130 - BANKNIFTY31AUG23P44100 candle closing price at time 2023-08-30 10:14:59.130358+05:30 is 13.85
2023-08-30 10:29:59,219 - BANKNIFTY31AUG23P44100 candle closing price at time 2023-08-30 10:29:59.219098+05:30 is 17.65
2023-08-30 10:44:59,043 - BANKNIFTY31AUG23P44100 candle closing price at time 2023-08-30 10:44:59.042790+05:30 is 15.2
2023-08-30 10:59:59,014 - BANKNIFTY31AUG23P44100 candle closing price at time 2023-08-30 10:59:59.013999+05:30 is 14.95
2023-08-30 11:14:59,014 - BANKNIFTY31AUG23P44100 candle closing price at time 2023-08-30 11:14:59.014634+05:30 is 15.3
2023-08-30 11:29:59,192 - BANKNIFTY31AUG23P44100 candle closing price at time 2023-08-30 11:29:59.192391+05:30 is 17.0
2023-08-30 11:44:59,186 - BANKNIFTY31AUG23P44100 candle closing price at time 2023-08-30 11:44:59.186594+05:30 is 17.15
2023-08-30 11:59:59,065 - BANKNIFTY31AUG23P44100 candle closing price at time 2023-08-30 11:59:59.065741+05:30 is 18.1
2023-08-30 12:14:59,292 - BANKNIFTY31AUG23P44100 candle closing price at time 2023-08-30 12:14:59.292553+05:30 is 15.95
2023-08-30 12:29:59,004 - BANKNIFTY31AUG23P44100 candle closing price at time 2023-08-30 12:29:59.004116+05:30 is 17.0
2023-08-30 12:44:59,139 - BANKNIFTY31AUG23P44100 candle closing price at time 2023-08-30 12:44:59.139090+05:30 is 18.05
2023-08-30 12:50:04,381 - short entry dict: [0.0, 13.9]
2023-08-30 12:50:04,382 - short exit dict: [0.0, 26.75]
2023-08-30 12:50:04,382 - last entry was at : 13.9 and exit at: 26.75
2023-08-30 12:50:04,382 - short pnl booked until now:-3855.0
2023-08-30 12:59:58,010 - BANKNIFTY31AUG23P44100 went short at price-21.05, time-12:59:58
2023-08-30 12:59:58,010 - short entry dict: [0.0, 13.9, 21.05]
2023-08-30 12:59:59,215 - BANKNIFTY31AUG23P44100 candle closing price at time 2023-08-30 12:59:59.215810+05:30 is 20.75
2023-08-30 13:14:59,300 - BANKNIFTY31AUG23P44100 candle closing price at time 2023-08-30 13:14:59.300161+05:30 is 17.75
2023-08-30 13:29:59,130 - BANKNIFTY31AUG23P44100 candle closing price at time 2023-08-30 13:29:59.129919+05:30 is 19.55
2023-08-30 13:44:59,064 - BANKNIFTY31AUG23P44100 candle closing price at time 2023-08-30 13:44:59.064228+05:30 is 21.45
2023-08-30 13:59:59,022 - BANKNIFTY31AUG23P44100 candle closing price at time 2023-08-30 13:59:59.022719+05:30 is 20.0
2023-08-30 14:14:59,283 - BANKNIFTY31AUG23P44100 candle closing price at time 2023-08-30 14:14:59.283107+05:30 is 22.45
2023-08-30 14:22:08,067 - short entry dict: [0.0, 13.9, 21.05]
2023-08-30 14:22:08,067 - short exit dict: [0.0, 26.75, 24.0]
2023-08-30 14:22:08,067 - last entry was at : 21.05 and exit at: 24.0
2023-08-30 14:22:08,067 - short pnl booked until now:-4740.0
2023-08-30 14:29:59,208 - BANKNIFTY31AUG23P44100 candle closing price at time 2023-08-30 14:29:59.208137+05:30 is 26.45
2023-08-30 14:44:59,109 - BANKNIFTY31AUG23P44100 candle closing price at time 2023-08-30 14:44:59.109186+05:30 is 39.0
2023-08-30 14:59:59,050 - BANKNIFTY31AUG23P44100 candle closing price at time 2023-08-30 14:59:59.050732+05:30 is 37.75
2023-08-30 15:14:59,248 - BANKNIFTY31AUG23P44100 candle closing price at time 2023-08-30 15:14:59.247959+05:30 is 116.95
2023-08-31 09:30:15,159 - BANKNIFTY31AUG23P44100 went short at price-128.45, time-9:30:15
2023-08-31 09:30:15,160 - short entry dict: [0.0, 128.45]
2023-08-31 09:37:37,938 - short entry dict: [0.0, 128.45]
2023-08-31 09:37:37,939 - short exit dict: [0.0, 43.1]
2023-08-31 09:37:37,939 - last entry was at : 128.45 and exit at: 43.1
2023-08-31 09:37:37,939 - short pnl booked until now:25605.0
2023-08-31 09:44:58,000 - BANKNIFTY31AUG23P44100 went short at price-33.55, time-9:44:58
2023-08-31 09:44:58,001 - short entry dict: [0.0, 128.45, 33.55]
2023-08-31 09:44:59,204 - BANKNIFTY31AUG23P44100 candle closing price at time 2023-08-31 09:44:59.204847+05:30 is 32.4
2023-08-31 09:59:59,117 - BANKNIFTY31AUG23P44100 candle closing price at time 2023-08-31 09:59:59.117703+05:30 is 34.15
2023-08-31 10:02:02,218 - short entry dict: [0.0, 128.45, 33.55]
2023-08-31 10:02:02,219 - short exit dict: [0.0, 43.1, 42.45]
2023-08-31 10:02:02,219 - last entry was at : 33.55 and exit at: 42.45
2023-08-31 10:02:02,219 - short pnl booked until now:22935.0
2023-08-31 10:14:59,206 - BANKNIFTY31AUG23P44100 candle closing price at time 2023-08-31 10:14:59.206706+05:30 is 69.05
2023-08-31 10:29:59,221 - BANKNIFTY31AUG23P44100 candle closing price at time 2023-08-31 10:29:59.221715+05:30 is 111.25
2023-08-31 10:44:59,144 - BANKNIFTY31AUG23P44100 candle closing price at time 2023-08-31 10:44:59.144685+05:30 is 153.7
2023-08-31 10:59:59,273 - BANKNIFTY31AUG23P44100 candle closing price at time 2023-08-31 10:59:59.273217+05:30 is 126.9
2023-08-31 11:14:59,028 - BANKNIFTY31AUG23P44100 candle closing price at time 2023-08-31 11:14:59.028497+05:30 is 151.45
2023-08-31 11:29:59,247 - BANKNIFTY31AUG23P44100 candle closing price at time 2023-08-31 11:29:59.247598+05:30 is 125.3
2023-08-31 11:44:59,285 - BANKNIFTY31AUG23P44100 candle closing price at time 2023-08-31 11:44:59.285070+05:30 is 133.15
2023-08-31 11:59:59,177 - BANKNIFTY31AUG23P44100 candle closing price at time 2023-08-31 11:59:59.177142+05:30 is 182.45
2023-08-31 12:14:59,099 - BANKNIFTY31AUG23P44100 candle closing price at time 2023-08-31 12:14:59.099070+05:30 is 176.2
2023-08-31 12:29:59,235 - BANKNIFTY31AUG23P44100 candle closing price at time 2023-08-31 12:29:59.235647+05:30 is 172.3
2023-08-31 12:44:59,259 - BANKNIFTY31AUG23P44100 candle closing price at time 2023-08-31 12:44:59.259472+05:30 is 182.0
2023-08-31 12:59:59,056 - BANKNIFTY31AUG23P44100 candle closing price at time 2023-08-31 12:59:59.055852+05:30 is 181.1
2023-08-31 13:14:59,149 - BANKNIFTY31AUG23P44100 candle closing price at time 2023-08-31 13:14:59.149574+05:30 is 232.35
2023-08-31 13:29:59,285 - BANKNIFTY31AUG23P44100 candle closing price at time 2023-08-31 13:29:59.284968+05:30 is 181.2
2023-08-31 13:44:58,007 - BANKNIFTY31AUG23P44100 went short at price-114.15, time-13:44:58
2023-08-31 13:44:58,007 - short entry dict: [0.0, 128.45, 33.55, 114.15]
2023-08-31 13:44:59,212 - BANKNIFTY31AUG23P44100 candle closing price at time 2023-08-31 13:44:59.212644+05:30 is 114.6
2023-08-31 13:47:36,715 - short entry dict: [0.0, 128.45, 33.55, 114.15]
2023-08-31 13:47:36,715 - short exit dict: [0.0, 43.1, 42.45, 131.25]
2023-08-31 13:47:36,715 - last entry was at : 114.15 and exit at: 131.25
2023-08-31 13:47:36,715 - short pnl booked until now:17805.0
2023-08-31 13:59:59,205 - BANKNIFTY31AUG23P44100 candle closing price at time 2023-08-31 13:59:59.205486+05:30 is 164.6
2023-08-31 14:14:59,226 - BANKNIFTY31AUG23P44100 candle closing price at time 2023-08-31 14:14:59.226258+05:30 is 186.9
2023-08-31 14:29:59,256 - BANKNIFTY31AUG23P44100 candle closing price at time 2023-08-31 14:29:59.256819+05:30 is 183.7
2023-08-31 14:44:59,101 - BANKNIFTY31AUG23P44100 candle closing price at time 2023-08-31 14:44:59.101453+05:30 is 212.0
2023-08-31 14:59:59,275 - BANKNIFTY31AUG23P44100 candle closing price at time 2023-08-31 14:59:59.275303+05:30 is 162.1
2023-08-31 15:14:58,000 - BANKNIFTY31AUG23P44100 went short at price-140.6, time-15:14:58
2023-08-31 15:14:58,001 - short entry dict: [0.0, 128.45, 33.55, 114.15, 140.6]
2023-08-31 15:14:59,210 - BANKNIFTY31AUG23P44100 candle closing price at time 2023-08-31 15:14:59.210701+05:30 is 142.15
2023-08-31 15:17:08,934 - short entry dict: [0.0, 128.45, 33.55, 114.15, 140.6]
2023-08-31 15:17:08,935 - short exit dict: [0.0, 43.1, 42.45, 131.25, 145.95]
2023-08-31 15:17:08,935 - last entry was at : 140.6 and exit at: 145.95
2023-08-31 15:17:08,935 - short pnl booked until now:16200.000000000002
