2023-08-23 09:31:13,075 - FINNIFTY29AUG23C19500 went short at price-139.45, time-9:31:13
2023-08-23 09:31:13,075 - short entry dict: [0.0, 139.45]
2023-08-23 09:44:59,269 - FINNIFTY29AUG23C19500 candle closing price at time 2023-08-23 09:44:59.268959+05:30 is 140.9
2023-08-23 09:59:59,299 - FINNIFTY29AUG23C19500 candle closing price at time 2023-08-23 09:59:59.299448+05:30 is 127.9
2023-08-23 10:14:59,211 - FINNIFTY29AUG23C19500 candle closing price at time 2023-08-23 10:14:59.211751+05:30 is 127.3
2023-08-23 10:29:59,090 - FINNIFTY29AUG23C19500 candle closing price at time 2023-08-23 10:29:59.090416+05:30 is 128.95
2023-08-23 10:44:59,086 - FINNIFTY29AUG23C19500 candle closing price at time 2023-08-23 10:44:59.086135+05:30 is 133.25
2023-08-23 10:59:59,109 - FINNIFTY29AUG23C19500 candle closing price at time 2023-08-23 10:59:59.109833+05:30 is 137.45
2023-08-23 11:14:59,252 - FINNIFTY29AUG23C19500 candle closing price at time 2023-08-23 11:14:59.252680+05:30 is 160.15
2023-08-23 11:23:35,959 - short entry dict: [0.0, 139.45]
2023-08-23 11:23:35,959 - short exit dict: [0.0, 171.9]
2023-08-23 11:23:35,960 - last entry was at : 139.45 and exit at: 171.9
2023-08-23 11:23:35,960 - short pnl booked until now:-5192.000000000003
2023-08-23 11:29:59,215 - FINNIFTY29AUG23C19500 candle closing price at time 2023-08-23 11:29:59.215532+05:30 is 180.2
2023-08-23 11:44:59,098 - FINNIFTY29AUG23C19500 candle closing price at time 2023-08-23 11:44:59.098134+05:30 is 189.6
2023-08-23 11:59:59,162 - FINNIFTY29AUG23C19500 candle closing price at time 2023-08-23 11:59:59.162798+05:30 is 180.55
2023-08-23 12:14:59,227 - FINNIFTY29AUG23C19500 candle closing price at time 2023-08-23 12:14:59.227755+05:30 is 187.1
2023-08-23 12:29:59,259 - FINNIFTY29AUG23C19500 candle closing price at time 2023-08-23 12:29:59.259133+05:30 is 208.5
2023-08-23 12:44:59,221 - FINNIFTY29AUG23C19500 candle closing price at time 2023-08-23 12:44:59.221311+05:30 is 239.7
2023-08-23 12:59:59,194 - FINNIFTY29AUG23C19500 candle closing price at time 2023-08-23 12:59:59.193899+05:30 is 240.85
2023-08-23 13:14:59,213 - FINNIFTY29AUG23C19500 candle closing price at time 2023-08-23 13:14:59.213341+05:30 is 235.75
2023-08-23 13:29:59,109 - FINNIFTY29AUG23C19500 candle closing price at time 2023-08-23 13:29:59.109051+05:30 is 241.6
2023-08-23 13:44:59,003 - FINNIFTY29AUG23C19500 candle closing price at time 2023-08-23 13:44:59.003077+05:30 is 250.85
2023-08-23 13:59:59,222 - FINNIFTY29AUG23C19500 candle closing price at time 2023-08-23 13:59:59.222056+05:30 is 273.2
2023-08-23 14:14:59,165 - FINNIFTY29AUG23C19500 candle closing price at time 2023-08-23 14:14:59.165837+05:30 is 275.05
2023-08-23 14:29:59,106 - FINNIFTY29AUG23C19500 candle closing price at time 2023-08-23 14:29:59.106764+05:30 is 255.0
2023-08-23 14:44:59,130 - FINNIFTY29AUG23C19500 candle closing price at time 2023-08-23 14:44:59.130052+05:30 is 272.75
2023-08-23 14:59:59,198 - FINNIFTY29AUG23C19500 candle closing price at time 2023-08-23 14:59:59.198031+05:30 is 273.5
2023-08-23 15:14:59,160 - FINNIFTY29AUG23C19500 candle closing price at time 2023-08-23 15:14:59.160546+05:30 is 270.0
