2023-07-28 13:18:35,191 - BANKNIFTY03AUG23P45200 went short at price-185.25, time-13:18:35
2023-07-28 13:18:35,191 - short entry dict: [0.0, 185.25]
2023-07-28 13:24:19,681 - short entry dict: [0.0, 185.25]
2023-07-28 13:24:19,686 - short exit dict: [0.0, 203.7]
2023-07-28 13:24:19,692 - last entry was at : 185.25 and exit at: 203.7
2023-07-28 13:24:19,697 - short pnl booked until now:-5534.999999999996
2023-07-28 13:29:58,001 - BANKNIFTY03AUG23P45200 went short at price-190.8, time-13:29:58
2023-07-28 13:29:58,002 - short entry dict: [0.0, 185.25, 190.8]
2023-07-28 13:29:59,206 - BANKNIFTY03AUG23P45200 candle closing price at time 2023-07-28 13:29:59.206014+05:30 is 191.5
2023-07-28 13:40:25,934 - short entry dict: [0.0, 185.25, 190.8]
2023-07-28 13:40:25,939 - short exit dict: [0.0, 203.7, 202.9]
2023-07-28 13:40:25,945 - last entry was at : 190.8 and exit at: 202.9
2023-07-28 13:40:25,950 - short pnl booked until now:-9164.999999999995
2023-07-28 13:44:59,206 - BANKNIFTY03AUG23P45200 candle closing price at time 2023-07-28 13:44:59.206387+05:30 is 214.25
2023-07-28 13:59:59,140 - BANKNIFTY03AUG23P45200 candle closing price at time 2023-07-28 13:59:59.140788+05:30 is 193.5
2023-07-28 14:14:59,048 - BANKNIFTY03AUG23P45200 candle closing price at time 2023-07-28 14:14:59.048371+05:30 is 181.75
2023-07-28 14:29:59,156 - BANKNIFTY03AUG23P45200 candle closing price at time 2023-07-28 14:29:59.156247+05:30 is 184.7
2023-07-28 14:44:59,021 - BANKNIFTY03AUG23P45200 candle closing price at time 2023-07-28 14:44:59.020884+05:30 is 174.15
2023-07-28 14:59:59,008 - BANKNIFTY03AUG23P45200 candle closing price at time 2023-07-28 14:59:59.008593+05:30 is 154.55
2023-07-28 15:14:58,010 - BANKNIFTY03AUG23P45200 went short at price-126.3, time-15:14:58
2023-07-28 15:14:58,010 - short entry dict: [0.0, 185.25, 190.8, 126.3]
2023-07-28 15:14:59,216 - BANKNIFTY03AUG23P45200 candle closing price at time 2023-07-28 15:14:59.216216+05:30 is 126.75
