2023-08-18 09:31:20,156 - BANKNIFTY24AUG23P43500 went short at price-115.95, time-9:31:20
2023-08-18 09:31:20,157 - short entry dict: [0.0, 115.95]
2023-08-18 09:44:59,171 - BANKNIFTY24AUG23P43500 candle closing price at time 2023-08-18 09:44:59.171777+05:30 is 123.75
2023-08-18 09:58:39,828 - short entry dict: [0.0, 115.95]
2023-08-18 09:58:39,828 - short exit dict: [0.0, 129.25]
2023-08-18 09:58:39,828 - last entry was at : 115.95 and exit at: 129.25
2023-08-18 09:58:39,828 - short pnl booked until now:-3989.999999999999
2023-08-18 09:59:59,215 - BANKNIFTY24AUG23P43500 candle closing price at time 2023-08-18 09:59:59.214992+05:30 is 131.45
2023-08-18 10:14:58,027 - BANKNIFTY24AUG23P43500 went short at price-124.8, time-10:14:58
2023-08-18 10:14:58,027 - short entry dict: [0.0, 115.95, 124.8]
2023-08-18 10:14:59,232 - BANKNIFTY24AUG23P43500 candle closing price at time 2023-08-18 10:14:59.232696+05:30 is 124.8
2023-08-18 10:29:59,195 - BANKNIFTY24AUG23P43500 candle closing price at time 2023-08-18 10:29:59.195651+05:30 is 113.5
2023-08-18 10:44:59,067 - BANKNIFTY24AUG23P43500 candle closing price at time 2023-08-18 10:44:59.067273+05:30 is 116.3
2023-08-18 10:59:59,046 - BANKNIFTY24AUG23P43500 candle closing price at time 2023-08-18 10:59:59.046416+05:30 is 113.0
2023-08-18 11:14:59,198 - BANKNIFTY24AUG23P43500 candle closing price at time 2023-08-18 11:14:59.198685+05:30 is 111.55
2023-08-18 11:29:59,215 - BANKNIFTY24AUG23P43500 candle closing price at time 2023-08-18 11:29:59.215824+05:30 is 110.55
2023-08-18 11:44:59,039 - BANKNIFTY24AUG23P43500 candle closing price at time 2023-08-18 11:44:59.039105+05:30 is 108.95
2023-08-18 11:59:59,209 - BANKNIFTY24AUG23P43500 candle closing price at time 2023-08-18 11:59:59.209550+05:30 is 114.8
2023-08-18 12:14:59,132 - BANKNIFTY24AUG23P43500 candle closing price at time 2023-08-18 12:14:59.132881+05:30 is 112.95
2023-08-18 12:18:43,921 - short entry dict: [0.0, 115.95, 124.8]
2023-08-18 12:18:43,948 - short exit dict: [0.0, 129.25, 121.5]
2023-08-18 12:18:43,964 - last entry was at : 124.8 and exit at: 121.5
2023-08-18 12:18:43,964 - short pnl booked until now:-3000.0
2023-08-18 12:29:58,006 - BANKNIFTY24AUG23P43500 went short at price-120.65, time-12:29:58
2023-08-18 12:29:58,007 - short entry dict: [0.0, 115.95, 124.8, 120.65]
2023-08-18 12:29:59,212 - BANKNIFTY24AUG23P43500 candle closing price at time 2023-08-18 12:29:59.212397+05:30 is 120.15
2023-08-18 12:30:19,253 - short entry dict: [0.0, 115.95, 124.8, 120.65]
2023-08-18 12:30:19,254 - short exit dict: [0.0, 129.25, 121.5, 121.35]
2023-08-18 12:30:19,254 - last entry was at : 120.65 and exit at: 121.35
2023-08-18 12:30:19,254 - short pnl booked until now:-3209.9999999999964
2023-08-18 12:44:58,011 - BANKNIFTY24AUG23P43500 went short at price-115.2, time-12:44:58
2023-08-18 12:44:58,011 - short entry dict: [0.0, 115.95, 124.8, 120.65, 115.2]
2023-08-18 12:44:59,216 - BANKNIFTY24AUG23P43500 candle closing price at time 2023-08-18 12:44:59.216462+05:30 is 115.3
2023-08-18 12:59:59,251 - BANKNIFTY24AUG23P43500 candle closing price at time 2023-08-18 12:59:59.251496+05:30 is 115.45
2023-08-18 13:07:31,447 - short entry dict: [0.0, 115.95, 124.8, 120.65, 115.2]
2023-08-18 13:07:31,447 - short exit dict: [0.0, 129.25, 121.5, 121.35, 120.0]
2023-08-18 13:07:31,448 - last entry was at : 115.2 and exit at: 120.0
2023-08-18 13:07:31,448 - short pnl booked until now:-4649.999999999995
2023-08-18 13:14:59,225 - BANKNIFTY24AUG23P43500 candle closing price at time 2023-08-18 13:14:59.224989+05:30 is 125.2
2023-08-18 13:29:59,208 - BANKNIFTY24AUG23P43500 candle closing price at time 2023-08-18 13:29:59.208319+05:30 is 126.4
2023-08-18 13:44:59,206 - BANKNIFTY24AUG23P43500 candle closing price at time 2023-08-18 13:44:59.206722+05:30 is 123.6
2023-08-18 13:59:58,614 - BANKNIFTY24AUG23P43500 went short at price-120.85, time-13:59:58
2023-08-18 13:59:58,614 - short entry dict: [0.0, 115.95, 124.8, 120.65, 115.2, 120.85]
2023-08-18 13:59:59,216 - BANKNIFTY24AUG23P43500 candle closing price at time 2023-08-18 13:59:59.216647+05:30 is 120.6
2023-08-18 14:00:39,998 - short entry dict: [0.0, 115.95, 124.8, 120.65, 115.2, 120.85]
2023-08-18 14:00:39,998 - short exit dict: [0.0, 129.25, 121.5, 121.35, 120.0, 121.1]
2023-08-18 14:00:39,998 - last entry was at : 120.85 and exit at: 121.1
2023-08-18 14:00:39,998 - short pnl booked until now:-4724.999999999995
2023-08-18 14:14:58,003 - BANKNIFTY24AUG23P43500 went short at price-103.3, time-14:14:58
2023-08-18 14:14:58,003 - short entry dict: [0.0, 115.95, 124.8, 120.65, 115.2, 120.85, 103.3]
2023-08-18 14:14:59,208 - BANKNIFTY24AUG23P43500 candle closing price at time 2023-08-18 14:14:59.208184+05:30 is 104.0
2023-08-18 14:29:59,172 - BANKNIFTY24AUG23P43500 candle closing price at time 2023-08-18 14:29:59.171929+05:30 is 93.6
2023-08-18 14:44:59,190 - BANKNIFTY24AUG23P43500 candle closing price at time 2023-08-18 14:44:59.190759+05:30 is 93.15
2023-08-18 14:59:59,145 - BANKNIFTY24AUG23P43500 candle closing price at time 2023-08-18 14:59:59.144944+05:30 is 95.75
2023-08-18 15:14:59,074 - BANKNIFTY24AUG23P43500 candle closing price at time 2023-08-18 15:14:59.074034+05:30 is 105.55
2023-08-21 09:31:19,417 - BANKNIFTY24AUG23P43500 went short at price-77.35, time-9:31:19
2023-08-21 09:31:19,417 - short entry dict: [0.0, 77.35]
2023-08-21 09:44:59,256 - BANKNIFTY24AUG23P43500 candle closing price at time 2023-08-21 09:44:59.255946+05:30 is 74.55
2023-08-21 09:59:59,298 - BANKNIFTY24AUG23P43500 candle closing price at time 2023-08-21 09:59:59.298038+05:30 is 88.1
2023-08-21 10:14:59,300 - BANKNIFTY24AUG23P43500 candle closing price at time 2023-08-21 10:14:59.299992+05:30 is 86.4
2023-08-21 10:29:59,099 - BANKNIFTY24AUG23P43500 candle closing price at time 2023-08-21 10:29:59.099777+05:30 is 65.1
2023-08-21 10:44:59,067 - BANKNIFTY24AUG23P43500 candle closing price at time 2023-08-21 10:44:59.067606+05:30 is 62.2
2023-08-21 10:59:59,232 - BANKNIFTY24AUG23P43500 candle closing price at time 2023-08-21 10:59:59.232361+05:30 is 63.7
2023-08-21 11:14:59,201 - BANKNIFTY24AUG23P43500 candle closing price at time 2023-08-21 11:14:59.201483+05:30 is 54.6
2023-08-21 11:29:59,016 - BANKNIFTY24AUG23P43500 candle closing price at time 2023-08-21 11:29:59.016144+05:30 is 57.7
2023-08-21 11:44:59,237 - BANKNIFTY24AUG23P43500 candle closing price at time 2023-08-21 11:44:59.237283+05:30 is 56.45
2023-08-21 11:59:59,001 - BANKNIFTY24AUG23P43500 candle closing price at time 2023-08-21 11:59:59.001663+05:30 is 53.2
2023-08-21 12:14:59,211 - BANKNIFTY24AUG23P43500 candle closing price at time 2023-08-21 12:14:59.211652+05:30 is 50.9
2023-08-21 12:29:59,122 - BANKNIFTY24AUG23P43500 candle closing price at time 2023-08-21 12:29:59.122323+05:30 is 48.3
2023-08-21 12:44:59,248 - BANKNIFTY24AUG23P43500 candle closing price at time 2023-08-21 12:44:59.248077+05:30 is 43.65
2023-08-21 12:59:59,130 - BANKNIFTY24AUG23P43500 candle closing price at time 2023-08-21 12:59:59.130361+05:30 is 43.4
2023-08-21 13:14:59,270 - BANKNIFTY24AUG23P43500 candle closing price at time 2023-08-21 13:14:59.270359+05:30 is 40.15
2023-08-21 13:29:59,053 - BANKNIFTY24AUG23P43500 candle closing price at time 2023-08-21 13:29:59.053331+05:30 is 39.3
2023-08-21 13:44:59,117 - BANKNIFTY24AUG23P43500 candle closing price at time 2023-08-21 13:44:59.117488+05:30 is 41.35
2023-08-21 13:59:59,213 - BANKNIFTY24AUG23P43500 candle closing price at time 2023-08-21 13:59:59.213054+05:30 is 40.55
2023-08-21 14:14:59,046 - BANKNIFTY24AUG23P43500 candle closing price at time 2023-08-21 14:14:59.045960+05:30 is 43.95
2023-08-21 14:29:59,095 - BANKNIFTY24AUG23P43500 candle closing price at time 2023-08-21 14:29:59.095791+05:30 is 39.5
2023-08-21 14:44:59,114 - BANKNIFTY24AUG23P43500 candle closing price at time 2023-08-21 14:44:59.113992+05:30 is 37.65
2023-08-21 14:59:59,136 - BANKNIFTY24AUG23P43500 candle closing price at time 2023-08-21 14:59:59.136399+05:30 is 35.65
2023-08-21 15:14:59,121 - BANKNIFTY24AUG23P43500 candle closing price at time 2023-08-21 15:14:59.121204+05:30 is 44.5
2023-08-22 09:31:20,317 - BANKNIFTY24AUG23P43500 went short at price-29.7, time-9:31:20
2023-08-22 09:31:20,318 - short entry dict: [0.0, 29.7]
2023-08-22 09:44:59,282 - BANKNIFTY24AUG23P43500 candle closing price at time 2023-08-22 09:44:59.282444+05:30 is 28.35
2023-08-22 09:59:59,072 - BANKNIFTY24AUG23P43500 candle closing price at time 2023-08-22 09:59:59.072493+05:30 is 33.4
2023-08-22 10:14:59,003 - BANKNIFTY24AUG23P43500 candle closing price at time 2023-08-22 10:14:59.003539+05:30 is 30.4
2023-08-22 10:29:59,050 - BANKNIFTY24AUG23P43500 candle closing price at time 2023-08-22 10:29:59.050204+05:30 is 27.4
2023-08-22 10:44:59,188 - BANKNIFTY24AUG23P43500 candle closing price at time 2023-08-22 10:44:59.188089+05:30 is 25.8
2023-08-22 10:59:59,053 - BANKNIFTY24AUG23P43500 candle closing price at time 2023-08-22 10:59:59.053589+05:30 is 27.85
2023-08-22 11:14:59,252 - BANKNIFTY24AUG23P43500 candle closing price at time 2023-08-22 11:14:59.252376+05:30 is 27.5
2023-08-22 11:29:59,177 - BANKNIFTY24AUG23P43500 candle closing price at time 2023-08-22 11:29:59.177214+05:30 is 27.55
2023-08-22 11:44:59,169 - BANKNIFTY24AUG23P43500 candle closing price at time 2023-08-22 11:44:59.169678+05:30 is 26.5
2023-08-22 11:59:59,135 - BANKNIFTY24AUG23P43500 candle closing price at time 2023-08-22 11:59:59.135487+05:30 is 26.6
2023-08-22 12:14:59,014 - BANKNIFTY24AUG23P43500 candle closing price at time 2023-08-22 12:14:59.014245+05:30 is 25.2
2023-08-22 12:29:59,206 - BANKNIFTY24AUG23P43500 candle closing price at time 2023-08-22 12:29:59.206462+05:30 is 28.85
2023-08-22 12:44:59,135 - BANKNIFTY24AUG23P43500 candle closing price at time 2023-08-22 12:44:59.135312+05:30 is 25.5
2023-08-22 12:59:59,165 - BANKNIFTY24AUG23P43500 candle closing price at time 2023-08-22 12:59:59.165536+05:30 is 23.9
2023-08-22 13:14:59,000 - BANKNIFTY24AUG23P43500 candle closing price at time 2023-08-22 13:14:59.000370+05:30 is 23.6
2023-08-22 13:29:59,033 - BANKNIFTY24AUG23P43500 candle closing price at time 2023-08-22 13:29:59.033657+05:30 is 21.85
2023-08-22 13:44:59,232 - BANKNIFTY24AUG23P43500 candle closing price at time 2023-08-22 13:44:59.232251+05:30 is 22.6
2023-08-22 13:59:59,107 - BANKNIFTY24AUG23P43500 candle closing price at time 2023-08-22 13:59:59.107126+05:30 is 24.25
2023-08-22 14:14:59,269 - BANKNIFTY24AUG23P43500 candle closing price at time 2023-08-22 14:14:59.269031+05:30 is 23.35
2023-08-22 14:29:59,196 - BANKNIFTY24AUG23P43500 candle closing price at time 2023-08-22 14:29:59.195902+05:30 is 24.9
2023-08-22 14:44:59,163 - BANKNIFTY24AUG23P43500 candle closing price at time 2023-08-22 14:44:59.163849+05:30 is 25.9
2023-08-22 14:59:59,227 - BANKNIFTY24AUG23P43500 candle closing price at time 2023-08-22 14:59:59.227727+05:30 is 26.0
2023-08-22 15:14:59,131 - BANKNIFTY24AUG23P43500 candle closing price at time 2023-08-22 15:14:59.131165+05:30 is 26.5
2023-08-23 09:31:12,247 - BANKNIFTY24AUG23P43500 went long at price-17.8, time-9:31:12
2023-08-23 09:31:12,248 - long entry dict:[0.0, 17.8]
2023-08-23 09:31:12,248 - long exit dict:[0.0]
2023-08-23 09:31:12,248 - HEDGE-BANKNIFTY24AUG23P43500 went long at price-17.8, time-9:31:12
