2023-08-30 10:11:27,490 - FINNIFTY05SEP23P19900 went short at price-100.35, time-10:11:27
2023-08-30 10:11:27,491 - short entry dict: [0.0, 100.35]
2023-08-30 10:14:59,279 - FINNIFTY05SEP23P19900 candle closing price at time 2023-08-30 10:14:59.279060+05:30 is 101.5
2023-08-30 10:29:59,153 - FINNIFTY05SEP23P19900 candle closing price at time 2023-08-30 10:29:59.153175+05:30 is 105.3
2023-08-30 10:44:59,271 - FINNIFTY05SEP23P19900 candle closing price at time 2023-08-30 10:44:59.271374+05:30 is 99.75
2023-08-30 10:59:59,112 - FINNIFTY05SEP23P19900 candle closing price at time 2023-08-30 10:59:59.112187+05:30 is 98.9
2023-08-30 11:14:59,042 - FINNIFTY05SEP23P19900 candle closing price at time 2023-08-30 11:14:59.042067+05:30 is 98.9
2023-08-30 11:29:59,147 - FINNIFTY05SEP23P19900 candle closing price at time 2023-08-30 11:29:59.146904+05:30 is 101.5
2023-08-30 11:44:59,230 - FINNIFTY05SEP23P19900 candle closing price at time 2023-08-30 11:44:59.230140+05:30 is 103.1
2023-08-30 11:59:59,027 - FINNIFTY05SEP23P19900 candle closing price at time 2023-08-30 11:59:59.026814+05:30 is 106.25
2023-08-30 12:14:59,011 - FINNIFTY05SEP23P19900 candle closing price at time 2023-08-30 12:14:59.011341+05:30 is 104.7
2023-08-30 12:29:59,064 - FINNIFTY05SEP23P19900 candle closing price at time 2023-08-30 12:29:59.064798+05:30 is 109.5
2023-08-30 12:44:59,187 - FINNIFTY05SEP23P19900 candle closing price at time 2023-08-30 12:44:59.187351+05:30 is 113.2
2023-08-30 12:48:21,189 - short entry dict: [0.0, 100.35]
2023-08-30 12:48:21,189 - short exit dict: [0.0, 134.15]
2023-08-30 12:48:21,189 - last entry was at : 100.35 and exit at: 134.15
2023-08-30 12:48:21,190 - short pnl booked until now:-5408.000000000002
2023-08-30 12:59:58,005 - FINNIFTY05SEP23P19900 went short at price-118.75, time-12:59:58
2023-08-30 12:59:58,005 - short entry dict: [0.0, 100.35, 118.75]
2023-08-30 12:59:59,210 - FINNIFTY05SEP23P19900 candle closing price at time 2023-08-30 12:59:59.210374+05:30 is 118.45
2023-08-30 13:00:54,569 - short entry dict: [0.0, 100.35, 118.75]
2023-08-30 13:00:54,569 - short exit dict: [0.0, 134.15, 121.4]
2023-08-30 13:00:54,569 - last entry was at : 118.75 and exit at: 121.4
2023-08-30 13:00:54,569 - short pnl booked until now:-5832.000000000003
2023-08-30 13:14:58,006 - FINNIFTY05SEP23P19900 went short at price-113.45, time-13:14:58
2023-08-30 13:14:58,006 - short entry dict: [0.0, 100.35, 118.75, 113.45]
2023-08-30 13:14:59,211 - FINNIFTY05SEP23P19900 candle closing price at time 2023-08-30 13:14:59.211859+05:30 is 113.1
2023-08-30 13:29:59,172 - FINNIFTY05SEP23P19900 candle closing price at time 2023-08-30 13:29:59.172277+05:30 is 116.1
2023-08-30 13:44:59,413 - short entry dict: [0.0, 100.35, 118.75, 113.45]
2023-08-30 13:44:59,413 - short exit dict: [0.0, 134.15, 121.4, 120.05]
2023-08-30 13:44:59,413 - last entry was at : 113.45 and exit at: 120.05
2023-08-30 13:44:59,413 - short pnl booked until now:-6888.000000000002
2023-08-30 13:59:58,007 - FINNIFTY05SEP23P19900 went short at price-117.8, time-13:59:58
2023-08-30 13:59:58,007 - short entry dict: [0.0, 100.35, 118.75, 113.45, 117.8]
2023-08-30 13:59:59,212 - FINNIFTY05SEP23P19900 candle closing price at time 2023-08-30 13:59:59.212353+05:30 is 117.65
2023-08-30 14:01:02,953 - short entry dict: [0.0, 100.35, 118.75, 113.45, 117.8]
2023-08-30 14:01:02,953 - short exit dict: [0.0, 134.15, 121.4, 120.05, 119.7]
2023-08-30 14:01:02,953 - last entry was at : 117.8 and exit at: 119.7
2023-08-30 14:01:02,953 - short pnl booked until now:-7192.000000000003
2023-08-30 14:14:59,208 - FINNIFTY05SEP23P19900 candle closing price at time 2023-08-30 14:14:59.208017+05:30 is 127.4
2023-08-30 14:29:59,060 - FINNIFTY05SEP23P19900 candle closing price at time 2023-08-30 14:29:59.060273+05:30 is 134.0
2023-08-30 14:44:59,034 - FINNIFTY05SEP23P19900 candle closing price at time 2023-08-30 14:44:59.034838+05:30 is 157.4
2023-08-30 14:59:59,276 - FINNIFTY05SEP23P19900 candle closing price at time 2023-08-30 14:59:59.276165+05:30 is 167.8
2023-08-30 15:14:59,257 - FINNIFTY05SEP23P19900 candle closing price at time 2023-08-30 15:14:59.257690+05:30 is 230.2
