2023-09-08 09:31:16,312 - BANKNIFTY13SEP23P44500 went short at price-81.25, time-9:31:16
2023-09-08 09:31:16,313 - short entry dict: [0.0, 81.25]
2023-09-08 09:44:59,230 - BANKNIFTY13SEP23P44500 candle closing price at time 2023-09-08 09:44:59.230126+05:30 is 89.2
2023-09-08 09:59:59,131 - BANKNIFTY13SEP23P44500 candle closing price at time 2023-09-08 09:59:59.131100+05:30 is 88.7
2023-09-08 10:14:59,254 - BANKNIFTY13SEP23P44500 candle closing price at time 2023-09-08 10:14:59.254323+05:30 is 89.2
2023-09-08 10:20:31,138 - short entry dict: [0.0, 81.25]
2023-09-08 10:20:31,143 - short exit dict: [0.0, 113.45]
2023-09-08 10:20:31,148 - last entry was at : 81.25 and exit at: 113.45
2023-09-08 10:20:31,153 - short pnl booked until now:-9660.0
2023-09-08 10:29:58,002 - BANKNIFTY13SEP23P44500 went short at price-104.35, time-10:29:58
2023-09-08 10:29:58,003 - short entry dict: [0.0, 81.25, 104.35]
2023-09-08 10:29:59,207 - BANKNIFTY13SEP23P44500 candle closing price at time 2023-09-08 10:29:59.207210+05:30 is 104.0
2023-09-08 10:31:33,115 - short entry dict: [0.0, 81.25, 104.35]
2023-09-08 10:31:33,121 - short exit dict: [0.0, 113.45, 110.7]
2023-09-08 10:31:33,126 - last entry was at : 104.35 and exit at: 110.7
2023-09-08 10:31:33,131 - short pnl booked until now:-11565.000000000002
2023-09-08 10:44:58,005 - BANKNIFTY13SEP23P44500 went short at price-103.5, time-10:44:58
2023-09-08 10:44:58,006 - short entry dict: [0.0, 81.25, 104.35, 103.5]
2023-09-08 10:44:59,212 - BANKNIFTY13SEP23P44500 candle closing price at time 2023-09-08 10:44:59.212678+05:30 is 102.7
2023-09-08 10:59:59,113 - BANKNIFTY13SEP23P44500 candle closing price at time 2023-09-08 10:59:59.112798+05:30 is 95.25
2023-09-08 11:14:59,068 - BANKNIFTY13SEP23P44500 candle closing price at time 2023-09-08 11:14:59.068312+05:30 is 100.9
2023-09-08 11:29:59,147 - BANKNIFTY13SEP23P44500 candle closing price at time 2023-09-08 11:29:59.147741+05:30 is 83.3
2023-09-08 11:44:59,124 - BANKNIFTY13SEP23P44500 candle closing price at time 2023-09-08 11:44:59.124656+05:30 is 62.55
2023-09-08 11:59:59,071 - BANKNIFTY13SEP23P44500 candle closing price at time 2023-09-08 11:59:59.071518+05:30 is 62.95
2023-09-08 12:14:59,104 - BANKNIFTY13SEP23P44500 candle closing price at time 2023-09-08 12:14:59.104274+05:30 is 62.6
2023-09-08 12:29:59,035 - BANKNIFTY13SEP23P44500 candle closing price at time 2023-09-08 12:29:59.035016+05:30 is 64.6
2023-09-08 12:44:59,032 - BANKNIFTY13SEP23P44500 candle closing price at time 2023-09-08 12:44:59.032567+05:30 is 60.5
2023-09-08 12:59:59,235 - BANKNIFTY13SEP23P44500 candle closing price at time 2023-09-08 12:59:59.235231+05:30 is 65.1
2023-09-08 13:14:59,013 - BANKNIFTY13SEP23P44500 candle closing price at time 2023-09-08 13:14:59.013664+05:30 is 65.55
2023-09-08 13:29:59,271 - BANKNIFTY13SEP23P44500 candle closing price at time 2023-09-08 13:29:59.271003+05:30 is 59.9
2023-09-08 13:44:59,122 - BANKNIFTY13SEP23P44500 candle closing price at time 2023-09-08 13:44:59.122480+05:30 is 52.5
2023-09-08 13:59:59,191 - BANKNIFTY13SEP23P44500 candle closing price at time 2023-09-08 13:59:59.190904+05:30 is 53.35
2023-09-08 14:14:59,250 - BANKNIFTY13SEP23P44500 candle closing price at time 2023-09-08 14:14:59.250228+05:30 is 51.0
2023-09-08 14:29:59,073 - BANKNIFTY13SEP23P44500 candle closing price at time 2023-09-08 14:29:59.073393+05:30 is 40.2
2023-09-08 14:44:59,128 - BANKNIFTY13SEP23P44500 candle closing price at time 2023-09-08 14:44:59.128786+05:30 is 57.85
2023-09-08 14:59:59,111 - BANKNIFTY13SEP23P44500 candle closing price at time 2023-09-08 14:59:59.111604+05:30 is 58.05
2023-09-08 15:14:59,172 - BANKNIFTY13SEP23P44500 candle closing price at time 2023-09-08 15:14:59.172645+05:30 is 59.85
