2023-08-23 09:31:13,080 - FINNIFTY29AUG23P19400 went short at price-46.25, time-9:31:13
2023-08-23 09:31:13,080 - short entry dict: [0.0, 46.25]
2023-08-23 09:44:59,008 - FINNIFTY29AUG23P19400 candle closing price at time 2023-08-23 09:44:59.008383+05:30 is 44.2
2023-08-23 09:46:31,578 - short entry dict: [0.0, 46.25]
2023-08-23 09:46:31,578 - short exit dict: [0.0, 44.25]
2023-08-23 09:46:31,578 - last entry was at : 46.25 and exit at: 44.25
2023-08-23 09:46:31,579 - short pnl booked until now:320.0
2023-08-23 09:59:59,205 - FINNIFTY29AUG23P19400 candle closing price at time 2023-08-23 09:59:59.205731+05:30 is 54.65
2023-08-23 10:14:59,218 - FINNIFTY29AUG23P19400 candle closing price at time 2023-08-23 10:14:59.218107+05:30 is 57.05
2023-08-23 10:29:59,075 - FINNIFTY29AUG23P19400 candle closing price at time 2023-08-23 10:29:59.075224+05:30 is 56.35
2023-08-23 10:44:59,085 - FINNIFTY29AUG23P19400 candle closing price at time 2023-08-23 10:44:59.085480+05:30 is 53.25
2023-08-23 10:59:59,105 - FINNIFTY29AUG23P19400 candle closing price at time 2023-08-23 10:59:59.105231+05:30 is 51.35
2023-08-23 11:14:58,000 - FINNIFTY29AUG23P19400 went short at price-41.5, time-11:14:58
2023-08-23 11:14:58,002 - short entry dict: [0.0, 46.25, 41.5]
2023-08-23 11:14:59,206 - FINNIFTY29AUG23P19400 candle closing price at time 2023-08-23 11:14:59.206788+05:30 is 41.5
2023-08-23 11:29:59,258 - FINNIFTY29AUG23P19400 candle closing price at time 2023-08-23 11:29:59.258638+05:30 is 37.4
2023-08-23 11:44:59,112 - FINNIFTY29AUG23P19400 candle closing price at time 2023-08-23 11:44:59.112267+05:30 is 37.4
2023-08-23 11:59:59,202 - FINNIFTY29AUG23P19400 candle closing price at time 2023-08-23 11:59:59.201998+05:30 is 39.05
2023-08-23 12:14:59,098 - FINNIFTY29AUG23P19400 candle closing price at time 2023-08-23 12:14:59.098686+05:30 is 37.55
2023-08-23 12:29:59,040 - FINNIFTY29AUG23P19400 candle closing price at time 2023-08-23 12:29:59.040618+05:30 is 35.1
2023-08-23 12:44:59,172 - FINNIFTY29AUG23P19400 candle closing price at time 2023-08-23 12:44:59.172078+05:30 is 32.1
2023-08-23 12:59:59,157 - FINNIFTY29AUG23P19400 candle closing price at time 2023-08-23 12:59:59.157742+05:30 is 25.2
2023-08-23 13:14:59,021 - FINNIFTY29AUG23P19400 candle closing price at time 2023-08-23 13:14:59.021060+05:30 is 26.1
2023-08-23 13:29:59,220 - FINNIFTY29AUG23P19400 candle closing price at time 2023-08-23 13:29:59.220275+05:30 is 25.2
2023-08-23 13:44:59,118 - FINNIFTY29AUG23P19400 candle closing price at time 2023-08-23 13:44:59.118243+05:30 is 24.65
2023-08-23 13:59:59,206 - FINNIFTY29AUG23P19400 candle closing price at time 2023-08-23 13:59:59.206328+05:30 is 23.85
2023-08-23 14:14:59,137 - FINNIFTY29AUG23P19400 candle closing price at time 2023-08-23 14:14:59.137421+05:30 is 21.5
2023-08-23 14:29:59,163 - FINNIFTY29AUG23P19400 candle closing price at time 2023-08-23 14:29:59.163770+05:30 is 22.25
2023-08-23 14:44:59,196 - FINNIFTY29AUG23P19400 candle closing price at time 2023-08-23 14:44:59.196822+05:30 is 21.6
2023-08-23 14:59:59,026 - FINNIFTY29AUG23P19400 candle closing price at time 2023-08-23 14:59:59.026370+05:30 is 22.6
2023-08-23 15:14:59,273 - FINNIFTY29AUG23P19400 candle closing price at time 2023-08-23 15:14:59.273155+05:30 is 21.2
2023-08-25 09:31:17,391 - FINNIFTY29AUG23P19400 went long at price-13.9, time-9:31:17
2023-08-25 09:31:17,392 - long entry dict:[0.0, 13.9]
2023-08-25 09:31:17,392 - long exit dict:[0.0]
2023-08-25 09:31:17,392 - HEDGE-FINNIFTY29AUG23P19400 went long at price-13.9, time-9:31:17
