2023-08-24 09:31:20,031 - BANKNIFTY24AUG23P44800 went short at price-134.0, time-9:31:20
2023-08-24 09:31:20,032 - short entry dict: [0.0, 134.0]
2023-08-24 09:44:59,245 - BANKNIFTY24AUG23P44800 candle closing price at time 2023-08-24 09:44:59.244895+05:30 is 84.2
2023-08-24 09:59:59,071 - BANKNIFTY24AUG23P44800 candle closing price at time 2023-08-24 09:59:59.071010+05:30 is 66.8
2023-08-24 10:14:59,249 - BANKNIFTY24AUG23P44800 candle closing price at time 2023-08-24 10:14:59.249602+05:30 is 59.6
2023-08-24 10:29:59,177 - BANKNIFTY24AUG23P44800 candle closing price at time 2023-08-24 10:29:59.177446+05:30 is 83.85
2023-08-24 10:44:59,055 - BANKNIFTY24AUG23P44800 candle closing price at time 2023-08-24 10:44:59.055435+05:30 is 93.15
2023-08-24 10:59:59,047 - BANKNIFTY24AUG23P44800 candle closing price at time 2023-08-24 10:59:59.047555+05:30 is 139.95
2023-08-24 11:14:59,080 - BANKNIFTY24AUG23P44800 candle closing price at time 2023-08-24 11:14:59.079915+05:30 is 185.95
2023-08-24 11:29:59,150 - BANKNIFTY24AUG23P44800 candle closing price at time 2023-08-24 11:29:59.150411+05:30 is 174.0
2023-08-24 11:44:59,019 - BANKNIFTY24AUG23P44800 candle closing price at time 2023-08-24 11:44:59.018964+05:30 is 140.15
2023-08-24 11:59:59,264 - BANKNIFTY24AUG23P44800 candle closing price at time 2023-08-24 11:59:59.263930+05:30 is 187.05
2023-08-24 12:04:07,952 - short entry dict: [0.0, 134.0]
2023-08-24 12:04:07,953 - short exit dict: [0.0, 246.45]
2023-08-24 12:04:07,953 - last entry was at : 134.0 and exit at: 246.45
2023-08-24 12:04:07,953 - short pnl booked until now:-33735.0
2023-08-24 12:14:58,001 - BANKNIFTY24AUG23P44800 went short at price-222.9, time-12:14:58
2023-08-24 12:14:58,002 - short entry dict: [0.0, 134.0, 222.9]
2023-08-24 12:14:59,207 - BANKNIFTY24AUG23P44800 candle closing price at time 2023-08-24 12:14:59.207430+05:30 is 224.65
2023-08-24 12:30:04,313 - short entry dict: [0.0, 134.0, 222.9]
2023-08-24 12:30:04,313 - short exit dict: [0.0, 246.45, 251.4]
2023-08-24 12:30:04,313 - last entry was at : 222.9 and exit at: 251.4
2023-08-24 12:30:04,313 - short pnl booked until now:-42285.0
2023-08-24 12:44:58,009 - BANKNIFTY24AUG23P44800 went short at price-192.05, time-12:44:58
2023-08-24 12:44:58,010 - short entry dict: [0.0, 134.0, 222.9, 192.05]
2023-08-24 12:44:59,215 - BANKNIFTY24AUG23P44800 candle closing price at time 2023-08-24 12:44:59.215583+05:30 is 192.25
2023-08-24 12:59:59,021 - BANKNIFTY24AUG23P44800 candle closing price at time 2023-08-24 12:59:59.021312+05:30 is 229.9
2023-08-24 13:14:59,207 - BANKNIFTY24AUG23P44800 candle closing price at time 2023-08-24 13:14:59.207639+05:30 is 242.05
2023-08-24 13:29:59,214 - BANKNIFTY24AUG23P44800 candle closing price at time 2023-08-24 13:29:59.214811+05:30 is 238.35
2023-08-24 13:37:07,181 - short entry dict: [0.0, 134.0, 222.9, 192.05]
2023-08-24 13:37:07,181 - short exit dict: [0.0, 246.45, 251.4, 251.35]
2023-08-24 13:37:07,181 - last entry was at : 192.05 and exit at: 251.35
2023-08-24 13:37:07,181 - short pnl booked until now:-60075.0
2023-08-24 13:44:58,001 - BANKNIFTY24AUG23P44800 went short at price-245.9, time-13:44:58
2023-08-24 13:44:58,001 - short entry dict: [0.0, 134.0, 222.9, 192.05, 245.9]
2023-08-24 13:44:59,206 - BANKNIFTY24AUG23P44800 candle closing price at time 2023-08-24 13:44:59.206796+05:30 is 244.4
2023-08-24 13:45:09,029 - short entry dict: [0.0, 134.0, 222.9, 192.05, 245.9]
2023-08-24 13:45:09,029 - short exit dict: [0.0, 246.45, 251.4, 251.35, 248.15]
2023-08-24 13:45:09,029 - last entry was at : 245.9 and exit at: 248.15
2023-08-24 13:45:09,029 - short pnl booked until now:-60750.0
2023-08-24 13:59:59,206 - BANKNIFTY24AUG23P44800 candle closing price at time 2023-08-24 13:59:59.206238+05:30 is 248.0
2023-08-24 14:14:59,022 - BANKNIFTY24AUG23P44800 candle closing price at time 2023-08-24 14:14:59.022824+05:30 is 219.75
2023-08-24 14:29:58,003 - BANKNIFTY24AUG23P44800 went short at price-262.1, time-14:29:58
2023-08-24 14:29:58,003 - short entry dict: [0.0, 134.0, 222.9, 192.05, 245.9, 262.1]
2023-08-24 14:29:59,208 - BANKNIFTY24AUG23P44800 candle closing price at time 2023-08-24 14:29:59.208233+05:30 is 262.15
2023-08-24 14:30:07,217 - short entry dict: [0.0, 134.0, 222.9, 192.05, 245.9, 262.1]
2023-08-24 14:30:07,217 - short exit dict: [0.0, 246.45, 251.4, 251.35, 248.15, 264.9]
2023-08-24 14:30:07,217 - last entry was at : 262.1 and exit at: 264.9
2023-08-24 14:30:07,217 - short pnl booked until now:-61589.999999999985
2023-08-24 14:44:59,205 - BANKNIFTY24AUG23P44800 candle closing price at time 2023-08-24 14:44:59.205475+05:30 is 299.9
2023-08-24 14:59:59,186 - BANKNIFTY24AUG23P44800 candle closing price at time 2023-08-24 14:59:59.186687+05:30 is 315.4
2023-08-24 15:14:59,170 - BANKNIFTY24AUG23P44800 candle closing price at time 2023-08-24 15:14:59.170851+05:30 is 291.4
