2023-08-17 09:31:21,568 - BANKNIFTY17AUG23C44100 went short at price-38.95, time-9:31:21
2023-08-17 09:31:21,568 - short entry dict: [0.0, 38.95]
2023-08-17 09:44:59,230 - BANKNIFTY17AUG23C44100 candle closing price at time 2023-08-17 09:44:59.230216+05:30 is 46.3
2023-08-17 09:59:59,111 - BANKNIFTY17AUG23C44100 candle closing price at time 2023-08-17 09:59:59.111033+05:30 is 45.6
2023-08-17 10:05:07,413 - short entry dict: [0.0, 38.95]
2023-08-17 10:05:07,413 - short exit dict: [0.0, 56.85]
2023-08-17 10:05:07,414 - last entry was at : 38.95 and exit at: 56.85
2023-08-17 10:05:07,414 - short pnl booked until now:-5370.0
2023-08-17 10:14:59,227 - BANKNIFTY17AUG23C44100 candle closing price at time 2023-08-17 10:14:59.226990+05:30 is 56.95
2023-08-17 10:29:58,003 - BANKNIFTY17AUG23C44100 went short at price-54.95, time-10:29:58
2023-08-17 10:29:58,003 - short entry dict: [0.0, 38.95, 54.95]
2023-08-17 10:29:59,208 - BANKNIFTY17AUG23C44100 candle closing price at time 2023-08-17 10:29:59.208796+05:30 is 55.05
2023-08-17 10:30:54,817 - short entry dict: [0.0, 38.95, 54.95]
2023-08-17 10:30:54,817 - short exit dict: [0.0, 56.85, 56.75]
2023-08-17 10:30:54,817 - last entry was at : 54.95 and exit at: 56.75
2023-08-17 10:30:54,817 - short pnl booked until now:-5909.999999999999
2023-08-17 10:44:59,214 - BANKNIFTY17AUG23C44100 candle closing price at time 2023-08-17 10:44:59.213900+05:30 is 66.85
2023-08-17 10:59:59,012 - BANKNIFTY17AUG23C44100 candle closing price at time 2023-08-17 10:59:59.012354+05:30 is 76.15
2023-08-17 11:14:58,006 - BANKNIFTY17AUG23C44100 went short at price-55.9, time-11:14:58
2023-08-17 11:14:58,006 - short entry dict: [0.0, 38.95, 54.95, 55.9]
2023-08-17 11:14:59,212 - BANKNIFTY17AUG23C44100 candle closing price at time 2023-08-17 11:14:59.212012+05:30 is 55.25
2023-08-17 11:29:59,038 - BANKNIFTY17AUG23C44100 candle closing price at time 2023-08-17 11:29:59.038679+05:30 is 30.5
2023-08-17 11:44:59,087 - BANKNIFTY17AUG23C44100 candle closing price at time 2023-08-17 11:44:59.086914+05:30 is 34.8
2023-08-17 11:59:59,155 - BANKNIFTY17AUG23C44100 candle closing price at time 2023-08-17 11:59:59.155292+05:30 is 28.2
2023-08-17 12:14:59,212 - BANKNIFTY17AUG23C44100 candle closing price at time 2023-08-17 12:14:59.212688+05:30 is 17.75
2023-08-17 12:29:59,120 - BANKNIFTY17AUG23C44100 candle closing price at time 2023-08-17 12:29:59.120568+05:30 is 19.7
2023-08-17 12:44:59,210 - BANKNIFTY17AUG23C44100 candle closing price at time 2023-08-17 12:44:59.210922+05:30 is 9.2
2023-08-17 12:59:59,036 - BANKNIFTY17AUG23C44100 candle closing price at time 2023-08-17 12:59:59.035992+05:30 is 7.8
2023-08-17 13:14:59,277 - BANKNIFTY17AUG23C44100 candle closing price at time 2023-08-17 13:14:59.277776+05:30 is 5.35
2023-08-17 13:29:59,257 - BANKNIFTY17AUG23C44100 candle closing price at time 2023-08-17 13:29:59.257513+05:30 is 6.55
2023-08-17 13:44:59,264 - BANKNIFTY17AUG23C44100 candle closing price at time 2023-08-17 13:44:59.264668+05:30 is 6.85
2023-08-17 13:59:59,141 - BANKNIFTY17AUG23C44100 candle closing price at time 2023-08-17 13:59:59.141852+05:30 is 3.8
2023-08-17 14:14:59,156 - BANKNIFTY17AUG23C44100 candle closing price at time 2023-08-17 14:14:59.156423+05:30 is 2.35
2023-08-17 14:29:59,067 - BANKNIFTY17AUG23C44100 candle closing price at time 2023-08-17 14:29:59.067004+05:30 is 1.65
2023-08-17 14:44:59,020 - BANKNIFTY17AUG23C44100 candle closing price at time 2023-08-17 14:44:59.020449+05:30 is 1.15
2023-08-17 14:59:59,179 - BANKNIFTY17AUG23C44100 candle closing price at time 2023-08-17 14:59:59.179435+05:30 is 0.65
2023-08-17 15:14:59,199 - BANKNIFTY17AUG23C44100 candle closing price at time 2023-08-17 15:14:59.199036+05:30 is 0.15
