2023-08-22 09:31:17,261 - BANKNIFTY24AUG23C45000 went long at price-7.65, time-9:31:17
2023-08-22 09:31:17,262 - long entry dict:[0.0, 7.65]
2023-08-22 09:31:17,262 - long exit dict:[0.0]
2023-08-22 09:31:17,262 - HEDGE-BANKNIFTY24AUG23C45000 went long at price-7.65, time-9:31:17
2023-08-24 09:31:20,540 - BANKNIFTY24AUG23C45000 went short at price-24.25, time-9:31:20
2023-08-24 09:31:20,540 - short entry dict: [0.0, 24.25]
2023-08-24 09:38:50,399 - short entry dict: [0.0, 24.25]
2023-08-24 09:38:50,400 - short exit dict: [0.0, 30.45]
2023-08-24 09:38:50,400 - last entry was at : 24.25 and exit at: 30.45
2023-08-24 09:38:50,400 - short pnl booked until now:-1859.9999999999998
2023-08-24 09:44:59,221 - BANKNIFTY24AUG23C45000 candle closing price at time 2023-08-24 09:44:59.221438+05:30 is 44.25
2023-08-24 09:59:59,118 - BANKNIFTY24AUG23C45000 candle closing price at time 2023-08-24 09:59:59.118735+05:30 is 61.3
2023-08-24 10:14:59,055 - BANKNIFTY24AUG23C45000 candle closing price at time 2023-08-24 10:14:59.055376+05:30 is 58.7
2023-08-24 10:29:59,004 - BANKNIFTY24AUG23C45000 candle closing price at time 2023-08-24 10:29:59.004044+05:30 is 39.05
2023-08-24 10:44:59,070 - BANKNIFTY24AUG23C45000 candle closing price at time 2023-08-24 10:44:59.070213+05:30 is 31.85
2023-08-24 10:59:58,010 - BANKNIFTY24AUG23C45000 went short at price-17.75, time-10:59:58
2023-08-24 10:59:58,010 - short entry dict: [0.0, 24.25, 17.75]
2023-08-24 10:59:59,219 - BANKNIFTY24AUG23C45000 candle closing price at time 2023-08-24 10:59:59.218916+05:30 is 17.9
2023-08-24 11:14:59,292 - BANKNIFTY24AUG23C45000 candle closing price at time 2023-08-24 11:14:59.292581+05:30 is 14.0
2023-08-24 11:29:59,285 - BANKNIFTY24AUG23C45000 candle closing price at time 2023-08-24 11:29:59.285616+05:30 is 15.95
2023-08-24 11:44:59,015 - BANKNIFTY24AUG23C45000 candle closing price at time 2023-08-24 11:44:59.015158+05:30 is 18.55
2023-08-24 11:59:59,231 - BANKNIFTY24AUG23C45000 candle closing price at time 2023-08-24 11:59:59.231042+05:30 is 12.6
2023-08-24 12:14:59,147 - BANKNIFTY24AUG23C45000 candle closing price at time 2023-08-24 12:14:59.146954+05:30 is 9.9
2023-08-24 12:29:59,292 - BANKNIFTY24AUG23C45000 candle closing price at time 2023-08-24 12:29:59.292452+05:30 is 7.0
2023-08-24 12:44:59,045 - BANKNIFTY24AUG23C45000 candle closing price at time 2023-08-24 12:44:59.045665+05:30 is 10.85
2023-08-24 12:59:59,135 - BANKNIFTY24AUG23C45000 candle closing price at time 2023-08-24 12:59:59.135196+05:30 is 6.65
2023-08-24 13:14:59,241 - BANKNIFTY24AUG23C45000 candle closing price at time 2023-08-24 13:14:59.241246+05:30 is 3.6
2023-08-24 13:29:59,106 - BANKNIFTY24AUG23C45000 candle closing price at time 2023-08-24 13:29:59.106718+05:30 is 3.9
2023-08-24 13:44:59,082 - BANKNIFTY24AUG23C45000 candle closing price at time 2023-08-24 13:44:59.082411+05:30 is 3.35
2023-08-24 13:59:59,120 - BANKNIFTY24AUG23C45000 candle closing price at time 2023-08-24 13:59:59.119972+05:30 is 3.3
2023-08-24 14:14:59,119 - BANKNIFTY24AUG23C45000 candle closing price at time 2023-08-24 14:14:59.119645+05:30 is 4.05
2023-08-24 14:29:59,028 - BANKNIFTY24AUG23C45000 candle closing price at time 2023-08-24 14:29:59.028372+05:30 is 1.9
2023-08-24 14:44:59,086 - BANKNIFTY24AUG23C45000 candle closing price at time 2023-08-24 14:44:59.086474+05:30 is 0.85
2023-08-24 14:59:59,285 - BANKNIFTY24AUG23C45000 candle closing price at time 2023-08-24 14:59:59.285846+05:30 is 0.9
2023-08-24 15:14:59,207 - BANKNIFTY24AUG23C45000 candle closing price at time 2023-08-24 15:14:59.207351+05:30 is 0.2
