2023-08-25 09:31:20,070 - NIFTY31AUG23C19500 went short at price-27.25, time-9:31:20
2023-08-25 09:31:20,070 - short entry dict: [0.0, 27.25]
2023-08-25 09:44:59,014 - NIFTY31AUG23C19500 candle closing price at time 2023-08-25 09:44:59.014083+05:30 is 28.25
2023-08-25 09:59:59,231 - NIFTY31AUG23C19500 candle closing price at time 2023-08-25 09:59:59.230776+05:30 is 29.95
2023-08-25 10:14:59,204 - NIFTY31AUG23C19500 candle closing price at time 2023-08-25 10:14:59.204530+05:30 is 25.55
2023-08-25 10:29:59,108 - NIFTY31AUG23C19500 candle closing price at time 2023-08-25 10:29:59.107893+05:30 is 20.3
2023-08-25 10:44:59,295 - NIFTY31AUG23C19500 candle closing price at time 2023-08-25 10:44:59.295151+05:30 is 19.9
2023-08-25 10:59:59,281 - NIFTY31AUG23C19500 candle closing price at time 2023-08-25 10:59:59.281604+05:30 is 20.0
2023-08-25 11:14:59,014 - NIFTY31AUG23C19500 candle closing price at time 2023-08-25 11:14:59.014709+05:30 is 20.5
2023-08-25 11:29:59,100 - NIFTY31AUG23C19500 candle closing price at time 2023-08-25 11:29:59.100533+05:30 is 25.3
2023-08-25 11:44:59,038 - NIFTY31AUG23C19500 candle closing price at time 2023-08-25 11:44:59.038046+05:30 is 25.4
2023-08-25 11:59:59,039 - NIFTY31AUG23C19500 candle closing price at time 2023-08-25 11:59:59.039566+05:30 is 23.15
2023-08-25 12:14:59,292 - NIFTY31AUG23C19500 candle closing price at time 2023-08-25 12:14:59.292456+05:30 is 20.2
2023-08-25 12:29:59,242 - NIFTY31AUG23C19500 candle closing price at time 2023-08-25 12:29:59.242777+05:30 is 20.9
2023-08-25 12:44:59,058 - NIFTY31AUG23C19500 candle closing price at time 2023-08-25 12:44:59.058563+05:30 is 21.65
2023-08-25 12:59:59,288 - NIFTY31AUG23C19500 candle closing price at time 2023-08-25 12:59:59.288723+05:30 is 22.75
2023-08-25 13:14:59,218 - NIFTY31AUG23C19500 candle closing price at time 2023-08-25 13:14:59.218057+05:30 is 21.85
2023-08-25 13:29:59,052 - NIFTY31AUG23C19500 candle closing price at time 2023-08-25 13:29:59.052580+05:30 is 21.95
2023-08-25 13:44:59,103 - NIFTY31AUG23C19500 candle closing price at time 2023-08-25 13:44:59.103171+05:30 is 23.5
2023-08-25 13:59:59,171 - NIFTY31AUG23C19500 candle closing price at time 2023-08-25 13:59:59.171677+05:30 is 22.2
2023-08-25 14:14:59,171 - NIFTY31AUG23C19500 candle closing price at time 2023-08-25 14:14:59.171312+05:30 is 20.45
2023-08-25 14:29:59,094 - NIFTY31AUG23C19500 candle closing price at time 2023-08-25 14:29:59.093617+05:30 is 20.9
2023-08-25 14:44:59,265 - NIFTY31AUG23C19500 candle closing price at time 2023-08-25 14:44:59.265553+05:30 is 19.65
2023-08-25 14:59:59,291 - NIFTY31AUG23C19500 candle closing price at time 2023-08-25 14:59:59.290950+05:30 is 21.15
2023-08-25 15:14:59,017 - NIFTY31AUG23C19500 candle closing price at time 2023-08-25 15:14:59.017062+05:30 is 19.0
2023-08-29 11:28:32,761 - NIFTY31AUG23C19500 went short at price-12.15, time-11:28:32
2023-08-29 11:28:32,762 - short entry dict: [0.0, 12.15]
2023-08-29 11:29:59,162 - NIFTY31AUG23C19500 candle closing price at time 2023-08-29 11:29:59.162777+05:30 is 12.1
2023-08-29 11:44:59,280 - NIFTY31AUG23C19500 candle closing price at time 2023-08-29 11:44:59.280766+05:30 is 12.5
2023-08-29 11:59:59,013 - NIFTY31AUG23C19500 candle closing price at time 2023-08-29 11:59:59.013176+05:30 is 11.8
2023-08-29 12:14:59,244 - NIFTY31AUG23C19500 candle closing price at time 2023-08-29 12:14:59.244817+05:30 is 12.55
2023-08-29 12:29:59,077 - NIFTY31AUG23C19500 candle closing price at time 2023-08-29 12:29:59.077418+05:30 is 13.25
2023-08-29 12:44:59,066 - NIFTY31AUG23C19500 candle closing price at time 2023-08-29 12:44:59.066349+05:30 is 12.35
2023-08-29 12:59:59,063 - NIFTY31AUG23C19500 candle closing price at time 2023-08-29 12:59:59.063376+05:30 is 13.45
2023-08-29 13:14:59,263 - NIFTY31AUG23C19500 candle closing price at time 2023-08-29 13:14:59.263904+05:30 is 12.3
2023-08-29 13:29:59,274 - NIFTY31AUG23C19500 candle closing price at time 2023-08-29 13:29:59.274248+05:30 is 13.3
2023-08-29 13:44:59,236 - NIFTY31AUG23C19500 candle closing price at time 2023-08-29 13:44:59.236620+05:30 is 11.65
2023-08-29 13:59:59,022 - NIFTY31AUG23C19500 candle closing price at time 2023-08-29 13:59:59.022397+05:30 is 10.6
2023-08-29 14:14:59,264 - NIFTY31AUG23C19500 candle closing price at time 2023-08-29 14:14:59.264504+05:30 is 10.0
2023-08-29 14:29:59,093 - NIFTY31AUG23C19500 candle closing price at time 2023-08-29 14:29:59.093419+05:30 is 9.0
2023-08-29 14:44:59,254 - NIFTY31AUG23C19500 candle closing price at time 2023-08-29 14:44:59.254405+05:30 is 8.9
2023-08-29 14:59:59,022 - NIFTY31AUG23C19500 candle closing price at time 2023-08-29 14:59:59.022700+05:30 is 8.85
2023-08-29 15:14:59,016 - NIFTY31AUG23C19500 candle closing price at time 2023-08-29 15:14:59.016465+05:30 is 9.05
2023-08-30 10:11:27,878 - NIFTY31AUG23C19500 went short at price-19.0, time-10:11:27
2023-08-30 10:11:27,878 - short entry dict: [0.0, 19.0]
2023-08-30 10:14:59,119 - NIFTY31AUG23C19500 candle closing price at time 2023-08-30 10:14:59.118880+05:30 is 19.35
2023-08-30 10:29:59,013 - NIFTY31AUG23C19500 candle closing price at time 2023-08-30 10:29:59.013150+05:30 is 17.55
2023-08-30 10:44:59,076 - NIFTY31AUG23C19500 candle closing price at time 2023-08-30 10:44:59.076609+05:30 is 18.7
2023-08-30 10:49:37,105 - short entry dict: [0.0, 19.0]
2023-08-30 10:49:37,106 - short exit dict: [0.0, 20.05]
2023-08-30 10:49:37,106 - last entry was at : 19.0 and exit at: 20.05
2023-08-30 10:49:37,106 - short pnl booked until now:-525.0000000000003
2023-08-30 10:59:58,001 - NIFTY31AUG23C19500 went short at price-18.8, time-10:59:58
2023-08-30 10:59:58,002 - short entry dict: [0.0, 19.0, 18.8]
2023-08-30 10:59:59,207 - NIFTY31AUG23C19500 candle closing price at time 2023-08-30 10:59:59.207532+05:30 is 18.95
2023-08-30 11:14:59,154 - NIFTY31AUG23C19500 candle closing price at time 2023-08-30 11:14:59.154860+05:30 is 18.7
2023-08-30 11:29:59,134 - NIFTY31AUG23C19500 candle closing price at time 2023-08-30 11:29:59.134748+05:30 is 18.8
2023-08-30 11:44:59,015 - NIFTY31AUG23C19500 candle closing price at time 2023-08-30 11:44:59.015107+05:30 is 17.95
2023-08-30 11:59:59,210 - NIFTY31AUG23C19500 candle closing price at time 2023-08-30 11:59:59.210361+05:30 is 17.7
2023-08-30 12:14:59,230 - NIFTY31AUG23C19500 candle closing price at time 2023-08-30 12:14:59.230825+05:30 is 17.4
2023-08-30 12:27:23,718 - short entry dict: [0.0, 19.0, 18.8]
2023-08-30 12:27:23,718 - short exit dict: [0.0, 20.05, 16.05]
2023-08-30 12:27:23,718 - last entry was at : 18.8 and exit at: 16.05
2023-08-30 12:27:23,718 - short pnl booked until now:849.9999999999997
2023-08-30 12:29:58,001 - NIFTY31AUG23C19500 went short at price-15.75, time-12:29:58
2023-08-30 12:29:58,001 - short entry dict: [0.0, 19.0, 18.8, 15.75]
2023-08-30 12:29:59,205 - NIFTY31AUG23C19500 candle closing price at time 2023-08-30 12:29:59.205517+05:30 is 15.75
2023-08-30 12:30:12,638 - short entry dict: [0.0, 19.0, 18.8, 15.75]
2023-08-30 12:30:12,639 - short exit dict: [0.0, 20.05, 16.05, 15.95]
2023-08-30 12:30:12,639 - last entry was at : 15.75 and exit at: 15.95
2023-08-30 12:30:12,639 - short pnl booked until now:750.0
2023-08-30 12:44:58,001 - NIFTY31AUG23C19500 went short at price-14.55, time-12:44:58
2023-08-30 12:44:58,002 - short entry dict: [0.0, 19.0, 18.8, 15.75, 14.55]
2023-08-30 12:44:59,207 - NIFTY31AUG23C19500 candle closing price at time 2023-08-30 12:44:59.207582+05:30 is 14.55
2023-08-30 12:59:59,260 - NIFTY31AUG23C19500 candle closing price at time 2023-08-30 12:59:59.260505+05:30 is 13.55
2023-08-30 13:14:59,295 - NIFTY31AUG23C19500 candle closing price at time 2023-08-30 13:14:59.295324+05:30 is 15.05
2023-08-30 13:17:54,889 - short entry dict: [0.0, 19.0, 18.8, 15.75, 14.55]
2023-08-30 13:17:54,889 - short exit dict: [0.0, 20.05, 16.05, 15.95, 15.7]
2023-08-30 13:17:54,889 - last entry was at : 14.55 and exit at: 15.7
2023-08-30 13:17:54,889 - short pnl booked until now:175.00000000000068
2023-08-30 13:29:58,000 - NIFTY31AUG23C19500 went short at price-14.25, time-13:29:58
2023-08-30 13:29:58,001 - short entry dict: [0.0, 19.0, 18.8, 15.75, 14.55, 14.25]
2023-08-30 13:29:59,206 - NIFTY31AUG23C19500 candle closing price at time 2023-08-30 13:29:59.206501+05:30 is 14.25
2023-08-30 13:44:59,206 - NIFTY31AUG23C19500 candle closing price at time 2023-08-30 13:44:59.206387+05:30 is 11.75
2023-08-30 13:59:59,152 - NIFTY31AUG23C19500 candle closing price at time 2023-08-30 13:59:59.152561+05:30 is 11.95
2023-08-30 14:14:59,250 - NIFTY31AUG23C19500 candle closing price at time 2023-08-30 14:14:59.250788+05:30 is 8.3
2023-08-30 14:29:59,093 - NIFTY31AUG23C19500 candle closing price at time 2023-08-30 14:29:59.092889+05:30 is 8.35
2023-08-30 14:44:59,125 - NIFTY31AUG23C19500 candle closing price at time 2023-08-30 14:44:59.125115+05:30 is 5.65
2023-08-30 14:59:59,077 - NIFTY31AUG23C19500 candle closing price at time 2023-08-30 14:59:59.077689+05:30 is 6.0
2023-08-30 15:14:59,089 - NIFTY31AUG23C19500 candle closing price at time 2023-08-30 15:14:59.089768+05:30 is 4.95
2023-08-31 09:30:14,979 - NIFTY31AUG23C19500 went short at price-2.3, time-9:30:14
2023-08-31 09:30:14,979 - short entry dict: [0.0, 2.3]
2023-08-31 09:44:59,263 - NIFTY31AUG23C19500 candle closing price at time 2023-08-31 09:44:59.263702+05:30 is 3.1
2023-08-31 09:59:59,099 - NIFTY31AUG23C19500 candle closing price at time 2023-08-31 09:59:59.099657+05:30 is 3.05
2023-08-31 10:14:59,007 - NIFTY31AUG23C19500 candle closing price at time 2023-08-31 10:14:59.007091+05:30 is 2.0
2023-08-31 10:29:59,139 - NIFTY31AUG23C19500 candle closing price at time 2023-08-31 10:29:59.139760+05:30 is 1.85
2023-08-31 10:44:59,200 - NIFTY31AUG23C19500 candle closing price at time 2023-08-31 10:44:59.200660+05:30 is 2.2
2023-08-31 10:59:59,093 - NIFTY31AUG23C19500 candle closing price at time 2023-08-31 10:59:59.093391+05:30 is 2.1
2023-08-31 11:14:59,157 - NIFTY31AUG23C19500 candle closing price at time 2023-08-31 11:14:59.157790+05:30 is 2.25
2023-08-31 11:29:59,283 - NIFTY31AUG23C19500 candle closing price at time 2023-08-31 11:29:59.283281+05:30 is 2.15
2023-08-31 11:44:59,056 - NIFTY31AUG23C19500 candle closing price at time 2023-08-31 11:44:59.056433+05:30 is 1.75
2023-08-31 11:59:59,223 - NIFTY31AUG23C19500 candle closing price at time 2023-08-31 11:59:59.223245+05:30 is 1.5
2023-08-31 12:14:59,105 - NIFTY31AUG23C19500 candle closing price at time 2023-08-31 12:14:59.105621+05:30 is 1.8
2023-08-31 12:29:59,283 - NIFTY31AUG23C19500 candle closing price at time 2023-08-31 12:29:59.283735+05:30 is 1.7
2023-08-31 12:44:59,251 - NIFTY31AUG23C19500 candle closing price at time 2023-08-31 12:44:59.251633+05:30 is 1.55
2023-08-31 12:59:59,227 - NIFTY31AUG23C19500 candle closing price at time 2023-08-31 12:59:59.227790+05:30 is 1.05
2023-08-31 13:14:59,244 - NIFTY31AUG23C19500 candle closing price at time 2023-08-31 13:14:59.244275+05:30 is 1.1
2023-08-31 13:29:59,197 - NIFTY31AUG23C19500 candle closing price at time 2023-08-31 13:29:59.197539+05:30 is 0.95
2023-08-31 13:44:59,030 - NIFTY31AUG23C19500 candle closing price at time 2023-08-31 13:44:59.030310+05:30 is 0.7
2023-08-31 13:59:59,256 - NIFTY31AUG23C19500 candle closing price at time 2023-08-31 13:59:59.256510+05:30 is 0.6
2023-08-31 14:14:59,086 - NIFTY31AUG23C19500 candle closing price at time 2023-08-31 14:14:59.086727+05:30 is 0.7
2023-08-31 14:29:59,291 - NIFTY31AUG23C19500 candle closing price at time 2023-08-31 14:29:59.291803+05:30 is 0.6
2023-08-31 14:44:59,183 - NIFTY31AUG23C19500 candle closing price at time 2023-08-31 14:44:59.182968+05:30 is 0.35
2023-08-31 14:59:59,063 - NIFTY31AUG23C19500 candle closing price at time 2023-08-31 14:59:59.062990+05:30 is 0.25
2023-08-31 15:14:59,097 - NIFTY31AUG23C19500 candle closing price at time 2023-08-31 15:14:59.097215+05:30 is 0.05
