2023-09-04 09:31:12,081 - BANKNIFTY06SEP23P44000 went short at price-48.7, time-9:31:12
2023-09-04 09:31:12,082 - short entry dict: [0.0, 48.7]
2023-09-04 09:45:04,322 - short entry dict: [0.0, 48.7]
2023-09-04 09:45:04,328 - short exit dict: [0.0, 81.25]
2023-09-04 09:45:04,333 - last entry was at : 48.7 and exit at: 81.25
2023-09-04 09:45:04,338 - short pnl booked until now:-9765.0
2023-09-04 09:59:58,007 - BANKNIFTY06SEP23P44000 went short at price-57.3, time-9:59:58
2023-09-04 09:59:58,007 - short entry dict: [0.0, 48.7, 57.3]
2023-09-04 09:59:59,215 - BANKNIFTY06SEP23P44000 candle closing price at time 2023-09-04 09:59:59.215354+05:30 is 57.15
2023-09-04 10:03:39,455 - short entry dict: [0.0, 48.7, 57.3]
2023-09-04 10:03:39,460 - short exit dict: [0.0, 81.25, 71.45]
2023-09-04 10:03:39,465 - last entry was at : 57.3 and exit at: 71.45
2023-09-04 10:03:39,471 - short pnl booked until now:-14010.000000000002
2023-09-04 10:14:59,206 - BANKNIFTY06SEP23P44000 candle closing price at time 2023-09-04 10:14:59.206925+05:30 is 71.4
2023-09-04 10:29:59,240 - BANKNIFTY06SEP23P44000 candle closing price at time 2023-09-04 10:29:59.240089+05:30 is 68.9
2023-09-04 10:44:59,086 - BANKNIFTY06SEP23P44000 candle closing price at time 2023-09-04 10:44:59.086730+05:30 is 88.4
2023-09-04 10:59:59,213 - BANKNIFTY06SEP23P44000 candle closing price at time 2023-09-04 10:59:59.213271+05:30 is 78.1
2023-09-04 11:14:59,135 - BANKNIFTY06SEP23P44000 candle closing price at time 2023-09-04 11:14:59.135857+05:30 is 58.85
2023-09-04 11:29:59,193 - BANKNIFTY06SEP23P44000 candle closing price at time 2023-09-04 11:29:59.193360+05:30 is 58.8
2023-09-04 11:44:59,040 - BANKNIFTY06SEP23P44000 candle closing price at time 2023-09-04 11:44:59.040798+05:30 is 56.65
2023-09-04 11:59:59,126 - BANKNIFTY06SEP23P44000 candle closing price at time 2023-09-04 11:59:59.126100+05:30 is 56.25
2023-09-04 12:14:59,100 - BANKNIFTY06SEP23P44000 candle closing price at time 2023-09-04 12:14:59.100388+05:30 is 56.5
2023-09-04 12:29:59,016 - BANKNIFTY06SEP23P44000 candle closing price at time 2023-09-04 12:29:59.016458+05:30 is 48.35
2023-09-04 12:44:59,055 - BANKNIFTY06SEP23P44000 candle closing price at time 2023-09-04 12:44:59.055737+05:30 is 47.9
2023-09-04 12:59:59,293 - BANKNIFTY06SEP23P44000 candle closing price at time 2023-09-04 12:59:59.292922+05:30 is 47.35
2023-09-04 13:14:59,222 - BANKNIFTY06SEP23P44000 candle closing price at time 2023-09-04 13:14:59.222233+05:30 is 42.4
2023-09-04 13:29:59,180 - BANKNIFTY06SEP23P44000 candle closing price at time 2023-09-04 13:29:59.180866+05:30 is 40.7
2023-09-04 13:44:59,204 - BANKNIFTY06SEP23P44000 candle closing price at time 2023-09-04 13:44:59.204819+05:30 is 42.1
2023-09-04 13:59:59,246 - BANKNIFTY06SEP23P44000 candle closing price at time 2023-09-04 13:59:59.246012+05:30 is 46.35
2023-09-04 14:14:59,003 - BANKNIFTY06SEP23P44000 candle closing price at time 2023-09-04 14:14:59.003505+05:30 is 48.05
2023-09-04 14:29:59,246 - BANKNIFTY06SEP23P44000 candle closing price at time 2023-09-04 14:29:59.246069+05:30 is 38.45
2023-09-04 14:44:59,128 - BANKNIFTY06SEP23P44000 candle closing price at time 2023-09-04 14:44:59.128761+05:30 is 34.35
2023-09-04 14:59:59,106 - BANKNIFTY06SEP23P44000 candle closing price at time 2023-09-04 14:59:59.106853+05:30 is 37.05
2023-09-04 15:14:59,007 - BANKNIFTY06SEP23P44000 candle closing price at time 2023-09-04 15:14:59.007752+05:30 is 37.5
2023-09-05 10:55:13,943 - BANKNIFTY06SEP23P44000 went short at price-22.95, time-10:55:13
2023-09-05 10:55:13,943 - short entry dict: [0.0, 22.95]
2023-09-05 10:59:59,253 - BANKNIFTY06SEP23P44000 candle closing price at time 2023-09-05 10:59:59.253305+05:30 is 25.55
2023-09-05 11:14:59,089 - BANKNIFTY06SEP23P44000 candle closing price at time 2023-09-05 11:14:59.089934+05:30 is 23.95
2023-09-05 11:29:59,007 - BANKNIFTY06SEP23P44000 candle closing price at time 2023-09-05 11:29:59.007652+05:30 is 23.95
2023-09-05 11:44:59,225 - BANKNIFTY06SEP23P44000 candle closing price at time 2023-09-05 11:44:59.225072+05:30 is 22.55
2023-09-05 11:59:59,251 - BANKNIFTY06SEP23P44000 candle closing price at time 2023-09-05 11:59:59.251604+05:30 is 21.4
2023-09-05 12:14:59,260 - BANKNIFTY06SEP23P44000 candle closing price at time 2023-09-05 12:14:59.260530+05:30 is 27.4
2023-09-05 12:29:59,228 - BANKNIFTY06SEP23P44000 candle closing price at time 2023-09-05 12:29:59.228480+05:30 is 27.5
2023-09-05 12:42:36,614 - short entry dict: [0.0, 22.95]
2023-09-05 12:42:36,619 - short exit dict: [0.0, 33.45]
2023-09-05 12:42:36,624 - last entry was at : 22.95 and exit at: 33.45
2023-09-05 12:42:36,629 - short pnl booked until now:-3150.000000000001
2023-09-05 12:44:58,002 - BANKNIFTY06SEP23P44000 went short at price-32.3, time-12:44:58
2023-09-05 12:44:58,002 - short entry dict: [0.0, 22.95, 32.3]
2023-09-05 12:44:59,206 - BANKNIFTY06SEP23P44000 candle closing price at time 2023-09-05 12:44:59.206207+05:30 is 31.85
2023-09-05 12:45:36,425 - short entry dict: [0.0, 22.95, 32.3]
2023-09-05 12:45:36,425 - short exit dict: [0.0, 33.45, 33.25]
2023-09-05 12:45:36,425 - last entry was at : 32.3 and exit at: 33.25
2023-09-05 12:45:36,425 - short pnl booked until now:-3435.000000000002
2023-09-05 12:59:58,001 - BANKNIFTY06SEP23P44000 went short at price-30.05, time-12:59:58
2023-09-05 12:59:58,001 - short entry dict: [0.0, 22.95, 32.3, 30.05]
2023-09-05 12:59:59,205 - BANKNIFTY06SEP23P44000 candle closing price at time 2023-09-05 12:59:59.205226+05:30 is 30.05
2023-09-05 13:14:59,246 - BANKNIFTY06SEP23P44000 candle closing price at time 2023-09-05 13:14:59.246314+05:30 is 25.95
2023-09-05 13:29:59,140 - BANKNIFTY06SEP23P44000 candle closing price at time 2023-09-05 13:29:59.139997+05:30 is 26.5
2023-09-05 13:44:59,208 - BANKNIFTY06SEP23P44000 candle closing price at time 2023-09-05 13:44:59.208683+05:30 is 23.05
2023-09-05 13:59:59,129 - BANKNIFTY06SEP23P44000 candle closing price at time 2023-09-05 13:59:59.129475+05:30 is 19.7
2023-09-05 14:14:59,132 - BANKNIFTY06SEP23P44000 candle closing price at time 2023-09-05 14:14:59.132470+05:30 is 18.7
2023-09-05 14:29:59,082 - BANKNIFTY06SEP23P44000 candle closing price at time 2023-09-05 14:29:59.082042+05:30 is 13.1
2023-09-05 14:44:59,220 - BANKNIFTY06SEP23P44000 candle closing price at time 2023-09-05 14:44:59.220350+05:30 is 11.7
2023-09-05 14:59:59,082 - BANKNIFTY06SEP23P44000 candle closing price at time 2023-09-05 14:59:59.082313+05:30 is 11.15
2023-09-05 15:14:59,191 - BANKNIFTY06SEP23P44000 candle closing price at time 2023-09-05 15:14:59.191404+05:30 is 12.05
2023-09-06 10:05:19,117 - BANKNIFTY06SEP23P44000 went long at price-4.25, time-10:5:19
2023-09-06 10:05:19,117 - long entry dict:[0.0, 4.25]
2023-09-06 10:05:19,117 - long exit dict:[0.0]
2023-09-06 10:05:19,117 - HEDGE-BANKNIFTY06SEP23P44000 went long at price-4.25, time-10:5:19
