2023-08-17 09:31:18,630 - FINNIFTY22AUG23C19600 went short at price-88.1, time-9:31:18
2023-08-17 09:31:18,630 - short entry dict: [0.0, 88.1]
2023-08-17 09:44:09,839 - short entry dict: [0.0, 88.1]
2023-08-17 09:44:09,849 - short exit dict: [0.0, 96.05]
2023-08-17 09:44:09,854 - last entry was at : 88.1 and exit at: 96.05
2023-08-17 09:44:09,854 - short pnl booked until now:-1272.0000000000005
2023-08-17 09:44:58,005 - FINNIFTY22AUG23C19600 went short at price-93.5, time-9:44:58
2023-08-17 09:44:58,006 - short entry dict: [0.0, 88.1, 93.5]
2023-08-17 09:44:59,211 - FINNIFTY22AUG23C19600 candle closing price at time 2023-08-17 09:44:59.211855+05:30 is 93.0
2023-08-17 09:46:16,785 - short entry dict: [0.0, 88.1, 93.5]
2023-08-17 09:46:16,785 - short exit dict: [0.0, 96.05, 94.8]
2023-08-17 09:46:16,785 - last entry was at : 93.5 and exit at: 94.8
2023-08-17 09:46:16,785 - short pnl booked until now:-1480.0
2023-08-17 09:59:58,001 - FINNIFTY22AUG23C19600 went short at price-89.5, time-9:59:58
2023-08-17 09:59:58,002 - short entry dict: [0.0, 88.1, 93.5, 89.5]
2023-08-17 09:59:59,208 - FINNIFTY22AUG23C19600 candle closing price at time 2023-08-17 09:59:59.208602+05:30 is 89.55
2023-08-17 10:03:22,397 - short entry dict: [0.0, 88.1, 93.5, 89.5]
2023-08-17 10:03:22,398 - short exit dict: [0.0, 96.05, 94.8, 94.2]
2023-08-17 10:03:22,398 - last entry was at : 89.5 and exit at: 94.2
2023-08-17 10:03:22,398 - short pnl booked until now:-2232.0000000000005
2023-08-17 10:14:59,207 - FINNIFTY22AUG23C19600 candle closing price at time 2023-08-17 10:14:59.206849+05:30 is 99.55
2023-08-17 10:29:59,152 - FINNIFTY22AUG23C19600 candle closing price at time 2023-08-17 10:29:59.152593+05:30 is 99.65
2023-08-17 10:44:59,165 - FINNIFTY22AUG23C19600 candle closing price at time 2023-08-17 10:44:59.165478+05:30 is 109.7
2023-08-17 10:59:59,236 - FINNIFTY22AUG23C19600 candle closing price at time 2023-08-17 10:59:59.236532+05:30 is 114.5
2023-08-17 11:14:59,108 - FINNIFTY22AUG23C19600 candle closing price at time 2023-08-17 11:14:59.108107+05:30 is 112.7
2023-08-17 11:29:58,001 - FINNIFTY22AUG23C19600 went short at price-95.25, time-11:29:58
2023-08-17 11:29:58,001 - short entry dict: [0.0, 88.1, 93.5, 89.5, 95.25]
2023-08-17 11:29:59,207 - FINNIFTY22AUG23C19600 candle closing price at time 2023-08-17 11:29:59.207673+05:30 is 94.35
2023-08-17 11:36:30,293 - short entry dict: [0.0, 88.1, 93.5, 89.5, 95.25]
2023-08-17 11:36:30,294 - short exit dict: [0.0, 96.05, 94.8, 94.2, 98.95]
2023-08-17 11:36:30,294 - last entry was at : 95.25 and exit at: 98.95
2023-08-17 11:36:30,294 - short pnl booked until now:-2824.000000000001
2023-08-17 11:44:59,207 - FINNIFTY22AUG23C19600 candle closing price at time 2023-08-17 11:44:59.207849+05:30 is 101.6
2023-08-17 11:59:58,001 - FINNIFTY22AUG23C19600 went short at price-97.75, time-11:59:58
2023-08-17 11:59:58,002 - short entry dict: [0.0, 88.1, 93.5, 89.5, 95.25, 97.75]
2023-08-17 11:59:59,208 - FINNIFTY22AUG23C19600 candle closing price at time 2023-08-17 11:59:59.208386+05:30 is 97.65
2023-08-17 12:14:59,212 - FINNIFTY22AUG23C19600 candle closing price at time 2023-08-17 12:14:59.212768+05:30 is 88.45
2023-08-17 12:29:59,255 - FINNIFTY22AUG23C19600 candle closing price at time 2023-08-17 12:29:59.255808+05:30 is 91.35
2023-08-17 12:44:59,299 - FINNIFTY22AUG23C19600 candle closing price at time 2023-08-17 12:44:59.299122+05:30 is 73.0
2023-08-17 12:59:59,247 - FINNIFTY22AUG23C19600 candle closing price at time 2023-08-17 12:59:59.247357+05:30 is 72.35
2023-08-17 13:14:59,066 - FINNIFTY22AUG23C19600 candle closing price at time 2023-08-17 13:14:59.066301+05:30 is 73.75
2023-08-17 13:29:59,218 - FINNIFTY22AUG23C19600 candle closing price at time 2023-08-17 13:29:59.218807+05:30 is 76.7
2023-08-17 13:44:59,070 - FINNIFTY22AUG23C19600 candle closing price at time 2023-08-17 13:44:59.070421+05:30 is 79.35
2023-08-17 13:59:59,205 - FINNIFTY22AUG23C19600 candle closing price at time 2023-08-17 13:59:59.204940+05:30 is 77.35
2023-08-17 14:14:59,184 - FINNIFTY22AUG23C19600 candle closing price at time 2023-08-17 14:14:59.184474+05:30 is 79.5
2023-08-17 14:29:59,039 - FINNIFTY22AUG23C19600 candle closing price at time 2023-08-17 14:29:59.039168+05:30 is 73.45
2023-08-17 14:44:59,104 - FINNIFTY22AUG23C19600 candle closing price at time 2023-08-17 14:44:59.104389+05:30 is 78.9
2023-08-17 14:59:59,157 - FINNIFTY22AUG23C19600 candle closing price at time 2023-08-17 14:59:59.157547+05:30 is 79.75
2023-08-17 15:14:59,231 - FINNIFTY22AUG23C19600 candle closing price at time 2023-08-17 15:14:59.231675+05:30 is 77.9
2023-08-18 09:31:19,534 - FINNIFTY22AUG23C19600 went short at price-48.85, time-9:31:19
2023-08-18 09:31:19,534 - short entry dict: [0.0, 48.85]
2023-08-18 09:44:59,086 - FINNIFTY22AUG23C19600 candle closing price at time 2023-08-18 09:44:59.086640+05:30 is 41.3
2023-08-18 09:59:59,219 - FINNIFTY22AUG23C19600 candle closing price at time 2023-08-18 09:59:59.219759+05:30 is 37.75
2023-08-18 10:14:59,023 - FINNIFTY22AUG23C19600 candle closing price at time 2023-08-18 10:14:59.023269+05:30 is 36.3
2023-08-18 10:29:59,233 - FINNIFTY22AUG23C19600 candle closing price at time 2023-08-18 10:29:59.233266+05:30 is 40.0
2023-08-18 10:44:59,118 - FINNIFTY22AUG23C19600 candle closing price at time 2023-08-18 10:44:59.118156+05:30 is 36.1
2023-08-18 10:59:59,178 - FINNIFTY22AUG23C19600 candle closing price at time 2023-08-18 10:59:59.178749+05:30 is 37.7
2023-08-18 11:14:59,249 - FINNIFTY22AUG23C19600 candle closing price at time 2023-08-18 11:14:59.249111+05:30 is 37.75
2023-08-18 11:29:59,187 - FINNIFTY22AUG23C19600 candle closing price at time 2023-08-18 11:29:59.187219+05:30 is 37.0
2023-08-18 11:44:59,044 - FINNIFTY22AUG23C19600 candle closing price at time 2023-08-18 11:44:59.044807+05:30 is 37.2
2023-08-18 11:59:59,215 - FINNIFTY22AUG23C19600 candle closing price at time 2023-08-18 11:59:59.214815+05:30 is 34.0
2023-08-18 12:14:59,006 - FINNIFTY22AUG23C19600 candle closing price at time 2023-08-18 12:14:59.006816+05:30 is 35.25
2023-08-18 12:29:59,263 - FINNIFTY22AUG23C19600 candle closing price at time 2023-08-18 12:29:59.263092+05:30 is 32.1
2023-08-18 12:44:59,048 - FINNIFTY22AUG23C19600 candle closing price at time 2023-08-18 12:44:59.048611+05:30 is 33.2
2023-08-18 12:59:59,109 - FINNIFTY22AUG23C19600 candle closing price at time 2023-08-18 12:59:59.109038+05:30 is 33.0
2023-08-18 13:14:59,177 - FINNIFTY22AUG23C19600 candle closing price at time 2023-08-18 13:14:59.177589+05:30 is 29.4
2023-08-18 13:29:59,106 - FINNIFTY22AUG23C19600 candle closing price at time 2023-08-18 13:29:59.106018+05:30 is 31.55
2023-08-18 13:44:59,216 - FINNIFTY22AUG23C19600 candle closing price at time 2023-08-18 13:44:59.216518+05:30 is 27.7
2023-08-18 13:59:59,218 - FINNIFTY22AUG23C19600 candle closing price at time 2023-08-18 13:59:59.218525+05:30 is 29.35
2023-08-18 14:14:59,020 - FINNIFTY22AUG23C19600 candle closing price at time 2023-08-18 14:14:59.020691+05:30 is 34.1
2023-08-18 14:29:59,096 - FINNIFTY22AUG23C19600 candle closing price at time 2023-08-18 14:29:59.096701+05:30 is 38.05
2023-08-18 14:44:59,293 - FINNIFTY22AUG23C19600 candle closing price at time 2023-08-18 14:44:59.293177+05:30 is 33.15
2023-08-18 14:59:59,029 - FINNIFTY22AUG23C19600 candle closing price at time 2023-08-18 14:59:59.029479+05:30 is 34.8
2023-08-18 15:14:59,090 - FINNIFTY22AUG23C19600 candle closing price at time 2023-08-18 15:14:59.090723+05:30 is 31.55
2023-08-21 09:31:18,501 - FINNIFTY22AUG23C19600 went short at price-26.95, time-9:31:18
2023-08-21 09:31:18,502 - short entry dict: [0.0, 26.95]
2023-08-21 09:44:59,211 - FINNIFTY22AUG23C19600 candle closing price at time 2023-08-21 09:44:59.210961+05:30 is 26.65
2023-08-21 09:59:59,300 - FINNIFTY22AUG23C19600 candle closing price at time 2023-08-21 09:59:59.300611+05:30 is 22.35
2023-08-21 10:14:59,259 - FINNIFTY22AUG23C19600 candle closing price at time 2023-08-21 10:14:59.259010+05:30 is 20.4
2023-08-21 10:29:59,208 - FINNIFTY22AUG23C19600 candle closing price at time 2023-08-21 10:29:59.208473+05:30 is 28.8
2023-08-21 10:30:47,642 - short entry dict: [0.0, 26.95]
2023-08-21 10:30:47,642 - short exit dict: [0.0, 32.7]
2023-08-21 10:30:47,643 - last entry was at : 26.95 and exit at: 32.7
2023-08-21 10:30:47,643 - short pnl booked until now:-920.0000000000006
2023-08-21 10:59:59,097 - FINNIFTY22AUG23C19600 candle closing price at time 2023-08-21 10:59:59.097304+05:30 is 38.6
2023-08-21 11:14:59,228 - FINNIFTY22AUG23C19600 candle closing price at time 2023-08-21 11:14:59.227965+05:30 is 61.75
2023-08-21 11:29:59,247 - FINNIFTY22AUG23C19600 candle closing price at time 2023-08-21 11:29:59.247043+05:30 is 52.9
2023-08-21 11:44:59,115 - FINNIFTY22AUG23C19600 candle closing price at time 2023-08-21 11:44:59.114976+05:30 is 49.8
2023-08-21 11:59:59,133 - FINNIFTY22AUG23C19600 candle closing price at time 2023-08-21 11:59:59.133364+05:30 is 49.4
2023-08-21 12:14:59,178 - FINNIFTY22AUG23C19600 candle closing price at time 2023-08-21 12:14:59.178167+05:30 is 48.45
2023-08-21 12:29:59,023 - FINNIFTY22AUG23C19600 candle closing price at time 2023-08-21 12:29:59.022833+05:30 is 50.9
2023-08-21 12:44:59,272 - FINNIFTY22AUG23C19600 candle closing price at time 2023-08-21 12:44:59.271919+05:30 is 52.6
2023-08-21 12:59:59,184 - FINNIFTY22AUG23C19600 candle closing price at time 2023-08-21 12:59:59.184717+05:30 is 53.15
2023-08-21 13:14:59,018 - FINNIFTY22AUG23C19600 candle closing price at time 2023-08-21 13:14:59.018697+05:30 is 55.45
2023-08-21 13:29:59,286 - FINNIFTY22AUG23C19600 candle closing price at time 2023-08-21 13:29:59.286317+05:30 is 52.85
2023-08-21 13:44:59,101 - FINNIFTY22AUG23C19600 candle closing price at time 2023-08-21 13:44:59.101433+05:30 is 50.3
2023-08-21 13:59:59,117 - FINNIFTY22AUG23C19600 candle closing price at time 2023-08-21 13:59:59.117102+05:30 is 54.7
2023-08-21 14:14:59,206 - FINNIFTY22AUG23C19600 candle closing price at time 2023-08-21 14:14:59.206027+05:30 is 47.05
2023-08-21 14:29:59,026 - FINNIFTY22AUG23C19600 candle closing price at time 2023-08-21 14:29:59.026328+05:30 is 51.5
2023-08-21 14:44:59,164 - FINNIFTY22AUG23C19600 candle closing price at time 2023-08-21 14:44:59.164561+05:30 is 55.6
2023-08-21 14:59:59,241 - FINNIFTY22AUG23C19600 candle closing price at time 2023-08-21 14:59:59.241022+05:30 is 64.55
2023-08-21 15:14:58,011 - FINNIFTY22AUG23C19600 went short at price-43.3, time-15:14:58
2023-08-21 15:14:58,011 - short entry dict: [0.0, 26.95, 43.3]
2023-08-21 15:14:59,216 - FINNIFTY22AUG23C19600 candle closing price at time 2023-08-21 15:14:59.216131+05:30 is 43.4
2023-08-22 09:31:20,198 - FINNIFTY22AUG23C19600 went short at price-55.25, time-9:31:20
2023-08-22 09:31:20,198 - short entry dict: [0.0, 55.25]
2023-08-22 09:31:50,029 - short entry dict: [0.0, 55.25]
2023-08-22 09:31:50,029 - short exit dict: [0.0, 55.85]
2023-08-22 09:31:50,030 - last entry was at : 55.25 and exit at: 55.85
2023-08-22 09:31:50,030 - short pnl booked until now:-96.00000000000023
2023-08-22 09:44:58,006 - FINNIFTY22AUG23C19600 went short at price-54.75, time-9:44:58
2023-08-22 09:44:58,007 - short entry dict: [0.0, 55.25, 54.75]
2023-08-22 09:44:59,212 - FINNIFTY22AUG23C19600 candle closing price at time 2023-08-22 09:44:59.212255+05:30 is 54.9
2023-08-22 09:51:43,361 - short entry dict: [0.0, 55.25, 54.75]
2023-08-22 09:51:43,362 - short exit dict: [0.0, 55.85, 47.75]
2023-08-22 09:51:43,362 - last entry was at : 54.75 and exit at: 47.75
2023-08-22 09:51:43,362 - short pnl booked until now:1023.9999999999998
2023-08-22 09:59:58,006 - FINNIFTY22AUG23C19600 went short at price-43.9, time-9:59:58
2023-08-22 09:59:58,007 - short entry dict: [0.0, 55.25, 54.75, 43.9]
2023-08-22 09:59:59,213 - FINNIFTY22AUG23C19600 candle closing price at time 2023-08-22 09:59:59.213018+05:30 is 43.4
2023-08-22 10:08:29,237 - short entry dict: [0.0, 55.25, 54.75, 43.9]
2023-08-22 10:08:29,238 - short exit dict: [0.0, 55.85, 47.75, 47.7]
2023-08-22 10:08:29,238 - last entry was at : 43.9 and exit at: 47.7
2023-08-22 10:08:29,238 - short pnl booked until now:415.9999999999991
2023-08-22 10:14:58,003 - FINNIFTY22AUG23C19600 went short at price-46.3, time-10:14:58
2023-08-22 10:14:58,004 - short entry dict: [0.0, 55.25, 54.75, 43.9, 46.3]
2023-08-22 10:14:59,209 - FINNIFTY22AUG23C19600 candle closing price at time 2023-08-22 10:14:59.209167+05:30 is 46.3
2023-08-22 10:15:59,981 - short entry dict: [0.0, 55.25, 54.75, 43.9, 46.3]
2023-08-22 10:15:59,982 - short exit dict: [0.0, 55.85, 47.75, 47.7, 48.6]
2023-08-22 10:15:59,982 - last entry was at : 46.3 and exit at: 48.6
2023-08-22 10:15:59,982 - short pnl booked until now:47.99999999999841
2023-08-22 10:29:59,206 - FINNIFTY22AUG23C19600 candle closing price at time 2023-08-22 10:29:59.206237+05:30 is 47.3
2023-08-22 10:44:59,207 - FINNIFTY22AUG23C19600 candle closing price at time 2023-08-22 10:44:59.207576+05:30 is 51.65
2023-08-22 10:59:58,006 - FINNIFTY22AUG23C19600 went short at price-44.2, time-10:59:58
2023-08-22 10:59:58,006 - short entry dict: [0.0, 55.25, 54.75, 43.9, 46.3, 44.2]
2023-08-22 10:59:59,215 - FINNIFTY22AUG23C19600 candle closing price at time 2023-08-22 10:59:59.215103+05:30 is 44.25
2023-08-22 11:09:13,921 - short entry dict: [0.0, 55.25, 54.75, 43.9, 46.3, 44.2]
2023-08-22 11:09:13,922 - short exit dict: [0.0, 55.85, 47.75, 47.7, 48.6, 47.15]
2023-08-22 11:09:13,922 - last entry was at : 44.2 and exit at: 47.15
2023-08-22 11:09:13,922 - short pnl booked until now:-424.0000000000009
2023-08-22 11:14:58,001 - FINNIFTY22AUG23C19600 went short at price-43.0, time-11:14:58
2023-08-22 11:14:58,001 - short entry dict: [0.0, 55.25, 54.75, 43.9, 46.3, 44.2, 43.0]
2023-08-22 11:14:59,205 - FINNIFTY22AUG23C19600 candle closing price at time 2023-08-22 11:14:59.205636+05:30 is 42.9
2023-08-22 11:29:59,006 - FINNIFTY22AUG23C19600 candle closing price at time 2023-08-22 11:29:59.006606+05:30 is 39.6
2023-08-22 11:44:59,286 - FINNIFTY22AUG23C19600 candle closing price at time 2023-08-22 11:44:59.286800+05:30 is 39.6
2023-08-22 11:59:59,290 - FINNIFTY22AUG23C19600 candle closing price at time 2023-08-22 11:59:59.290879+05:30 is 39.45
2023-08-22 12:14:59,255 - FINNIFTY22AUG23C19600 candle closing price at time 2023-08-22 12:14:59.255065+05:30 is 37.95
2023-08-22 12:29:59,050 - FINNIFTY22AUG23C19600 candle closing price at time 2023-08-22 12:29:59.050313+05:30 is 24.05
2023-08-22 12:44:59,102 - FINNIFTY22AUG23C19600 candle closing price at time 2023-08-22 12:44:59.102491+05:30 is 24.95
2023-08-22 12:59:59,262 - FINNIFTY22AUG23C19600 candle closing price at time 2023-08-22 12:59:59.262719+05:30 is 34.15
2023-08-22 13:14:59,269 - FINNIFTY22AUG23C19600 candle closing price at time 2023-08-22 13:14:59.269699+05:30 is 28.25
2023-08-22 13:29:59,100 - FINNIFTY22AUG23C19600 candle closing price at time 2023-08-22 13:29:59.100303+05:30 is 32.15
2023-08-22 13:44:59,254 - FINNIFTY22AUG23C19600 candle closing price at time 2023-08-22 13:44:59.254141+05:30 is 26.0
2023-08-22 13:59:59,051 - FINNIFTY22AUG23C19600 candle closing price at time 2023-08-22 13:59:59.051131+05:30 is 17.6
2023-08-22 14:14:59,264 - FINNIFTY22AUG23C19600 candle closing price at time 2023-08-22 14:14:59.264612+05:30 is 14.6
2023-08-22 14:29:59,101 - FINNIFTY22AUG23C19600 candle closing price at time 2023-08-22 14:29:59.101077+05:30 is 9.15
2023-08-22 14:44:59,265 - FINNIFTY22AUG23C19600 candle closing price at time 2023-08-22 14:44:59.265569+05:30 is 2.9
2023-08-22 14:59:59,052 - FINNIFTY22AUG23C19600 candle closing price at time 2023-08-22 14:59:59.052520+05:30 is 2.25
2023-08-22 15:14:59,071 - FINNIFTY22AUG23C19600 candle closing price at time 2023-08-22 15:14:59.071089+05:30 is 0.05
