2023-08-25 09:31:20,000 - BANKNIFTY31AUG23C44700 went short at price-107.2, time-9:31:20
2023-08-25 09:31:20,001 - short entry dict: [0.0, 107.2]
2023-08-25 09:44:59,035 - BANKNIFTY31AUG23C44700 candle closing price at time 2023-08-25 09:44:59.035196+05:30 is 103.75
2023-08-25 09:59:59,287 - BANKNIFTY31AUG23C44700 candle closing price at time 2023-08-25 09:59:59.287839+05:30 is 97.3
2023-08-25 10:14:59,219 - BANKNIFTY31AUG23C44700 candle closing price at time 2023-08-25 10:14:59.218938+05:30 is 95.05
2023-08-25 10:29:59,079 - BANKNIFTY31AUG23C44700 candle closing price at time 2023-08-25 10:29:59.079281+05:30 is 61.6
2023-08-25 10:44:59,149 - BANKNIFTY31AUG23C44700 candle closing price at time 2023-08-25 10:44:59.149186+05:30 is 58.3
2023-08-25 10:59:59,126 - BANKNIFTY31AUG23C44700 candle closing price at time 2023-08-25 10:59:59.126249+05:30 is 55.25
2023-08-25 11:14:59,235 - BANKNIFTY31AUG23C44700 candle closing price at time 2023-08-25 11:14:59.235460+05:30 is 58.85
2023-08-25 11:29:59,171 - BANKNIFTY31AUG23C44700 candle closing price at time 2023-08-25 11:29:59.170981+05:30 is 102.2
2023-08-25 11:44:59,178 - BANKNIFTY31AUG23C44700 candle closing price at time 2023-08-25 11:44:59.178253+05:30 is 95.95
2023-08-25 11:59:59,098 - BANKNIFTY31AUG23C44700 candle closing price at time 2023-08-25 11:59:59.098015+05:30 is 91.4
2023-08-25 12:14:59,048 - BANKNIFTY31AUG23C44700 candle closing price at time 2023-08-25 12:14:59.048154+05:30 is 88.9
2023-08-25 12:29:59,103 - BANKNIFTY31AUG23C44700 candle closing price at time 2023-08-25 12:29:59.103347+05:30 is 96.4
2023-08-25 12:44:59,188 - BANKNIFTY31AUG23C44700 candle closing price at time 2023-08-25 12:44:59.188817+05:30 is 107.05
2023-08-25 12:59:59,011 - BANKNIFTY31AUG23C44700 candle closing price at time 2023-08-25 12:59:59.011200+05:30 is 105.75
2023-08-25 13:14:59,251 - BANKNIFTY31AUG23C44700 candle closing price at time 2023-08-25 13:14:59.251140+05:30 is 93.8
2023-08-25 13:29:59,192 - BANKNIFTY31AUG23C44700 candle closing price at time 2023-08-25 13:29:59.192552+05:30 is 88.1
2023-08-25 13:44:59,118 - BANKNIFTY31AUG23C44700 candle closing price at time 2023-08-25 13:44:59.118376+05:30 is 96.55
2023-08-25 13:59:59,107 - BANKNIFTY31AUG23C44700 candle closing price at time 2023-08-25 13:59:59.107712+05:30 is 92.35
2023-08-25 14:14:59,235 - BANKNIFTY31AUG23C44700 candle closing price at time 2023-08-25 14:14:59.235212+05:30 is 85.35
2023-08-25 14:29:59,251 - BANKNIFTY31AUG23C44700 candle closing price at time 2023-08-25 14:29:59.251391+05:30 is 87.5
2023-08-25 14:44:59,196 - BANKNIFTY31AUG23C44700 candle closing price at time 2023-08-25 14:44:59.196807+05:30 is 78.45
2023-08-25 14:59:59,244 - BANKNIFTY31AUG23C44700 candle closing price at time 2023-08-25 14:59:59.243973+05:30 is 84.9
2023-08-25 15:14:59,277 - BANKNIFTY31AUG23C44700 candle closing price at time 2023-08-25 15:14:59.277202+05:30 is 82.35
2023-08-29 09:31:16,065 - BANKNIFTY31AUG23C44700 went long at price-123.7, time-9:31:16
2023-08-29 09:31:16,065 - long entry dict:[0.0, 123.7]
2023-08-29 09:31:16,065 - long exit dict:[0.0]
2023-08-29 09:31:16,065 - HEDGE-BANKNIFTY31AUG23C44700 went long at price-123.7, time-9:31:16
2023-08-29 11:28:32,910 - BANKNIFTY31AUG23C44700 went short at price-93.6, time-11:28:32
2023-08-29 11:28:32,910 - short entry dict: [0.0, 93.6]
2023-08-29 11:29:59,027 - BANKNIFTY31AUG23C44700 candle closing price at time 2023-08-29 11:29:59.027718+05:30 is 95.65
2023-08-29 11:44:59,104 - BANKNIFTY31AUG23C44700 candle closing price at time 2023-08-29 11:44:59.104774+05:30 is 105.25
2023-08-29 11:59:59,055 - BANKNIFTY31AUG23C44700 candle closing price at time 2023-08-29 11:59:59.055649+05:30 is 101.1
2023-08-29 12:14:59,204 - BANKNIFTY31AUG23C44700 candle closing price at time 2023-08-29 12:14:59.204770+05:30 is 101.45
2023-08-29 12:29:59,157 - BANKNIFTY31AUG23C44700 candle closing price at time 2023-08-29 12:29:59.156943+05:30 is 102.85
2023-08-29 12:44:59,097 - BANKNIFTY31AUG23C44700 candle closing price at time 2023-08-29 12:44:59.097367+05:30 is 100.0
2023-08-29 12:59:59,094 - BANKNIFTY31AUG23C44700 candle closing price at time 2023-08-29 12:59:59.093988+05:30 is 101.4
2023-08-29 13:00:58,523 - short entry dict: [0.0, 93.6]
2023-08-29 13:00:58,524 - short exit dict: [0.0, 107.65]
2023-08-29 13:00:58,524 - last entry was at : 93.6 and exit at: 107.65
2023-08-29 13:00:58,524 - short pnl booked until now:-4215.000000000004
2023-08-29 13:14:58,001 - BANKNIFTY31AUG23C44700 went short at price-98.6, time-13:14:58
2023-08-29 13:14:58,002 - short entry dict: [0.0, 93.6, 98.6]
2023-08-29 13:14:59,206 - BANKNIFTY31AUG23C44700 candle closing price at time 2023-08-29 13:14:59.206766+05:30 is 98.75
2023-08-29 13:29:59,089 - BANKNIFTY31AUG23C44700 candle closing price at time 2023-08-29 13:29:59.089572+05:30 is 97.35
2023-08-29 13:44:59,287 - BANKNIFTY31AUG23C44700 candle closing price at time 2023-08-29 13:44:59.287345+05:30 is 93.15
2023-08-29 13:59:59,122 - BANKNIFTY31AUG23C44700 candle closing price at time 2023-08-29 13:59:59.122598+05:30 is 87.9
2023-08-29 14:14:59,036 - BANKNIFTY31AUG23C44700 candle closing price at time 2023-08-29 14:14:59.036643+05:30 is 88.55
2023-08-29 14:29:59,283 - BANKNIFTY31AUG23C44700 candle closing price at time 2023-08-29 14:29:59.282943+05:30 is 75.55
2023-08-29 14:44:59,078 - BANKNIFTY31AUG23C44700 candle closing price at time 2023-08-29 14:44:59.078828+05:30 is 77.4
2023-08-29 14:59:59,074 - BANKNIFTY31AUG23C44700 candle closing price at time 2023-08-29 14:59:59.074793+05:30 is 72.7
2023-08-29 15:14:59,055 - BANKNIFTY31AUG23C44700 candle closing price at time 2023-08-29 15:14:59.055560+05:30 is 79.6
2023-08-30 10:11:28,282 - BANKNIFTY31AUG23C44700 went short at price-137.6, time-10:11:28
2023-08-30 10:11:28,282 - short entry dict: [0.0, 137.6]
2023-08-30 10:14:59,252 - BANKNIFTY31AUG23C44700 candle closing price at time 2023-08-30 10:14:59.252695+05:30 is 136.3
2023-08-30 10:29:59,018 - BANKNIFTY31AUG23C44700 candle closing price at time 2023-08-30 10:29:59.018674+05:30 is 105.0
2023-08-30 10:43:01,365 - short entry dict: [0.0, 137.6]
2023-08-30 10:43:01,365 - short exit dict: [0.0, 112.65]
2023-08-30 10:43:01,366 - last entry was at : 137.6 and exit at: 112.65
2023-08-30 10:43:01,366 - short pnl booked until now:7484.999999999996
2023-08-30 10:44:59,206 - BANKNIFTY31AUG23C44700 candle closing price at time 2023-08-30 10:44:59.206469+05:30 is 112.95
2023-08-30 10:59:58,000 - BANKNIFTY31AUG23C44700 went short at price-111.3, time-10:59:58
2023-08-30 10:59:58,001 - short entry dict: [0.0, 137.6, 111.3]
2023-08-30 10:59:59,206 - BANKNIFTY31AUG23C44700 candle closing price at time 2023-08-30 10:59:59.206740+05:30 is 111.6
2023-08-30 11:00:09,025 - short entry dict: [0.0, 137.6, 111.3]
2023-08-30 11:00:09,025 - short exit dict: [0.0, 112.65, 112.0]
2023-08-30 11:00:09,025 - last entry was at : 111.3 and exit at: 112.0
2023-08-30 11:00:09,025 - short pnl booked until now:7274.999999999995
2023-08-30 11:14:58,002 - BANKNIFTY31AUG23C44700 went short at price-109.15, time-11:14:58
2023-08-30 11:14:58,002 - short entry dict: [0.0, 137.6, 111.3, 109.15]
2023-08-30 11:14:59,207 - BANKNIFTY31AUG23C44700 candle closing price at time 2023-08-30 11:14:59.207637+05:30 is 108.7
2023-08-30 11:29:59,211 - BANKNIFTY31AUG23C44700 candle closing price at time 2023-08-30 11:29:59.211608+05:30 is 102.95
2023-08-30 11:44:59,198 - BANKNIFTY31AUG23C44700 candle closing price at time 2023-08-30 11:44:59.198900+05:30 is 101.25
2023-08-30 11:59:59,289 - BANKNIFTY31AUG23C44700 candle closing price at time 2023-08-30 11:59:59.289601+05:30 is 95.05
2023-08-30 12:14:59,267 - BANKNIFTY31AUG23C44700 candle closing price at time 2023-08-30 12:14:59.267559+05:30 is 100.0
2023-08-30 12:29:59,292 - BANKNIFTY31AUG23C44700 candle closing price at time 2023-08-30 12:29:59.292879+05:30 is 96.9
2023-08-30 12:44:59,189 - BANKNIFTY31AUG23C44700 candle closing price at time 2023-08-30 12:44:59.189144+05:30 is 88.8
2023-08-30 12:59:59,235 - BANKNIFTY31AUG23C44700 candle closing price at time 2023-08-30 12:59:59.235092+05:30 is 76.65
2023-08-30 13:14:59,010 - BANKNIFTY31AUG23C44700 candle closing price at time 2023-08-30 13:14:59.010735+05:30 is 85.4
2023-08-30 13:29:59,199 - BANKNIFTY31AUG23C44700 candle closing price at time 2023-08-30 13:29:59.199346+05:30 is 80.5
2023-08-30 13:44:59,071 - BANKNIFTY31AUG23C44700 candle closing price at time 2023-08-30 13:44:59.070981+05:30 is 70.4
2023-08-30 13:59:59,296 - BANKNIFTY31AUG23C44700 candle closing price at time 2023-08-30 13:59:59.296647+05:30 is 73.4
2023-08-30 14:14:59,179 - BANKNIFTY31AUG23C44700 candle closing price at time 2023-08-30 14:14:59.179193+05:30 is 60.2
2023-08-30 14:29:59,177 - BANKNIFTY31AUG23C44700 candle closing price at time 2023-08-30 14:29:59.176891+05:30 is 49.0
2023-08-30 14:44:59,282 - BANKNIFTY31AUG23C44700 candle closing price at time 2023-08-30 14:44:59.282030+05:30 is 34.05
2023-08-30 14:59:59,182 - BANKNIFTY31AUG23C44700 candle closing price at time 2023-08-30 14:59:59.182377+05:30 is 34.7
2023-08-30 15:14:59,222 - BANKNIFTY31AUG23C44700 candle closing price at time 2023-08-30 15:14:59.222630+05:30 is 16.05
2023-08-31 09:30:15,166 - BANKNIFTY31AUG23C44700 went short at price-9.2, time-9:30:15
2023-08-31 09:30:15,166 - short entry dict: [0.0, 9.2]
2023-08-31 09:44:59,194 - BANKNIFTY31AUG23C44700 candle closing price at time 2023-08-31 09:44:59.193774+05:30 is 20.25
2023-08-31 09:59:59,203 - BANKNIFTY31AUG23C44700 candle closing price at time 2023-08-31 09:59:59.203847+05:30 is 14.85
2023-08-31 10:14:59,231 - BANKNIFTY31AUG23C44700 candle closing price at time 2023-08-31 10:14:59.230993+05:30 is 9.75
2023-08-31 10:29:59,260 - BANKNIFTY31AUG23C44700 candle closing price at time 2023-08-31 10:29:59.260718+05:30 is 8.3
2023-08-31 10:44:59,139 - BANKNIFTY31AUG23C44700 candle closing price at time 2023-08-31 10:44:59.139289+05:30 is 8.5
2023-08-31 10:59:59,247 - BANKNIFTY31AUG23C44700 candle closing price at time 2023-08-31 10:59:59.247885+05:30 is 8.5
2023-08-31 11:14:59,295 - BANKNIFTY31AUG23C44700 candle closing price at time 2023-08-31 11:14:59.295662+05:30 is 8.0
2023-08-31 11:29:59,033 - BANKNIFTY31AUG23C44700 candle closing price at time 2023-08-31 11:29:59.033120+05:30 is 7.4
2023-08-31 11:44:59,202 - BANKNIFTY31AUG23C44700 candle closing price at time 2023-08-31 11:44:59.202052+05:30 is 6.75
2023-08-31 11:59:59,122 - BANKNIFTY31AUG23C44700 candle closing price at time 2023-08-31 11:59:59.121963+05:30 is 6.25
2023-08-31 12:14:59,153 - BANKNIFTY31AUG23C44700 candle closing price at time 2023-08-31 12:14:59.153300+05:30 is 6.1
2023-08-31 12:29:59,270 - BANKNIFTY31AUG23C44700 candle closing price at time 2023-08-31 12:29:59.270213+05:30 is 5.25
2023-08-31 12:44:59,270 - BANKNIFTY31AUG23C44700 candle closing price at time 2023-08-31 12:44:59.270236+05:30 is 4.35
2023-08-31 12:59:59,222 - BANKNIFTY31AUG23C44700 candle closing price at time 2023-08-31 12:59:59.222891+05:30 is 4.3
2023-08-31 13:14:59,048 - BANKNIFTY31AUG23C44700 candle closing price at time 2023-08-31 13:14:59.047996+05:30 is 4.25
2023-08-31 13:29:59,252 - BANKNIFTY31AUG23C44700 candle closing price at time 2023-08-31 13:29:59.252215+05:30 is 2.5
2023-08-31 13:44:59,079 - BANKNIFTY31AUG23C44700 candle closing price at time 2023-08-31 13:44:59.079483+05:30 is 2.85
2023-08-31 13:59:59,051 - BANKNIFTY31AUG23C44700 candle closing price at time 2023-08-31 13:59:59.051039+05:30 is 2.7
2023-08-31 14:14:59,278 - BANKNIFTY31AUG23C44700 candle closing price at time 2023-08-31 14:14:59.278101+05:30 is 2.25
2023-08-31 14:29:59,262 - BANKNIFTY31AUG23C44700 candle closing price at time 2023-08-31 14:29:59.262372+05:30 is 2.25
2023-08-31 14:44:59,255 - BANKNIFTY31AUG23C44700 candle closing price at time 2023-08-31 14:44:59.255099+05:30 is 0.9
2023-08-31 14:59:59,243 - BANKNIFTY31AUG23C44700 candle closing price at time 2023-08-31 14:59:59.243880+05:30 is 0.8
2023-08-31 15:14:59,279 - BANKNIFTY31AUG23C44700 candle closing price at time 2023-08-31 15:14:59.279163+05:30 is 0.2
