2023-08-25 09:31:19,264 - FINNIFTY29AUG23P19700 went short at price-95.0, time-9:31:19
2023-08-25 09:31:19,265 - short entry dict: [0.0, 95.0]
2023-08-25 09:44:59,151 - FINNIFTY29AUG23P19700 candle closing price at time 2023-08-25 09:44:59.151657+05:30 is 93.7
2023-08-25 09:59:59,098 - FINNIFTY29AUG23P19700 candle closing price at time 2023-08-25 09:59:59.098540+05:30 is 95.4
2023-08-25 10:14:59,032 - FINNIFTY29AUG23P19700 candle closing price at time 2023-08-25 10:14:59.032310+05:30 is 100.25
2023-08-25 10:30:00,193 - short entry dict: [0.0, 95.0]
2023-08-25 10:30:00,194 - short exit dict: [0.0, 148.7]
2023-08-25 10:30:00,194 - last entry was at : 95.0 and exit at: 148.7
2023-08-25 10:30:00,194 - short pnl booked until now:-8591.999999999998
2023-08-25 10:44:59,213 - FINNIFTY29AUG23P19700 candle closing price at time 2023-08-25 10:44:59.213507+05:30 is 165.75
2023-08-25 10:59:59,241 - FINNIFTY29AUG23P19700 candle closing price at time 2023-08-25 10:59:59.241266+05:30 is 175.8
2023-08-25 11:14:59,055 - FINNIFTY29AUG23P19700 candle closing price at time 2023-08-25 11:14:59.055379+05:30 is 166.95
2023-08-25 11:29:59,142 - FINNIFTY29AUG23P19700 candle closing price at time 2023-08-25 11:29:59.142467+05:30 is 97.5
2023-08-25 11:44:59,022 - FINNIFTY29AUG23P19700 candle closing price at time 2023-08-25 11:44:59.021980+05:30 is 96.5
2023-08-25 11:59:59,206 - FINNIFTY29AUG23P19700 candle closing price at time 2023-08-25 11:59:59.206678+05:30 is 98.8
2023-08-25 12:14:59,205 - FINNIFTY29AUG23P19700 candle closing price at time 2023-08-25 12:14:59.205208+05:30 is 105.9
2023-08-25 12:29:59,240 - FINNIFTY29AUG23P19700 candle closing price at time 2023-08-25 12:29:59.240007+05:30 is 98.7
2023-08-25 12:44:59,206 - FINNIFTY29AUG23P19700 candle closing price at time 2023-08-25 12:44:59.206351+05:30 is 94.0
2023-08-25 12:59:58,006 - FINNIFTY29AUG23P19700 went short at price-88.55, time-12:59:58
2023-08-25 12:59:58,006 - short entry dict: [0.0, 95.0, 88.55]
2023-08-25 12:59:59,212 - FINNIFTY29AUG23P19700 candle closing price at time 2023-08-25 12:59:59.212125+05:30 is 88.55
2023-08-25 13:01:39,297 - short entry dict: [0.0, 95.0, 88.55]
2023-08-25 13:01:39,298 - short exit dict: [0.0, 148.7, 92.95]
2023-08-25 13:01:39,298 - last entry was at : 88.55 and exit at: 92.95
2023-08-25 13:01:39,298 - short pnl booked until now:-9296.0
2023-08-25 13:14:59,219 - FINNIFTY29AUG23P19700 candle closing price at time 2023-08-25 13:14:59.219209+05:30 is 96.65
2023-08-25 13:29:59,207 - FINNIFTY29AUG23P19700 candle closing price at time 2023-08-25 13:29:59.207009+05:30 is 99.8
2023-08-25 13:44:58,000 - FINNIFTY29AUG23P19700 went short at price-91.6, time-13:44:58
2023-08-25 13:44:58,001 - short entry dict: [0.0, 95.0, 88.55, 91.6]
2023-08-25 13:44:59,208 - FINNIFTY29AUG23P19700 candle closing price at time 2023-08-25 13:44:59.208532+05:30 is 91.95
2023-08-25 13:45:58,233 - short entry dict: [0.0, 95.0, 88.55, 91.6]
2023-08-25 13:45:58,234 - short exit dict: [0.0, 148.7, 92.95, 93.35]
2023-08-25 13:45:58,234 - last entry was at : 91.6 and exit at: 93.35
2023-08-25 13:45:58,234 - short pnl booked until now:-9576.0
2023-08-25 13:59:59,216 - FINNIFTY29AUG23P19700 candle closing price at time 2023-08-25 13:59:59.216662+05:30 is 93.4
2023-08-25 14:14:59,205 - FINNIFTY29AUG23P19700 candle closing price at time 2023-08-25 14:14:59.205596+05:30 is 102.15
2023-08-25 14:29:59,219 - FINNIFTY29AUG23P19700 candle closing price at time 2023-08-25 14:29:59.219240+05:30 is 95.3
2023-08-25 14:44:59,150 - FINNIFTY29AUG23P19700 candle closing price at time 2023-08-25 14:44:59.149639+05:30 is 105.9
2023-08-25 14:59:58,304 - FINNIFTY29AUG23P19700 went short at price-94.8, time-14:59:58
2023-08-25 14:59:58,304 - short entry dict: [0.0, 95.0, 88.55, 91.6, 94.8]
2023-08-25 14:59:59,208 - FINNIFTY29AUG23P19700 candle closing price at time 2023-08-25 14:59:59.208660+05:30 is 94.8
2023-08-25 15:00:52,825 - short entry dict: [0.0, 95.0, 88.55, 91.6, 94.8]
2023-08-25 15:00:52,826 - short exit dict: [0.0, 148.7, 92.95, 93.35, 95.8]
2023-08-25 15:00:52,826 - last entry was at : 94.8 and exit at: 95.8
2023-08-25 15:00:52,826 - short pnl booked until now:-9736.0
2023-08-25 15:14:59,208 - FINNIFTY29AUG23P19700 candle closing price at time 2023-08-25 15:14:59.208336+05:30 is 100.3
2023-08-29 11:28:32,051 - FINNIFTY29AUG23P19700 went short at price-4.7, time-11:28:32
2023-08-29 11:28:32,052 - short entry dict: [0.0, 4.7]
2023-08-29 11:29:59,006 - FINNIFTY29AUG23P19700 candle closing price at time 2023-08-29 11:29:59.006261+05:30 is 4.4
2023-08-29 11:44:59,152 - FINNIFTY29AUG23P19700 candle closing price at time 2023-08-29 11:44:59.152717+05:30 is 3.15
2023-08-29 11:59:59,171 - FINNIFTY29AUG23P19700 candle closing price at time 2023-08-29 11:59:59.171702+05:30 is 2.95
2023-08-29 12:14:59,232 - FINNIFTY29AUG23P19700 candle closing price at time 2023-08-29 12:14:59.232760+05:30 is 2.0
2023-08-29 12:29:59,005 - FINNIFTY29AUG23P19700 candle closing price at time 2023-08-29 12:29:59.005065+05:30 is 1.4
2023-08-29 12:44:59,011 - FINNIFTY29AUG23P19700 candle closing price at time 2023-08-29 12:44:59.011840+05:30 is 3.0
2023-08-29 12:59:59,291 - FINNIFTY29AUG23P19700 candle closing price at time 2023-08-29 12:59:59.290955+05:30 is 2.1
2023-08-29 13:14:59,291 - FINNIFTY29AUG23P19700 candle closing price at time 2023-08-29 13:14:59.290997+05:30 is 2.35
2023-08-29 13:29:59,140 - FINNIFTY29AUG23P19700 candle closing price at time 2023-08-29 13:29:59.140109+05:30 is 1.5
2023-08-29 13:44:59,240 - FINNIFTY29AUG23P19700 candle closing price at time 2023-08-29 13:44:59.240252+05:30 is 1.25
2023-08-29 13:59:59,211 - FINNIFTY29AUG23P19700 candle closing price at time 2023-08-29 13:59:59.211574+05:30 is 1.75
2023-08-29 14:14:59,226 - FINNIFTY29AUG23P19700 candle closing price at time 2023-08-29 14:14:59.226840+05:30 is 1.45
2023-08-29 14:29:59,226 - FINNIFTY29AUG23P19700 candle closing price at time 2023-08-29 14:29:59.226475+05:30 is 1.0
2023-08-29 14:44:59,200 - FINNIFTY29AUG23P19700 candle closing price at time 2023-08-29 14:44:59.200801+05:30 is 0.4
2023-08-29 14:59:59,228 - FINNIFTY29AUG23P19700 candle closing price at time 2023-08-29 14:59:59.228251+05:30 is 0.35
2023-08-29 15:14:59,237 - FINNIFTY29AUG23P19700 candle closing price at time 2023-08-29 15:14:59.237274+05:30 is 0.05
