2023-08-23 09:31:12,275 - HEDGE-FINNIFTY29AUG23P19200 went long at price-0, time-9:31:12
2023-08-23 10:00:01,172 - FINNIFTY29AUG23P19200 went short at price-19.25, time-10:0:1
2023-08-23 10:00:01,172 - short entry dict: [0.0, 19.25]
2023-08-23 10:14:59,176 - FINNIFTY29AUG23P19200 candle closing price at time 2023-08-23 10:14:59.176847+05:30 is 20.85
2023-08-23 10:29:59,255 - FINNIFTY29AUG23P19200 candle closing price at time 2023-08-23 10:29:59.255051+05:30 is 20.7
2023-08-23 10:44:59,296 - FINNIFTY29AUG23P19200 candle closing price at time 2023-08-23 10:44:59.296638+05:30 is 19.3
2023-08-23 10:59:59,097 - FINNIFTY29AUG23P19200 candle closing price at time 2023-08-23 10:59:59.097375+05:30 is 18.6
2023-08-23 11:02:22,930 - short entry dict: [0.0, 19.25]
2023-08-23 11:02:22,931 - short exit dict: [0.0, 18.25]
2023-08-23 11:02:22,931 - last entry was at : 19.25 and exit at: 18.25
2023-08-23 11:02:22,931 - short pnl booked until now:80.0
2023-08-23 11:14:58,001 - FINNIFTY29AUG23P19200 went short at price-15.4, time-11:14:58
2023-08-23 11:14:58,001 - short entry dict: [0.0, 19.25, 15.4]
2023-08-23 11:14:59,206 - FINNIFTY29AUG23P19200 candle closing price at time 2023-08-23 11:14:59.206232+05:30 is 15.4
2023-08-23 11:29:59,264 - FINNIFTY29AUG23P19200 candle closing price at time 2023-08-23 11:29:59.264686+05:30 is 13.9
2023-08-23 11:44:59,231 - FINNIFTY29AUG23P19200 candle closing price at time 2023-08-23 11:44:59.230918+05:30 is 14.35
2023-08-23 11:59:59,165 - FINNIFTY29AUG23P19200 candle closing price at time 2023-08-23 11:59:59.164851+05:30 is 14.8
2023-08-23 12:14:59,147 - FINNIFTY29AUG23P19200 candle closing price at time 2023-08-23 12:14:59.147416+05:30 is 14.2
2023-08-23 12:29:59,114 - FINNIFTY29AUG23P19200 candle closing price at time 2023-08-23 12:29:59.113910+05:30 is 14.05
2023-08-23 12:44:59,035 - FINNIFTY29AUG23P19200 candle closing price at time 2023-08-23 12:44:59.035605+05:30 is 13.75
2023-08-23 12:59:59,188 - FINNIFTY29AUG23P19200 candle closing price at time 2023-08-23 12:59:59.188266+05:30 is 10.7
2023-08-23 13:14:59,126 - FINNIFTY29AUG23P19200 candle closing price at time 2023-08-23 13:14:59.126364+05:30 is 10.85
2023-08-23 13:29:59,114 - FINNIFTY29AUG23P19200 candle closing price at time 2023-08-23 13:29:59.114344+05:30 is 10.7
2023-08-23 13:44:59,245 - FINNIFTY29AUG23P19200 candle closing price at time 2023-08-23 13:44:59.245360+05:30 is 10.8
2023-08-23 13:59:59,131 - FINNIFTY29AUG23P19200 candle closing price at time 2023-08-23 13:59:59.131770+05:30 is 10.7
2023-08-23 14:14:59,042 - FINNIFTY29AUG23P19200 candle closing price at time 2023-08-23 14:14:59.042785+05:30 is 9.4
2023-08-23 14:29:59,089 - FINNIFTY29AUG23P19200 candle closing price at time 2023-08-23 14:29:59.089576+05:30 is 9.35
2023-08-23 14:44:59,198 - FINNIFTY29AUG23P19200 candle closing price at time 2023-08-23 14:44:59.198434+05:30 is 9.65
2023-08-23 14:59:59,052 - FINNIFTY29AUG23P19200 candle closing price at time 2023-08-23 14:59:59.052142+05:30 is 10.25
2023-08-23 15:14:59,175 - FINNIFTY29AUG23P19200 candle closing price at time 2023-08-23 15:14:59.175749+05:30 is 9.45
