2023-08-25 09:31:19,596 - NIFTY31AUG23P19300 went short at price-95.15, time-9:31:19
2023-08-25 09:31:19,597 - short entry dict: [0.0, 95.15]
2023-08-25 09:44:59,219 - NIFTY31AUG23P19300 candle closing price at time 2023-08-25 09:44:59.219077+05:30 is 88.55
2023-08-25 09:59:59,219 - NIFTY31AUG23P19300 candle closing price at time 2023-08-25 09:59:59.219006+05:30 is 81.85
2023-08-25 10:14:59,230 - NIFTY31AUG23P19300 candle closing price at time 2023-08-25 10:14:59.230408+05:30 is 92.9
2023-08-25 10:26:05,989 - short entry dict: [0.0, 95.15]
2023-08-25 10:26:05,990 - short exit dict: [0.0, 118.55]
2023-08-25 10:26:05,990 - last entry was at : 95.15 and exit at: 118.55
2023-08-25 10:26:05,990 - short pnl booked until now:-11699.999999999996
2023-08-25 10:29:59,208 - NIFTY31AUG23P19300 candle closing price at time 2023-08-25 10:29:59.208116+05:30 is 124.4
2023-08-25 10:44:59,021 - NIFTY31AUG23P19300 candle closing price at time 2023-08-25 10:44:59.020801+05:30 is 128.45
2023-08-25 10:59:59,060 - NIFTY31AUG23P19300 candle closing price at time 2023-08-25 10:59:59.060119+05:30 is 127.35
2023-08-25 11:14:59,015 - NIFTY31AUG23P19300 candle closing price at time 2023-08-25 11:14:59.015365+05:30 is 118.15
2023-08-25 11:29:59,075 - NIFTY31AUG23P19300 candle closing price at time 2023-08-25 11:29:59.075660+05:30 is 92.2
2023-08-25 11:44:59,045 - NIFTY31AUG23P19300 candle closing price at time 2023-08-25 11:44:59.045844+05:30 is 86.9
2023-08-25 11:59:59,268 - NIFTY31AUG23P19300 candle closing price at time 2023-08-25 11:59:59.268240+05:30 is 92.5
2023-08-25 12:14:59,042 - NIFTY31AUG23P19300 candle closing price at time 2023-08-25 12:14:59.041993+05:30 is 109.7
2023-08-25 12:29:59,000 - NIFTY31AUG23P19300 candle closing price at time 2023-08-25 12:29:59.000204+05:30 is 102.0
2023-08-25 12:44:59,256 - NIFTY31AUG23P19300 candle closing price at time 2023-08-25 12:44:59.256107+05:30 is 102.05
2023-08-25 12:59:59,005 - NIFTY31AUG23P19300 candle closing price at time 2023-08-25 12:59:59.005543+05:30 is 92.35
2023-08-25 13:14:59,164 - NIFTY31AUG23P19300 candle closing price at time 2023-08-25 13:14:59.164600+05:30 is 95.45
2023-08-25 13:29:59,094 - NIFTY31AUG23P19300 candle closing price at time 2023-08-25 13:29:59.094419+05:30 is 96.7
2023-08-25 13:44:59,207 - NIFTY31AUG23P19300 candle closing price at time 2023-08-25 13:44:59.207654+05:30 is 89.65
2023-08-25 13:59:59,048 - NIFTY31AUG23P19300 candle closing price at time 2023-08-25 13:59:59.048668+05:30 is 92.95
2023-08-25 14:14:59,097 - NIFTY31AUG23P19300 candle closing price at time 2023-08-25 14:14:59.097571+05:30 is 106.25
2023-08-25 14:29:59,207 - NIFTY31AUG23P19300 candle closing price at time 2023-08-25 14:29:59.207188+05:30 is 105.8
2023-08-25 14:44:59,093 - NIFTY31AUG23P19300 candle closing price at time 2023-08-25 14:44:59.093613+05:30 is 109.45
2023-08-25 14:59:59,147 - NIFTY31AUG23P19300 candle closing price at time 2023-08-25 14:59:59.147399+05:30 is 102.7
2023-08-25 15:14:59,294 - NIFTY31AUG23P19300 candle closing price at time 2023-08-25 15:14:59.294271+05:30 is 117.25
2023-08-29 11:28:32,888 - NIFTY31AUG23P19300 went short at price-45.9, time-11:28:32
2023-08-29 11:28:32,888 - short entry dict: [0.0, 45.9]
2023-08-29 11:29:59,260 - NIFTY31AUG23P19300 candle closing price at time 2023-08-29 11:29:59.260759+05:30 is 45.7
2023-08-29 11:44:59,228 - NIFTY31AUG23P19300 candle closing price at time 2023-08-29 11:44:59.228723+05:30 is 42.75
2023-08-29 11:59:59,099 - NIFTY31AUG23P19300 candle closing price at time 2023-08-29 11:59:59.099805+05:30 is 44.8
2023-08-29 12:14:59,161 - NIFTY31AUG23P19300 candle closing price at time 2023-08-29 12:14:59.161481+05:30 is 42.05
2023-08-29 12:29:59,200 - NIFTY31AUG23P19300 candle closing price at time 2023-08-29 12:29:59.200778+05:30 is 39.1
2023-08-29 12:44:59,049 - NIFTY31AUG23P19300 candle closing price at time 2023-08-29 12:44:59.049373+05:30 is 39.05
2023-08-29 12:59:59,185 - NIFTY31AUG23P19300 candle closing price at time 2023-08-29 12:59:59.185400+05:30 is 34.95
2023-08-29 13:14:59,223 - NIFTY31AUG23P19300 candle closing price at time 2023-08-29 13:14:59.223161+05:30 is 34.8
2023-08-29 13:29:59,193 - NIFTY31AUG23P19300 candle closing price at time 2023-08-29 13:29:59.192863+05:30 is 32.95
2023-08-29 13:44:59,136 - NIFTY31AUG23P19300 candle closing price at time 2023-08-29 13:44:59.136563+05:30 is 34.95
2023-08-29 13:59:59,101 - NIFTY31AUG23P19300 candle closing price at time 2023-08-29 13:59:59.101766+05:30 is 39.35
2023-08-29 14:14:59,142 - NIFTY31AUG23P19300 candle closing price at time 2023-08-29 14:14:59.142096+05:30 is 42.25
2023-08-29 14:21:31,673 - short entry dict: [0.0, 45.9]
2023-08-29 14:21:31,674 - short exit dict: [0.0, 45.85]
2023-08-29 14:21:31,674 - last entry was at : 45.9 and exit at: 45.85
2023-08-29 14:21:31,674 - short pnl booked until now:24.99999999999858
2023-08-29 14:29:59,206 - NIFTY31AUG23P19300 candle closing price at time 2023-08-29 14:29:59.206347+05:30 is 48.15
2023-08-29 14:44:59,211 - NIFTY31AUG23P19300 candle closing price at time 2023-08-29 14:44:59.211471+05:30 is 45.0
2023-08-29 14:59:59,208 - NIFTY31AUG23P19300 candle closing price at time 2023-08-29 14:59:59.208280+05:30 is 46.4
2023-08-29 15:14:58,000 - NIFTY31AUG23P19300 went short at price-36.8, time-15:14:58
2023-08-29 15:14:58,001 - short entry dict: [0.0, 45.9, 36.8]
2023-08-29 15:14:59,206 - NIFTY31AUG23P19300 candle closing price at time 2023-08-29 15:14:59.206297+05:30 is 36.8
2023-08-30 10:11:27,718 - NIFTY31AUG23P19300 went short at price-9.15, time-10:11:27
2023-08-30 10:11:27,718 - short entry dict: [0.0, 9.15]
2023-08-30 10:14:59,042 - NIFTY31AUG23P19300 candle closing price at time 2023-08-30 10:14:59.042699+05:30 is 9.15
2023-08-30 10:29:59,181 - NIFTY31AUG23P19300 candle closing price at time 2023-08-30 10:29:59.181144+05:30 is 9.4
2023-08-30 10:44:59,090 - NIFTY31AUG23P19300 candle closing price at time 2023-08-30 10:44:59.090692+05:30 is 8.75
2023-08-30 10:59:59,025 - NIFTY31AUG23P19300 candle closing price at time 2023-08-30 10:59:59.025467+05:30 is 8.3
2023-08-30 11:14:59,187 - NIFTY31AUG23P19300 candle closing price at time 2023-08-30 11:14:59.187247+05:30 is 8.5
2023-08-30 11:29:59,183 - NIFTY31AUG23P19300 candle closing price at time 2023-08-30 11:29:59.183729+05:30 is 8.3
2023-08-30 11:44:59,046 - NIFTY31AUG23P19300 candle closing price at time 2023-08-30 11:44:59.046568+05:30 is 8.45
2023-08-30 11:59:59,218 - NIFTY31AUG23P19300 candle closing price at time 2023-08-30 11:59:59.218307+05:30 is 8.4
2023-08-30 12:14:59,166 - NIFTY31AUG23P19300 candle closing price at time 2023-08-30 12:14:59.166087+05:30 is 8.3
2023-08-30 12:29:59,075 - NIFTY31AUG23P19300 candle closing price at time 2023-08-30 12:29:59.074992+05:30 is 8.85
2023-08-30 12:44:59,090 - NIFTY31AUG23P19300 candle closing price at time 2023-08-30 12:44:59.090652+05:30 is 9.05
2023-08-30 12:59:59,099 - NIFTY31AUG23P19300 candle closing price at time 2023-08-30 12:59:59.099100+05:30 is 8.95
2023-08-30 13:14:59,234 - NIFTY31AUG23P19300 candle closing price at time 2023-08-30 13:14:59.234281+05:30 is 7.05
2023-08-30 13:29:59,200 - NIFTY31AUG23P19300 candle closing price at time 2023-08-30 13:29:59.200533+05:30 is 7.4
2023-08-30 13:44:59,208 - NIFTY31AUG23P19300 candle closing price at time 2023-08-30 13:44:59.207938+05:30 is 8.0
2023-08-30 13:59:59,279 - NIFTY31AUG23P19300 candle closing price at time 2023-08-30 13:59:59.279672+05:30 is 8.05
2023-08-30 14:14:59,208 - NIFTY31AUG23P19300 candle closing price at time 2023-08-30 14:14:59.207972+05:30 is 10.5
2023-08-30 14:29:59,188 - NIFTY31AUG23P19300 candle closing price at time 2023-08-30 14:29:59.188207+05:30 is 11.25
2023-08-30 14:34:42,146 - short entry dict: [0.0, 9.15]
2023-08-30 14:34:42,147 - short exit dict: [0.0, 15.55]
2023-08-30 14:34:42,147 - last entry was at : 9.15 and exit at: 15.55
2023-08-30 14:34:42,147 - short pnl booked until now:-3200.0
2023-08-30 14:44:59,209 - NIFTY31AUG23P19300 candle closing price at time 2023-08-30 14:44:59.209632+05:30 is 16.8
2023-08-30 14:59:59,067 - NIFTY31AUG23P19300 candle closing price at time 2023-08-30 14:59:59.067234+05:30 is 17.15
2023-08-30 15:14:59,084 - NIFTY31AUG23P19300 candle closing price at time 2023-08-30 15:14:59.084639+05:30 is 25.95
2023-08-31 09:30:15,034 - NIFTY31AUG23P19300 went short at price-25.1, time-9:30:15
2023-08-31 09:30:15,034 - short entry dict: [0.0, 25.1]
2023-08-31 09:40:16,299 - short entry dict: [0.0, 25.1]
2023-08-31 09:40:16,299 - short exit dict: [0.0, 14.15]
2023-08-31 09:40:16,300 - last entry was at : 25.1 and exit at: 14.15
2023-08-31 09:40:16,300 - short pnl booked until now:5475.000000000001
2023-08-31 09:44:58,001 - NIFTY31AUG23P19300 went short at price-12.4, time-9:44:58
2023-08-31 09:44:58,001 - short entry dict: [0.0, 25.1, 12.4]
2023-08-31 09:44:59,206 - NIFTY31AUG23P19300 candle closing price at time 2023-08-31 09:44:59.205935+05:30 is 12.25
2023-08-31 09:59:59,052 - NIFTY31AUG23P19300 candle closing price at time 2023-08-31 09:59:59.051881+05:30 is 9.65
2023-08-31 10:07:15,933 - short entry dict: [0.0, 25.1, 12.4]
2023-08-31 10:07:15,933 - short exit dict: [0.0, 14.15, 13.6]
2023-08-31 10:07:15,933 - last entry was at : 12.4 and exit at: 13.6
2023-08-31 10:07:15,933 - short pnl booked until now:4875.000000000001
2023-08-31 10:14:59,204 - NIFTY31AUG23P19300 candle closing price at time 2023-08-31 10:14:59.204001+05:30 is 17.15
2023-08-31 10:29:59,246 - NIFTY31AUG23P19300 candle closing price at time 2023-08-31 10:29:59.246325+05:30 is 24.1
2023-08-31 10:44:59,085 - NIFTY31AUG23P19300 candle closing price at time 2023-08-31 10:44:59.085677+05:30 is 27.7
2023-08-31 10:59:59,242 - NIFTY31AUG23P19300 candle closing price at time 2023-08-31 10:59:59.242267+05:30 is 25.35
2023-08-31 11:14:59,204 - NIFTY31AUG23P19300 candle closing price at time 2023-08-31 11:14:59.204296+05:30 is 34.25
2023-08-31 11:29:59,025 - NIFTY31AUG23P19300 candle closing price at time 2023-08-31 11:29:59.025227+05:30 is 24.6
2023-08-31 11:44:59,218 - NIFTY31AUG23P19300 candle closing price at time 2023-08-31 11:44:59.218171+05:30 is 24.3
2023-08-31 11:59:59,053 - NIFTY31AUG23P19300 candle closing price at time 2023-08-31 11:59:59.053901+05:30 is 30.65
2023-08-31 12:14:59,218 - NIFTY31AUG23P19300 candle closing price at time 2023-08-31 12:14:59.218282+05:30 is 34.35
2023-08-31 12:29:59,081 - NIFTY31AUG23P19300 candle closing price at time 2023-08-31 12:29:59.081445+05:30 is 35.3
2023-08-31 12:44:59,247 - NIFTY31AUG23P19300 candle closing price at time 2023-08-31 12:44:59.247381+05:30 is 33.4
2023-08-31 12:59:59,227 - NIFTY31AUG23P19300 candle closing price at time 2023-08-31 12:59:59.227787+05:30 is 31.65
2023-08-31 13:14:59,215 - NIFTY31AUG23P19300 candle closing price at time 2023-08-31 13:14:59.215645+05:30 is 43.05
2023-08-31 13:29:59,285 - NIFTY31AUG23P19300 candle closing price at time 2023-08-31 13:29:59.285464+05:30 is 35.8
2023-08-31 13:44:58,002 - NIFTY31AUG23P19300 went short at price-18.3, time-13:44:58
2023-08-31 13:44:58,011 - short entry dict: [0.0, 25.1, 12.4, 18.3]
2023-08-31 13:44:59,216 - NIFTY31AUG23P19300 candle closing price at time 2023-08-31 13:44:59.216549+05:30 is 18.35
2023-08-31 13:52:38,030 - short entry dict: [0.0, 25.1, 12.4, 18.3]
2023-08-31 13:52:38,031 - short exit dict: [0.0, 14.15, 13.6, 26.7]
2023-08-31 13:52:38,031 - last entry was at : 18.3 and exit at: 26.7
2023-08-31 13:52:38,031 - short pnl booked until now:675.0000000000018
2023-08-31 13:59:59,206 - NIFTY31AUG23P19300 candle closing price at time 2023-08-31 13:59:59.206769+05:30 is 30.35
2023-08-31 14:14:59,206 - NIFTY31AUG23P19300 candle closing price at time 2023-08-31 14:14:59.206125+05:30 is 37.2
2023-08-31 14:29:59,209 - NIFTY31AUG23P19300 candle closing price at time 2023-08-31 14:29:59.209496+05:30 is 42.7
2023-08-31 14:44:59,039 - NIFTY31AUG23P19300 candle closing price at time 2023-08-31 14:44:59.038880+05:30 is 40.15
2023-08-31 14:59:59,162 - NIFTY31AUG23P19300 candle closing price at time 2023-08-31 14:59:59.162371+05:30 is 32.4
2023-08-31 15:14:59,212 - NIFTY31AUG23P19300 candle closing price at time 2023-08-31 15:14:59.212803+05:30 is 38.7
