2023-09-04 09:31:12,049 - BANKNIFTY06SEP23P44600 went short at price-221.95, time-9:31:12
2023-09-04 09:31:12,049 - short entry dict: [0.0, 221.95]
2023-09-04 09:45:04,310 - short entry dict: [0.0, 221.95]
2023-09-04 09:45:04,310 - short exit dict: [0.0, 324.3]
2023-09-04 09:45:04,310 - last entry was at : 221.95 and exit at: 324.3
2023-09-04 09:45:04,310 - short pnl booked until now:-30705.000000000007
2023-09-04 09:59:58,004 - BANKNIFTY06SEP23P44600 went short at price-242.25, time-9:59:58
2023-09-04 09:59:58,006 - short entry dict: [0.0, 221.95, 242.25]
2023-09-04 09:59:59,213 - BANKNIFTY06SEP23P44600 candle closing price at time 2023-09-04 09:59:59.213664+05:30 is 241.85
2023-09-04 10:03:10,312 - short entry dict: [0.0, 221.95, 242.25]
2023-09-04 10:03:10,317 - short exit dict: [0.0, 324.3, 269.85]
2023-09-04 10:03:10,322 - last entry was at : 242.25 and exit at: 269.85
2023-09-04 10:03:10,327 - short pnl booked until now:-38985.000000000015
2023-09-04 10:14:59,208 - BANKNIFTY06SEP23P44600 candle closing price at time 2023-09-04 10:14:59.208000+05:30 is 294.45
2023-09-04 10:29:59,183 - BANKNIFTY06SEP23P44600 candle closing price at time 2023-09-04 10:29:59.183659+05:30 is 290.0
2023-09-04 10:44:59,054 - BANKNIFTY06SEP23P44600 candle closing price at time 2023-09-04 10:44:59.054194+05:30 is 354.95
2023-09-04 10:59:59,187 - BANKNIFTY06SEP23P44600 candle closing price at time 2023-09-04 10:59:59.187495+05:30 is 324.1
2023-09-04 11:14:59,135 - BANKNIFTY06SEP23P44600 candle closing price at time 2023-09-04 11:14:59.135297+05:30 is 258.3
2023-09-04 11:29:59,193 - BANKNIFTY06SEP23P44600 candle closing price at time 2023-09-04 11:29:59.192923+05:30 is 256.6
2023-09-04 11:44:59,228 - BANKNIFTY06SEP23P44600 candle closing price at time 2023-09-04 11:44:59.228225+05:30 is 252.05
2023-09-04 11:59:59,106 - BANKNIFTY06SEP23P44600 candle closing price at time 2023-09-04 11:59:59.106384+05:30 is 249.0
2023-09-04 12:14:59,099 - BANKNIFTY06SEP23P44600 candle closing price at time 2023-09-04 12:14:59.099331+05:30 is 255.95
2023-09-04 12:29:59,016 - BANKNIFTY06SEP23P44600 candle closing price at time 2023-09-04 12:29:59.016933+05:30 is 224.05
2023-09-04 12:44:59,135 - BANKNIFTY06SEP23P44600 candle closing price at time 2023-09-04 12:44:59.135116+05:30 is 219.2
2023-09-04 12:59:59,033 - BANKNIFTY06SEP23P44600 candle closing price at time 2023-09-04 12:59:59.033220+05:30 is 218.55
2023-09-04 13:14:59,289 - BANKNIFTY06SEP23P44600 candle closing price at time 2023-09-04 13:14:59.289619+05:30 is 199.95
2023-09-04 13:29:59,014 - BANKNIFTY06SEP23P44600 candle closing price at time 2023-09-04 13:29:59.014683+05:30 is 193.8
2023-09-04 13:44:59,022 - BANKNIFTY06SEP23P44600 candle closing price at time 2023-09-04 13:44:59.022091+05:30 is 201.65
2023-09-04 13:59:59,078 - BANKNIFTY06SEP23P44600 candle closing price at time 2023-09-04 13:59:59.077936+05:30 is 218.35
2023-09-04 14:14:59,258 - BANKNIFTY06SEP23P44600 candle closing price at time 2023-09-04 14:14:59.258457+05:30 is 228.1
2023-09-04 14:29:59,165 - BANKNIFTY06SEP23P44600 candle closing price at time 2023-09-04 14:29:59.165583+05:30 is 191.9
2023-09-04 14:44:59,284 - BANKNIFTY06SEP23P44600 candle closing price at time 2023-09-04 14:44:59.284290+05:30 is 172.3
2023-09-04 14:59:59,168 - BANKNIFTY06SEP23P44600 candle closing price at time 2023-09-04 14:59:59.168396+05:30 is 181.15
2023-09-04 15:14:59,091 - BANKNIFTY06SEP23P44600 candle closing price at time 2023-09-04 15:14:59.091483+05:30 is 183.3
2023-09-05 10:55:13,908 - BANKNIFTY06SEP23P44600 went short at price-170.1, time-10:55:13
2023-09-05 10:55:13,908 - short entry dict: [0.0, 170.1]
2023-09-05 10:59:59,252 - BANKNIFTY06SEP23P44600 candle closing price at time 2023-09-05 10:59:59.252830+05:30 is 181.75
2023-09-05 11:14:59,204 - BANKNIFTY06SEP23P44600 candle closing price at time 2023-09-05 11:14:59.204452+05:30 is 178.55
2023-09-05 11:24:17,677 - short entry dict: [0.0, 170.1]
2023-09-05 11:24:17,677 - short exit dict: [0.0, 203.15]
2023-09-05 11:24:17,678 - last entry was at : 170.1 and exit at: 203.15
2023-09-05 11:24:17,678 - short pnl booked until now:-9915.000000000004
2023-09-05 11:29:58,002 - BANKNIFTY06SEP23P44600 went short at price-184.55, time-11:29:58
2023-09-05 11:29:58,002 - short entry dict: [0.0, 170.1, 184.55]
2023-09-05 11:29:59,206 - BANKNIFTY06SEP23P44600 candle closing price at time 2023-09-05 11:29:59.206510+05:30 is 184.15
2023-09-05 11:44:59,095 - BANKNIFTY06SEP23P44600 candle closing price at time 2023-09-05 11:44:59.095597+05:30 is 177.6
2023-09-05 11:59:59,251 - BANKNIFTY06SEP23P44600 candle closing price at time 2023-09-05 11:59:59.251027+05:30 is 174.85
2023-09-05 12:05:27,613 - short entry dict: [0.0, 170.1, 184.55]
2023-09-05 12:05:27,620 - short exit dict: [0.0, 203.15, 192.15]
2023-09-05 12:05:27,621 - last entry was at : 184.55 and exit at: 192.15
2023-09-05 12:05:27,621 - short pnl booked until now:-12195.000000000002
2023-09-05 12:14:59,206 - BANKNIFTY06SEP23P44600 candle closing price at time 2023-09-05 12:14:59.206015+05:30 is 219.85
2023-09-05 12:29:59,218 - BANKNIFTY06SEP23P44600 candle closing price at time 2023-09-05 12:29:59.218336+05:30 is 222.75
2023-09-05 12:44:59,263 - BANKNIFTY06SEP23P44600 candle closing price at time 2023-09-05 12:44:59.263398+05:30 is 251.2
2023-09-05 12:59:59,126 - BANKNIFTY06SEP23P44600 candle closing price at time 2023-09-05 12:59:59.126057+05:30 is 245.45
2023-09-05 13:14:59,297 - BANKNIFTY06SEP23P44600 candle closing price at time 2023-09-05 13:14:59.297421+05:30 is 230.85
2023-09-05 13:29:59,241 - BANKNIFTY06SEP23P44600 candle closing price at time 2023-09-05 13:29:59.241456+05:30 is 235.2
2023-09-05 13:44:59,204 - BANKNIFTY06SEP23P44600 candle closing price at time 2023-09-05 13:44:59.204228+05:30 is 213.15
2023-09-05 13:59:58,001 - BANKNIFTY06SEP23P44600 went short at price-199.75, time-13:59:58
2023-09-05 13:59:58,001 - short entry dict: [0.0, 170.1, 184.55, 199.75]
2023-09-05 13:59:59,206 - BANKNIFTY06SEP23P44600 candle closing price at time 2023-09-05 13:59:59.206518+05:30 is 199.1
2023-09-05 14:14:59,262 - BANKNIFTY06SEP23P44600 candle closing price at time 2023-09-05 14:14:59.262872+05:30 is 194.7
2023-09-05 14:29:59,178 - BANKNIFTY06SEP23P44600 candle closing price at time 2023-09-05 14:29:59.178297+05:30 is 151.15
2023-09-05 14:44:59,025 - BANKNIFTY06SEP23P44600 candle closing price at time 2023-09-05 14:44:59.025137+05:30 is 141.5
2023-09-05 14:59:59,251 - BANKNIFTY06SEP23P44600 candle closing price at time 2023-09-05 14:59:59.250989+05:30 is 138.9
2023-09-05 15:14:59,203 - BANKNIFTY06SEP23P44600 candle closing price at time 2023-09-05 15:14:59.203279+05:30 is 146.75
