2023-09-04 09:31:11,820 - FINNIFTY05SEP23C19800 went short at price-58.05, time-9:31:11
2023-09-04 09:31:11,820 - short entry dict: [0.0, 58.05]
2023-09-04 09:37:25,051 - short entry dict: [0.0, 58.05]
2023-09-04 09:37:25,051 - short exit dict: [0.0, 42.2]
2023-09-04 09:37:25,051 - last entry was at : 58.05 and exit at: 42.2
2023-09-04 09:37:25,051 - short pnl booked until now:2535.999999999999
2023-09-04 09:44:58,000 - FINNIFTY05SEP23C19800 went short at price-38.5, time-9:44:58
2023-09-04 09:44:58,000 - short entry dict: [0.0, 58.05, 38.5]
2023-09-04 09:44:59,204 - FINNIFTY05SEP23C19800 candle closing price at time 2023-09-04 09:44:59.204651+05:30 is 38.25
2023-09-04 09:46:04,116 - short entry dict: [0.0, 58.05, 38.5]
2023-09-04 09:46:04,116 - short exit dict: [0.0, 42.2, 40.6]
2023-09-04 09:46:04,116 - last entry was at : 38.5 and exit at: 40.6
2023-09-04 09:46:04,116 - short pnl booked until now:2199.999999999999
2023-09-04 09:59:59,206 - FINNIFTY05SEP23C19800 candle closing price at time 2023-09-04 09:59:59.206411+05:30 is 46.95
2023-09-04 10:14:58,000 - FINNIFTY05SEP23C19800 went short at price-37.3, time-10:14:58
2023-09-04 10:14:58,001 - short entry dict: [0.0, 58.05, 38.5, 37.3]
2023-09-04 10:14:59,205 - FINNIFTY05SEP23C19800 candle closing price at time 2023-09-04 10:14:59.205310+05:30 is 37.45
2023-09-04 10:29:59,262 - FINNIFTY05SEP23C19800 candle closing price at time 2023-09-04 10:29:59.262513+05:30 is 31.25
2023-09-04 10:44:59,273 - FINNIFTY05SEP23C19800 candle closing price at time 2023-09-04 10:44:59.273618+05:30 is 20.7
2023-09-04 10:59:59,186 - FINNIFTY05SEP23C19800 candle closing price at time 2023-09-04 10:59:59.186889+05:30 is 22.1
2023-09-04 11:14:59,121 - FINNIFTY05SEP23C19800 candle closing price at time 2023-09-04 11:14:59.121844+05:30 is 31.9
2023-09-04 11:29:59,157 - FINNIFTY05SEP23C19800 candle closing price at time 2023-09-04 11:29:59.157487+05:30 is 30.8
2023-09-04 11:44:59,044 - FINNIFTY05SEP23C19800 candle closing price at time 2023-09-04 11:44:59.044413+05:30 is 30.55
2023-09-04 11:59:59,125 - FINNIFTY05SEP23C19800 candle closing price at time 2023-09-04 11:59:59.125560+05:30 is 29.75
2023-09-04 12:14:59,066 - FINNIFTY05SEP23C19800 candle closing price at time 2023-09-04 12:14:59.065956+05:30 is 29.55
2023-09-04 12:29:59,016 - FINNIFTY05SEP23C19800 candle closing price at time 2023-09-04 12:29:59.015964+05:30 is 34.5
2023-09-04 12:35:56,895 - short entry dict: [0.0, 58.05, 38.5, 37.3]
2023-09-04 12:35:56,895 - short exit dict: [0.0, 42.2, 40.6, 35.95]
2023-09-04 12:35:56,895 - last entry was at : 37.3 and exit at: 35.95
2023-09-04 12:35:56,895 - short pnl booked until now:2415.999999999998
2023-09-04 12:44:59,211 - FINNIFTY05SEP23C19800 candle closing price at time 2023-09-04 12:44:59.211687+05:30 is 37.4
2023-09-04 12:59:59,218 - FINNIFTY05SEP23C19800 candle closing price at time 2023-09-04 12:59:59.217632+05:30 is 35.15
2023-09-04 13:14:59,212 - FINNIFTY05SEP23C19800 candle closing price at time 2023-09-04 13:14:59.212428+05:30 is 39.15
2023-09-04 13:29:59,301 - FINNIFTY05SEP23C19800 candle closing price at time 2023-09-04 13:29:59.301589+05:30 is 39.5
2023-09-04 13:44:59,208 - FINNIFTY05SEP23C19800 candle closing price at time 2023-09-04 13:44:59.208851+05:30 is 36.3
2023-09-04 13:59:58,007 - FINNIFTY05SEP23C19800 went short at price-29.4, time-13:59:58
2023-09-04 13:59:58,008 - short entry dict: [0.0, 58.05, 38.5, 37.3, 29.4]
2023-09-04 13:59:59,213 - FINNIFTY05SEP23C19800 candle closing price at time 2023-09-04 13:59:59.213768+05:30 is 29.7
2023-09-04 14:14:59,208 - FINNIFTY05SEP23C19800 candle closing price at time 2023-09-04 14:14:59.208348+05:30 is 28.85
2023-09-04 14:29:59,100 - FINNIFTY05SEP23C19800 candle closing price at time 2023-09-04 14:29:59.100895+05:30 is 33.0
2023-09-04 14:30:18,269 - short entry dict: [0.0, 58.05, 38.5, 37.3, 29.4]
2023-09-04 14:30:18,270 - short exit dict: [0.0, 42.2, 40.6, 35.95, 35.0]
2023-09-04 14:30:18,270 - last entry was at : 29.4 and exit at: 35.0
2023-09-04 14:30:18,270 - short pnl booked until now:1519.999999999998
2023-09-04 14:44:59,206 - FINNIFTY05SEP23C19800 candle closing price at time 2023-09-04 14:44:59.206758+05:30 is 40.75
2023-09-04 14:59:59,067 - FINNIFTY05SEP23C19800 candle closing price at time 2023-09-04 14:59:59.067489+05:30 is 39.75
2023-09-04 15:14:59,206 - FINNIFTY05SEP23C19800 candle closing price at time 2023-09-04 15:14:59.206779+05:30 is 37.3
2023-09-05 10:55:13,637 - FINNIFTY05SEP23C19800 went short at price-10.3, time-10:55:13
2023-09-05 10:55:13,637 - short entry dict: [0.0, 10.3]
2023-09-05 10:59:59,010 - FINNIFTY05SEP23C19800 candle closing price at time 2023-09-05 10:59:59.010807+05:30 is 8.05
2023-09-05 11:14:59,148 - FINNIFTY05SEP23C19800 candle closing price at time 2023-09-05 11:14:59.148190+05:30 is 6.75
2023-09-05 11:29:59,246 - FINNIFTY05SEP23C19800 candle closing price at time 2023-09-05 11:29:59.246003+05:30 is 7.65
2023-09-05 11:44:59,059 - FINNIFTY05SEP23C19800 candle closing price at time 2023-09-05 11:44:59.059135+05:30 is 6.95
2023-09-05 11:59:59,272 - FINNIFTY05SEP23C19800 candle closing price at time 2023-09-05 11:59:59.272130+05:30 is 7.75
2023-09-05 12:14:59,050 - FINNIFTY05SEP23C19800 candle closing price at time 2023-09-05 12:14:59.050665+05:30 is 3.65
2023-09-05 12:29:59,059 - FINNIFTY05SEP23C19800 candle closing price at time 2023-09-05 12:29:59.059848+05:30 is 3.15
2023-09-05 12:44:59,129 - FINNIFTY05SEP23C19800 candle closing price at time 2023-09-05 12:44:59.129495+05:30 is 2.2
2023-09-05 12:59:59,171 - FINNIFTY05SEP23C19800 candle closing price at time 2023-09-05 12:59:59.171166+05:30 is 2.45
2023-09-05 13:14:59,277 - FINNIFTY05SEP23C19800 candle closing price at time 2023-09-05 13:14:59.277213+05:30 is 2.6
2023-09-05 13:29:59,294 - FINNIFTY05SEP23C19800 candle closing price at time 2023-09-05 13:29:59.294366+05:30 is 1.25
2023-09-05 13:44:59,028 - FINNIFTY05SEP23C19800 candle closing price at time 2023-09-05 13:44:59.028040+05:30 is 0.95
2023-09-05 13:59:59,073 - FINNIFTY05SEP23C19800 candle closing price at time 2023-09-05 13:59:59.073548+05:30 is 0.9
2023-09-05 14:14:59,133 - FINNIFTY05SEP23C19800 candle closing price at time 2023-09-05 14:14:59.133155+05:30 is 1.3
2023-09-05 14:29:59,045 - FINNIFTY05SEP23C19800 candle closing price at time 2023-09-05 14:29:59.045471+05:30 is 0.9
2023-09-05 14:44:59,058 - FINNIFTY05SEP23C19800 candle closing price at time 2023-09-05 14:44:59.058562+05:30 is 0.8
2023-09-05 14:59:59,110 - FINNIFTY05SEP23C19800 candle closing price at time 2023-09-05 14:59:59.110215+05:30 is 0.4
2023-09-05 15:14:59,220 - FINNIFTY05SEP23C19800 candle closing price at time 2023-09-05 15:14:59.220962+05:30 is 0.1
