2023-08-24 09:31:19,068 - FINNIFTY29AUG23P19800 went short at price-69.0, time-9:31:19
2023-08-24 09:31:19,069 - short entry dict: [0.0, 69.0]
2023-08-24 09:44:59,058 - FINNIFTY29AUG23P19800 candle closing price at time 2023-08-24 09:44:59.058477+05:30 is 54.75
2023-08-24 09:59:59,061 - FINNIFTY29AUG23P19800 candle closing price at time 2023-08-24 09:59:59.061704+05:30 is 56.1
2023-08-24 10:14:59,027 - FINNIFTY29AUG23P19800 candle closing price at time 2023-08-24 10:14:59.027724+05:30 is 55.15
2023-08-24 10:29:59,187 - FINNIFTY29AUG23P19800 candle closing price at time 2023-08-24 10:29:59.187368+05:30 is 60.65
2023-08-24 10:44:59,223 - FINNIFTY29AUG23P19800 candle closing price at time 2023-08-24 10:44:59.223710+05:30 is 60.7
2023-08-24 10:59:59,060 - FINNIFTY29AUG23P19800 candle closing price at time 2023-08-24 10:59:59.059865+05:30 is 75.2
2023-08-24 11:14:59,101 - FINNIFTY29AUG23P19800 candle closing price at time 2023-08-24 11:14:59.101374+05:30 is 81.5
2023-08-24 11:29:59,115 - FINNIFTY29AUG23P19800 candle closing price at time 2023-08-24 11:29:59.115803+05:30 is 82.05
2023-08-24 11:44:59,067 - FINNIFTY29AUG23P19800 candle closing price at time 2023-08-24 11:44:59.067101+05:30 is 75.15
2023-08-24 11:59:59,045 - FINNIFTY29AUG23P19800 candle closing price at time 2023-08-24 11:59:59.044545+05:30 is 82.95
2023-08-24 12:04:20,567 - short entry dict: [0.0, 69.0]
2023-08-24 12:04:20,572 - short exit dict: [0.0, 107.0]
2023-08-24 12:04:20,578 - last entry was at : 69.0 and exit at: 107.0
2023-08-24 12:04:20,583 - short pnl booked until now:-6080.0
2023-08-24 12:14:58,003 - FINNIFTY29AUG23P19800 went short at price-94.2, time-12:14:58
2023-08-24 12:14:58,003 - short entry dict: [0.0, 69.0, 94.2]
2023-08-24 12:14:59,209 - FINNIFTY29AUG23P19800 candle closing price at time 2023-08-24 12:14:59.209553+05:30 is 94.9
2023-08-24 12:26:25,769 - short entry dict: [0.0, 69.0, 94.2]
2023-08-24 12:26:25,770 - short exit dict: [0.0, 107.0, 105.4]
2023-08-24 12:26:25,770 - last entry was at : 94.2 and exit at: 105.4
2023-08-24 12:26:25,770 - short pnl booked until now:-7872.0
2023-08-24 12:29:59,210 - FINNIFTY29AUG23P19800 candle closing price at time 2023-08-24 12:29:59.210078+05:30 is 107.8
2023-08-24 12:44:59,188 - FINNIFTY29AUG23P19800 candle closing price at time 2023-08-24 12:44:59.188116+05:30 is 89.25
2023-08-24 12:59:59,026 - FINNIFTY29AUG23P19800 candle closing price at time 2023-08-24 12:59:59.026873+05:30 is 99.15
2023-08-24 13:14:59,066 - FINNIFTY29AUG23P19800 candle closing price at time 2023-08-24 13:14:59.066816+05:30 is 105.55
2023-08-24 13:29:59,149 - FINNIFTY29AUG23P19800 candle closing price at time 2023-08-24 13:29:59.149675+05:30 is 104.6
2023-08-24 13:44:58,006 - FINNIFTY29AUG23P19800 went short at price-104.9, time-13:44:58
2023-08-24 13:44:58,006 - short entry dict: [0.0, 69.0, 94.2, 104.9]
2023-08-24 13:44:59,210 - FINNIFTY29AUG23P19800 candle closing price at time 2023-08-24 13:44:59.210913+05:30 is 105.35
2023-08-24 13:59:59,012 - FINNIFTY29AUG23P19800 candle closing price at time 2023-08-24 13:59:59.012816+05:30 is 109.95
2023-08-24 14:14:59,182 - FINNIFTY29AUG23P19800 candle closing price at time 2023-08-24 14:14:59.182286+05:30 is 95.25
2023-08-24 14:24:44,554 - short entry dict: [0.0, 69.0, 94.2, 104.9]
2023-08-24 14:24:44,554 - short exit dict: [0.0, 107.0, 105.4, 110.0]
2023-08-24 14:24:44,554 - last entry was at : 104.9 and exit at: 110.0
2023-08-24 14:24:44,555 - short pnl booked until now:-8688.0
2023-08-24 14:29:58,003 - FINNIFTY29AUG23P19800 went short at price-102.3, time-14:29:58
2023-08-24 14:29:58,004 - short entry dict: [0.0, 69.0, 94.2, 104.9, 102.3]
2023-08-24 14:29:59,210 - FINNIFTY29AUG23P19800 candle closing price at time 2023-08-24 14:29:59.210058+05:30 is 101.5
2023-08-24 14:35:28,106 - short entry dict: [0.0, 69.0, 94.2, 104.9, 102.3]
2023-08-24 14:35:28,106 - short exit dict: [0.0, 107.0, 105.4, 110.0, 109.2]
2023-08-24 14:35:28,106 - last entry was at : 102.3 and exit at: 109.2
2023-08-24 14:35:28,106 - short pnl booked until now:-9792.0
2023-08-24 14:44:58,008 - FINNIFTY29AUG23P19800 went short at price-108.65, time-14:44:58
2023-08-24 14:44:58,008 - short entry dict: [0.0, 69.0, 94.2, 104.9, 102.3, 108.65]
2023-08-24 14:44:59,215 - FINNIFTY29AUG23P19800 candle closing price at time 2023-08-24 14:44:59.215145+05:30 is 108.25
2023-08-24 14:45:12,353 - short entry dict: [0.0, 69.0, 94.2, 104.9, 102.3, 108.65]
2023-08-24 14:45:12,353 - short exit dict: [0.0, 107.0, 105.4, 110.0, 109.2, 110.0]
2023-08-24 14:45:12,353 - last entry was at : 108.65 and exit at: 110.0
2023-08-24 14:45:12,353 - short pnl booked until now:-10008.0
2023-08-24 14:59:59,234 - FINNIFTY29AUG23P19800 candle closing price at time 2023-08-24 14:59:59.234125+05:30 is 121.85
2023-08-24 15:14:59,084 - FINNIFTY29AUG23P19800 candle closing price at time 2023-08-24 15:14:59.084802+05:30 is 119.6
2023-08-29 11:28:32,150 - FINNIFTY29AUG23P19800 went short at price-28.7, time-11:28:32
2023-08-29 11:28:32,150 - short entry dict: [0.0, 28.7]
2023-08-29 11:29:59,082 - FINNIFTY29AUG23P19800 candle closing price at time 2023-08-29 11:29:59.082714+05:30 is 27.5
2023-08-29 11:44:59,013 - FINNIFTY29AUG23P19800 candle closing price at time 2023-08-29 11:44:59.012814+05:30 is 21.25
2023-08-29 11:59:59,132 - FINNIFTY29AUG23P19800 candle closing price at time 2023-08-29 11:59:59.132076+05:30 is 21.95
2023-08-29 12:14:59,007 - FINNIFTY29AUG23P19800 candle closing price at time 2023-08-29 12:14:59.007771+05:30 is 20.2
2023-08-29 12:29:59,285 - FINNIFTY29AUG23P19800 candle closing price at time 2023-08-29 12:29:59.285202+05:30 is 19.5
2023-08-29 12:44:59,018 - FINNIFTY29AUG23P19800 candle closing price at time 2023-08-29 12:44:59.018393+05:30 is 25.6
2023-08-29 12:59:59,237 - FINNIFTY29AUG23P19800 candle closing price at time 2023-08-29 12:59:59.237854+05:30 is 22.15
2023-08-29 13:14:59,300 - FINNIFTY29AUG23P19800 candle closing price at time 2023-08-29 13:14:59.300461+05:30 is 23.2
2023-08-29 13:29:59,127 - FINNIFTY29AUG23P19800 candle closing price at time 2023-08-29 13:29:59.127529+05:30 is 16.85
2023-08-29 13:44:59,280 - FINNIFTY29AUG23P19800 candle closing price at time 2023-08-29 13:44:59.280791+05:30 is 18.5
2023-08-29 13:59:59,112 - FINNIFTY29AUG23P19800 candle closing price at time 2023-08-29 13:59:59.111891+05:30 is 25.9
2023-08-29 14:14:59,171 - FINNIFTY29AUG23P19800 candle closing price at time 2023-08-29 14:14:59.171187+05:30 is 23.4
2023-08-29 14:29:59,001 - FINNIFTY29AUG23P19800 candle closing price at time 2023-08-29 14:29:59.001523+05:30 is 25.3
2023-08-29 14:44:59,007 - FINNIFTY29AUG23P19800 candle closing price at time 2023-08-29 14:44:59.007189+05:30 is 19.5
2023-08-29 14:59:59,025 - FINNIFTY29AUG23P19800 candle closing price at time 2023-08-29 14:59:59.025522+05:30 is 19.2
2023-08-29 15:14:59,268 - FINNIFTY29AUG23P19800 candle closing price at time 2023-08-29 15:14:59.268296+05:30 is 1.4
