2023-09-01 09:20:48,462 - NIFTY07SEP23C19800 went long at price-2.75, time-9:20:48
2023-09-01 09:20:48,462 - long entry dict:[0.0, 2.75]
2023-09-01 09:20:48,462 - long exit dict:[0.0]
2023-09-01 09:20:48,462 - HEDGE-NIFTY07SEP23C19800 went long at price-2.75, time-9:20:48
2023-09-05 10:55:13,800 - NIFTY07SEP23C19800 went short at price-3.55, time-10:55:13
2023-09-05 10:55:13,800 - short entry dict: [0.0, 3.55]
2023-09-05 10:55:19,826 - short entry dict: [0.0, 3.55]
2023-09-05 10:55:19,836 - short exit dict: [0.0, 3.6]
2023-09-05 10:55:19,842 - last entry was at : 3.55 and exit at: 3.6
2023-09-05 10:55:19,857 - short pnl booked until now:-25.000000000000135
2023-09-05 10:59:59,210 - NIFTY07SEP23C19800 candle closing price at time 2023-09-05 10:59:59.210144+05:30 is 3.6
2023-09-05 11:14:59,049 - NIFTY07SEP23C19800 candle closing price at time 2023-09-05 11:14:59.048978+05:30 is 3.6
2023-09-05 11:29:59,115 - NIFTY07SEP23C19800 candle closing price at time 2023-09-05 11:29:59.115427+05:30 is 3.85
2023-09-05 11:44:59,107 - NIFTY07SEP23C19800 candle closing price at time 2023-09-05 11:44:59.107748+05:30 is 3.7
2023-09-05 11:59:59,248 - NIFTY07SEP23C19800 candle closing price at time 2023-09-05 11:59:59.248470+05:30 is 4.0
2023-09-05 12:14:59,204 - NIFTY07SEP23C19800 candle closing price at time 2023-09-05 12:14:59.204270+05:30 is 3.55
2023-09-05 12:29:59,206 - NIFTY07SEP23C19800 candle closing price at time 2023-09-05 12:29:59.206040+05:30 is 3.55
2023-09-05 12:44:58,000 - NIFTY07SEP23C19800 went short at price-2.7, time-12:44:58
2023-09-05 12:44:58,002 - short entry dict: [0.0, 3.55, 2.7]
2023-09-05 12:44:59,206 - NIFTY07SEP23C19800 candle closing price at time 2023-09-05 12:44:59.205972+05:30 is 2.65
2023-09-05 12:59:59,154 - NIFTY07SEP23C19800 candle closing price at time 2023-09-05 12:59:59.154253+05:30 is 3.2
2023-09-05 13:14:59,029 - NIFTY07SEP23C19800 candle closing price at time 2023-09-05 13:14:59.029265+05:30 is 3.0
2023-09-05 13:29:59,000 - NIFTY07SEP23C19800 candle closing price at time 2023-09-05 13:29:59.000862+05:30 is 2.8
2023-09-05 13:44:59,043 - NIFTY07SEP23C19800 candle closing price at time 2023-09-05 13:44:59.043678+05:30 is 2.85
2023-09-05 13:59:59,291 - NIFTY07SEP23C19800 candle closing price at time 2023-09-05 13:59:59.291060+05:30 is 2.7
2023-09-05 14:14:59,095 - NIFTY07SEP23C19800 candle closing price at time 2023-09-05 14:14:59.095096+05:30 is 3.0
2023-09-05 14:25:02,118 - short entry dict: [0.0, 3.55, 2.7]
2023-09-05 14:25:02,123 - short exit dict: [0.0, 3.6, 3.25]
2023-09-05 14:25:02,159 - last entry was at : 2.7 and exit at: 3.25
2023-09-05 14:25:02,164 - short pnl booked until now:-300.0
2023-09-05 14:29:58,001 - NIFTY07SEP23C19800 went short at price-2.95, time-14:29:58
2023-09-05 14:29:58,002 - short entry dict: [0.0, 3.55, 2.7, 2.95]
2023-09-05 14:29:59,206 - NIFTY07SEP23C19800 candle closing price at time 2023-09-05 14:29:59.206663+05:30 is 2.95
2023-09-05 14:44:59,267 - NIFTY07SEP23C19800 candle closing price at time 2023-09-05 14:44:59.267880+05:30 is 2.9
2023-09-05 14:59:59,043 - NIFTY07SEP23C19800 candle closing price at time 2023-09-05 14:59:59.043018+05:30 is 3.0
2023-09-05 15:14:59,084 - NIFTY07SEP23C19800 candle closing price at time 2023-09-05 15:14:59.084446+05:30 is 2.95
2023-09-06 10:05:21,357 - NIFTY07SEP23C19800 went short at price-2.4, time-10:5:21
2023-09-06 10:05:21,358 - short entry dict: [0.0, 2.4]
2023-09-06 10:14:59,248 - NIFTY07SEP23C19800 candle closing price at time 2023-09-06 10:14:59.248766+05:30 is 2.3
2023-09-06 10:29:59,201 - NIFTY07SEP23C19800 candle closing price at time 2023-09-06 10:29:59.201405+05:30 is 2.2
2023-09-06 10:44:59,049 - NIFTY07SEP23C19800 candle closing price at time 2023-09-06 10:44:59.049844+05:30 is 2.2
2023-09-06 10:59:59,299 - NIFTY07SEP23C19800 candle closing price at time 2023-09-06 10:59:59.299104+05:30 is 1.95
2023-09-06 11:14:59,080 - NIFTY07SEP23C19800 candle closing price at time 2023-09-06 11:14:59.080256+05:30 is 1.95
2023-09-06 11:29:59,176 - NIFTY07SEP23C19800 candle closing price at time 2023-09-06 11:29:59.176663+05:30 is 1.9
2023-09-06 11:44:59,053 - NIFTY07SEP23C19800 candle closing price at time 2023-09-06 11:44:59.053874+05:30 is 1.8
2023-09-06 11:59:59,285 - NIFTY07SEP23C19800 candle closing price at time 2023-09-06 11:59:59.285734+05:30 is 1.7
2023-09-06 12:14:59,163 - NIFTY07SEP23C19800 candle closing price at time 2023-09-06 12:14:59.163824+05:30 is 1.75
2023-09-06 12:29:59,143 - NIFTY07SEP23C19800 candle closing price at time 2023-09-06 12:29:59.143754+05:30 is 1.6
2023-09-06 12:44:59,160 - NIFTY07SEP23C19800 candle closing price at time 2023-09-06 12:44:59.160300+05:30 is 1.75
2023-09-06 12:59:59,137 - NIFTY07SEP23C19800 candle closing price at time 2023-09-06 12:59:59.137383+05:30 is 2.1
2023-09-06 13:14:59,267 - NIFTY07SEP23C19800 candle closing price at time 2023-09-06 13:14:59.267789+05:30 is 1.95
2023-09-06 13:29:59,156 - NIFTY07SEP23C19800 candle closing price at time 2023-09-06 13:29:59.156428+05:30 is 2.0
2023-09-06 13:44:59,036 - NIFTY07SEP23C19800 candle closing price at time 2023-09-06 13:44:59.036593+05:30 is 1.8
2023-09-06 13:59:59,190 - NIFTY07SEP23C19800 candle closing price at time 2023-09-06 13:59:59.190219+05:30 is 1.5
2023-09-06 14:14:59,287 - NIFTY07SEP23C19800 candle closing price at time 2023-09-06 14:14:59.287699+05:30 is 1.25
2023-09-06 14:29:59,091 - NIFTY07SEP23C19800 candle closing price at time 2023-09-06 14:29:59.090931+05:30 is 1.0
2023-09-06 14:44:59,157 - NIFTY07SEP23C19800 candle closing price at time 2023-09-06 14:44:59.156855+05:30 is 0.9
2023-09-06 14:59:59,058 - NIFTY07SEP23C19800 candle closing price at time 2023-09-06 14:59:59.058430+05:30 is 0.85
2023-09-06 15:14:59,251 - NIFTY07SEP23C19800 candle closing price at time 2023-09-06 15:14:59.251836+05:30 is 0.9
2023-09-07 09:31:12,758 - NIFTY07SEP23C19800 went short at price-0.65, time-9:31:12
2023-09-07 09:31:12,758 - short entry dict: [0.0, 0.65]
2023-09-07 09:44:59,253 - NIFTY07SEP23C19800 candle closing price at time 2023-09-07 09:44:59.253623+05:30 is 0.6
2023-09-07 09:59:59,267 - NIFTY07SEP23C19800 candle closing price at time 2023-09-07 09:59:59.267089+05:30 is 0.5
2023-09-07 10:14:59,136 - NIFTY07SEP23C19800 candle closing price at time 2023-09-07 10:14:59.136835+05:30 is 0.5
2023-09-07 10:29:59,155 - NIFTY07SEP23C19800 candle closing price at time 2023-09-07 10:29:59.155311+05:30 is 0.5
2023-09-07 10:44:59,162 - NIFTY07SEP23C19800 candle closing price at time 2023-09-07 10:44:59.162225+05:30 is 0.45
2023-09-07 10:59:59,158 - NIFTY07SEP23C19800 candle closing price at time 2023-09-07 10:59:59.158325+05:30 is 0.35
2023-09-07 11:14:59,097 - NIFTY07SEP23C19800 candle closing price at time 2023-09-07 11:14:59.096942+05:30 is 0.45
2023-09-07 11:29:59,234 - NIFTY07SEP23C19800 candle closing price at time 2023-09-07 11:29:59.234108+05:30 is 0.45
2023-09-07 11:44:59,017 - NIFTY07SEP23C19800 candle closing price at time 2023-09-07 11:44:59.017288+05:30 is 0.4
2023-09-07 11:59:59,201 - NIFTY07SEP23C19800 candle closing price at time 2023-09-07 11:59:59.200974+05:30 is 0.45
2023-09-07 12:14:59,168 - NIFTY07SEP23C19800 candle closing price at time 2023-09-07 12:14:59.168416+05:30 is 0.4
2023-09-07 12:29:59,086 - NIFTY07SEP23C19800 candle closing price at time 2023-09-07 12:29:59.086614+05:30 is 0.35
2023-09-07 12:44:59,212 - NIFTY07SEP23C19800 candle closing price at time 2023-09-07 12:44:59.212183+05:30 is 0.35
2023-09-07 12:59:59,093 - NIFTY07SEP23C19800 candle closing price at time 2023-09-07 12:59:59.093424+05:30 is 0.35
2023-09-07 13:14:59,029 - NIFTY07SEP23C19800 candle closing price at time 2023-09-07 13:14:59.029453+05:30 is 0.4
2023-09-07 13:29:59,211 - NIFTY07SEP23C19800 candle closing price at time 2023-09-07 13:29:59.211000+05:30 is 0.3
2023-09-07 13:44:59,161 - NIFTY07SEP23C19800 candle closing price at time 2023-09-07 13:44:59.161567+05:30 is 0.3
2023-09-07 13:59:59,172 - NIFTY07SEP23C19800 candle closing price at time 2023-09-07 13:59:59.172484+05:30 is 0.45
2023-09-07 14:14:59,240 - NIFTY07SEP23C19800 candle closing price at time 2023-09-07 14:14:59.240358+05:30 is 0.4
2023-09-07 14:29:59,192 - NIFTY07SEP23C19800 candle closing price at time 2023-09-07 14:29:59.192537+05:30 is 0.5
2023-09-07 14:31:35,929 - short entry dict: [0.0, 0.65]
2023-09-07 14:31:35,929 - short exit dict: [0.0, 0.7]
2023-09-07 14:31:35,930 - last entry was at : 0.65 and exit at: 0.7
2023-09-07 14:31:35,930 - short pnl booked until now:-24.999999999999968
2023-09-07 14:44:59,205 - NIFTY07SEP23C19800 candle closing price at time 2023-09-07 14:44:59.205578+05:30 is 2.55
2023-09-07 14:59:59,206 - NIFTY07SEP23C19800 candle closing price at time 2023-09-07 14:59:59.206794+05:30 is 1.1
2023-09-07 15:14:58,000 - NIFTY07SEP23C19800 went short at price-0.05, time-15:14:58
2023-09-07 15:14:58,001 - short entry dict: [0.0, 0.65, 0.05]
2023-09-07 15:14:59,204 - NIFTY07SEP23C19800 candle closing price at time 2023-09-07 15:14:59.204860+05:30 is 0.05
