2023-09-07 09:31:12,674 - FINNIFTY12SEP23C19700 went short at price-111.1, time-9:31:12
2023-09-07 09:31:12,674 - short entry dict: [0.0, 111.1]
2023-09-07 09:44:59,226 - FINNIFTY12SEP23C19700 candle closing price at time 2023-09-07 09:44:59.226087+05:30 is 113.0
2023-09-07 09:50:43,814 - short entry dict: [0.0, 111.1]
2023-09-07 09:50:43,814 - short exit dict: [0.0, 131.3]
2023-09-07 09:50:43,814 - last entry was at : 111.1 and exit at: 131.3
2023-09-07 09:50:43,814 - short pnl booked until now:-3232.0000000000027
2023-09-07 09:59:59,206 - FINNIFTY12SEP23C19700 candle closing price at time 2023-09-07 09:59:59.206548+05:30 is 134.7
2023-09-07 10:14:59,205 - FINNIFTY12SEP23C19700 candle closing price at time 2023-09-07 10:14:59.205228+05:30 is 129.45
2023-09-07 10:29:59,206 - FINNIFTY12SEP23C19700 candle closing price at time 2023-09-07 10:29:59.206452+05:30 is 133.55
2023-09-07 10:44:59,038 - FINNIFTY12SEP23C19700 candle closing price at time 2023-09-07 10:44:59.038390+05:30 is 149.65
2023-09-07 10:59:59,287 - FINNIFTY12SEP23C19700 candle closing price at time 2023-09-07 10:59:59.287083+05:30 is 147.9
2023-09-07 11:14:59,000 - FINNIFTY12SEP23C19700 candle closing price at time 2023-09-07 11:14:59.000190+05:30 is 197.55
2023-09-07 11:29:59,294 - FINNIFTY12SEP23C19700 candle closing price at time 2023-09-07 11:29:59.294039+05:30 is 182.9
2023-09-07 11:44:58,004 - FINNIFTY12SEP23C19700 went short at price-134.5, time-11:44:58
2023-09-07 11:44:58,004 - short entry dict: [0.0, 111.1, 134.5]
2023-09-07 11:44:59,208 - FINNIFTY12SEP23C19700 candle closing price at time 2023-09-07 11:44:59.208735+05:30 is 134.15
2023-09-07 11:55:20,277 - short entry dict: [0.0, 111.1, 134.5]
2023-09-07 11:55:20,277 - short exit dict: [0.0, 131.3, 142.45]
2023-09-07 11:55:20,278 - last entry was at : 134.5 and exit at: 142.45
2023-09-07 11:55:20,278 - short pnl booked until now:-4504.000000000001
2023-09-07 11:59:59,207 - FINNIFTY12SEP23C19700 candle closing price at time 2023-09-07 11:59:59.207317+05:30 is 146.7
2023-09-07 12:14:58,002 - FINNIFTY12SEP23C19700 went short at price-139.6, time-12:14:58
2023-09-07 12:14:58,003 - short entry dict: [0.0, 111.1, 134.5, 139.6]
2023-09-07 12:14:59,208 - FINNIFTY12SEP23C19700 candle closing price at time 2023-09-07 12:14:59.207953+05:30 is 139.6
2023-09-07 12:16:25,621 - short entry dict: [0.0, 111.1, 134.5, 139.6]
2023-09-07 12:16:25,622 - short exit dict: [0.0, 131.3, 142.45, 140.2]
2023-09-07 12:16:25,622 - last entry was at : 139.6 and exit at: 140.2
2023-09-07 12:16:25,622 - short pnl booked until now:-4600.0
2023-09-07 12:29:58,000 - FINNIFTY12SEP23C19700 went short at price-130.35, time-12:29:58
2023-09-07 12:29:58,001 - short entry dict: [0.0, 111.1, 134.5, 139.6, 130.35]
2023-09-07 12:29:59,205 - FINNIFTY12SEP23C19700 candle closing price at time 2023-09-07 12:29:59.205247+05:30 is 130.6
2023-09-07 12:34:24,405 - short entry dict: [0.0, 111.1, 134.5, 139.6, 130.35]
2023-09-07 12:34:24,405 - short exit dict: [0.0, 131.3, 142.45, 140.2, 139.65]
2023-09-07 12:34:24,405 - last entry was at : 130.35 and exit at: 139.65
2023-09-07 12:34:24,406 - short pnl booked until now:-6088.000000000002
2023-09-07 12:44:58,000 - FINNIFTY12SEP23C19700 went short at price-137.6, time-12:44:58
2023-09-07 12:44:58,001 - short entry dict: [0.0, 111.1, 134.5, 139.6, 130.35, 137.6]
2023-09-07 12:44:59,208 - FINNIFTY12SEP23C19700 candle closing price at time 2023-09-07 12:44:59.208779+05:30 is 138.1
2023-09-07 12:46:01,125 - short entry dict: [0.0, 111.1, 134.5, 139.6, 130.35, 137.6]
2023-09-07 12:46:01,125 - short exit dict: [0.0, 131.3, 142.45, 140.2, 139.65, 140.9]
2023-09-07 12:46:01,125 - last entry was at : 137.6 and exit at: 140.9
2023-09-07 12:46:01,125 - short pnl booked until now:-6616.000000000004
2023-09-07 12:59:59,211 - FINNIFTY12SEP23C19700 candle closing price at time 2023-09-07 12:59:59.211782+05:30 is 141.2
2023-09-07 13:14:59,042 - FINNIFTY12SEP23C19700 candle closing price at time 2023-09-07 13:14:59.042412+05:30 is 150.55
2023-09-07 13:29:59,101 - FINNIFTY12SEP23C19700 candle closing price at time 2023-09-07 13:29:59.101509+05:30 is 171.25
2023-09-07 13:44:59,087 - FINNIFTY12SEP23C19700 candle closing price at time 2023-09-07 13:44:59.087051+05:30 is 182.35
2023-09-07 13:59:59,091 - FINNIFTY12SEP23C19700 candle closing price at time 2023-09-07 13:59:59.090955+05:30 is 181.15
2023-09-07 14:14:59,185 - FINNIFTY12SEP23C19700 candle closing price at time 2023-09-07 14:14:59.185546+05:30 is 202.7
2023-09-07 14:29:59,040 - FINNIFTY12SEP23C19700 candle closing price at time 2023-09-07 14:29:59.040100+05:30 is 227.4
2023-09-07 14:44:59,168 - FINNIFTY12SEP23C19700 candle closing price at time 2023-09-07 14:44:59.168235+05:30 is 292.1
2023-09-07 14:59:59,228 - FINNIFTY12SEP23C19700 candle closing price at time 2023-09-07 14:59:59.228627+05:30 is 295.8
2023-09-07 15:14:59,057 - FINNIFTY12SEP23C19700 candle closing price at time 2023-09-07 15:14:59.057477+05:30 is 283.55
