2023-08-30 10:11:27,742 - NIFTY31AUG23P19400 went short at price-31.0, time-10:11:27
2023-08-30 10:11:27,742 - short entry dict: [0.0, 31.0]
2023-08-30 10:14:59,283 - NIFTY31AUG23P19400 candle closing price at time 2023-08-30 10:14:59.283028+05:30 is 31.3
2023-08-30 10:29:59,038 - NIFTY31AUG23P19400 candle closing price at time 2023-08-30 10:29:59.038743+05:30 is 32.75
2023-08-30 10:44:59,194 - NIFTY31AUG23P19400 candle closing price at time 2023-08-30 10:44:59.194696+05:30 is 30.7
2023-08-30 10:59:59,018 - NIFTY31AUG23P19400 candle closing price at time 2023-08-30 10:59:59.018115+05:30 is 29.1
2023-08-30 11:14:59,054 - NIFTY31AUG23P19400 candle closing price at time 2023-08-30 11:14:59.054806+05:30 is 29.8
2023-08-30 11:29:59,023 - NIFTY31AUG23P19400 candle closing price at time 2023-08-30 11:29:59.023602+05:30 is 29.6
2023-08-30 11:44:59,136 - NIFTY31AUG23P19400 candle closing price at time 2023-08-30 11:44:59.135949+05:30 is 30.7
2023-08-30 11:59:59,234 - NIFTY31AUG23P19400 candle closing price at time 2023-08-30 11:59:59.234090+05:30 is 30.1
2023-08-30 12:14:59,053 - NIFTY31AUG23P19400 candle closing price at time 2023-08-30 12:14:59.053112+05:30 is 29.8
2023-08-30 12:29:59,189 - NIFTY31AUG23P19400 candle closing price at time 2023-08-30 12:29:59.189841+05:30 is 31.7
2023-08-30 12:44:59,179 - NIFTY31AUG23P19400 candle closing price at time 2023-08-30 12:44:59.179400+05:30 is 32.7
2023-08-30 12:59:59,228 - NIFTY31AUG23P19400 candle closing price at time 2023-08-30 12:59:59.228311+05:30 is 34.0
2023-08-30 13:14:59,179 - NIFTY31AUG23P19400 candle closing price at time 2023-08-30 13:14:59.179286+05:30 is 28.25
2023-08-30 13:29:59,048 - NIFTY31AUG23P19400 candle closing price at time 2023-08-30 13:29:59.048252+05:30 is 29.5
2023-08-30 13:44:59,293 - NIFTY31AUG23P19400 candle closing price at time 2023-08-30 13:44:59.293179+05:30 is 33.15
2023-08-30 13:59:59,113 - NIFTY31AUG23P19400 candle closing price at time 2023-08-30 13:59:59.113161+05:30 is 33.95
2023-08-30 14:13:35,809 - short entry dict: [0.0, 31.0]
2023-08-30 14:13:35,810 - short exit dict: [0.0, 44.65]
2023-08-30 14:13:35,810 - last entry was at : 31.0 and exit at: 44.65
2023-08-30 14:13:35,810 - short pnl booked until now:-6824.999999999999
2023-08-30 14:14:59,206 - NIFTY31AUG23P19400 candle closing price at time 2023-08-30 14:14:59.206199+05:30 is 44.6
2023-08-30 14:29:59,206 - NIFTY31AUG23P19400 candle closing price at time 2023-08-30 14:29:59.206750+05:30 is 46.5
2023-08-30 14:44:59,208 - NIFTY31AUG23P19400 candle closing price at time 2023-08-30 14:44:59.208113+05:30 is 63.2
2023-08-30 14:59:59,070 - NIFTY31AUG23P19400 candle closing price at time 2023-08-30 14:59:59.070445+05:30 is 63.25
2023-08-30 15:14:59,291 - NIFTY31AUG23P19400 candle closing price at time 2023-08-30 15:14:59.291635+05:30 is 82.45
