2023-09-08 09:31:16,005 - NIFTY14SEP23P19600 went short at price-26.85, time-9:31:16
2023-09-08 09:31:16,006 - short entry dict: [0.0, 26.85]
2023-09-08 09:44:59,202 - NIFTY14SEP23P19600 candle closing price at time 2023-09-08 09:44:59.202088+05:30 is 29.95
2023-09-08 09:59:59,120 - NIFTY14SEP23P19600 candle closing price at time 2023-09-08 09:59:59.120663+05:30 is 30.05
2023-09-08 10:14:59,240 - NIFTY14SEP23P19600 candle closing price at time 2023-09-08 10:14:59.240642+05:30 is 29.2
2023-09-08 10:29:59,172 - NIFTY14SEP23P19600 candle closing price at time 2023-09-08 10:29:59.172572+05:30 is 37.55
2023-09-08 10:32:17,537 - short entry dict: [0.0, 26.85]
2023-09-08 10:32:17,543 - short exit dict: [0.0, 42.8]
2023-09-08 10:32:17,548 - last entry was at : 26.85 and exit at: 42.8
2023-09-08 10:32:17,553 - short pnl booked until now:-7974.999999999998
2023-09-08 10:44:58,001 - NIFTY14SEP23P19600 went short at price-37.8, time-10:44:58
2023-09-08 10:44:58,001 - short entry dict: [0.0, 26.85, 37.8]
2023-09-08 10:44:59,205 - NIFTY14SEP23P19600 candle closing price at time 2023-09-08 10:44:59.205801+05:30 is 37.75
2023-09-08 10:59:59,241 - NIFTY14SEP23P19600 candle closing price at time 2023-09-08 10:59:59.241517+05:30 is 34.5
2023-09-08 11:14:59,194 - NIFTY14SEP23P19600 candle closing price at time 2023-09-08 11:14:59.194882+05:30 is 34.8
2023-09-08 11:29:59,274 - NIFTY14SEP23P19600 candle closing price at time 2023-09-08 11:29:59.274114+05:30 is 29.0
2023-09-08 11:44:59,104 - NIFTY14SEP23P19600 candle closing price at time 2023-09-08 11:44:59.104807+05:30 is 26.05
2023-09-08 11:59:59,261 - NIFTY14SEP23P19600 candle closing price at time 2023-09-08 11:59:59.261188+05:30 is 25.05
2023-09-08 12:14:59,277 - NIFTY14SEP23P19600 candle closing price at time 2023-09-08 12:14:59.277172+05:30 is 24.85
2023-09-08 12:29:59,115 - NIFTY14SEP23P19600 candle closing price at time 2023-09-08 12:29:59.115770+05:30 is 25.7
2023-09-08 12:44:59,268 - NIFTY14SEP23P19600 candle closing price at time 2023-09-08 12:44:59.268745+05:30 is 24.8
2023-09-08 12:59:59,154 - NIFTY14SEP23P19600 candle closing price at time 2023-09-08 12:59:59.154153+05:30 is 27.15
2023-09-08 13:14:59,150 - NIFTY14SEP23P19600 candle closing price at time 2023-09-08 13:14:59.150763+05:30 is 26.5
2023-09-08 13:29:59,030 - NIFTY14SEP23P19600 candle closing price at time 2023-09-08 13:29:59.030165+05:30 is 25.2
2023-09-08 13:44:59,198 - NIFTY14SEP23P19600 candle closing price at time 2023-09-08 13:44:59.198142+05:30 is 23.05
2023-09-08 13:59:59,274 - NIFTY14SEP23P19600 candle closing price at time 2023-09-08 13:59:59.274065+05:30 is 23.25
2023-09-08 14:14:59,126 - NIFTY14SEP23P19600 candle closing price at time 2023-09-08 14:14:59.126578+05:30 is 22.1
2023-09-08 14:29:59,194 - NIFTY14SEP23P19600 candle closing price at time 2023-09-08 14:29:59.194695+05:30 is 19.85
2023-09-08 14:44:59,270 - NIFTY14SEP23P19600 candle closing price at time 2023-09-08 14:44:59.270587+05:30 is 23.8
2023-09-08 14:59:59,122 - NIFTY14SEP23P19600 candle closing price at time 2023-09-08 14:59:59.122282+05:30 is 23.05
2023-09-08 15:14:59,167 - NIFTY14SEP23P19600 candle closing price at time 2023-09-08 15:14:59.167359+05:30 is 23.85
