2023-08-18 09:31:17,222 - BANKNIFTY24AUG23C44400 went long at price-90.75, time-9:31:17
2023-08-18 09:31:17,222 - long entry dict:[0.0, 90.75]
2023-08-18 09:31:17,222 - long exit dict:[0.0]
2023-08-18 09:31:17,222 - HEDGE-BANKNIFTY24AUG23C44400 went long at price-90.75, time-9:31:17
2023-08-21 09:31:16,722 - BANKNIFTY24AUG23C44400 went long at price-55.45, time-9:31:16
2023-08-21 09:31:16,722 - long entry dict:[0.0, 55.45]
2023-08-21 09:31:16,722 - long exit dict:[0.0]
2023-08-21 09:31:16,723 - HEDGE-BANKNIFTY24AUG23C44400 went long at price-55.45, time-9:31:16
2023-08-22 09:31:17,274 - BANKNIFTY24AUG23C44400 went long at price-59.15, time-9:31:17
2023-08-22 09:31:17,274 - long entry dict:[0.0, 59.15]
2023-08-22 09:31:17,274 - long exit dict:[0.0]
2023-08-22 09:31:17,274 - HEDGE-BANKNIFTY24AUG23C44400 went long at price-59.15, time-9:31:17
2023-08-23 09:31:13,419 - BANKNIFTY24AUG23C44400 went short at price-22.35, time-9:31:13
2023-08-23 09:31:13,419 - short entry dict: [0.0, 22.35]
2023-08-23 09:44:59,282 - BANKNIFTY24AUG23C44400 candle closing price at time 2023-08-23 09:44:59.282705+05:30 is 21.9
2023-08-23 09:59:59,263 - BANKNIFTY24AUG23C44400 candle closing price at time 2023-08-23 09:59:59.263187+05:30 is 17.25
2023-08-23 10:14:59,053 - BANKNIFTY24AUG23C44400 candle closing price at time 2023-08-23 10:14:59.053523+05:30 is 17.2
2023-08-23 10:29:59,079 - BANKNIFTY24AUG23C44400 candle closing price at time 2023-08-23 10:29:59.079094+05:30 is 17.1
2023-08-23 10:44:59,010 - BANKNIFTY24AUG23C44400 candle closing price at time 2023-08-23 10:44:59.009886+05:30 is 17.55
2023-08-23 10:59:59,007 - BANKNIFTY24AUG23C44400 candle closing price at time 2023-08-23 10:59:59.007434+05:30 is 20.5
2023-08-23 11:07:11,473 - short entry dict: [0.0, 22.35]
2023-08-23 11:07:11,489 - short exit dict: [0.0, 39.7]
2023-08-23 11:07:11,494 - last entry was at : 22.35 and exit at: 39.7
2023-08-23 11:07:11,500 - short pnl booked until now:-5205.0
2023-08-23 11:14:59,207 - BANKNIFTY24AUG23C44400 candle closing price at time 2023-08-23 11:14:59.207215+05:30 is 39.85
2023-08-23 11:29:59,030 - BANKNIFTY24AUG23C44400 candle closing price at time 2023-08-23 11:29:59.030289+05:30 is 54.55
2023-08-23 11:44:59,170 - BANKNIFTY24AUG23C44400 candle closing price at time 2023-08-23 11:44:59.170681+05:30 is 63.25
2023-08-23 11:59:59,003 - BANKNIFTY24AUG23C44400 candle closing price at time 2023-08-23 11:59:59.003638+05:30 is 52.55
2023-08-23 12:14:59,054 - BANKNIFTY24AUG23C44400 candle closing price at time 2023-08-23 12:14:59.054408+05:30 is 61.5
2023-08-23 12:29:59,212 - BANKNIFTY24AUG23C44400 candle closing price at time 2023-08-23 12:29:59.212319+05:30 is 84.85
2023-08-23 12:44:59,045 - BANKNIFTY24AUG23C44400 candle closing price at time 2023-08-23 12:44:59.045740+05:30 is 134.15
2023-08-23 12:59:59,104 - BANKNIFTY24AUG23C44400 candle closing price at time 2023-08-23 12:59:59.104031+05:30 is 142.0
2023-08-23 13:14:59,201 - BANKNIFTY24AUG23C44400 candle closing price at time 2023-08-23 13:14:59.201048+05:30 is 128.75
2023-08-23 13:29:59,148 - BANKNIFTY24AUG23C44400 candle closing price at time 2023-08-23 13:29:59.148457+05:30 is 132.3
2023-08-23 13:44:59,004 - BANKNIFTY24AUG23C44400 candle closing price at time 2023-08-23 13:44:59.004202+05:30 is 145.1
2023-08-23 13:59:59,133 - BANKNIFTY24AUG23C44400 candle closing price at time 2023-08-23 13:59:59.133607+05:30 is 165.0
2023-08-23 14:14:59,024 - BANKNIFTY24AUG23C44400 candle closing price at time 2023-08-23 14:14:59.024687+05:30 is 171.4
2023-08-23 14:29:59,008 - BANKNIFTY24AUG23C44400 candle closing price at time 2023-08-23 14:29:59.008538+05:30 is 142.1
2023-08-23 14:44:59,274 - BANKNIFTY24AUG23C44400 candle closing price at time 2023-08-23 14:44:59.274286+05:30 is 161.1
2023-08-23 14:59:59,023 - BANKNIFTY24AUG23C44400 candle closing price at time 2023-08-23 14:59:59.023745+05:30 is 166.65
2023-08-23 15:14:59,054 - BANKNIFTY24AUG23C44400 candle closing price at time 2023-08-23 15:14:59.054637+05:30 is 142.8
