2023-08-24 09:31:19,365 - NIFTY24AUG23P19500 went short at price-16.7, time-9:31:19
2023-08-24 09:31:19,365 - short entry dict: [0.0, 16.7]
2023-08-24 09:44:59,031 - NIFTY24AUG23P19500 candle closing price at time 2023-08-24 09:44:59.031080+05:30 is 10.75
2023-08-24 09:59:59,148 - NIFTY24AUG23P19500 candle closing price at time 2023-08-24 09:59:59.147850+05:30 is 8.95
2023-08-24 10:14:59,060 - NIFTY24AUG23P19500 candle closing price at time 2023-08-24 10:14:59.060063+05:30 is 8.2
2023-08-24 10:29:59,269 - NIFTY24AUG23P19500 candle closing price at time 2023-08-24 10:29:59.269547+05:30 is 12.6
2023-08-24 10:44:59,132 - NIFTY24AUG23P19500 candle closing price at time 2023-08-24 10:44:59.132815+05:30 is 21.65
2023-08-24 10:59:59,100 - NIFTY24AUG23P19500 candle closing price at time 2023-08-24 10:59:59.100855+05:30 is 33.35
2023-08-24 11:14:59,211 - NIFTY24AUG23P19500 candle closing price at time 2023-08-24 11:14:59.210919+05:30 is 41.6
2023-08-24 11:29:59,214 - NIFTY24AUG23P19500 candle closing price at time 2023-08-24 11:29:59.214387+05:30 is 43.3
2023-08-24 11:44:59,206 - NIFTY24AUG23P19500 candle closing price at time 2023-08-24 11:44:59.206171+05:30 is 34.05
2023-08-24 11:54:32,965 - short entry dict: [0.0, 16.7]
2023-08-24 11:54:32,965 - short exit dict: [0.0, 46.1]
2023-08-24 11:54:32,965 - last entry was at : 16.7 and exit at: 46.1
2023-08-24 11:54:32,965 - short pnl booked until now:-14700.000000000002
2023-08-24 11:59:59,211 - NIFTY24AUG23P19500 candle closing price at time 2023-08-24 11:59:59.211411+05:30 is 47.4
2023-08-24 12:14:59,211 - NIFTY24AUG23P19500 candle closing price at time 2023-08-24 12:14:59.211748+05:30 is 59.8
2023-08-24 12:29:59,226 - NIFTY24AUG23P19500 candle closing price at time 2023-08-24 12:29:59.226686+05:30 is 67.35
2023-08-24 12:44:58,002 - NIFTY24AUG23P19500 went short at price-48.9, time-12:44:58
2023-08-24 12:44:58,003 - short entry dict: [0.0, 16.7, 48.9]
2023-08-24 12:44:59,208 - NIFTY24AUG23P19500 candle closing price at time 2023-08-24 12:44:59.208315+05:30 is 49.15
2023-08-24 12:47:17,741 - short entry dict: [0.0, 16.7, 48.9]
2023-08-24 12:47:17,741 - short exit dict: [0.0, 46.1, 61.3]
2023-08-24 12:47:17,741 - last entry was at : 48.9 and exit at: 61.3
2023-08-24 12:47:17,741 - short pnl booked until now:-20900.0
2023-08-24 12:59:59,206 - NIFTY24AUG23P19500 candle closing price at time 2023-08-24 12:59:59.206535+05:30 is 63.6
2023-08-24 13:14:59,206 - NIFTY24AUG23P19500 candle closing price at time 2023-08-24 13:14:59.206396+05:30 is 77.6
2023-08-24 13:29:59,045 - NIFTY24AUG23P19500 candle closing price at time 2023-08-24 13:29:59.044904+05:30 is 83.85
2023-08-24 13:44:59,066 - NIFTY24AUG23P19500 candle closing price at time 2023-08-24 13:44:59.066426+05:30 is 84.85
2023-08-24 13:59:59,015 - NIFTY24AUG23P19500 candle closing price at time 2023-08-24 13:59:59.015464+05:30 is 84.1
2023-08-24 14:14:59,246 - NIFTY24AUG23P19500 candle closing price at time 2023-08-24 14:14:59.246203+05:30 is 65.45
2023-08-24 14:29:59,284 - NIFTY24AUG23P19500 candle closing price at time 2023-08-24 14:29:59.284018+05:30 is 70.3
2023-08-24 14:44:59,266 - NIFTY24AUG23P19500 candle closing price at time 2023-08-24 14:44:59.265960+05:30 is 84.15
2023-08-24 14:59:59,071 - NIFTY24AUG23P19500 candle closing price at time 2023-08-24 14:59:59.071675+05:30 is 94.45
2023-08-24 15:14:59,166 - NIFTY24AUG23P19500 candle closing price at time 2023-08-24 15:14:59.166712+05:30 is 106.8
