2023-08-21 09:31:18,806 - NIFTY24AUG23C19600 went short at price-8.15, time-9:31:18
2023-08-21 09:31:18,806 - short entry dict: [0.0, 8.15]
2023-08-21 09:44:59,084 - NIFTY24AUG23C19600 candle closing price at time 2023-08-21 09:44:59.084732+05:30 is 7.6
2023-08-21 09:59:59,045 - NIFTY24AUG23C19600 candle closing price at time 2023-08-21 09:59:59.045216+05:30 is 6.65
2023-08-21 10:14:59,290 - NIFTY24AUG23C19600 candle closing price at time 2023-08-21 10:14:59.290362+05:30 is 6.0
2023-08-21 10:29:59,235 - NIFTY24AUG23C19600 candle closing price at time 2023-08-21 10:29:59.235023+05:30 is 6.55
2023-08-21 10:44:59,290 - NIFTY24AUG23C19600 candle closing price at time 2023-08-21 10:44:59.290239+05:30 is 6.45
2023-08-21 10:59:59,193 - NIFTY24AUG23C19600 candle closing price at time 2023-08-21 10:59:59.193360+05:30 is 6.7
2023-08-21 11:14:59,035 - NIFTY24AUG23C19600 candle closing price at time 2023-08-21 11:14:59.034973+05:30 is 7.55
2023-08-21 11:29:59,118 - NIFTY24AUG23C19600 candle closing price at time 2023-08-21 11:29:59.118390+05:30 is 6.8
2023-08-21 11:44:59,132 - NIFTY24AUG23C19600 candle closing price at time 2023-08-21 11:44:59.131972+05:30 is 7.25
2023-08-21 11:59:59,124 - NIFTY24AUG23C19600 candle closing price at time 2023-08-21 11:59:59.124031+05:30 is 7.15
2023-08-21 12:14:59,118 - NIFTY24AUG23C19600 candle closing price at time 2023-08-21 12:14:59.118329+05:30 is 6.6
2023-08-21 12:29:59,173 - NIFTY24AUG23C19600 candle closing price at time 2023-08-21 12:29:59.173775+05:30 is 6.75
2023-08-21 12:40:49,239 - short entry dict: [0.0, 8.15]
2023-08-21 12:40:49,240 - short exit dict: [0.0, 8.0]
2023-08-21 12:40:49,240 - last entry was at : 8.15 and exit at: 8.0
2023-08-21 12:40:49,240 - short pnl booked until now:75.00000000000017
2023-08-21 12:44:58,007 - NIFTY24AUG23C19600 went short at price-7.8, time-12:44:58
2023-08-21 12:44:58,007 - short entry dict: [0.0, 8.15, 7.8]
2023-08-21 12:44:59,213 - NIFTY24AUG23C19600 candle closing price at time 2023-08-21 12:44:59.213135+05:30 is 7.8
2023-08-21 12:45:15,034 - short entry dict: [0.0, 8.15, 7.8]
2023-08-21 12:45:15,036 - short exit dict: [0.0, 8.0, 8.0]
2023-08-21 12:45:15,037 - last entry was at : 7.8 and exit at: 8.0
2023-08-21 12:45:15,037 - short pnl booked until now:-24.999999999999915
2023-08-21 12:59:58,001 - NIFTY24AUG23C19600 went short at price-7.8, time-12:59:58
2023-08-21 12:59:58,006 - short entry dict: [0.0, 8.15, 7.8, 7.8]
2023-08-21 12:59:59,211 - NIFTY24AUG23C19600 candle closing price at time 2023-08-21 12:59:59.211871+05:30 is 7.8
2023-08-21 13:00:13,554 - short entry dict: [0.0, 8.15, 7.8, 7.8]
2023-08-21 13:00:13,554 - short exit dict: [0.0, 8.0, 8.0, 7.9]
2023-08-21 13:00:13,555 - last entry was at : 7.8 and exit at: 7.9
2023-08-21 13:00:13,555 - short pnl booked until now:-75.00000000000018
2023-08-21 13:14:59,205 - NIFTY24AUG23C19600 candle closing price at time 2023-08-21 13:14:59.205555+05:30 is 8.8
2023-08-21 13:29:59,205 - NIFTY24AUG23C19600 candle closing price at time 2023-08-21 13:29:59.205687+05:30 is 8.4
2023-08-21 13:44:59,161 - NIFTY24AUG23C19600 candle closing price at time 2023-08-21 13:44:59.161435+05:30 is 8.85
2023-08-21 13:59:59,124 - NIFTY24AUG23C19600 candle closing price at time 2023-08-21 13:59:59.124248+05:30 is 8.9
2023-08-21 14:14:58,001 - NIFTY24AUG23C19600 went short at price-7.0, time-14:14:58
2023-08-21 14:14:58,002 - short entry dict: [0.0, 8.15, 7.8, 7.8, 7.0]
2023-08-21 14:14:59,208 - NIFTY24AUG23C19600 candle closing price at time 2023-08-21 14:14:59.208175+05:30 is 6.95
2023-08-21 14:22:25,709 - short entry dict: [0.0, 8.15, 7.8, 7.8, 7.0]
2023-08-21 14:22:25,715 - short exit dict: [0.0, 8.0, 8.0, 7.9, 8.3]
2023-08-21 14:22:25,730 - last entry was at : 7.0 and exit at: 8.3
2023-08-21 14:22:25,807 - short pnl booked until now:-725.0000000000006
2023-08-21 14:29:58,003 - NIFTY24AUG23C19600 went short at price-7.7, time-14:29:58
2023-08-21 14:29:58,004 - short entry dict: [0.0, 8.15, 7.8, 7.8, 7.0, 7.7]
2023-08-21 14:29:59,208 - NIFTY24AUG23C19600 candle closing price at time 2023-08-21 14:29:59.208195+05:30 is 7.75
2023-08-21 14:30:53,014 - short entry dict: [0.0, 8.15, 7.8, 7.8, 7.0, 7.7]
2023-08-21 14:30:53,014 - short exit dict: [0.0, 8.0, 8.0, 7.9, 8.3, 8.05]
2023-08-21 14:30:53,014 - last entry was at : 7.7 and exit at: 8.05
2023-08-21 14:30:53,014 - short pnl booked until now:-900.0000000000008
2023-08-21 14:44:59,216 - NIFTY24AUG23C19600 candle closing price at time 2023-08-21 14:44:59.216554+05:30 is 8.4
2023-08-21 14:59:59,274 - NIFTY24AUG23C19600 candle closing price at time 2023-08-21 14:59:59.274786+05:30 is 10.1
2023-08-21 15:14:58,014 - NIFTY24AUG23C19600 went short at price-7.5, time-15:14:58
2023-08-21 15:14:58,015 - short entry dict: [0.0, 8.15, 7.8, 7.8, 7.0, 7.7, 7.5]
2023-08-21 15:14:59,220 - NIFTY24AUG23C19600 candle closing price at time 2023-08-21 15:14:59.220115+05:30 is 7.45
2023-08-22 09:31:19,996 - NIFTY24AUG23C19600 went short at price-9.0, time-9:31:19
2023-08-22 09:31:19,996 - short entry dict: [0.0, 9.0]
2023-08-22 09:31:26,006 - short entry dict: [0.0, 9.0]
2023-08-22 09:31:26,006 - short exit dict: [0.0, 8.9]
2023-08-22 09:31:26,007 - last entry was at : 9.0 and exit at: 8.9
2023-08-22 09:31:26,007 - short pnl booked until now:49.99999999999982
2023-08-22 09:44:59,214 - NIFTY24AUG23C19600 candle closing price at time 2023-08-22 09:44:59.213954+05:30 is 9.25
2023-08-22 09:59:58,004 - NIFTY24AUG23C19600 went short at price-7.15, time-9:59:58
2023-08-22 09:59:58,005 - short entry dict: [0.0, 9.0, 7.15]
2023-08-22 09:59:59,210 - NIFTY24AUG23C19600 candle closing price at time 2023-08-22 09:59:59.210634+05:30 is 7.2
2023-08-22 10:14:59,209 - NIFTY24AUG23C19600 candle closing price at time 2023-08-22 10:14:59.209142+05:30 is 7.45
2023-08-22 10:17:36,227 - short entry dict: [0.0, 9.0, 7.15]
2023-08-22 10:17:36,227 - short exit dict: [0.0, 8.9, 8.0]
2023-08-22 10:17:36,227 - last entry was at : 7.15 and exit at: 8.0
2023-08-22 10:17:36,227 - short pnl booked until now:-375.0
2023-08-22 10:29:58,001 - NIFTY24AUG23C19600 went short at price-7.65, time-10:29:58
2023-08-22 10:29:58,002 - short entry dict: [0.0, 9.0, 7.15, 7.65]
2023-08-22 10:29:59,211 - NIFTY24AUG23C19600 candle closing price at time 2023-08-22 10:29:59.210895+05:30 is 7.65
2023-08-22 10:34:51,357 - short entry dict: [0.0, 9.0, 7.15, 7.65]
2023-08-22 10:34:51,358 - short exit dict: [0.0, 8.9, 8.0, 7.95]
2023-08-22 10:34:51,358 - last entry was at : 7.65 and exit at: 7.95
2023-08-22 10:34:51,358 - short pnl booked until now:-524.9999999999999
2023-08-22 10:44:58,004 - NIFTY24AUG23C19600 went short at price-7.55, time-10:44:58
2023-08-22 10:44:58,005 - short entry dict: [0.0, 9.0, 7.15, 7.65, 7.55]
2023-08-22 10:44:59,210 - NIFTY24AUG23C19600 candle closing price at time 2023-08-22 10:44:59.210902+05:30 is 7.5
2023-08-22 10:59:59,199 - NIFTY24AUG23C19600 candle closing price at time 2023-08-22 10:59:59.198959+05:30 is 7.15
2023-08-22 11:14:59,099 - NIFTY24AUG23C19600 candle closing price at time 2023-08-22 11:14:59.099435+05:30 is 7.2
2023-08-22 11:29:59,150 - NIFTY24AUG23C19600 candle closing price at time 2023-08-22 11:29:59.150122+05:30 is 7.55
2023-08-22 11:44:59,023 - NIFTY24AUG23C19600 candle closing price at time 2023-08-22 11:44:59.022921+05:30 is 7.6
2023-08-22 11:50:16,283 - short entry dict: [0.0, 9.0, 7.15, 7.65, 7.55]
2023-08-22 11:50:16,288 - short exit dict: [0.0, 8.9, 8.0, 7.95, 7.9]
2023-08-22 11:50:16,293 - last entry was at : 7.55 and exit at: 7.9
2023-08-22 11:50:16,299 - short pnl booked until now:-700.0000000000001
2023-08-22 11:59:58,001 - NIFTY24AUG23C19600 went short at price-7.65, time-11:59:58
2023-08-22 11:59:58,002 - short entry dict: [0.0, 9.0, 7.15, 7.65, 7.55, 7.65]
2023-08-22 11:59:59,205 - NIFTY24AUG23C19600 candle closing price at time 2023-08-22 11:59:59.205638+05:30 is 7.65
2023-08-22 12:03:29,145 - short entry dict: [0.0, 9.0, 7.15, 7.65, 7.55, 7.65]
2023-08-22 12:03:29,145 - short exit dict: [0.0, 8.9, 8.0, 7.95, 7.9, 7.8]
2023-08-22 12:03:29,145 - last entry was at : 7.65 and exit at: 7.8
2023-08-22 12:03:29,145 - short pnl booked until now:-774.9999999999999
2023-08-22 12:14:58,001 - NIFTY24AUG23C19600 went short at price-7.45, time-12:14:58
2023-08-22 12:14:58,001 - short entry dict: [0.0, 9.0, 7.15, 7.65, 7.55, 7.65, 7.45]
2023-08-22 12:14:59,205 - NIFTY24AUG23C19600 candle closing price at time 2023-08-22 12:14:59.205952+05:30 is 7.45
2023-08-22 12:29:59,204 - NIFTY24AUG23C19600 candle closing price at time 2023-08-22 12:29:59.204157+05:30 is 6.65
2023-08-22 12:44:59,129 - NIFTY24AUG23C19600 candle closing price at time 2023-08-22 12:44:59.129448+05:30 is 6.55
2023-08-22 12:59:59,164 - NIFTY24AUG23C19600 candle closing price at time 2023-08-22 12:59:59.164033+05:30 is 6.95
2023-08-22 13:14:59,131 - NIFTY24AUG23C19600 candle closing price at time 2023-08-22 13:14:59.131483+05:30 is 6.6
2023-08-22 13:29:59,270 - NIFTY24AUG23C19600 candle closing price at time 2023-08-22 13:29:59.270311+05:30 is 6.4
2023-08-22 13:44:59,228 - NIFTY24AUG23C19600 candle closing price at time 2023-08-22 13:44:59.228376+05:30 is 6.1
2023-08-22 13:59:59,272 - NIFTY24AUG23C19600 candle closing price at time 2023-08-22 13:59:59.272902+05:30 is 5.9
2023-08-22 14:14:59,094 - NIFTY24AUG23C19600 candle closing price at time 2023-08-22 14:14:59.093618+05:30 is 6.0
2023-08-22 14:29:59,222 - NIFTY24AUG23C19600 candle closing price at time 2023-08-22 14:29:59.222004+05:30 is 5.65
2023-08-22 14:44:59,209 - NIFTY24AUG23C19600 candle closing price at time 2023-08-22 14:44:59.209525+05:30 is 5.3
2023-08-22 14:59:59,270 - NIFTY24AUG23C19600 candle closing price at time 2023-08-22 14:59:59.270746+05:30 is 5.35
2023-08-22 15:14:59,276 - NIFTY24AUG23C19600 candle closing price at time 2023-08-22 15:14:59.276014+05:30 is 4.85
2023-08-23 09:31:13,226 - NIFTY24AUG23C19600 went short at price-3.75, time-9:31:13
2023-08-23 09:31:13,226 - short entry dict: [0.0, 3.75]
2023-08-23 09:44:59,283 - NIFTY24AUG23C19600 candle closing price at time 2023-08-23 09:44:59.283002+05:30 is 3.35
2023-08-23 09:59:59,299 - NIFTY24AUG23C19600 candle closing price at time 2023-08-23 09:59:59.299393+05:30 is 3.1
2023-08-23 10:14:59,252 - NIFTY24AUG23C19600 candle closing price at time 2023-08-23 10:14:59.252268+05:30 is 2.95
2023-08-23 10:29:59,114 - NIFTY24AUG23C19600 candle closing price at time 2023-08-23 10:29:59.114633+05:30 is 2.9
2023-08-23 10:44:59,084 - NIFTY24AUG23C19600 candle closing price at time 2023-08-23 10:44:59.084895+05:30 is 2.85
2023-08-23 10:59:59,116 - NIFTY24AUG23C19600 candle closing price at time 2023-08-23 10:59:59.116428+05:30 is 2.9
2023-08-23 11:14:59,250 - NIFTY24AUG23C19600 candle closing price at time 2023-08-23 11:14:59.250484+05:30 is 2.95
2023-08-23 11:29:59,231 - NIFTY24AUG23C19600 candle closing price at time 2023-08-23 11:29:59.231529+05:30 is 3.25
2023-08-23 11:44:59,123 - NIFTY24AUG23C19600 candle closing price at time 2023-08-23 11:44:59.123110+05:30 is 3.3
2023-08-23 11:59:59,257 - NIFTY24AUG23C19600 candle closing price at time 2023-08-23 11:59:59.257429+05:30 is 3.05
2023-08-23 12:14:59,089 - NIFTY24AUG23C19600 candle closing price at time 2023-08-23 12:14:59.089247+05:30 is 3.15
2023-08-23 12:29:59,176 - NIFTY24AUG23C19600 candle closing price at time 2023-08-23 12:29:59.176188+05:30 is 3.95
2023-08-23 12:38:27,766 - short entry dict: [0.0, 3.75]
2023-08-23 12:38:27,766 - short exit dict: [0.0, 4.4]
2023-08-23 12:38:27,766 - last entry was at : 3.75 and exit at: 4.4
2023-08-23 12:38:27,767 - short pnl booked until now:-325.00000000000017
2023-08-23 12:44:59,205 - NIFTY24AUG23C19600 candle closing price at time 2023-08-23 12:44:59.205102+05:30 is 5.55
2023-08-23 12:59:59,292 - NIFTY24AUG23C19600 candle closing price at time 2023-08-23 12:59:59.292464+05:30 is 5.7
2023-08-23 13:14:58,001 - NIFTY24AUG23C19600 went short at price-4.25, time-13:14:58
2023-08-23 13:14:58,006 - short entry dict: [0.0, 3.75, 4.25]
2023-08-23 13:14:59,211 - NIFTY24AUG23C19600 candle closing price at time 2023-08-23 13:14:59.211636+05:30 is 4.25
2023-08-23 13:19:37,410 - short entry dict: [0.0, 3.75, 4.25]
2023-08-23 13:19:37,410 - short exit dict: [0.0, 4.4, 4.65]
2023-08-23 13:19:37,411 - last entry was at : 4.25 and exit at: 4.65
2023-08-23 13:19:37,411 - short pnl booked until now:-525.0000000000003
2023-08-23 13:29:58,619 - NIFTY24AUG23C19600 went short at price-4.5, time-13:29:58
2023-08-23 13:29:58,619 - short entry dict: [0.0, 3.75, 4.25, 4.5]
2023-08-23 13:29:59,221 - NIFTY24AUG23C19600 candle closing price at time 2023-08-23 13:29:59.221410+05:30 is 4.55
2023-08-23 13:30:16,876 - short entry dict: [0.0, 3.75, 4.25, 4.5]
2023-08-23 13:30:16,876 - short exit dict: [0.0, 4.4, 4.65, 4.6]
2023-08-23 13:30:16,877 - last entry was at : 4.5 and exit at: 4.6
2023-08-23 13:30:16,877 - short pnl booked until now:-575.0000000000001
2023-08-23 13:44:59,207 - NIFTY24AUG23C19600 candle closing price at time 2023-08-23 13:44:59.207809+05:30 is 5.25
2023-08-23 13:59:59,083 - NIFTY24AUG23C19600 candle closing price at time 2023-08-23 13:59:59.083258+05:30 is 5.7
2023-08-23 14:14:59,288 - NIFTY24AUG23C19600 candle closing price at time 2023-08-23 14:14:59.288297+05:30 is 5.15
2023-08-23 14:29:58,000 - NIFTY24AUG23C19600 went short at price-4.6, time-14:29:58
2023-08-23 14:29:58,001 - short entry dict: [0.0, 3.75, 4.25, 4.5, 4.6]
2023-08-23 14:29:59,206 - NIFTY24AUG23C19600 candle closing price at time 2023-08-23 14:29:59.206430+05:30 is 4.6
2023-08-23 14:31:23,930 - short entry dict: [0.0, 3.75, 4.25, 4.5, 4.6]
2023-08-23 14:31:23,930 - short exit dict: [0.0, 4.4, 4.65, 4.6, 4.75]
2023-08-23 14:31:23,931 - last entry was at : 4.6 and exit at: 4.75
2023-08-23 14:31:23,931 - short pnl booked until now:-650.0000000000002
2023-08-23 14:44:59,206 - NIFTY24AUG23C19600 candle closing price at time 2023-08-23 14:44:59.206052+05:30 is 5.0
2023-08-23 14:59:58,002 - NIFTY24AUG23C19600 went short at price-4.7, time-14:59:58
2023-08-23 14:59:58,003 - short entry dict: [0.0, 3.75, 4.25, 4.5, 4.6, 4.7]
2023-08-23 14:59:59,207 - NIFTY24AUG23C19600 candle closing price at time 2023-08-23 14:59:59.207005+05:30 is 4.7
2023-08-23 15:00:07,526 - short entry dict: [0.0, 3.75, 4.25, 4.5, 4.6, 4.7]
2023-08-23 15:00:07,526 - short exit dict: [0.0, 4.4, 4.65, 4.6, 4.75, 5.35]
2023-08-23 15:00:07,527 - last entry was at : 4.7 and exit at: 5.35
2023-08-23 15:00:07,527 - short pnl booked until now:-975.0
2023-08-23 15:14:58,005 - NIFTY24AUG23C19600 went short at price-3.9, time-15:14:58
2023-08-23 15:14:58,005 - short entry dict: [0.0, 3.75, 4.25, 4.5, 4.6, 4.7, 3.9]
2023-08-23 15:14:59,209 - NIFTY24AUG23C19600 candle closing price at time 2023-08-23 15:14:59.209402+05:30 is 3.9
2023-08-24 09:31:19,569 - NIFTY24AUG23C19600 went short at price-12.6, time-9:31:19
2023-08-24 09:31:19,570 - short entry dict: [0.0, 12.6]
2023-08-24 09:44:59,256 - NIFTY24AUG23C19600 candle closing price at time 2023-08-24 09:44:59.255972+05:30 is 14.4
2023-08-24 09:45:50,957 - short entry dict: [0.0, 12.6]
2023-08-24 09:45:50,957 - short exit dict: [0.0, 16.0]
2023-08-24 09:45:50,957 - last entry was at : 12.6 and exit at: 16.0
2023-08-24 09:45:50,957 - short pnl booked until now:-1700.0000000000002
2023-08-24 09:59:58,001 - NIFTY24AUG23C19600 went short at price-15.05, time-9:59:58
2023-08-24 09:59:58,002 - short entry dict: [0.0, 12.6, 15.05]
2023-08-24 09:59:59,207 - NIFTY24AUG23C19600 candle closing price at time 2023-08-24 09:59:59.207573+05:30 is 15.1
2023-08-24 10:14:59,114 - NIFTY24AUG23C19600 candle closing price at time 2023-08-24 10:14:59.114076+05:30 is 13.3
2023-08-24 10:29:59,171 - NIFTY24AUG23C19600 candle closing price at time 2023-08-24 10:29:59.170997+05:30 is 8.65
2023-08-24 10:44:10,146 - short entry dict: [0.0, 12.6, 15.05]
2023-08-24 10:44:10,152 - short exit dict: [0.0, 16.0, 7.2]
2023-08-24 10:44:10,158 - last entry was at : 15.05 and exit at: 7.2
2023-08-24 10:44:10,163 - short pnl booked until now:2225.0
2023-08-24 10:44:58,010 - NIFTY24AUG23C19600 went short at price-6.95, time-10:44:58
2023-08-24 10:44:58,010 - short entry dict: [0.0, 12.6, 15.05, 6.95]
2023-08-24 10:44:59,215 - NIFTY24AUG23C19600 candle closing price at time 2023-08-24 10:44:59.215479+05:30 is 7.0
2023-08-24 10:45:51,853 - short entry dict: [0.0, 12.6, 15.05, 6.95]
2023-08-24 10:45:51,853 - short exit dict: [0.0, 16.0, 7.2, 7.1]
2023-08-24 10:45:51,853 - last entry was at : 6.95 and exit at: 7.1
2023-08-24 10:45:51,853 - short pnl booked until now:2150.0000000000005
2023-08-24 10:59:58,003 - NIFTY24AUG23C19600 went short at price-4.75, time-10:59:58
2023-08-24 10:59:58,003 - short entry dict: [0.0, 12.6, 15.05, 6.95, 4.75]
2023-08-24 10:59:59,210 - NIFTY24AUG23C19600 candle closing price at time 2023-08-24 10:59:59.210372+05:30 is 4.7
2023-08-24 11:14:59,142 - NIFTY24AUG23C19600 candle closing price at time 2023-08-24 11:14:59.142047+05:30 is 4.0
2023-08-24 11:29:59,109 - NIFTY24AUG23C19600 candle closing price at time 2023-08-24 11:29:59.109626+05:30 is 3.55
2023-08-24 11:44:59,035 - NIFTY24AUG23C19600 candle closing price at time 2023-08-24 11:44:59.035148+05:30 is 4.25
2023-08-24 11:59:59,151 - NIFTY24AUG23C19600 candle closing price at time 2023-08-24 11:59:59.151204+05:30 is 2.9
2023-08-24 12:14:59,050 - NIFTY24AUG23C19600 candle closing price at time 2023-08-24 12:14:59.050435+05:30 is 2.65
2023-08-24 12:29:59,067 - NIFTY24AUG23C19600 candle closing price at time 2023-08-24 12:29:59.067064+05:30 is 2.75
2023-08-24 12:44:59,045 - NIFTY24AUG23C19600 candle closing price at time 2023-08-24 12:44:59.045543+05:30 is 2.6
2023-08-24 12:59:59,299 - NIFTY24AUG23C19600 candle closing price at time 2023-08-24 12:59:59.299891+05:30 is 1.55
2023-08-24 13:14:59,040 - NIFTY24AUG23C19600 candle closing price at time 2023-08-24 13:14:59.040740+05:30 is 1.15
2023-08-24 13:29:59,275 - NIFTY24AUG23C19600 candle closing price at time 2023-08-24 13:29:59.275533+05:30 is 1.2
2023-08-24 13:44:59,264 - NIFTY24AUG23C19600 candle closing price at time 2023-08-24 13:44:59.264773+05:30 is 1.1
2023-08-24 13:59:59,098 - NIFTY24AUG23C19600 candle closing price at time 2023-08-24 13:59:59.098302+05:30 is 1.1
2023-08-24 14:14:59,096 - NIFTY24AUG23C19600 candle closing price at time 2023-08-24 14:14:59.095865+05:30 is 1.2
2023-08-24 14:29:59,062 - NIFTY24AUG23C19600 candle closing price at time 2023-08-24 14:29:59.062444+05:30 is 0.7
2023-08-24 14:44:59,178 - NIFTY24AUG23C19600 candle closing price at time 2023-08-24 14:44:59.178103+05:30 is 0.35
2023-08-24 14:59:59,094 - NIFTY24AUG23C19600 candle closing price at time 2023-08-24 14:59:59.094320+05:30 is 0.3
2023-08-24 15:14:59,281 - NIFTY24AUG23C19600 candle closing price at time 2023-08-24 15:14:59.281205+05:30 is 0.15
