2023-07-28 13:18:35,030 - NIFTY03AUG23P19400 went short at price-29.45, time-13:18:35
2023-07-28 13:18:35,031 - short entry dict: [0.0, 29.45]
2023-07-28 13:29:59,192 - NIFTY03AUG23P19400 candle closing price at time 2023-07-28 13:29:59.191941+05:30 is 29.75
2023-07-28 13:41:55,609 - short entry dict: [0.0, 29.45]
2023-07-28 13:41:55,614 - short exit dict: [0.0, 33.2]
2023-07-28 13:41:55,620 - last entry was at : 29.45 and exit at: 33.2
2023-07-28 13:41:55,625 - short pnl booked until now:-1875.0000000000018
2023-07-28 13:44:58,002 - NIFTY03AUG23P19400 went short at price-32.95, time-13:44:58
2023-07-28 13:44:58,002 - short entry dict: [0.0, 29.45, 32.95]
2023-07-28 13:44:59,206 - NIFTY03AUG23P19400 candle closing price at time 2023-07-28 13:44:59.206950+05:30 is 32.9
2023-07-28 13:45:14,745 - short entry dict: [0.0, 29.45, 32.95]
2023-07-28 13:45:14,746 - short exit dict: [0.0, 33.2, 33.25]
2023-07-28 13:45:14,746 - last entry was at : 32.95 and exit at: 33.25
2023-07-28 13:45:14,746 - short pnl booked until now:-2025.0000000000005
2023-07-28 13:59:58,001 - NIFTY03AUG23P19400 went short at price-29.8, time-13:59:58
2023-07-28 13:59:58,001 - short entry dict: [0.0, 29.45, 32.95, 29.8]
2023-07-28 13:59:59,206 - NIFTY03AUG23P19400 candle closing price at time 2023-07-28 13:59:59.205986+05:30 is 29.6
2023-07-28 14:14:59,286 - NIFTY03AUG23P19400 candle closing price at time 2023-07-28 14:14:59.286276+05:30 is 27.05
2023-07-28 14:29:59,029 - NIFTY03AUG23P19400 candle closing price at time 2023-07-28 14:29:59.029316+05:30 is 24.85
2023-07-28 14:44:59,049 - NIFTY03AUG23P19400 candle closing price at time 2023-07-28 14:44:59.049610+05:30 is 26.25
2023-07-28 14:51:27,349 - short entry dict: [0.0, 29.45, 32.95, 29.8]
2023-07-28 14:51:27,350 - short exit dict: [0.0, 33.2, 33.25, 23.65]
2023-07-28 14:51:27,350 - last entry was at : 29.8 and exit at: 23.65
2023-07-28 14:51:27,350 - short pnl booked until now:1050.0000000000005
2023-07-28 14:59:58,011 - NIFTY03AUG23P19400 went short at price-21.65, time-14:59:58
2023-07-28 14:59:58,011 - short entry dict: [0.0, 29.45, 32.95, 29.8, 21.65]
2023-07-28 14:59:59,216 - NIFTY03AUG23P19400 candle closing price at time 2023-07-28 14:59:59.216912+05:30 is 22.05
2023-07-28 15:14:59,072 - NIFTY03AUG23P19400 candle closing price at time 2023-07-28 15:14:59.072160+05:30 is 17.25
