2023-09-07 09:31:12,893 - BANKNIFTY13SEP23P44400 went short at price-226.6, time-9:31:12
2023-09-07 09:31:12,894 - short entry dict: [0.0, 226.6]
2023-09-07 09:39:03,454 - short entry dict: [0.0, 226.6]
2023-09-07 09:39:03,454 - short exit dict: [0.0, 241.4]
2023-09-07 09:39:03,454 - last entry was at : 226.6 and exit at: 241.4
2023-09-07 09:39:03,454 - short pnl booked until now:-4440.000000000004
2023-09-07 09:44:58,001 - BANKNIFTY13SEP23P44400 went short at price-228.85, time-9:44:58
2023-09-07 09:44:58,001 - short entry dict: [0.0, 226.6, 228.85]
2023-09-07 09:44:59,206 - BANKNIFTY13SEP23P44400 candle closing price at time 2023-09-07 09:44:59.206589+05:30 is 230.0
2023-09-07 09:59:59,062 - BANKNIFTY13SEP23P44400 candle closing price at time 2023-09-07 09:59:59.062887+05:30 is 190.1
2023-09-07 10:14:59,137 - BANKNIFTY13SEP23P44400 candle closing price at time 2023-09-07 10:14:59.137459+05:30 is 194.15
2023-09-07 10:29:59,254 - BANKNIFTY13SEP23P44400 candle closing price at time 2023-09-07 10:29:59.254179+05:30 is 195.95
2023-09-07 10:44:59,134 - BANKNIFTY13SEP23P44400 candle closing price at time 2023-09-07 10:44:59.134310+05:30 is 178.2
2023-09-07 10:59:59,289 - BANKNIFTY13SEP23P44400 candle closing price at time 2023-09-07 10:59:59.289943+05:30 is 175.6
2023-09-07 11:14:59,099 - BANKNIFTY13SEP23P44400 candle closing price at time 2023-09-07 11:14:59.099443+05:30 is 136.35
2023-09-07 11:29:59,264 - BANKNIFTY13SEP23P44400 candle closing price at time 2023-09-07 11:29:59.264390+05:30 is 142.55
2023-09-07 11:44:59,198 - BANKNIFTY13SEP23P44400 candle closing price at time 2023-09-07 11:44:59.198002+05:30 is 191.75
2023-09-07 11:59:59,075 - BANKNIFTY13SEP23P44400 candle closing price at time 2023-09-07 11:59:59.075207+05:30 is 176.0
2023-09-07 12:14:59,089 - BANKNIFTY13SEP23P44400 candle closing price at time 2023-09-07 12:14:59.089409+05:30 is 190.45
2023-09-07 12:27:44,777 - short entry dict: [0.0, 226.6, 228.85]
2023-09-07 12:27:44,777 - short exit dict: [0.0, 241.4, 209.65]
2023-09-07 12:27:44,777 - last entry was at : 228.85 and exit at: 209.65
2023-09-07 12:27:44,778 - short pnl booked until now:1319.9999999999927
2023-09-07 12:29:59,209 - BANKNIFTY13SEP23P44400 candle closing price at time 2023-09-07 12:29:59.209189+05:30 is 213.35
2023-09-07 12:44:58,002 - BANKNIFTY13SEP23P44400 went short at price-192.25, time-12:44:58
2023-09-07 12:44:58,003 - short entry dict: [0.0, 226.6, 228.85, 192.25]
2023-09-07 12:44:59,208 - BANKNIFTY13SEP23P44400 candle closing price at time 2023-09-07 12:44:59.208930+05:30 is 192.2
2023-09-07 12:59:59,019 - BANKNIFTY13SEP23P44400 candle closing price at time 2023-09-07 12:59:59.019736+05:30 is 195.7
2023-09-07 13:14:59,190 - BANKNIFTY13SEP23P44400 candle closing price at time 2023-09-07 13:14:59.190451+05:30 is 180.35
2023-09-07 13:29:59,208 - BANKNIFTY13SEP23P44400 candle closing price at time 2023-09-07 13:29:59.207982+05:30 is 156.45
2023-09-07 13:44:59,181 - BANKNIFTY13SEP23P44400 candle closing price at time 2023-09-07 13:44:59.181565+05:30 is 147.45
2023-09-07 13:59:59,193 - BANKNIFTY13SEP23P44400 candle closing price at time 2023-09-07 13:59:59.193497+05:30 is 151.5
2023-09-07 14:14:59,219 - BANKNIFTY13SEP23P44400 candle closing price at time 2023-09-07 14:14:59.218983+05:30 is 128.8
2023-09-07 14:29:59,026 - BANKNIFTY13SEP23P44400 candle closing price at time 2023-09-07 14:29:59.026910+05:30 is 114.75
2023-09-07 14:44:59,271 - BANKNIFTY13SEP23P44400 candle closing price at time 2023-09-07 14:44:59.271454+05:30 is 95.0
2023-09-07 14:59:59,237 - BANKNIFTY13SEP23P44400 candle closing price at time 2023-09-07 14:59:59.237517+05:30 is 86.55
2023-09-07 15:14:59,165 - BANKNIFTY13SEP23P44400 candle closing price at time 2023-09-07 15:14:59.165497+05:30 is 89.4
2023-09-08 09:31:14,589 - BANKNIFTY13SEP23P44400 went long at price-64.65, time-9:31:14
2023-09-08 09:31:14,589 - long entry dict:[0.0, 64.65]
2023-09-08 09:31:14,589 - long exit dict:[0.0]
2023-09-08 09:31:14,589 - HEDGE-BANKNIFTY13SEP23P44400 went long at price-64.65, time-9:31:14
