2023-09-04 09:31:11,055 - BANKNIFTY06SEP23P44100 went long at price-62.4, time-9:31:11
2023-09-04 09:31:11,056 - long entry dict:[0.0, 62.4]
2023-09-04 09:31:11,057 - long exit dict:[0.0]
2023-09-04 09:31:11,057 - HEDGE-BANKNIFTY06SEP23P44100 went long at price-62.4, time-9:31:11
2023-09-05 10:55:12,791 - BANKNIFTY06SEP23P44100 went long at price-31.15, time-10:55:12
2023-09-05 10:55:12,792 - long entry dict:[0.0, 31.15]
2023-09-05 10:55:12,792 - long exit dict:[0.0]
2023-09-05 10:55:12,793 - HEDGE-BANKNIFTY06SEP23P44100 went long at price-31.15, time-10:55:12
2023-09-06 10:05:20,782 - BANKNIFTY06SEP23P44100 went short at price-7.25, time-10:5:20
2023-09-06 10:05:20,782 - short entry dict: [0.0, 7.25]
2023-09-06 10:14:59,070 - BANKNIFTY06SEP23P44100 candle closing price at time 2023-09-06 10:14:59.070467+05:30 is 6.7
2023-09-06 10:29:59,210 - BANKNIFTY06SEP23P44100 candle closing price at time 2023-09-06 10:29:59.210282+05:30 is 5.3
2023-09-06 10:44:59,022 - BANKNIFTY06SEP23P44100 candle closing price at time 2023-09-06 10:44:59.022481+05:30 is 3.85
2023-09-06 10:59:59,058 - BANKNIFTY06SEP23P44100 candle closing price at time 2023-09-06 10:59:59.058226+05:30 is 3.75
2023-09-06 11:14:59,093 - BANKNIFTY06SEP23P44100 candle closing price at time 2023-09-06 11:14:59.093726+05:30 is 3.9
2023-09-06 11:29:59,196 - BANKNIFTY06SEP23P44100 candle closing price at time 2023-09-06 11:29:59.196561+05:30 is 5.5
2023-09-06 11:44:59,054 - BANKNIFTY06SEP23P44100 candle closing price at time 2023-09-06 11:44:59.054776+05:30 is 9.15
2023-09-06 11:59:59,284 - BANKNIFTY06SEP23P44100 candle closing price at time 2023-09-06 11:59:59.284183+05:30 is 8.85
2023-09-06 12:14:59,003 - BANKNIFTY06SEP23P44100 candle closing price at time 2023-09-06 12:14:59.003273+05:30 is 5.5
2023-09-06 12:29:59,243 - BANKNIFTY06SEP23P44100 candle closing price at time 2023-09-06 12:29:59.243727+05:30 is 7.25
2023-09-06 12:44:59,297 - BANKNIFTY06SEP23P44100 candle closing price at time 2023-09-06 12:44:59.297755+05:30 is 11.2
2023-09-06 12:46:33,968 - short entry dict: [0.0, 7.25]
2023-09-06 12:46:33,969 - short exit dict: [0.0, 13.6]
2023-09-06 12:46:33,969 - last entry was at : 7.25 and exit at: 13.6
2023-09-06 12:46:33,969 - short pnl booked until now:-1905.0
2023-09-06 12:59:58,000 - BANKNIFTY06SEP23P44100 went short at price-12.45, time-12:59:58
2023-09-06 12:59:58,000 - short entry dict: [0.0, 7.25, 12.45]
2023-09-06 12:59:59,204 - BANKNIFTY06SEP23P44100 candle closing price at time 2023-09-06 12:59:59.204319+05:30 is 12.55
2023-09-06 13:14:59,002 - BANKNIFTY06SEP23P44100 candle closing price at time 2023-09-06 13:14:59.002347+05:30 is 9.1
2023-09-06 13:29:59,147 - BANKNIFTY06SEP23P44100 candle closing price at time 2023-09-06 13:29:59.147459+05:30 is 10.2
2023-09-06 13:44:59,189 - BANKNIFTY06SEP23P44100 candle closing price at time 2023-09-06 13:44:59.189458+05:30 is 3.0
2023-09-06 13:59:59,296 - BANKNIFTY06SEP23P44100 candle closing price at time 2023-09-06 13:59:59.296228+05:30 is 2.8
2023-09-06 14:14:59,147 - BANKNIFTY06SEP23P44100 candle closing price at time 2023-09-06 14:14:59.147367+05:30 is 1.35
2023-09-06 14:29:59,207 - BANKNIFTY06SEP23P44100 candle closing price at time 2023-09-06 14:29:59.207016+05:30 is 0.75
2023-09-06 14:44:59,102 - BANKNIFTY06SEP23P44100 candle closing price at time 2023-09-06 14:44:59.102831+05:30 is 0.65
2023-09-06 14:59:59,076 - BANKNIFTY06SEP23P44100 candle closing price at time 2023-09-06 14:59:59.076359+05:30 is 0.7
2023-09-06 15:14:59,079 - BANKNIFTY06SEP23P44100 candle closing price at time 2023-09-06 15:14:59.079191+05:30 is 0.15
