2023-08-18 09:31:20,125 - BANKNIFTY24AUG23C44500 went short at price-68.9, time-9:31:20
2023-08-18 09:31:20,126 - short entry dict: [0.0, 68.9]
2023-08-18 09:44:59,218 - BANKNIFTY24AUG23C44500 candle closing price at time 2023-08-18 09:44:59.217609+05:30 is 60.15
2023-08-18 09:59:59,084 - BANKNIFTY24AUG23C44500 candle closing price at time 2023-08-18 09:59:59.084138+05:30 is 55.5
2023-08-18 10:14:59,126 - BANKNIFTY24AUG23C44500 candle closing price at time 2023-08-18 10:14:59.126256+05:30 is 54.55
2023-08-18 10:29:59,182 - BANKNIFTY24AUG23C44500 candle closing price at time 2023-08-18 10:29:59.182091+05:30 is 60.1
2023-08-18 10:44:59,098 - BANKNIFTY24AUG23C44500 candle closing price at time 2023-08-18 10:44:59.098452+05:30 is 57.55
2023-08-18 10:59:59,075 - BANKNIFTY24AUG23C44500 candle closing price at time 2023-08-18 10:59:59.074962+05:30 is 56.65
2023-08-18 11:14:59,162 - BANKNIFTY24AUG23C44500 candle closing price at time 2023-08-18 11:14:59.162682+05:30 is 56.55
2023-08-18 11:29:59,188 - BANKNIFTY24AUG23C44500 candle closing price at time 2023-08-18 11:29:59.188357+05:30 is 55.5
2023-08-18 11:44:59,019 - BANKNIFTY24AUG23C44500 candle closing price at time 2023-08-18 11:44:59.019613+05:30 is 55.2
2023-08-18 11:59:59,250 - BANKNIFTY24AUG23C44500 candle closing price at time 2023-08-18 11:59:59.250836+05:30 is 51.25
2023-08-18 12:14:59,242 - BANKNIFTY24AUG23C44500 candle closing price at time 2023-08-18 12:14:59.242377+05:30 is 51.25
2023-08-18 12:29:59,023 - BANKNIFTY24AUG23C44500 candle closing price at time 2023-08-18 12:29:59.023513+05:30 is 46.0
2023-08-18 12:44:59,224 - BANKNIFTY24AUG23C44500 candle closing price at time 2023-08-18 12:44:59.224288+05:30 is 46.3
2023-08-18 12:59:59,023 - BANKNIFTY24AUG23C44500 candle closing price at time 2023-08-18 12:59:59.023353+05:30 is 45.55
2023-08-18 13:14:59,243 - BANKNIFTY24AUG23C44500 candle closing price at time 2023-08-18 13:14:59.243316+05:30 is 40.0
2023-08-18 13:29:59,133 - BANKNIFTY24AUG23C44500 candle closing price at time 2023-08-18 13:29:59.132984+05:30 is 40.4
2023-08-18 13:44:59,222 - BANKNIFTY24AUG23C44500 candle closing price at time 2023-08-18 13:44:59.222170+05:30 is 40.25
2023-08-18 13:59:59,175 - BANKNIFTY24AUG23C44500 candle closing price at time 2023-08-18 13:59:59.175185+05:30 is 40.2
2023-08-18 14:14:59,151 - BANKNIFTY24AUG23C44500 candle closing price at time 2023-08-18 14:14:59.151391+05:30 is 45.55
2023-08-18 14:29:59,200 - BANKNIFTY24AUG23C44500 candle closing price at time 2023-08-18 14:29:59.200541+05:30 is 51.9
2023-08-18 14:44:59,152 - BANKNIFTY24AUG23C44500 candle closing price at time 2023-08-18 14:44:59.152350+05:30 is 44.8
2023-08-18 14:59:59,099 - BANKNIFTY24AUG23C44500 candle closing price at time 2023-08-18 14:59:59.099616+05:30 is 46.35
2023-08-18 15:14:59,261 - BANKNIFTY24AUG23C44500 candle closing price at time 2023-08-18 15:14:59.261046+05:30 is 43.45
2023-08-21 09:31:19,119 - BANKNIFTY24AUG23C44500 went short at price-39.35, time-9:31:19
2023-08-21 09:31:19,120 - short entry dict: [0.0, 39.35]
2023-08-21 09:44:59,164 - BANKNIFTY24AUG23C44500 candle closing price at time 2023-08-21 09:44:59.164624+05:30 is 38.45
2023-08-21 09:59:59,004 - BANKNIFTY24AUG23C44500 candle closing price at time 2023-08-21 09:59:59.004383+05:30 is 32.35
2023-08-21 10:14:59,239 - BANKNIFTY24AUG23C44500 candle closing price at time 2023-08-21 10:14:59.239264+05:30 is 31.95
2023-08-21 10:29:59,152 - BANKNIFTY24AUG23C44500 candle closing price at time 2023-08-21 10:29:59.152047+05:30 is 38.05
2023-08-21 10:44:59,230 - BANKNIFTY24AUG23C44500 candle closing price at time 2023-08-21 10:44:59.230248+05:30 is 40.5
2023-08-21 10:59:59,232 - BANKNIFTY24AUG23C44500 candle closing price at time 2023-08-21 10:59:59.232473+05:30 is 38.8
2023-08-21 11:08:46,294 - short entry dict: [0.0, 39.35]
2023-08-21 11:08:46,295 - short exit dict: [0.0, 46.5]
2023-08-21 11:08:46,295 - last entry was at : 39.35 and exit at: 46.5
2023-08-21 11:08:46,295 - short pnl booked until now:-2144.9999999999995
2023-08-21 11:14:59,214 - BANKNIFTY24AUG23C44500 candle closing price at time 2023-08-21 11:14:59.214754+05:30 is 48.55
2023-08-21 11:29:58,002 - BANKNIFTY24AUG23C44500 went short at price-40.05, time-11:29:58
2023-08-21 11:29:58,003 - short entry dict: [0.0, 39.35, 40.05]
2023-08-21 11:29:59,208 - BANKNIFTY24AUG23C44500 candle closing price at time 2023-08-21 11:29:59.208264+05:30 is 40.15
2023-08-21 11:44:59,040 - BANKNIFTY24AUG23C44500 candle closing price at time 2023-08-21 11:44:59.039968+05:30 is 42.45
2023-08-21 11:59:59,166 - BANKNIFTY24AUG23C44500 candle closing price at time 2023-08-21 11:59:59.166423+05:30 is 42.25
2023-08-21 12:07:00,403 - short entry dict: [0.0, 39.35, 40.05]
2023-08-21 12:07:00,404 - short exit dict: [0.0, 46.5, 44.5]
2023-08-21 12:07:00,404 - last entry was at : 40.05 and exit at: 44.5
2023-08-21 12:07:00,404 - short pnl booked until now:-3480.0000000000005
2023-08-21 12:14:58,011 - BANKNIFTY24AUG23C44500 went short at price-41.1, time-12:14:58
2023-08-21 12:14:58,012 - short entry dict: [0.0, 39.35, 40.05, 41.1]
2023-08-21 12:14:59,217 - BANKNIFTY24AUG23C44500 candle closing price at time 2023-08-21 12:14:59.217114+05:30 is 41.1
2023-08-21 12:21:42,907 - short entry dict: [0.0, 39.35, 40.05, 41.1]
2023-08-21 12:21:42,934 - short exit dict: [0.0, 46.5, 44.5, 44.55]
2023-08-21 12:21:42,954 - last entry was at : 41.1 and exit at: 44.55
2023-08-21 12:21:42,959 - short pnl booked until now:-4514.999999999999
2023-08-21 12:29:59,210 - BANKNIFTY24AUG23C44500 candle closing price at time 2023-08-21 12:29:59.210305+05:30 is 44.55
2023-08-21 12:44:59,210 - BANKNIFTY24AUG23C44500 candle closing price at time 2023-08-21 12:44:59.210725+05:30 is 46.6
2023-08-21 12:59:59,207 - BANKNIFTY24AUG23C44500 candle closing price at time 2023-08-21 12:59:59.207910+05:30 is 47.85
2023-08-21 13:14:59,237 - BANKNIFTY24AUG23C44500 candle closing price at time 2023-08-21 13:14:59.237259+05:30 is 53.4
2023-08-21 13:29:59,294 - BANKNIFTY24AUG23C44500 candle closing price at time 2023-08-21 13:29:59.294367+05:30 is 54.9
2023-08-21 13:44:59,038 - BANKNIFTY24AUG23C44500 candle closing price at time 2023-08-21 13:44:59.038332+05:30 is 52.1
2023-08-21 13:59:59,037 - BANKNIFTY24AUG23C44500 candle closing price at time 2023-08-21 13:59:59.037175+05:30 is 51.5
2023-08-21 14:14:58,011 - BANKNIFTY24AUG23C44500 went short at price-44.85, time-14:14:58
2023-08-21 14:14:58,011 - short entry dict: [0.0, 39.35, 40.05, 41.1, 44.85]
2023-08-21 14:14:59,217 - BANKNIFTY24AUG23C44500 candle closing price at time 2023-08-21 14:14:59.217327+05:30 is 44.6
2023-08-21 14:16:58,003 - short entry dict: [0.0, 39.35, 40.05, 41.1, 44.85]
2023-08-21 14:16:58,004 - short exit dict: [0.0, 46.5, 44.5, 44.55, 47.0]
2023-08-21 14:16:58,004 - last entry was at : 44.85 and exit at: 47.0
2023-08-21 14:16:58,004 - short pnl booked until now:-5159.999999999998
2023-08-21 14:29:58,307 - BANKNIFTY24AUG23C44500 went short at price-46.6, time-14:29:58
2023-08-21 14:29:58,307 - short entry dict: [0.0, 39.35, 40.05, 41.1, 44.85, 46.6]
2023-08-21 14:29:59,211 - BANKNIFTY24AUG23C44500 candle closing price at time 2023-08-21 14:29:59.211186+05:30 is 46.55
2023-08-21 14:30:36,442 - short entry dict: [0.0, 39.35, 40.05, 41.1, 44.85, 46.6]
2023-08-21 14:30:36,442 - short exit dict: [0.0, 46.5, 44.5, 44.55, 47.0, 46.8]
2023-08-21 14:30:36,442 - last entry was at : 46.6 and exit at: 46.8
2023-08-21 14:30:36,442 - short pnl booked until now:-5219.999999999997
2023-08-21 14:44:59,211 - BANKNIFTY24AUG23C44500 candle closing price at time 2023-08-21 14:44:59.210895+05:30 is 48.6
2023-08-21 14:59:59,207 - BANKNIFTY24AUG23C44500 candle closing price at time 2023-08-21 14:59:59.207720+05:30 is 52.95
2023-08-21 15:14:58,010 - BANKNIFTY24AUG23C44500 went short at price-41.0, time-15:14:58
2023-08-21 15:14:58,011 - short entry dict: [0.0, 39.35, 40.05, 41.1, 44.85, 46.6, 41.0]
2023-08-21 15:14:59,215 - BANKNIFTY24AUG23C44500 candle closing price at time 2023-08-21 15:14:59.215892+05:30 is 41.35
2023-08-22 09:31:20,169 - BANKNIFTY24AUG23C44500 went short at price-39.3, time-9:31:20
2023-08-22 09:31:20,170 - short entry dict: [0.0, 39.3]
2023-08-22 09:44:59,278 - BANKNIFTY24AUG23C44500 candle closing price at time 2023-08-22 09:44:59.278178+05:30 is 39.5
2023-08-22 09:59:59,011 - BANKNIFTY24AUG23C44500 candle closing price at time 2023-08-22 09:59:59.011016+05:30 is 31.6
2023-08-22 10:14:59,207 - BANKNIFTY24AUG23C44500 candle closing price at time 2023-08-22 10:14:59.207781+05:30 is 32.65
2023-08-22 10:29:59,135 - BANKNIFTY24AUG23C44500 candle closing price at time 2023-08-22 10:29:59.135818+05:30 is 33.8
2023-08-22 10:44:59,000 - BANKNIFTY24AUG23C44500 candle closing price at time 2023-08-22 10:44:59.000726+05:30 is 35.0
2023-08-22 10:59:59,195 - BANKNIFTY24AUG23C44500 candle closing price at time 2023-08-22 10:59:59.195275+05:30 is 31.75
2023-08-22 11:14:59,101 - BANKNIFTY24AUG23C44500 candle closing price at time 2023-08-22 11:14:59.101082+05:30 is 30.05
2023-08-22 11:29:59,253 - BANKNIFTY24AUG23C44500 candle closing price at time 2023-08-22 11:29:59.253595+05:30 is 29.75
2023-08-22 11:44:59,205 - BANKNIFTY24AUG23C44500 candle closing price at time 2023-08-22 11:44:59.205201+05:30 is 30.25
2023-08-22 11:59:59,050 - BANKNIFTY24AUG23C44500 candle closing price at time 2023-08-22 11:59:59.050103+05:30 is 29.9
2023-08-22 12:14:59,286 - BANKNIFTY24AUG23C44500 candle closing price at time 2023-08-22 12:14:59.286012+05:30 is 29.85
2023-08-22 12:29:59,274 - BANKNIFTY24AUG23C44500 candle closing price at time 2023-08-22 12:29:59.274474+05:30 is 24.95
2023-08-22 12:44:59,164 - BANKNIFTY24AUG23C44500 candle closing price at time 2023-08-22 12:44:59.164407+05:30 is 26.4
2023-08-22 12:59:59,079 - BANKNIFTY24AUG23C44500 candle closing price at time 2023-08-22 12:59:59.079399+05:30 is 27.6
2023-08-22 13:14:59,245 - BANKNIFTY24AUG23C44500 candle closing price at time 2023-08-22 13:14:59.245206+05:30 is 27.35
2023-08-22 13:29:59,165 - BANKNIFTY24AUG23C44500 candle closing price at time 2023-08-22 13:29:59.165885+05:30 is 27.65
2023-08-22 13:44:59,136 - BANKNIFTY24AUG23C44500 candle closing price at time 2023-08-22 13:44:59.135998+05:30 is 25.3
2023-08-22 13:59:59,160 - BANKNIFTY24AUG23C44500 candle closing price at time 2023-08-22 13:59:59.160080+05:30 is 23.15
2023-08-22 14:14:59,281 - BANKNIFTY24AUG23C44500 candle closing price at time 2023-08-22 14:14:59.281050+05:30 is 22.8
2023-08-22 14:29:59,246 - BANKNIFTY24AUG23C44500 candle closing price at time 2023-08-22 14:29:59.246536+05:30 is 22.0
2023-08-22 14:44:59,106 - BANKNIFTY24AUG23C44500 candle closing price at time 2023-08-22 14:44:59.106835+05:30 is 20.25
2023-08-22 14:59:59,123 - BANKNIFTY24AUG23C44500 candle closing price at time 2023-08-22 14:59:59.123211+05:30 is 20.4
2023-08-22 15:14:59,041 - BANKNIFTY24AUG23C44500 candle closing price at time 2023-08-22 15:14:59.040952+05:30 is 20.35
2023-08-23 09:31:12,258 - BANKNIFTY24AUG23C44500 went long at price-13.75, time-9:31:12
2023-08-23 09:31:12,264 - long entry dict:[0.0, 13.75]
2023-08-23 09:31:12,269 - long exit dict:[0.0]
2023-08-23 09:31:12,280 - HEDGE-BANKNIFTY24AUG23C44500 went long at price-13.75, time-9:31:12
