2023-08-21 09:31:18,783 - NIFTY24AUG23P19400 went short at price-107.85, time-9:31:18
2023-08-21 09:31:18,783 - short entry dict: [0.0, 107.85]
2023-08-21 09:44:59,105 - NIFTY24AUG23P19400 candle closing price at time 2023-08-21 09:44:59.105373+05:30 is 111.15
2023-08-21 09:54:14,082 - short entry dict: [0.0, 107.85]
2023-08-21 09:54:14,083 - short exit dict: [0.0, 136.35]
2023-08-21 09:54:14,083 - last entry was at : 107.85 and exit at: 136.35
2023-08-21 09:54:14,083 - short pnl booked until now:-14250.0
2023-08-21 09:59:58,001 - NIFTY24AUG23P19400 went short at price-131.2, time-9:59:58
2023-08-21 09:59:58,001 - short entry dict: [0.0, 107.85, 131.2]
2023-08-21 09:59:59,207 - NIFTY24AUG23P19400 candle closing price at time 2023-08-21 09:59:59.206969+05:30 is 131.2
2023-08-21 10:00:16,266 - short entry dict: [0.0, 107.85, 131.2]
2023-08-21 10:00:16,266 - short exit dict: [0.0, 136.35, 140.8]
2023-08-21 10:00:16,266 - last entry was at : 131.2 and exit at: 140.8
2023-08-21 10:00:16,267 - short pnl booked until now:-19050.00000000001
2023-08-21 10:14:59,221 - NIFTY24AUG23P19400 candle closing price at time 2023-08-21 10:14:59.221229+05:30 is 140.5
2023-08-21 10:29:58,007 - NIFTY24AUG23P19400 went short at price-115.9, time-10:29:58
2023-08-21 10:29:58,007 - short entry dict: [0.0, 107.85, 131.2, 115.9]
2023-08-21 10:29:59,211 - NIFTY24AUG23P19400 candle closing price at time 2023-08-21 10:29:59.211565+05:30 is 115.55
2023-08-21 10:44:59,278 - NIFTY24AUG23P19400 candle closing price at time 2023-08-21 10:44:59.278248+05:30 is 113.7
2023-08-21 10:59:59,055 - NIFTY24AUG23P19400 candle closing price at time 2023-08-21 10:59:59.054985+05:30 is 107.7
2023-08-21 11:14:59,144 - NIFTY24AUG23P19400 candle closing price at time 2023-08-21 11:14:59.144607+05:30 is 97.7
2023-08-21 11:29:59,240 - NIFTY24AUG23P19400 candle closing price at time 2023-08-21 11:29:59.240080+05:30 is 103.0
2023-08-21 11:44:59,177 - NIFTY24AUG23P19400 candle closing price at time 2023-08-21 11:44:59.177221+05:30 is 100.0
2023-08-21 11:59:59,224 - NIFTY24AUG23P19400 candle closing price at time 2023-08-21 11:59:59.224047+05:30 is 95.7
2023-08-21 12:14:59,082 - NIFTY24AUG23P19400 candle closing price at time 2023-08-21 12:14:59.082356+05:30 is 100.45
2023-08-21 12:29:59,019 - NIFTY24AUG23P19400 candle closing price at time 2023-08-21 12:29:59.018781+05:30 is 97.55
2023-08-21 12:44:59,275 - NIFTY24AUG23P19400 candle closing price at time 2023-08-21 12:44:59.275358+05:30 is 85.0
2023-08-21 12:59:59,204 - NIFTY24AUG23P19400 candle closing price at time 2023-08-21 12:59:59.203897+05:30 is 85.0
2023-08-21 13:14:59,223 - NIFTY24AUG23P19400 candle closing price at time 2023-08-21 13:14:59.223799+05:30 is 81.8
2023-08-21 13:29:59,028 - NIFTY24AUG23P19400 candle closing price at time 2023-08-21 13:29:59.027963+05:30 is 84.15
2023-08-21 13:44:59,065 - NIFTY24AUG23P19400 candle closing price at time 2023-08-21 13:44:59.065251+05:30 is 81.8
2023-08-21 13:59:59,229 - NIFTY24AUG23P19400 candle closing price at time 2023-08-21 13:59:59.229048+05:30 is 79.2
2023-08-21 14:14:59,283 - NIFTY24AUG23P19400 candle closing price at time 2023-08-21 14:14:59.283779+05:30 is 90.15
2023-08-21 14:29:59,297 - NIFTY24AUG23P19400 candle closing price at time 2023-08-21 14:29:59.297728+05:30 is 84.4
2023-08-21 14:44:59,075 - NIFTY24AUG23P19400 candle closing price at time 2023-08-21 14:44:59.075591+05:30 is 77.8
2023-08-21 14:59:59,258 - NIFTY24AUG23P19400 candle closing price at time 2023-08-21 14:59:59.258296+05:30 is 67.5
2023-08-21 15:14:59,083 - NIFTY24AUG23P19400 candle closing price at time 2023-08-21 15:14:59.083712+05:30 is 76.05
2023-08-22 09:31:21,058 - NIFTY24AUG23P19400 went short at price-60.6, time-9:31:21
2023-08-22 09:31:21,058 - short entry dict: [0.0, 60.6]
2023-08-22 09:44:59,191 - NIFTY24AUG23P19400 candle closing price at time 2023-08-22 09:44:59.191610+05:30 is 57.4
2023-08-22 09:54:59,002 - short entry dict: [0.0, 60.6]
2023-08-22 09:54:59,002 - short exit dict: [0.0, 78.65]
2023-08-22 09:54:59,002 - last entry was at : 60.6 and exit at: 78.65
2023-08-22 09:54:59,002 - short pnl booked until now:-9025.000000000002
2023-08-22 09:59:59,212 - NIFTY24AUG23P19400 candle closing price at time 2023-08-22 09:59:59.211916+05:30 is 78.0
2023-08-22 10:14:59,059 - NIFTY24AUG23P19400 candle closing price at time 2023-08-22 10:14:59.059381+05:30 is 73.6
2023-08-22 10:29:59,149 - NIFTY24AUG23P19400 candle closing price at time 2023-08-22 10:29:59.149378+05:30 is 65.1
2023-08-22 10:44:59,074 - NIFTY24AUG23P19400 candle closing price at time 2023-08-22 10:44:59.074583+05:30 is 63.55
2023-08-22 10:59:59,066 - NIFTY24AUG23P19400 candle closing price at time 2023-08-22 10:59:59.065890+05:30 is 67.85
2023-08-22 11:14:59,027 - NIFTY24AUG23P19400 candle closing price at time 2023-08-22 11:14:59.027546+05:30 is 64.3
2023-08-22 11:29:59,070 - NIFTY24AUG23P19400 candle closing price at time 2023-08-22 11:29:59.070292+05:30 is 60.2
2023-08-22 11:44:59,173 - NIFTY24AUG23P19400 candle closing price at time 2023-08-22 11:44:59.173517+05:30 is 59.05
2023-08-22 11:59:59,121 - NIFTY24AUG23P19400 candle closing price at time 2023-08-22 11:59:59.121546+05:30 is 53.55
2023-08-22 12:14:59,269 - NIFTY24AUG23P19400 candle closing price at time 2023-08-22 12:14:59.269025+05:30 is 54.65
2023-08-22 12:29:59,082 - NIFTY24AUG23P19400 candle closing price at time 2023-08-22 12:29:59.082584+05:30 is 58.9
2023-08-22 12:44:59,159 - NIFTY24AUG23P19400 candle closing price at time 2023-08-22 12:44:59.159033+05:30 is 59.25
2023-08-22 12:59:59,180 - NIFTY24AUG23P19400 candle closing price at time 2023-08-22 12:59:59.180439+05:30 is 54.95
2023-08-22 13:14:59,079 - NIFTY24AUG23P19400 candle closing price at time 2023-08-22 13:14:59.079328+05:30 is 55.1
2023-08-22 13:29:59,252 - NIFTY24AUG23P19400 candle closing price at time 2023-08-22 13:29:59.252667+05:30 is 55.05
2023-08-22 13:44:59,266 - NIFTY24AUG23P19400 candle closing price at time 2023-08-22 13:44:59.266699+05:30 is 57.15
2023-08-22 13:59:59,031 - NIFTY24AUG23P19400 candle closing price at time 2023-08-22 13:59:59.031155+05:30 is 64.35
2023-08-22 14:14:58,007 - NIFTY24AUG23P19400 went short at price-60.35, time-14:14:58
2023-08-22 14:14:58,007 - short entry dict: [0.0, 60.6, 60.35]
2023-08-22 14:14:59,213 - NIFTY24AUG23P19400 candle closing price at time 2023-08-22 14:14:59.212999+05:30 is 60.35
2023-08-22 14:24:23,569 - short entry dict: [0.0, 60.6, 60.35]
2023-08-22 14:24:23,570 - short exit dict: [0.0, 78.65, 65.95]
2023-08-22 14:24:23,570 - last entry was at : 60.35 and exit at: 65.95
2023-08-22 14:24:23,570 - short pnl booked until now:-11825.000000000004
2023-08-22 14:29:58,002 - NIFTY24AUG23P19400 went short at price-65.0, time-14:29:58
2023-08-22 14:29:58,002 - short entry dict: [0.0, 60.6, 60.35, 65.0]
2023-08-22 14:29:59,207 - NIFTY24AUG23P19400 candle closing price at time 2023-08-22 14:29:59.207895+05:30 is 64.8
2023-08-22 14:32:07,121 - short entry dict: [0.0, 60.6, 60.35, 65.0]
2023-08-22 14:32:07,122 - short exit dict: [0.0, 78.65, 65.95, 65.85]
2023-08-22 14:32:07,122 - last entry was at : 65.0 and exit at: 65.85
2023-08-22 14:32:07,122 - short pnl booked until now:-12250.0
2023-08-22 14:44:59,207 - NIFTY24AUG23P19400 candle closing price at time 2023-08-22 14:44:59.207821+05:30 is 69.15
2023-08-22 14:59:59,244 - NIFTY24AUG23P19400 candle closing price at time 2023-08-22 14:59:59.244808+05:30 is 70.3
2023-08-22 15:14:59,207 - NIFTY24AUG23P19400 candle closing price at time 2023-08-22 15:14:59.207277+05:30 is 72.75
2023-08-23 09:31:13,257 - NIFTY24AUG23P19400 went short at price-65.45, time-9:31:13
2023-08-23 09:31:13,257 - short entry dict: [0.0, 65.45]
2023-08-23 09:31:53,668 - short entry dict: [0.0, 65.45]
2023-08-23 09:31:53,669 - short exit dict: [0.0, 64.15]
2023-08-23 09:31:53,669 - last entry was at : 65.45 and exit at: 64.15
2023-08-23 09:31:53,669 - short pnl booked until now:649.9999999999986
2023-08-23 09:44:58,001 - NIFTY24AUG23P19400 went short at price-59.9, time-9:44:58
2023-08-23 09:44:58,001 - short entry dict: [0.0, 65.45, 59.9]
2023-08-23 09:44:59,205 - NIFTY24AUG23P19400 candle closing price at time 2023-08-23 09:44:59.205337+05:30 is 59.75
2023-08-23 09:50:53,277 - short entry dict: [0.0, 65.45, 59.9]
2023-08-23 09:50:53,277 - short exit dict: [0.0, 64.15, 64.3]
2023-08-23 09:50:53,277 - last entry was at : 59.9 and exit at: 64.3
2023-08-23 09:50:53,277 - short pnl booked until now:-1550.0000000000005
2023-08-23 09:59:59,208 - NIFTY24AUG23P19400 candle closing price at time 2023-08-23 09:59:59.208031+05:30 is 74.6
2023-08-23 10:14:59,207 - NIFTY24AUG23P19400 candle closing price at time 2023-08-23 10:14:59.207043+05:30 is 72.45
2023-08-23 10:29:59,224 - NIFTY24AUG23P19400 candle closing price at time 2023-08-23 10:29:59.223998+05:30 is 72.65
2023-08-23 10:44:59,188 - NIFTY24AUG23P19400 candle closing price at time 2023-08-23 10:44:59.188648+05:30 is 71.3
2023-08-23 10:59:58,000 - NIFTY24AUG23P19400 went short at price-65.25, time-10:59:58
2023-08-23 10:59:58,001 - short entry dict: [0.0, 65.45, 59.9, 65.25]
2023-08-23 10:59:59,204 - NIFTY24AUG23P19400 candle closing price at time 2023-08-23 10:59:59.204467+05:30 is 65.05
2023-08-23 11:14:59,252 - NIFTY24AUG23P19400 candle closing price at time 2023-08-23 11:14:59.252452+05:30 is 53.6
2023-08-23 11:29:59,000 - NIFTY24AUG23P19400 candle closing price at time 2023-08-23 11:29:59.000293+05:30 is 44.3
2023-08-23 11:44:59,119 - NIFTY24AUG23P19400 candle closing price at time 2023-08-23 11:44:59.119770+05:30 is 42.15
2023-08-23 11:59:59,223 - NIFTY24AUG23P19400 candle closing price at time 2023-08-23 11:59:59.223830+05:30 is 42.05
2023-08-23 12:14:59,113 - NIFTY24AUG23P19400 candle closing price at time 2023-08-23 12:14:59.113364+05:30 is 42.25
2023-08-23 12:29:59,198 - NIFTY24AUG23P19400 candle closing price at time 2023-08-23 12:29:59.198670+05:30 is 36.55
2023-08-23 12:44:59,151 - NIFTY24AUG23P19400 candle closing price at time 2023-08-23 12:44:59.151914+05:30 is 30.25
2023-08-23 12:59:59,147 - NIFTY24AUG23P19400 candle closing price at time 2023-08-23 12:59:59.147790+05:30 is 30.05
2023-08-23 13:14:59,199 - NIFTY24AUG23P19400 candle closing price at time 2023-08-23 13:14:59.199548+05:30 is 32.8
2023-08-23 13:29:59,014 - NIFTY24AUG23P19400 candle closing price at time 2023-08-23 13:29:59.014817+05:30 is 30.7
2023-08-23 13:44:59,002 - NIFTY24AUG23P19400 candle closing price at time 2023-08-23 13:44:59.002585+05:30 is 28.25
2023-08-23 13:59:59,235 - NIFTY24AUG23P19400 candle closing price at time 2023-08-23 13:59:59.235891+05:30 is 24.95
2023-08-23 14:14:59,137 - NIFTY24AUG23P19400 candle closing price at time 2023-08-23 14:14:59.137930+05:30 is 25.75
2023-08-23 14:29:59,224 - NIFTY24AUG23P19400 candle closing price at time 2023-08-23 14:29:59.224661+05:30 is 28.45
2023-08-23 14:44:59,223 - NIFTY24AUG23P19400 candle closing price at time 2023-08-23 14:44:59.223721+05:30 is 25.65
2023-08-23 14:59:59,235 - NIFTY24AUG23P19400 candle closing price at time 2023-08-23 14:59:59.235066+05:30 is 26.4
2023-08-23 15:14:59,033 - NIFTY24AUG23P19400 candle closing price at time 2023-08-23 15:14:59.032962+05:30 is 29.6
2023-08-24 09:31:19,447 - NIFTY24AUG23P19400 went short at price-3.0, time-9:31:19
2023-08-24 09:31:19,447 - short entry dict: [0.0, 3.0]
2023-08-24 09:44:59,187 - NIFTY24AUG23P19400 candle closing price at time 2023-08-24 09:44:59.187246+05:30 is 2.35
2023-08-24 09:59:59,225 - NIFTY24AUG23P19400 candle closing price at time 2023-08-24 09:59:59.224915+05:30 is 2.5
2023-08-24 10:14:59,066 - NIFTY24AUG23P19400 candle closing price at time 2023-08-24 10:14:59.066858+05:30 is 1.85
2023-08-24 10:29:59,159 - NIFTY24AUG23P19400 candle closing price at time 2023-08-24 10:29:59.159316+05:30 is 2.2
2023-08-24 10:44:59,013 - NIFTY24AUG23P19400 candle closing price at time 2023-08-24 10:44:59.013564+05:30 is 2.9
2023-08-24 10:59:59,070 - NIFTY24AUG23P19400 candle closing price at time 2023-08-24 10:59:59.070565+05:30 is 4.15
2023-08-24 11:14:59,176 - NIFTY24AUG23P19400 candle closing price at time 2023-08-24 11:14:59.176838+05:30 is 5.0
2023-08-24 11:29:59,179 - NIFTY24AUG23P19400 candle closing price at time 2023-08-24 11:29:59.178847+05:30 is 5.5
2023-08-24 11:44:59,104 - NIFTY24AUG23P19400 candle closing price at time 2023-08-24 11:44:59.103869+05:30 is 3.0
2023-08-24 11:59:59,086 - NIFTY24AUG23P19400 candle closing price at time 2023-08-24 11:59:59.086499+05:30 is 4.85
2023-08-24 12:14:59,210 - NIFTY24AUG23P19400 candle closing price at time 2023-08-24 12:14:59.210499+05:30 is 7.85
2023-08-24 12:29:59,301 - NIFTY24AUG23P19400 candle closing price at time 2023-08-24 12:29:59.301370+05:30 is 10.85
2023-08-24 12:44:59,003 - NIFTY24AUG23P19400 candle closing price at time 2023-08-24 12:44:59.002921+05:30 is 5.2
2023-08-24 12:59:59,292 - NIFTY24AUG23P19400 candle closing price at time 2023-08-24 12:59:59.292459+05:30 is 8.25
2023-08-24 13:10:47,634 - short entry dict: [0.0, 3.0]
2023-08-24 13:10:47,634 - short exit dict: [0.0, 12.7]
2023-08-24 13:10:47,634 - last entry was at : 3.0 and exit at: 12.7
2023-08-24 13:10:47,661 - short pnl booked until now:-4850.0
2023-08-24 13:14:58,006 - NIFTY24AUG23P19400 went short at price-11.9, time-13:14:58
2023-08-24 13:14:58,006 - short entry dict: [0.0, 3.0, 11.9]
2023-08-24 13:14:59,211 - NIFTY24AUG23P19400 candle closing price at time 2023-08-24 13:14:59.211865+05:30 is 11.8
2023-08-24 13:30:04,313 - short entry dict: [0.0, 3.0, 11.9]
2023-08-24 13:30:04,313 - short exit dict: [0.0, 12.7, 13.25]
2023-08-24 13:30:04,313 - last entry was at : 11.9 and exit at: 13.25
2023-08-24 13:30:04,313 - short pnl booked until now:-5525.0
2023-08-24 13:44:59,206 - NIFTY24AUG23P19400 candle closing price at time 2023-08-24 13:44:59.206091+05:30 is 12.4
2023-08-24 13:59:59,284 - NIFTY24AUG23P19400 candle closing price at time 2023-08-24 13:59:59.284314+05:30 is 11.2
2023-08-24 14:14:59,294 - NIFTY24AUG23P19400 candle closing price at time 2023-08-24 14:14:59.294132+05:30 is 4.05
2023-08-24 14:29:59,283 - NIFTY24AUG23P19400 candle closing price at time 2023-08-24 14:29:59.283513+05:30 is 3.95
2023-08-24 14:44:59,044 - NIFTY24AUG23P19400 candle closing price at time 2023-08-24 14:44:59.044335+05:30 is 5.35
2023-08-24 14:59:58,001 - NIFTY24AUG23P19400 went short at price-6.0, time-14:59:58
2023-08-24 14:59:58,002 - short entry dict: [0.0, 3.0, 11.9, 6.0]
2023-08-24 14:59:59,207 - NIFTY24AUG23P19400 candle closing price at time 2023-08-24 14:59:59.207262+05:30 is 5.9
2023-08-24 15:02:39,977 - short entry dict: [0.0, 3.0, 11.9, 6.0]
2023-08-24 15:02:39,977 - short exit dict: [0.0, 12.7, 13.25, 13.7]
2023-08-24 15:02:39,977 - last entry was at : 6.0 and exit at: 13.7
2023-08-24 15:02:39,977 - short pnl booked until now:-9375.0
2023-08-24 15:14:58,000 - NIFTY24AUG23P19400 went short at price-6.85, time-15:14:58
2023-08-24 15:14:58,001 - short entry dict: [0.0, 3.0, 11.9, 6.0, 6.85]
2023-08-24 15:14:59,206 - NIFTY24AUG23P19400 candle closing price at time 2023-08-24 15:14:59.206259+05:30 is 6.95
