2023-08-17 09:31:19,197 - BANKNIFTY17AUG23P43900 went short at price-145.55, time-9:31:19
2023-08-17 09:31:19,197 - short entry dict: [0.0, 145.55]
2023-08-17 09:44:59,204 - BANKNIFTY17AUG23P43900 candle closing price at time 2023-08-17 09:44:59.204436+05:30 is 116.25
2023-08-17 09:59:59,269 - BANKNIFTY17AUG23P43900 candle closing price at time 2023-08-17 09:59:59.268965+05:30 is 103.9
2023-08-17 10:14:59,184 - BANKNIFTY17AUG23P43900 candle closing price at time 2023-08-17 10:14:59.184237+05:30 is 77.15
2023-08-17 10:29:59,133 - BANKNIFTY17AUG23P43900 candle closing price at time 2023-08-17 10:29:59.133130+05:30 is 74.0
2023-08-17 10:44:59,174 - BANKNIFTY17AUG23P43900 candle closing price at time 2023-08-17 10:44:59.174541+05:30 is 56.0
2023-08-17 10:59:59,204 - BANKNIFTY17AUG23P43900 candle closing price at time 2023-08-17 10:59:59.204072+05:30 is 51.3
2023-08-17 11:14:59,120 - BANKNIFTY17AUG23P43900 candle closing price at time 2023-08-17 11:14:59.120094+05:30 is 63.7
2023-08-17 11:29:59,159 - BANKNIFTY17AUG23P43900 candle closing price at time 2023-08-17 11:29:59.159066+05:30 is 96.4
2023-08-17 11:44:59,135 - BANKNIFTY17AUG23P43900 candle closing price at time 2023-08-17 11:44:59.135776+05:30 is 78.3
2023-08-17 11:59:59,030 - BANKNIFTY17AUG23P43900 candle closing price at time 2023-08-17 11:59:59.030096+05:30 is 90.3
2023-08-17 12:13:01,129 - short entry dict: [0.0, 145.55]
2023-08-17 12:13:01,129 - short exit dict: [0.0, 124.5]
2023-08-17 12:13:01,129 - last entry was at : 145.55 and exit at: 124.5
2023-08-17 12:13:01,130 - short pnl booked until now:6315.000000000004
2023-08-17 12:14:58,006 - BANKNIFTY17AUG23P43900 went short at price-113.85, time-12:14:58
2023-08-17 12:14:58,006 - short entry dict: [0.0, 145.55, 113.85]
2023-08-17 12:14:59,215 - BANKNIFTY17AUG23P43900 candle closing price at time 2023-08-17 12:14:59.215770+05:30 is 116.4
2023-08-17 12:15:47,317 - short entry dict: [0.0, 145.55, 113.85]
2023-08-17 12:15:47,317 - short exit dict: [0.0, 124.5, 120.25]
2023-08-17 12:15:47,317 - last entry was at : 113.85 and exit at: 120.25
2023-08-17 12:15:47,318 - short pnl booked until now:4395.000000000002
2023-08-17 12:29:58,000 - BANKNIFTY17AUG23P43900 went short at price-109.35, time-12:29:58
2023-08-17 12:29:58,001 - short entry dict: [0.0, 145.55, 113.85, 109.35]
2023-08-17 12:29:59,207 - BANKNIFTY17AUG23P43900 candle closing price at time 2023-08-17 12:29:59.207218+05:30 is 108.0
2023-08-17 12:38:53,344 - short entry dict: [0.0, 145.55, 113.85, 109.35]
2023-08-17 12:38:53,345 - short exit dict: [0.0, 124.5, 120.25, 125.0]
2023-08-17 12:38:53,345 - last entry was at : 109.35 and exit at: 125.0
2023-08-17 12:38:53,345 - short pnl booked until now:-300.0
2023-08-17 12:44:59,207 - BANKNIFTY17AUG23P43900 candle closing price at time 2023-08-17 12:44:59.207377+05:30 is 164.35
2023-08-17 12:59:59,083 - BANKNIFTY17AUG23P43900 candle closing price at time 2023-08-17 12:59:59.083150+05:30 is 164.0
2023-08-17 13:14:59,244 - BANKNIFTY17AUG23P43900 candle closing price at time 2023-08-17 13:14:59.244617+05:30 is 160.6
2023-08-17 13:29:59,205 - BANKNIFTY17AUG23P43900 candle closing price at time 2023-08-17 13:29:59.205457+05:30 is 132.35
2023-08-17 13:44:58,006 - BANKNIFTY17AUG23P43900 went short at price-79.7, time-13:44:58
2023-08-17 13:44:58,007 - short entry dict: [0.0, 145.55, 113.85, 109.35, 79.7]
2023-08-17 13:44:59,213 - BANKNIFTY17AUG23P43900 candle closing price at time 2023-08-17 13:44:59.213154+05:30 is 79.35
2023-08-17 13:59:59,223 - BANKNIFTY17AUG23P43900 candle closing price at time 2023-08-17 13:59:59.223906+05:30 is 88.65
2023-08-17 14:14:59,030 - BANKNIFTY17AUG23P43900 candle closing price at time 2023-08-17 14:14:59.030770+05:30 is 63.95
2023-08-17 14:29:59,174 - BANKNIFTY17AUG23P43900 candle closing price at time 2023-08-17 14:29:59.174235+05:30 is 78.35
2023-08-17 14:44:59,024 - BANKNIFTY17AUG23P43900 candle closing price at time 2023-08-17 14:44:59.023988+05:30 is 35.55
2023-08-17 14:59:59,036 - BANKNIFTY17AUG23P43900 candle closing price at time 2023-08-17 14:59:59.036299+05:30 is 27.65
2023-08-17 15:14:59,230 - BANKNIFTY17AUG23P43900 candle closing price at time 2023-08-17 15:14:59.230483+05:30 is 19.4
