2023-09-07 09:31:12,916 - BANKNIFTY13SEP23P44000 went short at price-94.8, time-9:31:12
2023-09-07 09:31:12,916 - short entry dict: [0.0, 94.8]
2023-09-07 09:39:03,682 - short entry dict: [0.0, 94.8]
2023-09-07 09:39:03,687 - short exit dict: [0.0, 101.75]
2023-09-07 09:39:03,693 - last entry was at : 94.8 and exit at: 101.75
2023-09-07 09:39:03,698 - short pnl booked until now:-2085.000000000001
2023-09-07 09:44:58,002 - BANKNIFTY13SEP23P44000 went short at price-96.4, time-9:44:58
2023-09-07 09:44:58,002 - short entry dict: [0.0, 94.8, 96.4]
2023-09-07 09:44:59,207 - BANKNIFTY13SEP23P44000 candle closing price at time 2023-09-07 09:44:59.207023+05:30 is 97.0
2023-09-07 09:59:59,062 - BANKNIFTY13SEP23P44000 candle closing price at time 2023-09-07 09:59:59.062426+05:30 is 80.0
2023-09-07 10:14:59,164 - BANKNIFTY13SEP23P44000 candle closing price at time 2023-09-07 10:14:59.164746+05:30 is 80.15
2023-09-07 10:29:59,253 - BANKNIFTY13SEP23P44000 candle closing price at time 2023-09-07 10:29:59.253172+05:30 is 80.25
2023-09-07 10:44:59,134 - BANKNIFTY13SEP23P44000 candle closing price at time 2023-09-07 10:44:59.134748+05:30 is 73.3
2023-09-07 10:59:59,290 - BANKNIFTY13SEP23P44000 candle closing price at time 2023-09-07 10:59:59.290458+05:30 is 72.3
2023-09-07 11:14:59,099 - BANKNIFTY13SEP23P44000 candle closing price at time 2023-09-07 11:14:59.099761+05:30 is 59.15
2023-09-07 11:29:59,233 - BANKNIFTY13SEP23P44000 candle closing price at time 2023-09-07 11:29:59.233571+05:30 is 60.75
2023-09-07 11:44:59,197 - BANKNIFTY13SEP23P44000 candle closing price at time 2023-09-07 11:44:59.197475+05:30 is 79.75
2023-09-07 11:59:59,270 - BANKNIFTY13SEP23P44000 candle closing price at time 2023-09-07 11:59:59.270444+05:30 is 71.35
2023-09-07 12:14:59,154 - BANKNIFTY13SEP23P44000 candle closing price at time 2023-09-07 12:14:59.154911+05:30 is 78.15
2023-09-07 12:28:48,122 - short entry dict: [0.0, 94.8, 96.4]
2023-09-07 12:28:48,122 - short exit dict: [0.0, 101.75, 88.5]
2023-09-07 12:28:48,122 - last entry was at : 96.4 and exit at: 88.5
2023-09-07 12:28:48,123 - short pnl booked until now:285.0000000000009
2023-09-07 12:29:59,206 - BANKNIFTY13SEP23P44000 candle closing price at time 2023-09-07 12:29:59.206708+05:30 is 88.6
2023-09-07 12:44:58,003 - BANKNIFTY13SEP23P44000 went short at price-78.0, time-12:44:58
2023-09-07 12:44:58,004 - short entry dict: [0.0, 94.8, 96.4, 78.0]
2023-09-07 12:44:59,208 - BANKNIFTY13SEP23P44000 candle closing price at time 2023-09-07 12:44:59.208395+05:30 is 78.1
2023-09-07 12:59:59,275 - BANKNIFTY13SEP23P44000 candle closing price at time 2023-09-07 12:59:59.275366+05:30 is 78.15
2023-09-07 13:14:59,071 - BANKNIFTY13SEP23P44000 candle closing price at time 2023-09-07 13:14:59.070895+05:30 is 70.8
2023-09-07 13:29:59,283 - BANKNIFTY13SEP23P44000 candle closing price at time 2023-09-07 13:29:59.282973+05:30 is 61.15
2023-09-07 13:44:59,276 - BANKNIFTY13SEP23P44000 candle closing price at time 2023-09-07 13:44:59.276100+05:30 is 58.25
2023-09-07 13:59:59,273 - BANKNIFTY13SEP23P44000 candle closing price at time 2023-09-07 13:59:59.273281+05:30 is 59.75
2023-09-07 14:14:59,055 - BANKNIFTY13SEP23P44000 candle closing price at time 2023-09-07 14:14:59.055020+05:30 is 51.25
2023-09-07 14:29:59,193 - BANKNIFTY13SEP23P44000 candle closing price at time 2023-09-07 14:29:59.193832+05:30 is 47.5
2023-09-07 14:44:59,210 - BANKNIFTY13SEP23P44000 candle closing price at time 2023-09-07 14:44:59.210420+05:30 is 43.75
2023-09-07 14:59:59,238 - BANKNIFTY13SEP23P44000 candle closing price at time 2023-09-07 14:59:59.238236+05:30 is 40.9
2023-09-07 15:14:59,119 - BANKNIFTY13SEP23P44000 candle closing price at time 2023-09-07 15:14:59.119402+05:30 is 41.35
2023-09-08 09:31:14,570 - BANKNIFTY13SEP23P44000 went long at price-27.05, time-9:31:14
2023-09-08 09:31:14,570 - long entry dict:[0.0, 27.05]
2023-09-08 09:31:14,570 - long exit dict:[0.0]
2023-09-08 09:31:14,570 - HEDGE-BANKNIFTY13SEP23P44000 went long at price-27.05, time-9:31:14
