2023-08-17 09:31:19,847 - BANKNIFTY17AUG23C44300 went short at price-13.7, time-9:31:19
2023-08-17 09:31:19,847 - short entry dict: [0.0, 13.7]
2023-08-17 09:44:59,189 - BANKNIFTY17AUG23C44300 candle closing price at time 2023-08-17 09:44:59.189139+05:30 is 15.9
2023-08-17 09:59:59,079 - BANKNIFTY17AUG23C44300 candle closing price at time 2023-08-17 09:59:59.079168+05:30 is 15.2
2023-08-17 10:14:59,208 - BANKNIFTY17AUG23C44300 candle closing price at time 2023-08-17 10:14:59.208041+05:30 is 19.15
2023-08-17 10:23:04,918 - short entry dict: [0.0, 13.7]
2023-08-17 10:23:04,919 - short exit dict: [0.0, 23.75]
2023-08-17 10:23:04,919 - last entry was at : 13.7 and exit at: 23.75
2023-08-17 10:23:04,919 - short pnl booked until now:-3015.0
2023-08-17 10:29:58,006 - BANKNIFTY17AUG23C44300 went short at price-18.3, time-10:29:58
2023-08-17 10:29:58,006 - short entry dict: [0.0, 13.7, 18.3]
2023-08-17 10:29:59,211 - BANKNIFTY17AUG23C44300 candle closing price at time 2023-08-17 10:29:59.211042+05:30 is 18.3
2023-08-17 10:36:48,986 - short entry dict: [0.0, 13.7, 18.3]
2023-08-17 10:36:48,991 - short exit dict: [0.0, 23.75, 22.75]
2023-08-17 10:36:48,997 - last entry was at : 18.3 and exit at: 22.75
2023-08-17 10:36:49,002 - short pnl booked until now:-4350.0
2023-08-17 10:44:58,617 - BANKNIFTY17AUG23C44300 went short at price-22.1, time-10:44:58
2023-08-17 10:44:58,618 - short entry dict: [0.0, 13.7, 18.3, 22.1]
2023-08-17 10:44:59,220 - BANKNIFTY17AUG23C44300 candle closing price at time 2023-08-17 10:44:59.220448+05:30 is 22.1
2023-08-17 10:45:40,661 - short entry dict: [0.0, 13.7, 18.3, 22.1]
2023-08-17 10:45:40,661 - short exit dict: [0.0, 23.75, 22.75, 22.7]
2023-08-17 10:45:40,661 - last entry was at : 22.1 and exit at: 22.7
2023-08-17 10:45:40,662 - short pnl booked until now:-4529.999999999999
2023-08-17 10:59:59,212 - BANKNIFTY17AUG23C44300 candle closing price at time 2023-08-17 10:59:59.212101+05:30 is 24.8
2023-08-17 11:14:58,001 - BANKNIFTY17AUG23C44300 went short at price-18.3, time-11:14:58
2023-08-17 11:14:58,005 - short entry dict: [0.0, 13.7, 18.3, 22.1, 18.3]
2023-08-17 11:14:59,215 - BANKNIFTY17AUG23C44300 candle closing price at time 2023-08-17 11:14:59.215392+05:30 is 18.2
2023-08-17 11:29:59,109 - BANKNIFTY17AUG23C44300 candle closing price at time 2023-08-17 11:29:59.109611+05:30 is 10.0
2023-08-17 11:44:59,094 - BANKNIFTY17AUG23C44300 candle closing price at time 2023-08-17 11:44:59.094795+05:30 is 10.8
2023-08-17 11:59:59,200 - BANKNIFTY17AUG23C44300 candle closing price at time 2023-08-17 11:59:59.200823+05:30 is 8.45
2023-08-17 12:14:59,084 - BANKNIFTY17AUG23C44300 candle closing price at time 2023-08-17 12:14:59.084184+05:30 is 5.75
2023-08-17 12:29:59,128 - BANKNIFTY17AUG23C44300 candle closing price at time 2023-08-17 12:29:59.128662+05:30 is 6.6
2023-08-17 12:44:59,214 - BANKNIFTY17AUG23C44300 candle closing price at time 2023-08-17 12:44:59.214468+05:30 is 4.05
2023-08-17 12:59:59,231 - BANKNIFTY17AUG23C44300 candle closing price at time 2023-08-17 12:59:59.231414+05:30 is 3.95
2023-08-17 13:14:59,019 - BANKNIFTY17AUG23C44300 candle closing price at time 2023-08-17 13:14:59.019375+05:30 is 2.75
2023-08-17 13:29:59,209 - BANKNIFTY17AUG23C44300 candle closing price at time 2023-08-17 13:29:59.209207+05:30 is 2.75
2023-08-17 13:44:59,070 - BANKNIFTY17AUG23C44300 candle closing price at time 2023-08-17 13:44:59.070417+05:30 is 2.05
2023-08-17 13:59:59,300 - BANKNIFTY17AUG23C44300 candle closing price at time 2023-08-17 13:59:59.300737+05:30 is 1.6
2023-08-17 14:14:59,059 - BANKNIFTY17AUG23C44300 candle closing price at time 2023-08-17 14:14:59.059035+05:30 is 1.15
2023-08-17 14:29:59,115 - BANKNIFTY17AUG23C44300 candle closing price at time 2023-08-17 14:29:59.115863+05:30 is 1.05
2023-08-17 14:44:59,249 - BANKNIFTY17AUG23C44300 candle closing price at time 2023-08-17 14:44:59.249136+05:30 is 0.95
2023-08-17 14:59:59,183 - BANKNIFTY17AUG23C44300 candle closing price at time 2023-08-17 14:59:59.183906+05:30 is 0.6
2023-08-17 15:14:59,256 - BANKNIFTY17AUG23C44300 candle closing price at time 2023-08-17 15:14:59.256309+05:30 is 0.2
