2023-08-25 09:31:19,998 - BANKNIFTY31AUG23C44300 went short at price-271.3, time-9:31:19
2023-08-25 09:31:19,999 - short entry dict: [0.0, 271.3]
2023-08-25 09:44:59,085 - BANKNIFTY31AUG23C44300 candle closing price at time 2023-08-25 09:44:59.085626+05:30 is 269.2
2023-08-25 09:59:59,197 - BANKNIFTY31AUG23C44300 candle closing price at time 2023-08-25 09:59:59.197606+05:30 is 257.65
2023-08-25 10:14:59,296 - BANKNIFTY31AUG23C44300 candle closing price at time 2023-08-25 10:14:59.296251+05:30 is 251.15
2023-08-25 10:29:59,248 - BANKNIFTY31AUG23C44300 candle closing price at time 2023-08-25 10:29:59.248731+05:30 is 168.8
2023-08-25 10:44:59,178 - BANKNIFTY31AUG23C44300 candle closing price at time 2023-08-25 10:44:59.178051+05:30 is 156.85
2023-08-25 10:59:59,092 - BANKNIFTY31AUG23C44300 candle closing price at time 2023-08-25 10:59:59.091827+05:30 is 148.45
2023-08-25 11:14:59,235 - BANKNIFTY31AUG23C44300 candle closing price at time 2023-08-25 11:14:59.235951+05:30 is 157.25
2023-08-25 11:29:59,170 - BANKNIFTY31AUG23C44300 candle closing price at time 2023-08-25 11:29:59.170193+05:30 is 256.5
2023-08-25 11:44:59,204 - BANKNIFTY31AUG23C44300 candle closing price at time 2023-08-25 11:44:59.203985+05:30 is 247.95
2023-08-25 11:59:59,085 - BANKNIFTY31AUG23C44300 candle closing price at time 2023-08-25 11:59:59.085935+05:30 is 241.8
2023-08-25 12:14:59,046 - BANKNIFTY31AUG23C44300 candle closing price at time 2023-08-25 12:14:59.046705+05:30 is 231.95
2023-08-25 12:29:59,196 - BANKNIFTY31AUG23C44300 candle closing price at time 2023-08-25 12:29:59.196745+05:30 is 250.9
2023-08-25 12:44:59,220 - BANKNIFTY31AUG23C44300 candle closing price at time 2023-08-25 12:44:59.220881+05:30 is 268.95
2023-08-25 12:59:59,217 - BANKNIFTY31AUG23C44300 candle closing price at time 2023-08-25 12:59:59.217265+05:30 is 269.95
2023-08-25 13:14:59,142 - BANKNIFTY31AUG23C44300 candle closing price at time 2023-08-25 13:14:59.142222+05:30 is 246.55
2023-08-25 13:29:59,226 - BANKNIFTY31AUG23C44300 candle closing price at time 2023-08-25 13:29:59.225925+05:30 is 235.3
2023-08-25 13:44:59,197 - BANKNIFTY31AUG23C44300 candle closing price at time 2023-08-25 13:44:59.197267+05:30 is 253.95
2023-08-25 13:59:59,088 - BANKNIFTY31AUG23C44300 candle closing price at time 2023-08-25 13:59:59.088709+05:30 is 246.0
2023-08-25 14:14:59,283 - BANKNIFTY31AUG23C44300 candle closing price at time 2023-08-25 14:14:59.283183+05:30 is 228.75
2023-08-25 14:29:59,191 - BANKNIFTY31AUG23C44300 candle closing price at time 2023-08-25 14:29:59.191251+05:30 is 230.5
2023-08-25 14:44:59,049 - BANKNIFTY31AUG23C44300 candle closing price at time 2023-08-25 14:44:59.049220+05:30 is 213.45
2023-08-25 14:59:59,193 - BANKNIFTY31AUG23C44300 candle closing price at time 2023-08-25 14:59:59.193543+05:30 is 226.85
2023-08-25 15:14:59,078 - BANKNIFTY31AUG23C44300 candle closing price at time 2023-08-25 15:14:59.078245+05:30 is 221.05
2023-08-31 09:30:15,155 - BANKNIFTY31AUG23C44300 went short at price-48.15, time-9:30:15
2023-08-31 09:30:15,155 - short entry dict: [0.0, 48.15]
2023-08-31 09:39:54,055 - short entry dict: [0.0, 48.15]
2023-08-31 09:39:54,060 - short exit dict: [0.0, 136.35]
2023-08-31 09:39:54,066 - last entry was at : 48.15 and exit at: 136.35
2023-08-31 09:39:54,071 - short pnl booked until now:-26459.999999999996
2023-08-31 09:44:59,205 - BANKNIFTY31AUG23C44300 candle closing price at time 2023-08-31 09:44:59.205702+05:30 is 143.25
2023-08-31 09:59:59,146 - BANKNIFTY31AUG23C44300 candle closing price at time 2023-08-31 09:59:59.146474+05:30 is 116.6
2023-08-31 10:14:59,271 - BANKNIFTY31AUG23C44300 candle closing price at time 2023-08-31 10:14:59.271195+05:30 is 58.05
2023-08-31 10:29:59,266 - BANKNIFTY31AUG23C44300 candle closing price at time 2023-08-31 10:29:59.266539+05:30 is 37.15
2023-08-31 10:44:59,133 - BANKNIFTY31AUG23C44300 candle closing price at time 2023-08-31 10:44:59.133952+05:30 is 31.6
2023-08-31 10:59:59,247 - BANKNIFTY31AUG23C44300 candle closing price at time 2023-08-31 10:59:59.247401+05:30 is 35.7
2023-08-31 11:14:59,237 - BANKNIFTY31AUG23C44300 candle closing price at time 2023-08-31 11:14:59.237641+05:30 is 29.0
2023-08-31 11:29:59,284 - BANKNIFTY31AUG23C44300 candle closing price at time 2023-08-31 11:29:59.284034+05:30 is 30.8
2023-08-31 11:44:59,201 - BANKNIFTY31AUG23C44300 candle closing price at time 2023-08-31 11:44:59.201597+05:30 is 28.25
2023-08-31 11:59:59,122 - BANKNIFTY31AUG23C44300 candle closing price at time 2023-08-31 11:59:59.122438+05:30 is 19.3
2023-08-31 12:14:59,142 - BANKNIFTY31AUG23C44300 candle closing price at time 2023-08-31 12:14:59.142057+05:30 is 18.85
2023-08-31 12:29:59,103 - BANKNIFTY31AUG23C44300 candle closing price at time 2023-08-31 12:29:59.103043+05:30 is 16.9
2023-08-31 12:44:59,297 - BANKNIFTY31AUG23C44300 candle closing price at time 2023-08-31 12:44:59.297703+05:30 is 13.95
2023-08-31 12:59:59,248 - BANKNIFTY31AUG23C44300 candle closing price at time 2023-08-31 12:59:59.248484+05:30 is 13.85
2023-08-31 13:14:59,122 - BANKNIFTY31AUG23C44300 candle closing price at time 2023-08-31 13:14:59.122666+05:30 is 7.85
2023-08-31 13:29:59,111 - BANKNIFTY31AUG23C44300 candle closing price at time 2023-08-31 13:29:59.111198+05:30 is 5.7
2023-08-31 13:44:59,231 - BANKNIFTY31AUG23C44300 candle closing price at time 2023-08-31 13:44:59.231850+05:30 is 11.25
2023-08-31 13:59:59,262 - BANKNIFTY31AUG23C44300 candle closing price at time 2023-08-31 13:59:59.262870+05:30 is 6.5
2023-08-31 14:14:59,136 - BANKNIFTY31AUG23C44300 candle closing price at time 2023-08-31 14:14:59.136264+05:30 is 4.05
2023-08-31 14:29:59,135 - BANKNIFTY31AUG23C44300 candle closing price at time 2023-08-31 14:29:59.135392+05:30 is 3.55
2023-08-31 14:44:59,091 - BANKNIFTY31AUG23C44300 candle closing price at time 2023-08-31 14:44:59.091728+05:30 is 1.45
2023-08-31 14:59:59,248 - BANKNIFTY31AUG23C44300 candle closing price at time 2023-08-31 14:59:59.248551+05:30 is 1.4
2023-08-31 15:14:59,248 - BANKNIFTY31AUG23C44300 candle closing price at time 2023-08-31 15:14:59.248574+05:30 is 0.3
