2023-09-04 09:31:12,045 - BANKNIFTY06SEP23C44600 went short at price-175.2, time-9:31:12
2023-09-04 09:31:12,045 - short entry dict: [0.0, 175.2]
2023-09-04 09:43:14,233 - short entry dict: [0.0, 175.2]
2023-09-04 09:43:14,238 - short exit dict: [0.0, 124.25]
2023-09-04 09:43:14,243 - last entry was at : 175.2 and exit at: 124.25
2023-09-04 09:43:14,254 - short pnl booked until now:15284.999999999996
2023-09-04 09:44:58,002 - BANKNIFTY06SEP23C44600 went short at price-119.5, time-9:44:58
2023-09-04 09:44:58,002 - short entry dict: [0.0, 175.2, 119.5]
2023-09-04 09:44:59,207 - BANKNIFTY06SEP23C44600 candle closing price at time 2023-09-04 09:44:59.207818+05:30 is 119.4
2023-09-04 09:45:37,021 - short entry dict: [0.0, 175.2, 119.5]
2023-09-04 09:45:37,022 - short exit dict: [0.0, 124.25, 124.35]
2023-09-04 09:45:37,022 - last entry was at : 119.5 and exit at: 124.35
2023-09-04 09:45:37,022 - short pnl booked until now:13829.999999999998
2023-09-04 09:59:59,207 - BANKNIFTY06SEP23C44600 candle closing price at time 2023-09-04 09:59:59.207516+05:30 is 157.7
2023-09-04 10:14:59,207 - BANKNIFTY06SEP23C44600 candle closing price at time 2023-09-04 10:14:59.207561+05:30 is 127.85
2023-09-04 10:29:59,206 - BANKNIFTY06SEP23C44600 candle closing price at time 2023-09-04 10:29:59.206726+05:30 is 128.95
2023-09-04 10:44:58,000 - BANKNIFTY06SEP23C44600 went short at price-102.95, time-10:44:58
2023-09-04 10:44:58,001 - short entry dict: [0.0, 175.2, 119.5, 102.95]
2023-09-04 10:44:59,204 - BANKNIFTY06SEP23C44600 candle closing price at time 2023-09-04 10:44:59.204373+05:30 is 102.3
2023-09-04 10:53:15,100 - short entry dict: [0.0, 175.2, 119.5, 102.95]
2023-09-04 10:53:15,100 - short exit dict: [0.0, 124.25, 124.35, 124.75]
2023-09-04 10:53:15,100 - last entry was at : 102.95 and exit at: 124.75
2023-09-04 10:53:15,100 - short pnl booked until now:7289.999999999999
2023-09-04 10:59:58,000 - BANKNIFTY06SEP23C44600 went short at price-114.65, time-10:59:58
2023-09-04 10:59:58,001 - short entry dict: [0.0, 175.2, 119.5, 102.95, 114.65]
2023-09-04 10:59:59,204 - BANKNIFTY06SEP23C44600 candle closing price at time 2023-09-04 10:59:59.204844+05:30 is 114.15
2023-09-04 11:02:23,457 - short entry dict: [0.0, 175.2, 119.5, 102.95, 114.65]
2023-09-04 11:02:23,458 - short exit dict: [0.0, 124.25, 124.35, 124.75, 126.9]
2023-09-04 11:02:23,458 - last entry was at : 114.65 and exit at: 126.9
2023-09-04 11:02:23,458 - short pnl booked until now:3614.999999999999
2023-09-04 11:14:59,206 - BANKNIFTY06SEP23C44600 candle closing price at time 2023-09-04 11:14:59.206713+05:30 is 143.1
2023-09-04 11:29:59,205 - BANKNIFTY06SEP23C44600 candle closing price at time 2023-09-04 11:29:59.205154+05:30 is 143.15
2023-09-04 11:44:59,223 - BANKNIFTY06SEP23C44600 candle closing price at time 2023-09-04 11:44:59.223756+05:30 is 141.25
2023-09-04 11:59:59,035 - BANKNIFTY06SEP23C44600 candle closing price at time 2023-09-04 11:59:59.035363+05:30 is 143.25
2023-09-04 12:14:59,205 - BANKNIFTY06SEP23C44600 candle closing price at time 2023-09-04 12:14:59.205081+05:30 is 135.0
2023-09-04 12:29:59,268 - BANKNIFTY06SEP23C44600 candle closing price at time 2023-09-04 12:29:59.268270+05:30 is 153.65
2023-09-04 12:44:59,232 - BANKNIFTY06SEP23C44600 candle closing price at time 2023-09-04 12:44:59.232486+05:30 is 158.5
2023-09-04 12:59:59,205 - BANKNIFTY06SEP23C44600 candle closing price at time 2023-09-04 12:59:59.205013+05:30 is 153.75
2023-09-04 13:14:59,074 - BANKNIFTY06SEP23C44600 candle closing price at time 2023-09-04 13:14:59.074068+05:30 is 165.25
2023-09-04 13:29:59,145 - BANKNIFTY06SEP23C44600 candle closing price at time 2023-09-04 13:29:59.145644+05:30 is 167.25
2023-09-04 13:44:59,177 - BANKNIFTY06SEP23C44600 candle closing price at time 2023-09-04 13:44:59.177856+05:30 is 154.1
2023-09-04 13:59:58,000 - BANKNIFTY06SEP23C44600 went short at price-137.8, time-13:59:58
2023-09-04 13:59:58,001 - short entry dict: [0.0, 175.2, 119.5, 102.95, 114.65, 137.8]
2023-09-04 13:59:59,218 - BANKNIFTY06SEP23C44600 candle closing price at time 2023-09-04 13:59:59.218049+05:30 is 138.85
2023-09-04 14:00:15,037 - short entry dict: [0.0, 175.2, 119.5, 102.95, 114.65, 137.8]
2023-09-04 14:00:15,038 - short exit dict: [0.0, 124.25, 124.35, 124.75, 126.9, 145.3]
2023-09-04 14:00:15,038 - last entry was at : 137.8 and exit at: 145.3
2023-09-04 14:00:15,038 - short pnl booked until now:1364.999999999999
2023-09-04 14:14:58,006 - BANKNIFTY06SEP23C44600 went short at price-136.9, time-14:14:58
2023-09-04 14:14:58,006 - short entry dict: [0.0, 175.2, 119.5, 102.95, 114.65, 137.8, 136.9]
2023-09-04 14:14:59,211 - BANKNIFTY06SEP23C44600 candle closing price at time 2023-09-04 14:14:59.211377+05:30 is 136.1
2023-09-04 14:22:48,991 - short entry dict: [0.0, 175.2, 119.5, 102.95, 114.65, 137.8, 136.9]
2023-09-04 14:22:48,991 - short exit dict: [0.0, 124.25, 124.35, 124.75, 126.9, 145.3, 140.75]
2023-09-04 14:22:48,991 - last entry was at : 136.9 and exit at: 140.75
2023-09-04 14:22:48,991 - short pnl booked until now:210.0000000000009
2023-09-04 14:29:59,206 - BANKNIFTY06SEP23C44600 candle closing price at time 2023-09-04 14:29:59.206771+05:30 is 158.0
2023-09-04 14:44:59,213 - BANKNIFTY06SEP23C44600 candle closing price at time 2023-09-04 14:44:59.213206+05:30 is 170.0
2023-09-04 14:59:59,239 - BANKNIFTY06SEP23C44600 candle closing price at time 2023-09-04 14:59:59.239144+05:30 is 160.6
2023-09-04 15:14:59,206 - BANKNIFTY06SEP23C44600 candle closing price at time 2023-09-04 15:14:59.206825+05:30 is 155.4
2023-09-05 10:55:14,006 - BANKNIFTY06SEP23C44600 went short at price-121.2, time-10:55:14
2023-09-05 10:55:14,006 - short entry dict: [0.0, 121.2]
2023-09-05 10:59:59,113 - BANKNIFTY06SEP23C44600 candle closing price at time 2023-09-05 10:59:59.113421+05:30 is 115.7
2023-09-05 11:14:59,051 - BANKNIFTY06SEP23C44600 candle closing price at time 2023-09-05 11:14:59.050929+05:30 is 112.4
2023-09-05 11:29:59,115 - BANKNIFTY06SEP23C44600 candle closing price at time 2023-09-05 11:29:59.115705+05:30 is 105.4
2023-09-05 11:44:59,108 - BANKNIFTY06SEP23C44600 candle closing price at time 2023-09-05 11:44:59.108320+05:30 is 107.1
2023-09-05 11:59:59,251 - BANKNIFTY06SEP23C44600 candle closing price at time 2023-09-05 11:59:59.251516+05:30 is 111.75
2023-09-05 12:14:59,157 - BANKNIFTY06SEP23C44600 candle closing price at time 2023-09-05 12:14:59.156735+05:30 is 83.3
2023-09-05 12:29:59,214 - BANKNIFTY06SEP23C44600 candle closing price at time 2023-09-05 12:29:59.214648+05:30 is 81.4
2023-09-05 12:44:59,245 - BANKNIFTY06SEP23C44600 candle closing price at time 2023-09-05 12:44:59.245389+05:30 is 68.85
2023-09-05 12:59:59,154 - BANKNIFTY06SEP23C44600 candle closing price at time 2023-09-05 12:59:59.154627+05:30 is 72.0
2023-09-05 13:14:59,299 - BANKNIFTY06SEP23C44600 candle closing price at time 2023-09-05 13:14:59.299581+05:30 is 77.1
2023-09-05 13:29:59,000 - BANKNIFTY06SEP23C44600 candle closing price at time 2023-09-05 13:29:59.000410+05:30 is 67.85
2023-09-05 13:44:59,039 - BANKNIFTY06SEP23C44600 candle closing price at time 2023-09-05 13:44:59.039008+05:30 is 73.9
2023-09-05 13:59:59,291 - BANKNIFTY06SEP23C44600 candle closing price at time 2023-09-05 13:59:59.291583+05:30 is 77.65
2023-09-05 14:14:59,019 - BANKNIFTY06SEP23C44600 candle closing price at time 2023-09-05 14:14:59.019568+05:30 is 80.5
2023-09-05 14:24:04,159 - short entry dict: [0.0, 121.2]
2023-09-05 14:24:04,159 - short exit dict: [0.0, 106.75]
2023-09-05 14:24:04,159 - last entry was at : 121.2 and exit at: 106.75
2023-09-05 14:24:04,159 - short pnl booked until now:4335.000000000001
2023-09-05 14:29:58,001 - BANKNIFTY06SEP23C44600 went short at price-98.9, time-14:29:58
2023-09-05 14:29:58,002 - short entry dict: [0.0, 121.2, 98.9]
2023-09-05 14:29:59,206 - BANKNIFTY06SEP23C44600 candle closing price at time 2023-09-05 14:29:59.205955+05:30 is 99.15
2023-09-05 14:31:32,509 - short entry dict: [0.0, 121.2, 98.9]
2023-09-05 14:31:32,509 - short exit dict: [0.0, 106.75, 104.9]
2023-09-05 14:31:32,509 - last entry was at : 98.9 and exit at: 104.9
2023-09-05 14:31:32,509 - short pnl booked until now:2535.000000000001
2023-09-05 14:44:58,001 - BANKNIFTY06SEP23C44600 went short at price-98.4, time-14:44:58
2023-09-05 14:44:58,001 - short entry dict: [0.0, 121.2, 98.9, 98.4]
2023-09-05 14:44:59,205 - BANKNIFTY06SEP23C44600 candle closing price at time 2023-09-05 14:44:59.205088+05:30 is 98.9
2023-09-05 14:47:17,637 - short entry dict: [0.0, 121.2, 98.9, 98.4]
2023-09-05 14:47:17,637 - short exit dict: [0.0, 106.75, 104.9, 104.15]
2023-09-05 14:47:17,637 - last entry was at : 98.4 and exit at: 104.15
2023-09-05 14:47:17,637 - short pnl booked until now:810.0000000000009
2023-09-05 14:59:58,000 - BANKNIFTY06SEP23C44600 went short at price-95.1, time-14:59:58
2023-09-05 14:59:58,000 - short entry dict: [0.0, 121.2, 98.9, 98.4, 95.1]
2023-09-05 14:59:59,203 - BANKNIFTY06SEP23C44600 candle closing price at time 2023-09-05 14:59:59.203879+05:30 is 95.75
2023-09-05 15:14:59,184 - BANKNIFTY06SEP23C44600 candle closing price at time 2023-09-05 15:14:59.184196+05:30 is 83.95
2023-09-05 15:15:44,813 - short entry dict: [0.0, 121.2, 98.9, 98.4, 95.1]
2023-09-05 15:15:44,813 - short exit dict: [0.0, 106.75, 104.9, 104.15, 107.4]
2023-09-05 15:15:44,813 - last entry was at : 95.1 and exit at: 107.4
2023-09-05 15:15:44,813 - short pnl booked until now:-2880.0000000000027
2023-09-06 10:05:19,053 - BANKNIFTY06SEP23C44600 went long at price-29.2, time-10:5:19
2023-09-06 10:05:19,054 - long entry dict:[0.0, 29.2]
2023-09-06 10:05:19,054 - long exit dict:[0.0]
2023-09-06 10:05:19,054 - HEDGE-BANKNIFTY06SEP23C44600 went long at price-29.2, time-10:5:19
