2023-09-04 09:31:11,879 - NIFTY07SEP23C19600 went short at price-32.9, time-9:31:11
2023-09-04 09:31:11,880 - short entry dict: [0.0, 32.9]
2023-09-04 09:44:59,208 - NIFTY07SEP23C19600 candle closing price at time 2023-09-04 09:44:59.208199+05:30 is 24.2
2023-09-04 09:59:59,023 - NIFTY07SEP23C19600 candle closing price at time 2023-09-04 09:59:59.023400+05:30 is 26.0
2023-09-04 10:14:59,209 - NIFTY07SEP23C19600 candle closing price at time 2023-09-04 10:14:59.209539+05:30 is 21.4
2023-09-04 10:21:51,597 - short entry dict: [0.0, 32.9]
2023-09-04 10:21:51,602 - short exit dict: [0.0, 20.85]
2023-09-04 10:21:51,607 - last entry was at : 32.9 and exit at: 20.85
2023-09-04 10:21:51,613 - short pnl booked until now:6024.999999999998
2023-09-04 10:29:58,002 - NIFTY07SEP23C19600 went short at price-20.5, time-10:29:58
2023-09-04 10:29:58,002 - short entry dict: [0.0, 32.9, 20.5]
2023-09-04 10:29:59,206 - NIFTY07SEP23C19600 candle closing price at time 2023-09-04 10:29:59.206810+05:30 is 20.5
2023-09-04 10:44:59,090 - NIFTY07SEP23C19600 candle closing price at time 2023-09-04 10:44:59.090411+05:30 is 17.95
2023-09-04 10:54:10,467 - short entry dict: [0.0, 32.9, 20.5]
2023-09-04 10:54:10,472 - short exit dict: [0.0, 20.85, 20.65]
2023-09-04 10:54:10,477 - last entry was at : 20.5 and exit at: 20.65
2023-09-04 10:54:10,482 - short pnl booked until now:5949.999999999999
2023-09-04 10:59:58,001 - NIFTY07SEP23C19600 went short at price-18.85, time-10:59:58
2023-09-04 10:59:58,001 - short entry dict: [0.0, 32.9, 20.5, 18.85]
2023-09-04 10:59:59,206 - NIFTY07SEP23C19600 candle closing price at time 2023-09-04 10:59:59.206458+05:30 is 18.85
2023-09-04 11:02:28,859 - short entry dict: [0.0, 32.9, 20.5, 18.85]
2023-09-04 11:02:28,865 - short exit dict: [0.0, 20.85, 20.65, 20.4]
2023-09-04 11:02:28,870 - last entry was at : 18.85 and exit at: 20.4
2023-09-04 11:02:28,875 - short pnl booked until now:5175.0
2023-09-04 11:14:59,205 - NIFTY07SEP23C19600 candle closing price at time 2023-09-04 11:14:59.205357+05:30 is 24.05
2023-09-04 11:29:59,080 - NIFTY07SEP23C19600 candle closing price at time 2023-09-04 11:29:59.080895+05:30 is 22.75
2023-09-04 11:44:59,170 - NIFTY07SEP23C19600 candle closing price at time 2023-09-04 11:44:59.170483+05:30 is 23.25
2023-09-04 11:59:59,173 - NIFTY07SEP23C19600 candle closing price at time 2023-09-04 11:59:59.173186+05:30 is 25.0
2023-09-04 12:14:59,173 - NIFTY07SEP23C19600 candle closing price at time 2023-09-04 12:14:59.173462+05:30 is 27.1
2023-09-04 12:29:59,269 - NIFTY07SEP23C19600 candle closing price at time 2023-09-04 12:29:59.269477+05:30 is 33.3
2023-09-04 12:44:59,147 - NIFTY07SEP23C19600 candle closing price at time 2023-09-04 12:44:59.147183+05:30 is 32.7
2023-09-04 12:59:59,022 - NIFTY07SEP23C19600 candle closing price at time 2023-09-04 12:59:59.022017+05:30 is 31.05
2023-09-04 13:14:59,116 - NIFTY07SEP23C19600 candle closing price at time 2023-09-04 13:14:59.115946+05:30 is 35.7
2023-09-04 13:29:59,019 - NIFTY07SEP23C19600 candle closing price at time 2023-09-04 13:29:59.019038+05:30 is 33.85
2023-09-04 13:44:59,187 - NIFTY07SEP23C19600 candle closing price at time 2023-09-04 13:44:59.187134+05:30 is 33.65
2023-09-04 13:59:59,223 - NIFTY07SEP23C19600 candle closing price at time 2023-09-04 13:59:59.223029+05:30 is 30.0
2023-09-04 14:14:59,032 - NIFTY07SEP23C19600 candle closing price at time 2023-09-04 14:14:59.032206+05:30 is 31.0
2023-09-04 14:29:59,209 - NIFTY07SEP23C19600 candle closing price at time 2023-09-04 14:29:59.208866+05:30 is 32.05
2023-09-04 14:44:59,105 - NIFTY07SEP23C19600 candle closing price at time 2023-09-04 14:44:59.105050+05:30 is 39.3
2023-09-04 14:59:59,029 - NIFTY07SEP23C19600 candle closing price at time 2023-09-04 14:59:59.029574+05:30 is 37.1
2023-09-04 15:14:59,259 - NIFTY07SEP23C19600 candle closing price at time 2023-09-04 15:14:59.259071+05:30 is 34.75
2023-09-05 10:55:13,784 - NIFTY07SEP23C19600 went short at price-42.8, time-10:55:13
2023-09-05 10:55:13,785 - short entry dict: [0.0, 42.8]
2023-09-05 10:55:19,799 - short entry dict: [0.0, 42.8]
2023-09-05 10:55:19,805 - short exit dict: [0.0, 42.8]
2023-09-05 10:55:19,810 - last entry was at : 42.8 and exit at: 42.8
2023-09-05 10:55:19,815 - short pnl booked until now:0.0
2023-09-05 10:59:59,209 - NIFTY07SEP23C19600 candle closing price at time 2023-09-05 10:59:59.209156+05:30 is 41.4
2023-09-05 11:14:59,031 - NIFTY07SEP23C19600 candle closing price at time 2023-09-05 11:14:59.031633+05:30 is 45.1
2023-09-05 11:29:59,100 - NIFTY07SEP23C19600 candle closing price at time 2023-09-05 11:29:59.100360+05:30 is 43.8
2023-09-05 11:44:59,095 - NIFTY07SEP23C19600 candle closing price at time 2023-09-05 11:44:59.095086+05:30 is 44.85
2023-09-05 11:59:59,249 - NIFTY07SEP23C19600 candle closing price at time 2023-09-05 11:59:59.249471+05:30 is 46.75
2023-09-05 12:14:59,157 - NIFTY07SEP23C19600 candle closing price at time 2023-09-05 12:14:59.157592+05:30 is 39.9
2023-09-05 12:29:59,205 - NIFTY07SEP23C19600 candle closing price at time 2023-09-05 12:29:59.205483+05:30 is 38.85
2023-09-05 12:44:58,001 - NIFTY07SEP23C19600 went short at price-28.2, time-12:44:58
2023-09-05 12:44:58,002 - short entry dict: [0.0, 42.8, 28.2]
2023-09-05 12:44:59,206 - NIFTY07SEP23C19600 candle closing price at time 2023-09-05 12:44:59.206449+05:30 is 28.3
2023-09-05 12:59:59,147 - NIFTY07SEP23C19600 candle closing price at time 2023-09-05 12:59:59.147083+05:30 is 32.7
2023-09-05 13:14:59,029 - NIFTY07SEP23C19600 candle closing price at time 2023-09-05 13:14:59.029846+05:30 is 34.1
2023-09-05 13:29:59,000 - NIFTY07SEP23C19600 candle closing price at time 2023-09-05 13:29:59.000415+05:30 is 29.35
2023-09-05 13:44:59,044 - NIFTY07SEP23C19600 candle closing price at time 2023-09-05 13:44:59.044471+05:30 is 30.95
2023-09-05 13:59:59,290 - NIFTY07SEP23C19600 candle closing price at time 2023-09-05 13:59:59.290731+05:30 is 30.85
2023-09-05 14:08:08,356 - short entry dict: [0.0, 42.8, 28.2]
2023-09-05 14:08:08,357 - short exit dict: [0.0, 42.8, 35.6]
2023-09-05 14:08:08,357 - last entry was at : 28.2 and exit at: 35.6
2023-09-05 14:08:08,357 - short pnl booked until now:-3700.000000000001
2023-09-05 14:14:58,002 - NIFTY07SEP23C19600 went short at price-34.4, time-14:14:58
2023-09-05 14:14:58,002 - short entry dict: [0.0, 42.8, 28.2, 34.4]
2023-09-05 14:14:59,206 - NIFTY07SEP23C19600 candle closing price at time 2023-09-05 14:14:59.205983+05:30 is 34.35
2023-09-05 14:18:32,164 - short entry dict: [0.0, 42.8, 28.2, 34.4]
2023-09-05 14:18:32,164 - short exit dict: [0.0, 42.8, 35.6, 35.25]
2023-09-05 14:18:32,164 - last entry was at : 34.4 and exit at: 35.25
2023-09-05 14:18:32,164 - short pnl booked until now:-4125.000000000002
2023-09-05 14:29:59,206 - NIFTY07SEP23C19600 candle closing price at time 2023-09-05 14:29:59.206243+05:30 is 37.5
2023-09-05 14:44:59,204 - NIFTY07SEP23C19600 candle closing price at time 2023-09-05 14:44:59.204491+05:30 is 37.0
2023-09-05 14:59:59,176 - NIFTY07SEP23C19600 candle closing price at time 2023-09-05 14:59:59.176683+05:30 is 41.45
2023-09-05 15:14:59,248 - NIFTY07SEP23C19600 candle closing price at time 2023-09-05 15:14:59.248845+05:30 is 40.6
2023-09-06 10:05:20,385 - NIFTY07SEP23C19600 went short at price-29.3, time-10:5:20
2023-09-06 10:05:20,386 - short entry dict: [0.0, 29.3]
2023-09-06 10:14:59,021 - NIFTY07SEP23C19600 candle closing price at time 2023-09-06 10:14:59.020817+05:30 is 30.0
2023-09-06 10:29:59,213 - NIFTY07SEP23C19600 candle closing price at time 2023-09-06 10:29:59.213248+05:30 is 30.85
2023-09-06 10:44:59,050 - NIFTY07SEP23C19600 candle closing price at time 2023-09-06 10:44:59.050340+05:30 is 32.0
2023-09-06 10:59:59,298 - NIFTY07SEP23C19600 candle closing price at time 2023-09-06 10:59:59.298633+05:30 is 27.95
2023-09-06 11:14:59,080 - NIFTY07SEP23C19600 candle closing price at time 2023-09-06 11:14:59.080797+05:30 is 29.05
2023-09-06 11:29:59,176 - NIFTY07SEP23C19600 candle closing price at time 2023-09-06 11:29:59.176455+05:30 is 28.85
2023-09-06 11:44:59,054 - NIFTY07SEP23C19600 candle closing price at time 2023-09-06 11:44:59.054384+05:30 is 19.0
2023-09-06 11:59:59,284 - NIFTY07SEP23C19600 candle closing price at time 2023-09-06 11:59:59.284085+05:30 is 20.05
2023-09-06 12:14:59,164 - NIFTY07SEP23C19600 candle closing price at time 2023-09-06 12:14:59.164325+05:30 is 22.7
2023-09-06 12:29:59,198 - NIFTY07SEP23C19600 candle closing price at time 2023-09-06 12:29:59.198766+05:30 is 20.25
2023-09-06 12:44:59,197 - NIFTY07SEP23C19600 candle closing price at time 2023-09-06 12:44:59.197316+05:30 is 12.1
2023-09-06 12:59:59,147 - NIFTY07SEP23C19600 candle closing price at time 2023-09-06 12:59:59.147009+05:30 is 11.45
2023-09-06 13:14:59,268 - NIFTY07SEP23C19600 candle closing price at time 2023-09-06 13:14:59.268270+05:30 is 11.25
2023-09-06 13:29:59,149 - NIFTY07SEP23C19600 candle closing price at time 2023-09-06 13:29:59.149176+05:30 is 9.65
2023-09-06 13:44:59,086 - NIFTY07SEP23C19600 candle closing price at time 2023-09-06 13:44:59.086403+05:30 is 11.7
2023-09-06 13:59:59,181 - NIFTY07SEP23C19600 candle closing price at time 2023-09-06 13:59:59.180841+05:30 is 9.8
2023-09-06 14:14:59,037 - NIFTY07SEP23C19600 candle closing price at time 2023-09-06 14:14:59.037480+05:30 is 10.15
2023-09-06 14:29:59,162 - NIFTY07SEP23C19600 candle closing price at time 2023-09-06 14:29:59.161993+05:30 is 14.5
2023-09-06 14:44:59,158 - NIFTY07SEP23C19600 candle closing price at time 2023-09-06 14:44:59.158648+05:30 is 16.3
2023-09-06 14:59:59,219 - NIFTY07SEP23C19600 candle closing price at time 2023-09-06 14:59:59.219579+05:30 is 15.8
2023-09-06 15:01:11,653 - short entry dict: [0.0, 29.3]
2023-09-06 15:01:11,653 - short exit dict: [0.0, 23.65]
2023-09-06 15:01:11,653 - last entry was at : 29.3 and exit at: 23.65
2023-09-06 15:01:11,653 - short pnl booked until now:2825.000000000001
2023-09-06 15:14:59,211 - NIFTY07SEP23C19600 candle closing price at time 2023-09-06 15:14:59.211193+05:30 is 31.8
2023-09-07 09:31:12,778 - NIFTY07SEP23C19600 went short at price-12.05, time-9:31:12
2023-09-07 09:31:12,779 - short entry dict: [0.0, 12.05]
2023-09-07 09:44:59,254 - NIFTY07SEP23C19600 candle closing price at time 2023-09-07 09:44:59.254127+05:30 is 12.1
2023-09-07 09:57:37,326 - short entry dict: [0.0, 12.05]
2023-09-07 09:57:37,326 - short exit dict: [0.0, 22.35]
2023-09-07 09:57:37,326 - last entry was at : 12.05 and exit at: 22.35
2023-09-07 09:57:37,326 - short pnl booked until now:-5150.0
2023-09-07 09:59:58,000 - NIFTY07SEP23C19600 went short at price-18.2, time-9:59:58
2023-09-07 09:59:58,001 - short entry dict: [0.0, 12.05, 18.2]
2023-09-07 09:59:59,204 - NIFTY07SEP23C19600 candle closing price at time 2023-09-07 09:59:59.204699+05:30 is 18.35
2023-09-07 10:14:36,775 - short entry dict: [0.0, 12.05, 18.2]
2023-09-07 10:14:36,776 - short exit dict: [0.0, 22.35, 22.45]
2023-09-07 10:14:36,776 - last entry was at : 18.2 and exit at: 22.45
2023-09-07 10:14:36,776 - short pnl booked until now:-7275.0
2023-09-07 10:14:59,203 - NIFTY07SEP23C19600 candle closing price at time 2023-09-07 10:14:59.203081+05:30 is 21.05
2023-09-07 10:29:59,203 - NIFTY07SEP23C19600 candle closing price at time 2023-09-07 10:29:59.203492+05:30 is 22.1
2023-09-07 10:44:59,203 - NIFTY07SEP23C19600 candle closing price at time 2023-09-07 10:44:59.203585+05:30 is 33.4
2023-09-07 10:59:59,157 - NIFTY07SEP23C19600 candle closing price at time 2023-09-07 10:59:59.157699+05:30 is 34.35
2023-09-07 11:14:59,096 - NIFTY07SEP23C19600 candle closing price at time 2023-09-07 11:14:59.096113+05:30 is 40.4
2023-09-07 11:29:59,235 - NIFTY07SEP23C19600 candle closing price at time 2023-09-07 11:29:59.235555+05:30 is 36.15
2023-09-07 11:44:58,000 - NIFTY07SEP23C19600 went short at price-18.9, time-11:44:58
2023-09-07 11:44:58,001 - short entry dict: [0.0, 12.05, 18.2, 18.9]
2023-09-07 11:44:59,205 - NIFTY07SEP23C19600 candle closing price at time 2023-09-07 11:44:59.205103+05:30 is 18.7
2023-09-07 11:55:07,189 - short entry dict: [0.0, 12.05, 18.2, 18.9]
2023-09-07 11:55:07,189 - short exit dict: [0.0, 22.35, 22.45, 24.8]
2023-09-07 11:55:07,190 - last entry was at : 18.9 and exit at: 24.8
2023-09-07 11:55:07,190 - short pnl booked until now:-10225.0
2023-09-07 11:59:59,204 - NIFTY07SEP23C19600 candle closing price at time 2023-09-07 11:59:59.204917+05:30 is 29.7
2023-09-07 12:14:59,204 - NIFTY07SEP23C19600 candle closing price at time 2023-09-07 12:14:59.204471+05:30 is 25.95
2023-09-07 12:29:58,001 - NIFTY07SEP23C19600 went short at price-20.0, time-12:29:58
2023-09-07 12:29:58,001 - short entry dict: [0.0, 12.05, 18.2, 18.9, 20.0]
2023-09-07 12:29:59,206 - NIFTY07SEP23C19600 candle closing price at time 2023-09-07 12:29:59.206088+05:30 is 20.35
2023-09-07 12:34:08,585 - short entry dict: [0.0, 12.05, 18.2, 18.9, 20.0]
2023-09-07 12:34:08,585 - short exit dict: [0.0, 22.35, 22.45, 24.8, 24.75]
2023-09-07 12:34:08,586 - last entry was at : 20.0 and exit at: 24.75
2023-09-07 12:34:08,586 - short pnl booked until now:-12600.0
2023-09-07 12:44:59,208 - NIFTY07SEP23C19600 candle closing price at time 2023-09-07 12:44:59.208745+05:30 is 27.0
2023-09-07 12:59:59,207 - NIFTY07SEP23C19600 candle closing price at time 2023-09-07 12:59:59.207299+05:30 is 27.75
2023-09-07 13:14:59,206 - NIFTY07SEP23C19600 candle closing price at time 2023-09-07 13:14:59.206450+05:30 is 34.15
2023-09-07 13:29:59,172 - NIFTY07SEP23C19600 candle closing price at time 2023-09-07 13:29:59.172617+05:30 is 44.7
2023-09-07 13:44:59,195 - NIFTY07SEP23C19600 candle closing price at time 2023-09-07 13:44:59.195013+05:30 is 68.85
2023-09-07 13:59:59,170 - NIFTY07SEP23C19600 candle closing price at time 2023-09-07 13:59:59.170720+05:30 is 64.9
2023-09-07 14:14:59,124 - NIFTY07SEP23C19600 candle closing price at time 2023-09-07 14:14:59.124357+05:30 is 80.6
2023-09-07 14:29:59,287 - NIFTY07SEP23C19600 candle closing price at time 2023-09-07 14:29:59.287504+05:30 is 95.8
2023-09-07 14:44:59,245 - NIFTY07SEP23C19600 candle closing price at time 2023-09-07 14:44:59.245522+05:30 is 146.35
2023-09-07 14:59:59,250 - NIFTY07SEP23C19600 candle closing price at time 2023-09-07 14:59:59.250491+05:30 is 145.85
2023-09-07 15:14:59,204 - NIFTY07SEP23C19600 candle closing price at time 2023-09-07 15:14:59.204232+05:30 is 124.35
