2023-09-08 09:31:16,249 - BANKNIFTY13SEP23C45100 went short at price-163.05, time-9:31:16
2023-09-08 09:31:16,249 - short entry dict: [0.0, 163.05]
2023-09-08 09:31:32,540 - short entry dict: [0.0, 163.05]
2023-09-08 09:31:32,541 - short exit dict: [0.0, 170.0]
2023-09-08 09:31:32,541 - last entry was at : 163.05 and exit at: 170.0
2023-09-08 09:31:32,541 - short pnl booked until now:-2084.9999999999964
2023-09-08 09:44:58,009 - BANKNIFTY13SEP23C45100 went short at price-165.35, time-9:44:58
2023-09-08 09:44:58,009 - short entry dict: [0.0, 163.05, 165.35]
2023-09-08 09:45:11,828 - short entry dict: [0.0, 163.05, 165.35]
2023-09-08 09:45:11,829 - short exit dict: [0.0, 170.0, 170.55]
2023-09-08 09:45:11,829 - last entry was at : 165.35 and exit at: 170.55
2023-09-08 09:45:11,829 - short pnl booked until now:-3645.0000000000014
2023-09-08 09:59:58,002 - BANKNIFTY13SEP23C45100 went short at price-163.05, time-9:59:58
2023-09-08 09:59:58,003 - short entry dict: [0.0, 163.05, 165.35, 163.05]
2023-09-08 09:59:59,208 - BANKNIFTY13SEP23C45100 candle closing price at time 2023-09-08 09:59:59.208850+05:30 is 163.95
2023-09-08 10:02:29,462 - short entry dict: [0.0, 163.05, 165.35, 163.05]
2023-09-08 10:02:29,462 - short exit dict: [0.0, 170.0, 170.55, 165.7]
2023-09-08 10:02:29,463 - last entry was at : 163.05 and exit at: 165.7
2023-09-08 10:02:29,463 - short pnl booked until now:-4439.9999999999945
2023-09-08 10:14:58,000 - BANKNIFTY13SEP23C45100 went short at price-161.8, time-10:14:58
2023-09-08 10:14:58,001 - short entry dict: [0.0, 163.05, 165.35, 163.05, 161.8]
2023-09-08 10:14:59,205 - BANKNIFTY13SEP23C45100 candle closing price at time 2023-09-08 10:14:59.205417+05:30 is 162.05
2023-09-08 10:29:59,114 - BANKNIFTY13SEP23C45100 candle closing price at time 2023-09-08 10:29:59.114932+05:30 is 141.0
2023-09-08 10:44:59,062 - BANKNIFTY13SEP23C45100 candle closing price at time 2023-09-08 10:44:59.062275+05:30 is 140.8
2023-09-08 10:59:59,112 - BANKNIFTY13SEP23C45100 candle closing price at time 2023-09-08 10:59:59.112735+05:30 is 146.2
2023-09-08 11:14:59,017 - BANKNIFTY13SEP23C45100 candle closing price at time 2023-09-08 11:14:59.017077+05:30 is 134.5
2023-09-08 11:28:28,273 - short entry dict: [0.0, 163.05, 165.35, 163.05, 161.8]
2023-09-08 11:28:28,273 - short exit dict: [0.0, 170.0, 170.55, 165.7, 166.35]
2023-09-08 11:28:28,273 - last entry was at : 161.8 and exit at: 166.35
2023-09-08 11:28:28,273 - short pnl booked until now:-5804.999999999989
2023-09-08 11:29:58,000 - BANKNIFTY13SEP23C45100 went short at price-164.5, time-11:29:58
2023-09-08 11:29:58,001 - short entry dict: [0.0, 163.05, 165.35, 163.05, 161.8, 164.5]
2023-09-08 11:29:59,205 - BANKNIFTY13SEP23C45100 candle closing price at time 2023-09-08 11:29:59.205769+05:30 is 164.1
2023-09-08 11:30:12,344 - short entry dict: [0.0, 163.05, 165.35, 163.05, 161.8, 164.5]
2023-09-08 11:30:12,345 - short exit dict: [0.0, 170.0, 170.55, 165.7, 166.35, 167.85]
2023-09-08 11:30:12,345 - last entry was at : 164.5 and exit at: 167.85
2023-09-08 11:30:12,345 - short pnl booked until now:-6809.999999999987
2023-09-08 11:44:59,214 - BANKNIFTY13SEP23C45100 candle closing price at time 2023-09-08 11:44:59.213980+05:30 is 265.55
2023-09-08 11:59:59,263 - BANKNIFTY13SEP23C45100 candle closing price at time 2023-09-08 11:59:59.263577+05:30 is 262.35
2023-09-08 12:14:59,269 - BANKNIFTY13SEP23C45100 candle closing price at time 2023-09-08 12:14:59.269238+05:30 is 281.75
2023-09-08 12:29:59,110 - BANKNIFTY13SEP23C45100 candle closing price at time 2023-09-08 12:29:59.110153+05:30 is 254.7
2023-09-08 12:44:59,008 - BANKNIFTY13SEP23C45100 candle closing price at time 2023-09-08 12:44:59.008088+05:30 is 310.3
2023-09-08 12:59:59,142 - BANKNIFTY13SEP23C45100 candle closing price at time 2023-09-08 12:59:59.142121+05:30 is 266.75
2023-09-08 13:14:59,066 - BANKNIFTY13SEP23C45100 candle closing price at time 2023-09-08 13:14:59.066315+05:30 is 247.1
2023-09-08 13:29:59,055 - BANKNIFTY13SEP23C45100 candle closing price at time 2023-09-08 13:29:59.055132+05:30 is 253.6
2023-09-08 13:44:59,030 - BANKNIFTY13SEP23C45100 candle closing price at time 2023-09-08 13:44:59.030556+05:30 is 292.75
2023-09-08 13:59:59,088 - BANKNIFTY13SEP23C45100 candle closing price at time 2023-09-08 13:59:59.088543+05:30 is 276.0
2023-09-08 14:14:59,040 - BANKNIFTY13SEP23C45100 candle closing price at time 2023-09-08 14:14:59.040314+05:30 is 299.6
2023-09-08 14:29:59,203 - BANKNIFTY13SEP23C45100 candle closing price at time 2023-09-08 14:29:59.203213+05:30 is 418.2
2023-09-08 14:44:59,199 - BANKNIFTY13SEP23C45100 candle closing price at time 2023-09-08 14:44:59.199836+05:30 is 268.0
2023-09-08 14:59:59,285 - BANKNIFTY13SEP23C45100 candle closing price at time 2023-09-08 14:59:59.285772+05:30 is 267.2
2023-09-08 15:14:59,211 - BANKNIFTY13SEP23C45100 candle closing price at time 2023-09-08 15:14:59.211021+05:30 is 237.9
