2023-08-25 09:31:19,799 - NIFTY31AUG23C19400 went short at price-52.9, time-9:31:19
2023-08-25 09:31:19,799 - short entry dict: [0.0, 52.9]
2023-08-25 09:44:59,263 - NIFTY31AUG23C19400 candle closing price at time 2023-08-25 09:44:59.263411+05:30 is 55.55
2023-08-25 09:59:59,231 - NIFTY31AUG23C19400 candle closing price at time 2023-08-25 09:59:59.231559+05:30 is 59.0
2023-08-25 10:14:59,099 - NIFTY31AUG23C19400 candle closing price at time 2023-08-25 10:14:59.098897+05:30 is 51.5
2023-08-25 10:29:59,256 - NIFTY31AUG23C19400 candle closing price at time 2023-08-25 10:29:59.256359+05:30 is 38.9
2023-08-25 10:44:59,040 - NIFTY31AUG23C19400 candle closing price at time 2023-08-25 10:44:59.040432+05:30 is 38.45
2023-08-25 10:59:59,022 - NIFTY31AUG23C19400 candle closing price at time 2023-08-25 10:59:59.022106+05:30 is 38.7
2023-08-25 11:14:59,234 - NIFTY31AUG23C19400 candle closing price at time 2023-08-25 11:14:59.234521+05:30 is 39.7
2023-08-25 11:29:59,100 - NIFTY31AUG23C19400 candle closing price at time 2023-08-25 11:29:59.100269+05:30 is 50.1
2023-08-25 11:44:59,123 - NIFTY31AUG23C19400 candle closing price at time 2023-08-25 11:44:59.123473+05:30 is 50.6
2023-08-25 11:59:59,039 - NIFTY31AUG23C19400 candle closing price at time 2023-08-25 11:59:59.039176+05:30 is 46.45
2023-08-25 12:14:59,284 - NIFTY31AUG23C19400 candle closing price at time 2023-08-25 12:14:59.284410+05:30 is 40.15
2023-08-25 12:29:59,014 - NIFTY31AUG23C19400 candle closing price at time 2023-08-25 12:29:59.014767+05:30 is 42.0
2023-08-25 12:44:59,059 - NIFTY31AUG23C19400 candle closing price at time 2023-08-25 12:44:59.059151+05:30 is 43.5
2023-08-25 12:59:59,243 - NIFTY31AUG23C19400 candle closing price at time 2023-08-25 12:59:59.243112+05:30 is 45.95
2023-08-25 13:14:59,058 - NIFTY31AUG23C19400 candle closing price at time 2023-08-25 13:14:59.058855+05:30 is 44.1
2023-08-25 13:29:59,040 - NIFTY31AUG23C19400 candle closing price at time 2023-08-25 13:29:59.040671+05:30 is 44.35
2023-08-25 13:44:59,231 - NIFTY31AUG23C19400 candle closing price at time 2023-08-25 13:44:59.231303+05:30 is 47.45
2023-08-25 13:59:59,288 - NIFTY31AUG23C19400 candle closing price at time 2023-08-25 13:59:59.288894+05:30 is 45.35
2023-08-25 14:14:59,022 - NIFTY31AUG23C19400 candle closing price at time 2023-08-25 14:14:59.022768+05:30 is 41.2
2023-08-25 14:29:59,211 - NIFTY31AUG23C19400 candle closing price at time 2023-08-25 14:29:59.211816+05:30 is 42.0
2023-08-25 14:44:59,136 - NIFTY31AUG23C19400 candle closing price at time 2023-08-25 14:44:59.136257+05:30 is 39.4
2023-08-25 14:59:59,104 - NIFTY31AUG23C19400 candle closing price at time 2023-08-25 14:59:59.104367+05:30 is 42.15
2023-08-25 15:14:59,267 - NIFTY31AUG23C19400 candle closing price at time 2023-08-25 15:14:59.266948+05:30 is 37.25
2023-08-29 11:28:32,774 - NIFTY31AUG23C19400 went short at price-32.95, time-11:28:32
2023-08-29 11:28:32,774 - short entry dict: [0.0, 32.95]
2023-08-29 11:29:59,227 - NIFTY31AUG23C19400 candle closing price at time 2023-08-29 11:29:59.227907+05:30 is 32.9
2023-08-29 11:44:59,252 - NIFTY31AUG23C19400 candle closing price at time 2023-08-29 11:44:59.252733+05:30 is 34.6
2023-08-29 11:59:59,044 - NIFTY31AUG23C19400 candle closing price at time 2023-08-29 11:59:59.044458+05:30 is 32.5
2023-08-29 12:14:59,157 - NIFTY31AUG23C19400 candle closing price at time 2023-08-29 12:14:59.157483+05:30 is 34.5
2023-08-29 12:29:59,114 - NIFTY31AUG23C19400 candle closing price at time 2023-08-29 12:29:59.114353+05:30 is 37.05
2023-08-29 12:44:59,106 - NIFTY31AUG23C19400 candle closing price at time 2023-08-29 12:44:59.106511+05:30 is 34.9
2023-08-29 12:59:59,178 - NIFTY31AUG23C19400 candle closing price at time 2023-08-29 12:59:59.178905+05:30 is 37.8
2023-08-29 13:00:26,265 - short entry dict: [0.0, 32.95]
2023-08-29 13:00:26,265 - short exit dict: [0.0, 38.1]
2023-08-29 13:00:26,265 - last entry was at : 32.95 and exit at: 38.1
2023-08-29 13:00:26,265 - short pnl booked until now:-2574.999999999999
2023-08-29 13:14:58,002 - NIFTY31AUG23C19400 went short at price-36.15, time-13:14:58
2023-08-29 13:14:58,003 - short entry dict: [0.0, 32.95, 36.15]
2023-08-29 13:14:59,207 - NIFTY31AUG23C19400 candle closing price at time 2023-08-29 13:14:59.207075+05:30 is 36.15
2023-08-29 13:20:42,045 - short entry dict: [0.0, 32.95, 36.15]
2023-08-29 13:20:42,047 - short exit dict: [0.0, 38.1, 37.8]
2023-08-29 13:20:42,047 - last entry was at : 36.15 and exit at: 37.8
2023-08-29 13:20:42,047 - short pnl booked until now:-3399.999999999998
2023-08-29 13:29:59,207 - NIFTY31AUG23C19400 candle closing price at time 2023-08-29 13:29:59.207056+05:30 is 38.6
2023-08-29 13:44:58,002 - NIFTY31AUG23C19400 went short at price-33.9, time-13:44:58
2023-08-29 13:44:58,002 - short entry dict: [0.0, 32.95, 36.15, 33.9]
2023-08-29 13:44:59,207 - NIFTY31AUG23C19400 candle closing price at time 2023-08-29 13:44:59.207875+05:30 is 33.95
2023-08-29 13:59:59,288 - NIFTY31AUG23C19400 candle closing price at time 2023-08-29 13:59:59.288165+05:30 is 31.3
2023-08-29 14:14:59,176 - NIFTY31AUG23C19400 candle closing price at time 2023-08-29 14:14:59.176228+05:30 is 29.3
2023-08-29 14:29:59,123 - NIFTY31AUG23C19400 candle closing price at time 2023-08-29 14:29:59.122898+05:30 is 26.1
2023-08-29 14:44:59,071 - NIFTY31AUG23C19400 candle closing price at time 2023-08-29 14:44:59.071159+05:30 is 26.4
2023-08-29 14:59:59,153 - NIFTY31AUG23C19400 candle closing price at time 2023-08-29 14:59:59.152891+05:30 is 26.4
2023-08-29 15:14:59,024 - NIFTY31AUG23C19400 candle closing price at time 2023-08-29 15:14:59.024857+05:30 is 29.0
2023-08-30 10:11:27,765 - NIFTY31AUG23C19400 went short at price-64.5, time-10:11:27
2023-08-30 10:11:27,766 - short entry dict: [0.0, 64.5]
2023-08-30 10:13:56,571 - short entry dict: [0.0, 64.5]
2023-08-30 10:13:56,577 - short exit dict: [0.0, 66.5]
2023-08-30 10:13:56,582 - last entry was at : 64.5 and exit at: 66.5
2023-08-30 10:13:56,588 - short pnl booked until now:-1000.0
2023-08-30 10:14:58,001 - NIFTY31AUG23C19400 went short at price-64.35, time-10:14:58
2023-08-30 10:14:58,002 - short entry dict: [0.0, 64.5, 64.35]
2023-08-30 10:14:59,209 - NIFTY31AUG23C19400 candle closing price at time 2023-08-30 10:14:59.209172+05:30 is 64.45
2023-08-30 10:15:53,705 - short entry dict: [0.0, 64.5, 64.35]
2023-08-30 10:15:53,706 - short exit dict: [0.0, 66.5, 66.0]
2023-08-30 10:15:53,706 - last entry was at : 64.35 and exit at: 66.0
2023-08-30 10:15:53,706 - short pnl booked until now:-1825.0000000000027
2023-08-30 10:29:58,006 - NIFTY31AUG23C19400 went short at price-60.5, time-10:29:58
2023-08-30 10:29:58,007 - short entry dict: [0.0, 64.5, 64.35, 60.5]
2023-08-30 10:29:59,213 - NIFTY31AUG23C19400 candle closing price at time 2023-08-30 10:29:59.213087+05:30 is 60.45
2023-08-30 10:44:59,283 - NIFTY31AUG23C19400 candle closing price at time 2023-08-30 10:44:59.283127+05:30 is 63.5
2023-08-30 10:49:16,981 - short entry dict: [0.0, 64.5, 64.35, 60.5]
2023-08-30 10:49:16,981 - short exit dict: [0.0, 66.5, 66.0, 67.75]
2023-08-30 10:49:16,981 - last entry was at : 60.5 and exit at: 67.75
2023-08-30 10:49:16,982 - short pnl booked until now:-5450.000000000003
2023-08-30 10:59:58,006 - NIFTY31AUG23C19400 went short at price-64.55, time-10:59:58
2023-08-30 10:59:58,007 - short entry dict: [0.0, 64.5, 64.35, 60.5, 64.55]
2023-08-30 10:59:59,213 - NIFTY31AUG23C19400 candle closing price at time 2023-08-30 10:59:59.213181+05:30 is 64.7
2023-08-30 11:03:30,637 - short entry dict: [0.0, 64.5, 64.35, 60.5, 64.55]
2023-08-30 11:03:30,637 - short exit dict: [0.0, 66.5, 66.0, 67.75, 65.05]
2023-08-30 11:03:30,637 - last entry was at : 64.55 and exit at: 65.05
2023-08-30 11:03:30,638 - short pnl booked until now:-5700.000000000003
2023-08-30 11:14:58,010 - NIFTY31AUG23C19400 went short at price-64.65, time-11:14:58
2023-08-30 11:14:58,011 - short entry dict: [0.0, 64.5, 64.35, 60.5, 64.55, 64.65]
2023-08-30 11:14:59,216 - NIFTY31AUG23C19400 candle closing price at time 2023-08-30 11:14:59.216286+05:30 is 64.35
2023-08-30 11:15:26,813 - short entry dict: [0.0, 64.5, 64.35, 60.5, 64.55, 64.65]
2023-08-30 11:15:26,813 - short exit dict: [0.0, 66.5, 66.0, 67.75, 65.05, 65.2]
2023-08-30 11:15:26,813 - last entry was at : 64.65 and exit at: 65.2
2023-08-30 11:15:26,813 - short pnl booked until now:-5975.000000000001
2023-08-30 11:29:58,000 - NIFTY31AUG23C19400 went short at price-64.75, time-11:29:58
2023-08-30 11:29:58,002 - short entry dict: [0.0, 64.5, 64.35, 60.5, 64.55, 64.65, 64.75]
2023-08-30 11:29:59,207 - NIFTY31AUG23C19400 candle closing price at time 2023-08-30 11:29:59.207356+05:30 is 65.0
2023-08-30 11:30:19,253 - short entry dict: [0.0, 64.5, 64.35, 60.5, 64.55, 64.65, 64.75]
2023-08-30 11:30:19,253 - short exit dict: [0.0, 66.5, 66.0, 67.75, 65.05, 65.2, 65.2]
2023-08-30 11:30:19,253 - last entry was at : 64.75 and exit at: 65.2
2023-08-30 11:30:19,253 - short pnl booked until now:-6200.000000000003
2023-08-30 11:44:58,002 - NIFTY31AUG23C19400 went short at price-62.7, time-11:44:58
2023-08-30 11:44:58,002 - short entry dict: [0.0, 64.5, 64.35, 60.5, 64.55, 64.65, 64.75, 62.7]
2023-08-30 11:44:59,208 - NIFTY31AUG23C19400 candle closing price at time 2023-08-30 11:44:59.207997+05:30 is 62.55
2023-08-30 11:59:59,267 - NIFTY31AUG23C19400 candle closing price at time 2023-08-30 11:59:59.267421+05:30 is 62.45
2023-08-30 12:14:59,019 - NIFTY31AUG23C19400 candle closing price at time 2023-08-30 12:14:59.019447+05:30 is 62.3
2023-08-30 12:29:59,005 - NIFTY31AUG23C19400 candle closing price at time 2023-08-30 12:29:59.005520+05:30 is 58.35
2023-08-30 12:44:59,167 - NIFTY31AUG23C19400 candle closing price at time 2023-08-30 12:44:59.167495+05:30 is 55.2
2023-08-30 12:53:04,637 - short entry dict: [0.0, 64.5, 64.35, 60.5, 64.55, 64.65, 64.75, 62.7]
2023-08-30 12:53:04,637 - short exit dict: [0.0, 66.5, 66.0, 67.75, 65.05, 65.2, 65.2, 53.05]
2023-08-30 12:53:04,637 - last entry was at : 62.7 and exit at: 53.05
2023-08-30 12:53:04,637 - short pnl booked until now:-1375.0
2023-08-30 12:59:58,000 - NIFTY31AUG23C19400 went short at price-51.95, time-12:59:58
2023-08-30 12:59:58,007 - short entry dict: [0.0, 64.5, 64.35, 60.5, 64.55, 64.65, 64.75, 62.7, 51.95]
2023-08-30 12:59:59,212 - NIFTY31AUG23C19400 candle closing price at time 2023-08-30 12:59:59.212136+05:30 is 52.2
2023-08-30 13:09:04,145 - short entry dict: [0.0, 64.5, 64.35, 60.5, 64.55, 64.65, 64.75, 62.7, 51.95]
2023-08-30 13:09:04,145 - short exit dict: [0.0, 66.5, 66.0, 67.75, 65.05, 65.2, 65.2, 53.05, 53.85]
2023-08-30 13:09:04,145 - last entry was at : 51.95 and exit at: 53.85
2023-08-30 13:09:04,146 - short pnl booked until now:-2324.999999999999
2023-08-30 13:14:59,215 - NIFTY31AUG23C19400 candle closing price at time 2023-08-30 13:14:59.214732+05:30 is 57.6
2023-08-30 13:29:59,267 - NIFTY31AUG23C19400 candle closing price at time 2023-08-30 13:29:59.267037+05:30 is 55.85
2023-08-30 13:44:58,002 - NIFTY31AUG23C19400 went short at price-49.1, time-13:44:58
2023-08-30 13:44:58,003 - short entry dict: [0.0, 64.5, 64.35, 60.5, 64.55, 64.65, 64.75, 62.7, 51.95, 49.1]
2023-08-30 13:44:59,208 - NIFTY31AUG23C19400 candle closing price at time 2023-08-30 13:44:59.208052+05:30 is 48.8
2023-08-30 13:59:59,082 - NIFTY31AUG23C19400 candle closing price at time 2023-08-30 13:59:59.082534+05:30 is 48.45
2023-08-30 14:14:59,062 - NIFTY31AUG23C19400 candle closing price at time 2023-08-30 14:14:59.062605+05:30 is 35.8
2023-08-30 14:29:59,092 - NIFTY31AUG23C19400 candle closing price at time 2023-08-30 14:29:59.091801+05:30 is 34.2
2023-08-30 14:44:59,055 - NIFTY31AUG23C19400 candle closing price at time 2023-08-30 14:44:59.055453+05:30 is 23.1
2023-08-30 14:59:59,095 - NIFTY31AUG23C19400 candle closing price at time 2023-08-30 14:59:59.095138+05:30 is 24.45
2023-08-30 15:14:59,081 - NIFTY31AUG23C19400 candle closing price at time 2023-08-30 15:14:59.080749+05:30 is 17.7
2023-08-31 09:30:14,996 - NIFTY31AUG23C19400 went short at price-10.5, time-9:30:14
2023-08-31 09:30:14,997 - short entry dict: [0.0, 10.5]
2023-08-31 09:44:59,053 - NIFTY31AUG23C19400 candle closing price at time 2023-08-31 09:44:59.052869+05:30 is 17.4
2023-08-31 09:48:08,701 - short entry dict: [0.0, 10.5]
2023-08-31 09:48:08,706 - short exit dict: [0.0, 22.2]
2023-08-31 09:48:08,712 - last entry was at : 10.5 and exit at: 22.2
2023-08-31 09:48:08,717 - short pnl booked until now:-5850.0
2023-08-31 09:59:58,000 - NIFTY31AUG23C19400 went short at price-19.75, time-9:59:58
2023-08-31 09:59:58,002 - short entry dict: [0.0, 10.5, 19.75]
2023-08-31 09:59:59,206 - NIFTY31AUG23C19400 candle closing price at time 2023-08-31 09:59:59.206102+05:30 is 19.75
2023-08-31 10:14:59,006 - NIFTY31AUG23C19400 candle closing price at time 2023-08-31 10:14:59.006838+05:30 is 10.55
2023-08-31 10:29:59,059 - NIFTY31AUG23C19400 candle closing price at time 2023-08-31 10:29:59.059628+05:30 is 7.2
2023-08-31 10:44:59,125 - NIFTY31AUG23C19400 candle closing price at time 2023-08-31 10:44:59.124953+05:30 is 6.9
2023-08-31 10:59:59,176 - NIFTY31AUG23C19400 candle closing price at time 2023-08-31 10:59:59.176800+05:30 is 6.4
2023-08-31 11:14:59,157 - NIFTY31AUG23C19400 candle closing price at time 2023-08-31 11:14:59.157337+05:30 is 5.5
2023-08-31 11:29:59,224 - NIFTY31AUG23C19400 candle closing price at time 2023-08-31 11:29:59.224310+05:30 is 6.65
2023-08-31 11:44:59,090 - NIFTY31AUG23C19400 candle closing price at time 2023-08-31 11:44:59.090208+05:30 is 5.95
2023-08-31 11:59:59,223 - NIFTY31AUG23C19400 candle closing price at time 2023-08-31 11:59:59.223642+05:30 is 4.25
2023-08-31 12:14:59,104 - NIFTY31AUG23C19400 candle closing price at time 2023-08-31 12:14:59.104781+05:30 is 3.95
2023-08-31 12:29:59,283 - NIFTY31AUG23C19400 candle closing price at time 2023-08-31 12:29:59.283293+05:30 is 3.8
2023-08-31 12:44:59,024 - NIFTY31AUG23C19400 candle closing price at time 2023-08-31 12:44:59.023698+05:30 is 3.7
2023-08-31 12:59:59,253 - NIFTY31AUG23C19400 candle closing price at time 2023-08-31 12:59:59.253703+05:30 is 3.35
2023-08-31 13:14:59,244 - NIFTY31AUG23C19400 candle closing price at time 2023-08-31 13:14:59.244849+05:30 is 1.85
2023-08-31 13:29:59,080 - NIFTY31AUG23C19400 candle closing price at time 2023-08-31 13:29:59.080249+05:30 is 1.6
2023-08-31 13:44:59,087 - NIFTY31AUG23C19400 candle closing price at time 2023-08-31 13:44:59.087398+05:30 is 2.1
2023-08-31 13:59:59,227 - NIFTY31AUG23C19400 candle closing price at time 2023-08-31 13:59:59.226940+05:30 is 0.95
2023-08-31 14:14:59,164 - NIFTY31AUG23C19400 candle closing price at time 2023-08-31 14:14:59.164572+05:30 is 0.95
2023-08-31 14:29:59,280 - NIFTY31AUG23C19400 candle closing price at time 2023-08-31 14:29:59.279991+05:30 is 0.7
2023-08-31 14:44:59,126 - NIFTY31AUG23C19400 candle closing price at time 2023-08-31 14:44:59.126628+05:30 is 0.4
2023-08-31 14:59:59,087 - NIFTY31AUG23C19400 candle closing price at time 2023-08-31 14:59:59.087620+05:30 is 0.25
2023-08-31 15:14:59,244 - NIFTY31AUG23C19400 candle closing price at time 2023-08-31 15:14:59.244611+05:30 is 0.15
