2023-09-07 09:31:12,838 - BANKNIFTY13SEP23C44800 went short at price-94.6, time-9:31:12
2023-09-07 09:31:12,838 - short entry dict: [0.0, 94.6]
2023-09-07 09:44:59,218 - BANKNIFTY13SEP23C44800 candle closing price at time 2023-09-07 09:44:59.218081+05:30 is 95.2
2023-09-07 09:54:46,661 - short entry dict: [0.0, 94.6]
2023-09-07 09:54:46,666 - short exit dict: [0.0, 125.0]
2023-09-07 09:54:46,672 - last entry was at : 94.6 and exit at: 125.0
2023-09-07 09:54:46,677 - short pnl booked until now:-9120.000000000002
2023-09-07 09:59:59,206 - BANKNIFTY13SEP23C44800 candle closing price at time 2023-09-07 09:59:59.206370+05:30 is 128.0
2023-09-07 10:14:58,002 - BANKNIFTY13SEP23C44800 went short at price-123.0, time-10:14:58
2023-09-07 10:14:58,002 - short entry dict: [0.0, 94.6, 123.0]
2023-09-07 10:14:59,206 - BANKNIFTY13SEP23C44800 candle closing price at time 2023-09-07 10:14:59.206386+05:30 is 123.25
2023-09-07 10:15:13,537 - short entry dict: [0.0, 94.6, 123.0]
2023-09-07 10:15:13,537 - short exit dict: [0.0, 125.0, 127.6]
2023-09-07 10:15:13,537 - last entry was at : 123.0 and exit at: 127.6
2023-09-07 10:15:13,537 - short pnl booked until now:-10500.0
2023-09-07 10:29:58,001 - BANKNIFTY13SEP23C44800 went short at price-118.35, time-10:29:58
2023-09-07 10:29:58,003 - short entry dict: [0.0, 94.6, 123.0, 118.35]
2023-09-07 10:29:59,206 - BANKNIFTY13SEP23C44800 candle closing price at time 2023-09-07 10:29:59.206904+05:30 is 118.7
2023-09-07 10:38:35,102 - short entry dict: [0.0, 94.6, 123.0, 118.35]
2023-09-07 10:38:35,107 - short exit dict: [0.0, 125.0, 127.6, 126.4]
2023-09-07 10:38:35,112 - last entry was at : 118.35 and exit at: 126.4
2023-09-07 10:38:35,128 - short pnl booked until now:-12915.000000000004
2023-09-07 10:44:59,205 - BANKNIFTY13SEP23C44800 candle closing price at time 2023-09-07 10:44:59.205751+05:30 is 132.7
2023-09-07 10:59:59,206 - BANKNIFTY13SEP23C44800 candle closing price at time 2023-09-07 10:59:59.206024+05:30 is 138.45
2023-09-07 11:14:59,177 - BANKNIFTY13SEP23C44800 candle closing price at time 2023-09-07 11:14:59.177140+05:30 is 211.5
2023-09-07 11:29:59,052 - BANKNIFTY13SEP23C44800 candle closing price at time 2023-09-07 11:29:59.052603+05:30 is 184.2
2023-09-07 11:44:58,006 - BANKNIFTY13SEP23C44800 went short at price-123.5, time-11:44:58
2023-09-07 11:44:58,006 - short entry dict: [0.0, 94.6, 123.0, 118.35, 123.5]
2023-09-07 11:44:59,210 - BANKNIFTY13SEP23C44800 candle closing price at time 2023-09-07 11:44:59.210065+05:30 is 123.0
2023-09-07 11:59:59,238 - BANKNIFTY13SEP23C44800 candle closing price at time 2023-09-07 11:59:59.238357+05:30 is 130.4
2023-09-07 12:14:59,217 - BANKNIFTY13SEP23C44800 candle closing price at time 2023-09-07 12:14:59.217399+05:30 is 119.9
2023-09-07 12:29:59,154 - BANKNIFTY13SEP23C44800 candle closing price at time 2023-09-07 12:29:59.154205+05:30 is 103.65
2023-09-07 12:44:59,036 - BANKNIFTY13SEP23C44800 candle closing price at time 2023-09-07 12:44:59.036736+05:30 is 112.0
2023-09-07 12:59:59,012 - BANKNIFTY13SEP23C44800 candle closing price at time 2023-09-07 12:59:59.012528+05:30 is 110.25
2023-09-07 13:14:59,101 - BANKNIFTY13SEP23C44800 candle closing price at time 2023-09-07 13:14:59.101448+05:30 is 117.0
2023-09-07 13:19:43,425 - short entry dict: [0.0, 94.6, 123.0, 118.35, 123.5]
2023-09-07 13:19:43,430 - short exit dict: [0.0, 125.0, 127.6, 126.4, 128.35]
2023-09-07 13:19:43,435 - last entry was at : 123.5 and exit at: 128.35
2023-09-07 13:19:43,435 - short pnl booked until now:-14370.000000000002
2023-09-07 13:29:59,208 - BANKNIFTY13SEP23C44800 candle closing price at time 2023-09-07 13:29:59.208427+05:30 is 136.9
2023-09-07 13:44:59,045 - BANKNIFTY13SEP23C44800 candle closing price at time 2023-09-07 13:44:59.045592+05:30 is 149.85
2023-09-07 13:59:59,038 - BANKNIFTY13SEP23C44800 candle closing price at time 2023-09-07 13:59:59.038797+05:30 is 143.5
2023-09-07 14:14:59,236 - BANKNIFTY13SEP23C44800 candle closing price at time 2023-09-07 14:14:59.236317+05:30 is 176.65
2023-09-07 14:29:59,075 - BANKNIFTY13SEP23C44800 candle closing price at time 2023-09-07 14:29:59.075605+05:30 is 206.75
2023-09-07 14:44:59,036 - BANKNIFTY13SEP23C44800 candle closing price at time 2023-09-07 14:44:59.036276+05:30 is 306.75
2023-09-07 14:59:59,258 - BANKNIFTY13SEP23C44800 candle closing price at time 2023-09-07 14:59:59.258816+05:30 is 315.0
2023-09-07 15:14:59,229 - BANKNIFTY13SEP23C44800 candle closing price at time 2023-09-07 15:14:59.229504+05:30 is 285.6
