2023-07-28 13:18:35,139 - BANKNIFTY03AUG23P45400 went short at price-265.0, time-13:18:35
2023-07-28 13:18:35,140 - short entry dict: [0.0, 265.0]
2023-07-28 13:24:18,141 - short entry dict: [0.0, 265.0]
2023-07-28 13:24:18,142 - short exit dict: [0.0, 288.75]
2023-07-28 13:24:18,142 - last entry was at : 265.0 and exit at: 288.75
2023-07-28 13:24:18,142 - short pnl booked until now:-7125.0
2023-07-28 13:29:58,002 - BANKNIFTY03AUG23P45400 went short at price-273.45, time-13:29:58
2023-07-28 13:29:58,002 - short entry dict: [0.0, 265.0, 273.45]
2023-07-28 13:29:59,206 - BANKNIFTY03AUG23P45400 candle closing price at time 2023-07-28 13:29:59.206683+05:30 is 273.75
2023-07-28 13:36:02,555 - short entry dict: [0.0, 265.0, 273.45]
2023-07-28 13:36:02,555 - short exit dict: [0.0, 288.75, 283.25]
2023-07-28 13:36:02,555 - last entry was at : 273.45 and exit at: 283.25
2023-07-28 13:36:02,555 - short pnl booked until now:-10065.000000000004
2023-07-28 13:44:59,205 - BANKNIFTY03AUG23P45400 candle closing price at time 2023-07-28 13:44:59.204912+05:30 is 304.0
2023-07-28 13:59:59,141 - BANKNIFTY03AUG23P45400 candle closing price at time 2023-07-28 13:59:59.141302+05:30 is 278.0
2023-07-28 14:14:59,048 - BANKNIFTY03AUG23P45400 candle closing price at time 2023-07-28 14:14:59.048786+05:30 is 262.8
2023-07-28 14:29:59,156 - BANKNIFTY03AUG23P45400 candle closing price at time 2023-07-28 14:29:59.156715+05:30 is 266.15
2023-07-28 14:44:59,043 - BANKNIFTY03AUG23P45400 candle closing price at time 2023-07-28 14:44:59.043877+05:30 is 254.8
2023-07-28 14:59:59,014 - BANKNIFTY03AUG23P45400 candle closing price at time 2023-07-28 14:59:59.014021+05:30 is 228.55
2023-07-28 15:14:58,003 - BANKNIFTY03AUG23P45400 went short at price-193.75, time-15:14:58
2023-07-28 15:14:58,003 - short entry dict: [0.0, 265.0, 273.45, 193.75]
2023-07-28 15:14:59,209 - BANKNIFTY03AUG23P45400 candle closing price at time 2023-07-28 15:14:59.208994+05:30 is 194.3
2023-07-28 15:16:10,033 - short entry dict: [0.0, 265.0, 273.45, 193.75]
2023-07-28 15:16:10,034 - short exit dict: [0.0, 288.75, 283.25, 201.95]
2023-07-28 15:16:10,034 - last entry was at : 193.75 and exit at: 201.95
2023-07-28 15:16:10,034 - short pnl booked until now:-12525.0
