2023-08-18 09:31:20,093 - BANKNIFTY24AUG23C43900 went short at price-290.55, time-9:31:20
2023-08-18 09:31:20,093 - short entry dict: [0.0, 290.55]
2023-08-18 09:44:59,219 - BANKNIFTY24AUG23C43900 candle closing price at time 2023-08-18 09:44:59.219649+05:30 is 267.15
2023-08-18 09:59:59,294 - BANKNIFTY24AUG23C43900 candle closing price at time 2023-08-18 09:59:59.294318+05:30 is 251.15
2023-08-18 10:14:59,059 - BANKNIFTY24AUG23C43900 candle closing price at time 2023-08-18 10:14:59.058855+05:30 is 254.55
2023-08-18 10:29:59,021 - BANKNIFTY24AUG23C43900 candle closing price at time 2023-08-18 10:29:59.021271+05:30 is 276.0
2023-08-18 10:44:59,218 - BANKNIFTY24AUG23C43900 candle closing price at time 2023-08-18 10:44:59.217934+05:30 is 269.3
2023-08-18 10:59:59,075 - BANKNIFTY24AUG23C43900 candle closing price at time 2023-08-18 10:59:59.075532+05:30 is 266.8
2023-08-18 11:14:59,182 - BANKNIFTY24AUG23C43900 candle closing price at time 2023-08-18 11:14:59.182475+05:30 is 268.0
2023-08-18 11:29:59,218 - BANKNIFTY24AUG23C43900 candle closing price at time 2023-08-18 11:29:59.218410+05:30 is 266.5
2023-08-18 11:44:59,259 - BANKNIFTY24AUG23C43900 candle closing price at time 2023-08-18 11:44:59.259198+05:30 is 264.45
2023-08-18 11:59:59,214 - BANKNIFTY24AUG23C43900 candle closing price at time 2023-08-18 11:59:59.214662+05:30 is 252.95
2023-08-18 12:14:59,155 - BANKNIFTY24AUG23C43900 candle closing price at time 2023-08-18 12:14:59.155294+05:30 is 252.35
2023-08-18 12:29:59,290 - BANKNIFTY24AUG23C43900 candle closing price at time 2023-08-18 12:29:59.289946+05:30 is 234.0
2023-08-18 12:44:59,081 - BANKNIFTY24AUG23C43900 candle closing price at time 2023-08-18 12:44:59.081348+05:30 is 235.95
2023-08-18 12:59:59,010 - BANKNIFTY24AUG23C43900 candle closing price at time 2023-08-18 12:59:59.010504+05:30 is 231.15
2023-08-18 13:14:59,060 - BANKNIFTY24AUG23C43900 candle closing price at time 2023-08-18 13:14:59.059703+05:30 is 209.2
2023-08-18 13:29:59,294 - BANKNIFTY24AUG23C43900 candle closing price at time 2023-08-18 13:29:59.294743+05:30 is 210.75
2023-08-18 13:44:59,035 - BANKNIFTY24AUG23C43900 candle closing price at time 2023-08-18 13:44:59.035128+05:30 is 213.1
2023-08-18 13:59:59,141 - BANKNIFTY24AUG23C43900 candle closing price at time 2023-08-18 13:59:59.141235+05:30 is 213.75
2023-08-18 14:14:59,212 - BANKNIFTY24AUG23C43900 candle closing price at time 2023-08-18 14:14:59.212526+05:30 is 236.5
2023-08-18 14:19:13,526 - short entry dict: [0.0, 290.55]
2023-08-18 14:19:13,526 - short exit dict: [0.0, 257.95]
2023-08-18 14:19:13,526 - last entry was at : 290.55 and exit at: 257.95
2023-08-18 14:19:13,527 - short pnl booked until now:9780.000000000007
2023-08-18 14:29:59,209 - BANKNIFTY24AUG23C43900 candle closing price at time 2023-08-18 14:29:59.209431+05:30 is 261.85
2023-08-18 14:44:58,015 - BANKNIFTY24AUG23C43900 went short at price-242.65, time-14:44:58
2023-08-18 14:44:58,016 - short entry dict: [0.0, 290.55, 242.65]
2023-08-18 14:44:59,223 - BANKNIFTY24AUG23C43900 candle closing price at time 2023-08-18 14:44:59.223545+05:30 is 243.2
2023-08-18 14:59:59,136 - BANKNIFTY24AUG23C43900 candle closing price at time 2023-08-18 14:59:59.136119+05:30 is 247.3
2023-08-18 15:00:16,201 - short entry dict: [0.0, 290.55, 242.65]
2023-08-18 15:00:16,202 - short exit dict: [0.0, 257.95, 256.5]
2023-08-18 15:00:16,202 - last entry was at : 242.65 and exit at: 256.5
2023-08-18 15:00:16,202 - short pnl booked until now:5625.000000000009
2023-08-18 15:14:58,014 - BANKNIFTY24AUG23C43900 went short at price-232.8, time-15:14:58
2023-08-18 15:14:58,015 - short entry dict: [0.0, 290.55, 242.65, 232.8]
2023-08-18 15:14:59,220 - BANKNIFTY24AUG23C43900 candle closing price at time 2023-08-18 15:14:59.220829+05:30 is 232.85
2023-08-21 09:31:19,127 - BANKNIFTY24AUG23C43900 went short at price-230.2, time-9:31:19
2023-08-21 09:31:19,127 - short entry dict: [0.0, 230.2]
2023-08-21 09:44:59,150 - BANKNIFTY24AUG23C43900 candle closing price at time 2023-08-21 09:44:59.150294+05:30 is 230.55
2023-08-21 09:59:59,204 - BANKNIFTY24AUG23C43900 candle closing price at time 2023-08-21 09:59:59.203956+05:30 is 206.55
2023-08-21 10:14:59,024 - BANKNIFTY24AUG23C43900 candle closing price at time 2023-08-21 10:14:59.023713+05:30 is 204.45
2023-08-21 10:29:59,152 - BANKNIFTY24AUG23C43900 candle closing price at time 2023-08-21 10:29:59.152640+05:30 is 236.7
2023-08-21 10:30:12,070 - short entry dict: [0.0, 230.2]
2023-08-21 10:30:12,070 - short exit dict: [0.0, 241.0]
2023-08-21 10:30:12,070 - last entry was at : 230.2 and exit at: 241.0
2023-08-21 10:30:12,071 - short pnl booked until now:-3240.0000000000036
2023-08-21 10:44:59,233 - BANKNIFTY24AUG23C43900 candle closing price at time 2023-08-21 10:44:59.233785+05:30 is 247.35
2023-08-21 10:59:58,007 - BANKNIFTY24AUG23C43900 went short at price-239.7, time-10:59:58
2023-08-21 10:59:58,007 - short entry dict: [0.0, 230.2, 239.7]
2023-08-21 10:59:59,213 - BANKNIFTY24AUG23C43900 candle closing price at time 2023-08-21 10:59:59.213045+05:30 is 239.6
2023-08-21 11:00:07,234 - short entry dict: [0.0, 230.2, 239.7]
2023-08-21 11:00:07,235 - short exit dict: [0.0, 241.0, 241.55]
2023-08-21 11:00:07,235 - last entry was at : 239.7 and exit at: 241.55
2023-08-21 11:00:07,235 - short pnl booked until now:-3795.0000000000105
2023-08-21 11:14:59,213 - BANKNIFTY24AUG23C43900 candle closing price at time 2023-08-21 11:14:59.213762+05:30 is 275.8
2023-08-21 11:29:59,247 - BANKNIFTY24AUG23C43900 candle closing price at time 2023-08-21 11:29:59.247116+05:30 is 249.35
2023-08-21 11:44:59,216 - BANKNIFTY24AUG23C43900 candle closing price at time 2023-08-21 11:44:59.216420+05:30 is 260.6
2023-08-21 11:59:59,237 - BANKNIFTY24AUG23C43900 candle closing price at time 2023-08-21 11:59:59.237095+05:30 is 259.0
2023-08-21 12:14:59,211 - BANKNIFTY24AUG23C43900 candle closing price at time 2023-08-21 12:14:59.211672+05:30 is 259.0
2023-08-21 12:29:59,122 - BANKNIFTY24AUG23C43900 candle closing price at time 2023-08-21 12:29:59.122427+05:30 is 271.9
2023-08-21 12:44:59,284 - BANKNIFTY24AUG23C43900 candle closing price at time 2023-08-21 12:44:59.283915+05:30 is 284.5
2023-08-21 12:59:59,054 - BANKNIFTY24AUG23C43900 candle closing price at time 2023-08-21 12:59:59.054904+05:30 is 286.95
2023-08-21 13:14:59,055 - BANKNIFTY24AUG23C43900 candle closing price at time 2023-08-21 13:14:59.055181+05:30 is 305.0
2023-08-21 13:29:59,043 - BANKNIFTY24AUG23C43900 candle closing price at time 2023-08-21 13:29:59.043511+05:30 is 308.0
2023-08-21 13:44:59,084 - BANKNIFTY24AUG23C43900 candle closing price at time 2023-08-21 13:44:59.084245+05:30 is 300.0
2023-08-21 13:59:59,127 - BANKNIFTY24AUG23C43900 candle closing price at time 2023-08-21 13:59:59.127543+05:30 is 295.8
2023-08-21 14:14:59,270 - BANKNIFTY24AUG23C43900 candle closing price at time 2023-08-21 14:14:59.269920+05:30 is 277.9
2023-08-21 14:29:59,052 - BANKNIFTY24AUG23C43900 candle closing price at time 2023-08-21 14:29:59.052244+05:30 is 290.3
2023-08-21 14:44:59,220 - BANKNIFTY24AUG23C43900 candle closing price at time 2023-08-21 14:44:59.220745+05:30 is 298.15
2023-08-21 14:59:59,245 - BANKNIFTY24AUG23C43900 candle closing price at time 2023-08-21 14:59:59.245757+05:30 is 317.1
2023-08-21 15:14:59,207 - BANKNIFTY24AUG23C43900 candle closing price at time 2023-08-21 15:14:59.207766+05:30 is 279.0
