2023-08-18 09:31:17,189 - BANKNIFTY24AUG23C44000 went long at price-237.65, time-9:31:17
2023-08-18 09:31:17,189 - long entry dict:[0.0, 237.65]
2023-08-18 09:31:17,190 - long exit dict:[0.0]
2023-08-18 09:31:17,190 - HEDGE-BANKNIFTY24AUG23C44000 went long at price-237.65, time-9:31:17
2023-08-21 09:31:16,678 - BANKNIFTY24AUG23C44000 went long at price-182.75, time-9:31:16
2023-08-21 09:31:16,679 - long entry dict:[0.0, 182.75]
2023-08-21 09:31:16,679 - long exit dict:[0.0]
2023-08-21 09:31:16,679 - HEDGE-BANKNIFTY24AUG23C44000 went long at price-182.75, time-9:31:16
2023-08-23 09:31:13,417 - BANKNIFTY24AUG23C44000 went short at price-137.15, time-9:31:13
2023-08-23 09:31:13,418 - short entry dict: [0.0, 137.15]
2023-08-23 09:44:59,282 - BANKNIFTY24AUG23C44000 candle closing price at time 2023-08-23 09:44:59.282232+05:30 is 142.2
2023-08-23 09:59:59,263 - BANKNIFTY24AUG23C44000 candle closing price at time 2023-08-23 09:59:59.263741+05:30 is 122.25
2023-08-23 10:14:59,052 - BANKNIFTY24AUG23C44000 candle closing price at time 2023-08-23 10:14:59.052547+05:30 is 121.7
2023-08-23 10:29:59,037 - BANKNIFTY24AUG23C44000 candle closing price at time 2023-08-23 10:29:59.037301+05:30 is 125.45
2023-08-23 10:44:59,287 - BANKNIFTY24AUG23C44000 candle closing price at time 2023-08-23 10:44:59.287144+05:30 is 126.9
2023-08-23 10:59:59,007 - BANKNIFTY24AUG23C44000 candle closing price at time 2023-08-23 10:59:59.007921+05:30 is 141.65
2023-08-23 11:06:51,300 - short entry dict: [0.0, 137.15]
2023-08-23 11:06:51,300 - short exit dict: [0.0, 183.6]
2023-08-23 11:06:51,300 - last entry was at : 137.15 and exit at: 183.6
2023-08-23 11:06:51,300 - short pnl booked until now:-13934.999999999996
2023-08-23 11:14:59,205 - BANKNIFTY24AUG23C44000 candle closing price at time 2023-08-23 11:14:59.205658+05:30 is 213.9
2023-08-23 11:29:59,269 - BANKNIFTY24AUG23C44000 candle closing price at time 2023-08-23 11:29:59.269168+05:30 is 252.9
2023-08-23 11:44:59,171 - BANKNIFTY24AUG23C44000 candle closing price at time 2023-08-23 11:44:59.171300+05:30 is 279.6
2023-08-23 11:59:59,296 - BANKNIFTY24AUG23C44000 candle closing price at time 2023-08-23 11:59:59.296184+05:30 is 256.1
2023-08-23 12:14:59,120 - BANKNIFTY24AUG23C44000 candle closing price at time 2023-08-23 12:14:59.119937+05:30 is 278.8
2023-08-23 12:29:59,184 - BANKNIFTY24AUG23C44000 candle closing price at time 2023-08-23 12:29:59.184473+05:30 is 328.75
2023-08-23 12:44:59,211 - BANKNIFTY24AUG23C44000 candle closing price at time 2023-08-23 12:44:59.211835+05:30 is 418.55
2023-08-23 12:59:59,065 - BANKNIFTY24AUG23C44000 candle closing price at time 2023-08-23 12:59:59.065261+05:30 is 437.8
2023-08-23 13:14:59,224 - BANKNIFTY24AUG23C44000 candle closing price at time 2023-08-23 13:14:59.224777+05:30 is 417.6
2023-08-23 13:29:59,030 - BANKNIFTY24AUG23C44000 candle closing price at time 2023-08-23 13:29:59.030000+05:30 is 422.15
2023-08-23 13:44:59,208 - BANKNIFTY24AUG23C44000 candle closing price at time 2023-08-23 13:44:59.208825+05:30 is 443.45
2023-08-23 13:59:59,134 - BANKNIFTY24AUG23C44000 candle closing price at time 2023-08-23 13:59:59.134164+05:30 is 480.0
2023-08-23 14:14:59,167 - BANKNIFTY24AUG23C44000 candle closing price at time 2023-08-23 14:14:59.167456+05:30 is 492.1
2023-08-23 14:29:59,157 - BANKNIFTY24AUG23C44000 candle closing price at time 2023-08-23 14:29:59.157640+05:30 is 449.2
2023-08-23 14:44:59,014 - BANKNIFTY24AUG23C44000 candle closing price at time 2023-08-23 14:44:59.014828+05:30 is 483.4
2023-08-23 14:59:59,012 - BANKNIFTY24AUG23C44000 candle closing price at time 2023-08-23 14:59:59.012730+05:30 is 490.0
2023-08-23 15:14:59,141 - BANKNIFTY24AUG23C44000 candle closing price at time 2023-08-23 15:14:59.141188+05:30 is 461.6
