2023-09-04 09:31:11,054 - BANKNIFTY06SEP23P44300 went long at price-104.25, time-9:31:11
2023-09-04 09:31:11,055 - long entry dict:[0.0, 104.25]
2023-09-04 09:31:11,056 - long exit dict:[0.0]
2023-09-04 09:31:11,056 - HEDGE-BANKNIFTY06SEP23P44300 went long at price-104.25, time-9:31:11
2023-09-05 10:55:12,788 - BANKNIFTY06SEP23P44300 went long at price-61.4, time-10:55:12
2023-09-05 10:55:12,789 - long entry dict:[0.0, 61.4]
2023-09-05 10:55:12,790 - long exit dict:[0.0]
2023-09-05 10:55:12,791 - HEDGE-BANKNIFTY06SEP23P44300 went long at price-61.4, time-10:55:12
2023-09-06 10:05:20,869 - BANKNIFTY06SEP23P44300 went short at price-32.25, time-10:5:20
2023-09-06 10:05:20,870 - short entry dict: [0.0, 32.25]
2023-09-06 10:14:59,069 - BANKNIFTY06SEP23P44300 candle closing price at time 2023-09-06 10:14:59.068784+05:30 is 31.4
2023-09-06 10:29:59,292 - BANKNIFTY06SEP23P44300 candle closing price at time 2023-09-06 10:29:59.292660+05:30 is 26.5
2023-09-06 10:44:59,023 - BANKNIFTY06SEP23P44300 candle closing price at time 2023-09-06 10:44:59.022976+05:30 is 15.5
2023-09-06 10:59:59,064 - BANKNIFTY06SEP23P44300 candle closing price at time 2023-09-06 10:59:59.064725+05:30 is 17.0
2023-09-06 11:14:59,140 - BANKNIFTY06SEP23P44300 candle closing price at time 2023-09-06 11:14:59.140650+05:30 is 18.8
2023-09-06 11:29:59,170 - BANKNIFTY06SEP23P44300 candle closing price at time 2023-09-06 11:29:59.170383+05:30 is 31.35
2023-09-06 11:37:08,936 - short entry dict: [0.0, 32.25]
2023-09-06 11:37:08,936 - short exit dict: [0.0, 44.85]
2023-09-06 11:37:08,936 - last entry was at : 32.25 and exit at: 44.85
2023-09-06 11:37:08,936 - short pnl booked until now:-3780.0000000000005
2023-09-06 11:44:59,204 - BANKNIFTY06SEP23P44300 candle closing price at time 2023-09-06 11:44:59.204247+05:30 is 55.4
2023-09-06 11:59:59,286 - BANKNIFTY06SEP23P44300 candle closing price at time 2023-09-06 11:59:59.285994+05:30 is 58.05
2023-09-06 12:14:59,203 - BANKNIFTY06SEP23P44300 candle closing price at time 2023-09-06 12:14:59.203741+05:30 is 44.55
2023-09-06 12:29:59,086 - BANKNIFTY06SEP23P44300 candle closing price at time 2023-09-06 12:29:59.086688+05:30 is 68.4
2023-09-06 12:44:59,218 - BANKNIFTY06SEP23P44300 candle closing price at time 2023-09-06 12:44:59.218675+05:30 is 100.05
2023-09-06 12:59:59,158 - BANKNIFTY06SEP23P44300 candle closing price at time 2023-09-06 12:59:59.158670+05:30 is 96.0
2023-09-06 13:14:59,294 - BANKNIFTY06SEP23P44300 candle closing price at time 2023-09-06 13:14:59.294265+05:30 is 88.5
2023-09-06 13:29:59,148 - BANKNIFTY06SEP23P44300 candle closing price at time 2023-09-06 13:29:59.147997+05:30 is 96.7
2023-09-06 13:44:58,009 - BANKNIFTY06SEP23P44300 went short at price-50.45, time-13:44:58
2023-09-06 13:44:58,010 - short entry dict: [0.0, 32.25, 50.45]
2023-09-06 13:44:59,216 - BANKNIFTY06SEP23P44300 candle closing price at time 2023-09-06 13:44:59.215944+05:30 is 49.15
2023-09-06 13:47:24,781 - short entry dict: [0.0, 32.25, 50.45]
2023-09-06 13:47:24,781 - short exit dict: [0.0, 44.85, 61.9]
2023-09-06 13:47:24,781 - last entry was at : 50.45 and exit at: 61.9
2023-09-06 13:47:24,782 - short pnl booked until now:-7214.999999999999
2023-09-06 13:59:59,206 - BANKNIFTY06SEP23P44300 candle closing price at time 2023-09-06 13:59:59.206404+05:30 is 64.3
2023-09-06 14:14:58,001 - BANKNIFTY06SEP23P44300 went short at price-34.05, time-14:14:58
2023-09-06 14:14:58,001 - short entry dict: [0.0, 32.25, 50.45, 34.05]
2023-09-06 14:14:59,206 - BANKNIFTY06SEP23P44300 candle closing price at time 2023-09-06 14:14:59.206411+05:30 is 33.75
2023-09-06 14:29:59,095 - BANKNIFTY06SEP23P44300 candle closing price at time 2023-09-06 14:29:59.095187+05:30 is 25.15
2023-09-06 14:44:59,023 - BANKNIFTY06SEP23P44300 candle closing price at time 2023-09-06 14:44:59.022960+05:30 is 10.7
2023-09-06 14:59:59,296 - BANKNIFTY06SEP23P44300 candle closing price at time 2023-09-06 14:59:59.296409+05:30 is 4.3
2023-09-06 15:14:59,256 - BANKNIFTY06SEP23P44300 candle closing price at time 2023-09-06 15:14:59.256832+05:30 is 0.2
