2023-09-08 09:31:16,385 - BANKNIFTY13SEP23C45500 went short at price-52.8, time-9:31:16
2023-09-08 09:31:16,385 - short entry dict: [0.0, 52.8]
2023-09-08 09:31:46,513 - short entry dict: [0.0, 52.8]
2023-09-08 09:31:46,513 - short exit dict: [0.0, 57.4]
2023-09-08 09:31:46,513 - last entry was at : 52.8 and exit at: 57.4
2023-09-08 09:31:46,513 - short pnl booked until now:-1380.0000000000005
2023-09-08 09:44:58,017 - BANKNIFTY13SEP23C45500 went short at price-54.4, time-9:44:58
2023-09-08 09:44:58,017 - short entry dict: [0.0, 52.8, 54.4]
2023-09-08 09:44:59,222 - BANKNIFTY13SEP23C45500 candle closing price at time 2023-09-08 09:44:59.221985+05:30 is 54.0
2023-09-08 09:59:59,207 - BANKNIFTY13SEP23C45500 candle closing price at time 2023-09-08 09:59:59.207900+05:30 is 53.3
2023-09-08 10:14:59,014 - BANKNIFTY13SEP23C45500 candle closing price at time 2023-09-08 10:14:59.014811+05:30 is 51.5
2023-09-08 10:29:59,115 - BANKNIFTY13SEP23C45500 candle closing price at time 2023-09-08 10:29:59.115267+05:30 is 45.8
2023-09-08 10:44:59,061 - BANKNIFTY13SEP23C45500 candle closing price at time 2023-09-08 10:44:59.061247+05:30 is 45.0
2023-09-08 10:59:59,113 - BANKNIFTY13SEP23C45500 candle closing price at time 2023-09-08 10:59:59.113912+05:30 is 46.85
2023-09-08 11:14:59,182 - BANKNIFTY13SEP23C45500 candle closing price at time 2023-09-08 11:14:59.182498+05:30 is 43.3
2023-09-08 11:29:59,210 - BANKNIFTY13SEP23C45500 candle closing price at time 2023-09-08 11:29:59.210095+05:30 is 53.7
2023-09-08 11:33:07,272 - short entry dict: [0.0, 52.8, 54.4]
2023-09-08 11:33:07,272 - short exit dict: [0.0, 57.4, 62.3]
2023-09-08 11:33:07,272 - last entry was at : 54.4 and exit at: 62.3
2023-09-08 11:33:07,272 - short pnl booked until now:-3750.0
2023-09-08 11:44:59,205 - BANKNIFTY13SEP23C45500 candle closing price at time 2023-09-08 11:44:59.205384+05:30 is 100.8
2023-09-08 11:59:59,034 - BANKNIFTY13SEP23C45500 candle closing price at time 2023-09-08 11:59:59.033966+05:30 is 99.85
2023-09-08 12:14:59,047 - BANKNIFTY13SEP23C45500 candle closing price at time 2023-09-08 12:14:59.047779+05:30 is 111.15
2023-09-08 12:29:59,277 - BANKNIFTY13SEP23C45500 candle closing price at time 2023-09-08 12:29:59.277883+05:30 is 96.6
2023-09-08 12:44:59,264 - BANKNIFTY13SEP23C45500 candle closing price at time 2023-09-08 12:44:59.264435+05:30 is 128.55
2023-09-08 12:59:59,130 - BANKNIFTY13SEP23C45500 candle closing price at time 2023-09-08 12:59:59.130702+05:30 is 104.85
2023-09-08 13:14:59,025 - BANKNIFTY13SEP23C45500 candle closing price at time 2023-09-08 13:14:59.024865+05:30 is 96.15
2023-09-08 13:29:59,274 - BANKNIFTY13SEP23C45500 candle closing price at time 2023-09-08 13:29:59.274101+05:30 is 97.4
2023-09-08 13:44:59,095 - BANKNIFTY13SEP23C45500 candle closing price at time 2023-09-08 13:44:59.095135+05:30 is 115.1
2023-09-08 13:59:59,182 - BANKNIFTY13SEP23C45500 candle closing price at time 2023-09-08 13:59:59.181982+05:30 is 104.8
2023-09-08 14:14:59,036 - BANKNIFTY13SEP23C45500 candle closing price at time 2023-09-08 14:14:59.036762+05:30 is 117.65
2023-09-08 14:29:59,148 - BANKNIFTY13SEP23C45500 candle closing price at time 2023-09-08 14:29:59.148517+05:30 is 187.6
2023-09-08 14:44:59,081 - BANKNIFTY13SEP23C45500 candle closing price at time 2023-09-08 14:44:59.081357+05:30 is 100.0
2023-09-08 14:59:59,286 - BANKNIFTY13SEP23C45500 candle closing price at time 2023-09-08 14:59:59.286351+05:30 is 100.0
2023-09-08 15:14:58,010 - BANKNIFTY13SEP23C45500 went short at price-81.3, time-15:14:58
2023-09-08 15:14:58,010 - short entry dict: [0.0, 52.8, 54.4, 81.3]
2023-09-08 15:14:59,215 - BANKNIFTY13SEP23C45500 candle closing price at time 2023-09-08 15:14:59.215067+05:30 is 81.6
2023-09-08 15:16:49,071 - short entry dict: [0.0, 52.8, 54.4, 81.3]
2023-09-08 15:16:49,076 - short exit dict: [0.0, 57.4, 62.3, 90.65]
2023-09-08 15:16:49,082 - last entry was at : 81.3 and exit at: 90.65
2023-09-08 15:16:49,087 - short pnl booked until now:-6555.000000000003
