2023-08-18 09:31:19,999 - NIFTY24AUG23P19200 went short at price-48.7, time-9:31:19
2023-08-18 09:31:19,999 - short entry dict: [0.0, 48.7]
2023-08-18 09:44:59,151 - NIFTY24AUG23P19200 candle closing price at time 2023-08-18 09:44:59.151774+05:30 is 57.9
2023-08-18 09:59:59,261 - NIFTY24AUG23P19200 candle closing price at time 2023-08-18 09:59:59.261620+05:30 is 66.6
2023-08-18 10:14:59,042 - NIFTY24AUG23P19200 candle closing price at time 2023-08-18 10:14:59.042252+05:30 is 62.25
2023-08-18 10:29:59,288 - NIFTY24AUG23P19200 candle closing price at time 2023-08-18 10:29:59.288313+05:30 is 58.55
2023-08-18 10:44:59,190 - NIFTY24AUG23P19200 candle closing price at time 2023-08-18 10:44:59.190752+05:30 is 62.45
2023-08-18 10:59:59,223 - NIFTY24AUG23P19200 candle closing price at time 2023-08-18 10:59:59.223124+05:30 is 58.45
2023-08-18 11:14:59,299 - NIFTY24AUG23P19200 candle closing price at time 2023-08-18 11:14:59.299575+05:30 is 54.6
2023-08-18 11:29:59,063 - NIFTY24AUG23P19200 candle closing price at time 2023-08-18 11:29:59.063156+05:30 is 50.85
2023-08-18 11:44:59,089 - NIFTY24AUG23P19200 candle closing price at time 2023-08-18 11:44:59.089023+05:30 is 46.75
2023-08-18 11:59:59,201 - NIFTY24AUG23P19200 candle closing price at time 2023-08-18 11:59:59.201538+05:30 is 46.3
2023-08-18 12:14:59,031 - NIFTY24AUG23P19200 candle closing price at time 2023-08-18 12:14:59.031732+05:30 is 45.8
2023-08-18 12:18:43,518 - short entry dict: [0.0, 48.7]
2023-08-18 12:18:43,518 - short exit dict: [0.0, 48.9]
2023-08-18 12:18:43,518 - last entry was at : 48.7 and exit at: 48.9
2023-08-18 12:18:43,518 - short pnl booked until now:-99.99999999999787
2023-08-18 12:29:59,217 - NIFTY24AUG23P19200 candle closing price at time 2023-08-18 12:29:59.217282+05:30 is 48.7
2023-08-18 12:44:58,006 - NIFTY24AUG23P19200 went short at price-48.45, time-12:44:58
2023-08-18 12:44:58,006 - short entry dict: [0.0, 48.7, 48.45]
2023-08-18 12:44:59,211 - NIFTY24AUG23P19200 candle closing price at time 2023-08-18 12:44:59.211743+05:30 is 48.5
2023-08-18 12:46:12,425 - short entry dict: [0.0, 48.7, 48.45]
2023-08-18 12:46:12,426 - short exit dict: [0.0, 48.9, 48.8]
2023-08-18 12:46:12,426 - last entry was at : 48.45 and exit at: 48.8
2023-08-18 12:46:12,426 - short pnl booked until now:-274.999999999995
2023-08-18 12:59:59,216 - NIFTY24AUG23P19200 candle closing price at time 2023-08-18 12:59:59.216315+05:30 is 50.65
2023-08-18 13:14:59,208 - NIFTY24AUG23P19200 candle closing price at time 2023-08-18 13:14:59.208387+05:30 is 61.2
2023-08-18 13:29:59,136 - NIFTY24AUG23P19200 candle closing price at time 2023-08-18 13:29:59.136018+05:30 is 58.2
2023-08-18 13:44:59,196 - NIFTY24AUG23P19200 candle closing price at time 2023-08-18 13:44:59.196411+05:30 is 58.5
2023-08-18 13:59:58,014 - NIFTY24AUG23P19200 went short at price-46.6, time-13:59:58
2023-08-18 13:59:58,014 - short entry dict: [0.0, 48.7, 48.45, 46.6]
2023-08-18 13:59:59,220 - NIFTY24AUG23P19200 candle closing price at time 2023-08-18 13:59:59.220715+05:30 is 46.45
2023-08-18 14:14:59,119 - NIFTY24AUG23P19200 candle closing price at time 2023-08-18 14:14:59.119654+05:30 is 35.85
2023-08-18 14:29:59,251 - NIFTY24AUG23P19200 candle closing price at time 2023-08-18 14:29:59.251248+05:30 is 33.85
2023-08-18 14:44:59,150 - NIFTY24AUG23P19200 candle closing price at time 2023-08-18 14:44:59.150702+05:30 is 36.9
2023-08-18 14:59:59,075 - NIFTY24AUG23P19200 candle closing price at time 2023-08-18 14:59:59.075310+05:30 is 39.35
2023-08-18 15:14:59,237 - NIFTY24AUG23P19200 candle closing price at time 2023-08-18 15:14:59.237494+05:30 is 42.2
2023-08-18 15:17:50,523 - short entry dict: [0.0, 48.7, 48.45, 46.6]
2023-08-18 15:17:50,523 - short exit dict: [0.0, 48.9, 48.8, 46.65]
2023-08-18 15:17:50,523 - last entry was at : 46.6 and exit at: 46.65
2023-08-18 15:17:50,523 - short pnl booked until now:-299.9999999999936
2023-08-21 09:31:18,661 - NIFTY24AUG23P19200 went short at price-29.8, time-9:31:18
2023-08-21 09:31:18,661 - short entry dict: [0.0, 29.8]
2023-08-21 09:44:59,080 - NIFTY24AUG23P19200 candle closing price at time 2023-08-21 09:44:59.079948+05:30 is 31.4
2023-08-21 09:59:59,251 - NIFTY24AUG23P19200 candle closing price at time 2023-08-21 09:59:59.251552+05:30 is 39.3
2023-08-21 10:12:49,447 - short entry dict: [0.0, 29.8]
2023-08-21 10:12:49,447 - short exit dict: [0.0, 46.05]
2023-08-21 10:12:49,447 - last entry was at : 29.8 and exit at: 46.05
2023-08-21 10:12:49,447 - short pnl booked until now:-8124.999999999998
2023-08-21 10:14:58,015 - NIFTY24AUG23P19200 went short at price-43.75, time-10:14:58
2023-08-21 10:14:58,016 - short entry dict: [0.0, 29.8, 43.75]
2023-08-21 10:14:59,222 - NIFTY24AUG23P19200 candle closing price at time 2023-08-21 10:14:59.222297+05:30 is 43.7
2023-08-21 10:15:19,274 - short entry dict: [0.0, 29.8, 43.75]
2023-08-21 10:15:19,274 - short exit dict: [0.0, 46.05, 45.15]
2023-08-21 10:15:19,274 - last entry was at : 43.75 and exit at: 45.15
2023-08-21 10:15:19,275 - short pnl booked until now:-8824.999999999998
2023-08-21 10:29:58,001 - NIFTY24AUG23P19200 went short at price-32.3, time-10:29:58
2023-08-21 10:29:58,001 - short entry dict: [0.0, 29.8, 43.75, 32.3]
2023-08-21 10:29:59,210 - NIFTY24AUG23P19200 candle closing price at time 2023-08-21 10:29:59.209995+05:30 is 32.25
2023-08-21 10:44:59,190 - NIFTY24AUG23P19200 candle closing price at time 2023-08-21 10:44:59.190246+05:30 is 31.05
2023-08-21 10:59:59,287 - NIFTY24AUG23P19200 candle closing price at time 2023-08-21 10:59:59.287010+05:30 is 28.4
2023-08-21 11:14:59,162 - NIFTY24AUG23P19200 candle closing price at time 2023-08-21 11:14:59.162347+05:30 is 25.65
2023-08-21 11:29:59,242 - NIFTY24AUG23P19200 candle closing price at time 2023-08-21 11:29:59.242334+05:30 is 27.55
2023-08-21 11:44:59,013 - NIFTY24AUG23P19200 candle closing price at time 2023-08-21 11:44:59.013399+05:30 is 26.25
2023-08-21 11:59:59,265 - NIFTY24AUG23P19200 candle closing price at time 2023-08-21 11:59:59.265327+05:30 is 25.2
2023-08-21 12:14:59,081 - NIFTY24AUG23P19200 candle closing price at time 2023-08-21 12:14:59.081663+05:30 is 26.7
2023-08-21 12:29:59,223 - NIFTY24AUG23P19200 candle closing price at time 2023-08-21 12:29:59.223442+05:30 is 25.85
2023-08-21 12:44:59,299 - NIFTY24AUG23P19200 candle closing price at time 2023-08-21 12:44:59.299767+05:30 is 21.75
2023-08-21 12:59:59,172 - NIFTY24AUG23P19200 candle closing price at time 2023-08-21 12:59:59.172321+05:30 is 21.6
2023-08-21 13:14:59,021 - NIFTY24AUG23P19200 candle closing price at time 2023-08-21 13:14:59.021340+05:30 is 20.5
2023-08-21 13:29:59,085 - NIFTY24AUG23P19200 candle closing price at time 2023-08-21 13:29:59.085219+05:30 is 21.2
2023-08-21 13:44:59,161 - NIFTY24AUG23P19200 candle closing price at time 2023-08-21 13:44:59.161434+05:30 is 20.2
2023-08-21 13:59:59,144 - NIFTY24AUG23P19200 candle closing price at time 2023-08-21 13:59:59.143854+05:30 is 19.4
2023-08-21 14:14:59,197 - NIFTY24AUG23P19200 candle closing price at time 2023-08-21 14:14:59.197399+05:30 is 22.25
2023-08-21 14:29:59,200 - NIFTY24AUG23P19200 candle closing price at time 2023-08-21 14:29:59.200610+05:30 is 19.9
2023-08-21 14:44:59,122 - NIFTY24AUG23P19200 candle closing price at time 2023-08-21 14:44:59.121974+05:30 is 18.35
2023-08-21 14:59:59,259 - NIFTY24AUG23P19200 candle closing price at time 2023-08-21 14:59:59.259277+05:30 is 15.8
2023-08-21 15:14:59,237 - NIFTY24AUG23P19200 candle closing price at time 2023-08-21 15:14:59.237900+05:30 is 18.15
2023-08-22 09:31:20,701 - NIFTY24AUG23P19200 went short at price-11.5, time-9:31:20
2023-08-22 09:31:20,702 - short entry dict: [0.0, 11.5]
2023-08-22 09:44:59,125 - NIFTY24AUG23P19200 candle closing price at time 2023-08-22 09:44:59.125043+05:30 is 10.7
2023-08-22 09:55:40,026 - short entry dict: [0.0, 11.5]
2023-08-22 09:55:40,026 - short exit dict: [0.0, 15.75]
2023-08-22 09:55:40,026 - last entry was at : 11.5 and exit at: 15.75
2023-08-22 09:55:40,027 - short pnl booked until now:-2125.0
2023-08-22 09:59:58,010 - NIFTY24AUG23P19200 went short at price-14.5, time-9:59:58
2023-08-22 09:59:58,011 - short entry dict: [0.0, 11.5, 14.5]
2023-08-22 09:59:59,215 - NIFTY24AUG23P19200 candle closing price at time 2023-08-22 09:59:59.215813+05:30 is 14.6
2023-08-22 10:14:59,155 - NIFTY24AUG23P19200 candle closing price at time 2023-08-22 10:14:59.155637+05:30 is 13.05
2023-08-22 10:29:59,033 - NIFTY24AUG23P19200 candle closing price at time 2023-08-22 10:29:59.032832+05:30 is 11.25
2023-08-22 10:44:59,030 - NIFTY24AUG23P19200 candle closing price at time 2023-08-22 10:44:59.030138+05:30 is 10.95
2023-08-22 10:59:59,043 - NIFTY24AUG23P19200 candle closing price at time 2023-08-22 10:59:59.043185+05:30 is 11.6
2023-08-22 11:14:59,027 - NIFTY24AUG23P19200 candle closing price at time 2023-08-22 11:14:59.026971+05:30 is 10.7
2023-08-22 11:29:59,070 - NIFTY24AUG23P19200 candle closing price at time 2023-08-22 11:29:59.070747+05:30 is 10.05
2023-08-22 11:44:59,180 - NIFTY24AUG23P19200 candle closing price at time 2023-08-22 11:44:59.180838+05:30 is 9.75
2023-08-22 11:59:59,076 - NIFTY24AUG23P19200 candle closing price at time 2023-08-22 11:59:59.076027+05:30 is 8.95
2023-08-22 12:14:59,161 - NIFTY24AUG23P19200 candle closing price at time 2023-08-22 12:14:59.161375+05:30 is 8.9
2023-08-22 12:29:59,089 - NIFTY24AUG23P19200 candle closing price at time 2023-08-22 12:29:59.089210+05:30 is 9.3
2023-08-22 12:44:59,221 - NIFTY24AUG23P19200 candle closing price at time 2023-08-22 12:44:59.221409+05:30 is 9.15
2023-08-22 12:59:59,016 - NIFTY24AUG23P19200 candle closing price at time 2023-08-22 12:59:59.016205+05:30 is 8.95
2023-08-22 13:14:59,233 - NIFTY24AUG23P19200 candle closing price at time 2023-08-22 13:14:59.233890+05:30 is 8.85
2023-08-22 13:29:59,258 - NIFTY24AUG23P19200 candle closing price at time 2023-08-22 13:29:59.258870+05:30 is 9.0
2023-08-22 13:44:59,064 - NIFTY24AUG23P19200 candle closing price at time 2023-08-22 13:44:59.064428+05:30 is 9.25
2023-08-22 13:59:59,044 - NIFTY24AUG23P19200 candle closing price at time 2023-08-22 13:59:59.044393+05:30 is 10.3
2023-08-22 14:14:59,140 - NIFTY24AUG23P19200 candle closing price at time 2023-08-22 14:14:59.140271+05:30 is 8.7
2023-08-22 14:29:59,094 - NIFTY24AUG23P19200 candle closing price at time 2023-08-22 14:29:59.094099+05:30 is 9.85
2023-08-22 14:44:59,138 - NIFTY24AUG23P19200 candle closing price at time 2023-08-22 14:44:59.138113+05:30 is 10.7
2023-08-22 14:51:19,726 - short entry dict: [0.0, 11.5, 14.5]
2023-08-22 14:51:19,727 - short exit dict: [0.0, 15.75, 12.6]
2023-08-22 14:51:19,727 - last entry was at : 14.5 and exit at: 12.6
2023-08-22 14:51:19,727 - short pnl booked until now:-1174.9999999999998
2023-08-22 14:59:58,007 - NIFTY24AUG23P19200 went short at price-10.6, time-14:59:58
2023-08-22 14:59:58,007 - short entry dict: [0.0, 11.5, 14.5, 10.6]
2023-08-22 14:59:59,212 - NIFTY24AUG23P19200 candle closing price at time 2023-08-22 14:59:59.212260+05:30 is 10.45
2023-08-22 15:14:59,017 - NIFTY24AUG23P19200 candle closing price at time 2023-08-22 15:14:59.017015+05:30 is 11.05
2023-08-23 09:31:13,252 - NIFTY24AUG23P19200 went short at price-7.7, time-9:31:13
2023-08-23 09:31:13,252 - short entry dict: [0.0, 7.7]
2023-08-23 09:44:59,064 - NIFTY24AUG23P19200 candle closing price at time 2023-08-23 09:44:59.063954+05:30 is 6.45
2023-08-23 09:54:02,383 - short entry dict: [0.0, 7.7]
2023-08-23 09:54:02,388 - short exit dict: [0.0, 8.9]
2023-08-23 09:54:02,398 - last entry was at : 7.7 and exit at: 8.9
2023-08-23 09:54:02,404 - short pnl booked until now:-600.0000000000001
2023-08-23 09:59:58,002 - NIFTY24AUG23P19200 went short at price-8.4, time-9:59:58
2023-08-23 09:59:58,003 - short entry dict: [0.0, 7.7, 8.4]
2023-08-23 09:59:59,207 - NIFTY24AUG23P19200 candle closing price at time 2023-08-23 09:59:59.207077+05:30 is 8.5
2023-08-23 10:05:07,446 - short entry dict: [0.0, 7.7, 8.4]
2023-08-23 10:05:07,451 - short exit dict: [0.0, 8.9, 8.85]
2023-08-23 10:05:07,457 - last entry was at : 8.4 and exit at: 8.85
2023-08-23 10:05:07,462 - short pnl booked until now:-824.9999999999998
2023-08-23 10:14:58,001 - NIFTY24AUG23P19200 went short at price-8.0, time-10:14:58
2023-08-23 10:14:58,002 - short entry dict: [0.0, 7.7, 8.4, 8.0]
2023-08-23 10:14:59,208 - NIFTY24AUG23P19200 candle closing price at time 2023-08-23 10:14:59.207946+05:30 is 8.0
2023-08-23 10:29:59,127 - NIFTY24AUG23P19200 candle closing price at time 2023-08-23 10:29:59.127688+05:30 is 7.85
2023-08-23 10:44:59,122 - NIFTY24AUG23P19200 candle closing price at time 2023-08-23 10:44:59.122374+05:30 is 7.05
2023-08-23 10:59:59,107 - NIFTY24AUG23P19200 candle closing price at time 2023-08-23 10:59:59.107645+05:30 is 6.25
2023-08-23 11:14:59,252 - NIFTY24AUG23P19200 candle closing price at time 2023-08-23 11:14:59.252947+05:30 is 5.1
2023-08-23 11:29:59,179 - NIFTY24AUG23P19200 candle closing price at time 2023-08-23 11:29:59.179687+05:30 is 4.7
2023-08-23 11:44:59,138 - NIFTY24AUG23P19200 candle closing price at time 2023-08-23 11:44:59.137968+05:30 is 4.4
2023-08-23 11:59:59,256 - NIFTY24AUG23P19200 candle closing price at time 2023-08-23 11:59:59.256716+05:30 is 4.5
2023-08-23 12:14:59,145 - NIFTY24AUG23P19200 candle closing price at time 2023-08-23 12:14:59.145159+05:30 is 4.4
2023-08-23 12:29:59,273 - NIFTY24AUG23P19200 candle closing price at time 2023-08-23 12:29:59.273068+05:30 is 3.95
2023-08-23 12:44:59,019 - NIFTY24AUG23P19200 candle closing price at time 2023-08-23 12:44:59.019820+05:30 is 4.05
2023-08-23 12:59:59,010 - NIFTY24AUG23P19200 candle closing price at time 2023-08-23 12:59:59.010161+05:30 is 3.85
2023-08-23 13:14:59,148 - NIFTY24AUG23P19200 candle closing price at time 2023-08-23 13:14:59.148737+05:30 is 4.05
2023-08-23 13:29:59,014 - NIFTY24AUG23P19200 candle closing price at time 2023-08-23 13:29:59.014235+05:30 is 3.9
2023-08-23 13:44:59,199 - NIFTY24AUG23P19200 candle closing price at time 2023-08-23 13:44:59.199825+05:30 is 3.55
2023-08-23 13:59:59,236 - NIFTY24AUG23P19200 candle closing price at time 2023-08-23 13:59:59.236356+05:30 is 3.4
2023-08-23 14:14:59,137 - NIFTY24AUG23P19200 candle closing price at time 2023-08-23 14:14:59.137404+05:30 is 3.3
2023-08-23 14:29:59,053 - NIFTY24AUG23P19200 candle closing price at time 2023-08-23 14:29:59.053505+05:30 is 3.35
2023-08-23 14:44:59,085 - NIFTY24AUG23P19200 candle closing price at time 2023-08-23 14:44:59.085492+05:30 is 3.25
2023-08-23 14:59:59,199 - NIFTY24AUG23P19200 candle closing price at time 2023-08-23 14:59:59.199079+05:30 is 3.25
2023-08-23 15:14:59,028 - NIFTY24AUG23P19200 candle closing price at time 2023-08-23 15:14:59.027865+05:30 is 3.3
