2023-08-18 09:31:19,954 - NIFTY24AUG23P19300 went short at price-86.75, time-9:31:19
2023-08-18 09:31:19,954 - short entry dict: [0.0, 86.75]
2023-08-18 09:44:59,257 - NIFTY24AUG23P19300 candle closing price at time 2023-08-18 09:44:59.257418+05:30 is 100.2
2023-08-18 09:59:59,189 - NIFTY24AUG23P19300 candle closing price at time 2023-08-18 09:59:59.189629+05:30 is 112.25
2023-08-18 10:14:59,035 - NIFTY24AUG23P19300 candle closing price at time 2023-08-18 10:14:59.034995+05:30 is 106.7
2023-08-18 10:29:59,009 - NIFTY24AUG23P19300 candle closing price at time 2023-08-18 10:29:59.008928+05:30 is 101.85
2023-08-18 10:44:59,161 - NIFTY24AUG23P19300 candle closing price at time 2023-08-18 10:44:59.161049+05:30 is 107.0
2023-08-18 10:59:59,132 - NIFTY24AUG23P19300 candle closing price at time 2023-08-18 10:59:59.132550+05:30 is 101.4
2023-08-18 11:14:59,023 - NIFTY24AUG23P19300 candle closing price at time 2023-08-18 11:14:59.023215+05:30 is 96.35
2023-08-18 11:29:59,136 - NIFTY24AUG23P19300 candle closing price at time 2023-08-18 11:29:59.136587+05:30 is 90.85
2023-08-18 11:38:13,421 - short entry dict: [0.0, 86.75]
2023-08-18 11:38:13,422 - short exit dict: [0.0, 85.2]
2023-08-18 11:38:13,422 - last entry was at : 86.75 and exit at: 85.2
2023-08-18 11:38:13,422 - short pnl booked until now:774.9999999999986
2023-08-18 11:44:59,206 - NIFTY24AUG23P19300 candle closing price at time 2023-08-18 11:44:59.206587+05:30 is 85.4
2023-08-18 11:59:58,000 - NIFTY24AUG23P19300 went short at price-84.25, time-11:59:58
2023-08-18 11:59:58,001 - short entry dict: [0.0, 86.75, 84.25]
2023-08-18 11:59:59,206 - NIFTY24AUG23P19300 candle closing price at time 2023-08-18 11:59:59.206475+05:30 is 84.1
2023-08-18 12:14:59,030 - NIFTY24AUG23P19300 candle closing price at time 2023-08-18 12:14:59.030264+05:30 is 83.7
2023-08-18 12:15:27,849 - short entry dict: [0.0, 86.75, 84.25]
2023-08-18 12:15:27,850 - short exit dict: [0.0, 85.2, 85.3]
2023-08-18 12:15:27,850 - last entry was at : 84.25 and exit at: 85.3
2023-08-18 12:15:27,850 - short pnl booked until now:250.0
2023-08-18 12:29:59,216 - NIFTY24AUG23P19300 candle closing price at time 2023-08-18 12:29:59.216780+05:30 is 88.75
2023-08-18 12:44:59,225 - NIFTY24AUG23P19300 candle closing price at time 2023-08-18 12:44:59.224975+05:30 is 88.25
2023-08-18 12:59:59,205 - NIFTY24AUG23P19300 candle closing price at time 2023-08-18 12:59:59.204692+05:30 is 91.85
2023-08-18 13:14:59,230 - NIFTY24AUG23P19300 candle closing price at time 2023-08-18 13:14:59.230237+05:30 is 107.65
2023-08-18 13:29:59,293 - NIFTY24AUG23P19300 candle closing price at time 2023-08-18 13:29:59.293282+05:30 is 102.9
2023-08-18 13:44:59,205 - NIFTY24AUG23P19300 candle closing price at time 2023-08-18 13:44:59.205610+05:30 is 103.1
2023-08-18 13:59:58,007 - NIFTY24AUG23P19300 went short at price-84.75, time-13:59:58
2023-08-18 13:59:58,008 - short entry dict: [0.0, 86.75, 84.25, 84.75]
2023-08-18 13:59:59,217 - NIFTY24AUG23P19300 candle closing price at time 2023-08-18 13:59:59.217568+05:30 is 84.25
2023-08-18 14:14:59,014 - NIFTY24AUG23P19300 candle closing price at time 2023-08-18 14:14:59.014785+05:30 is 66.45
2023-08-18 14:29:59,202 - NIFTY24AUG23P19300 candle closing price at time 2023-08-18 14:29:59.202510+05:30 is 62.55
2023-08-18 14:44:59,150 - NIFTY24AUG23P19300 candle closing price at time 2023-08-18 14:44:59.150403+05:30 is 67.8
2023-08-18 14:59:59,076 - NIFTY24AUG23P19300 candle closing price at time 2023-08-18 14:59:59.076549+05:30 is 71.8
2023-08-18 15:14:59,198 - NIFTY24AUG23P19300 candle closing price at time 2023-08-18 15:14:59.198631+05:30 is 77.2
2023-08-18 15:17:32,649 - short entry dict: [0.0, 86.75, 84.25, 84.75]
2023-08-18 15:17:32,650 - short exit dict: [0.0, 85.2, 85.3, 83.4]
2023-08-18 15:17:32,650 - last entry was at : 84.75 and exit at: 83.4
2023-08-18 15:17:32,650 - short pnl booked until now:924.9999999999972
2023-08-21 09:31:18,799 - NIFTY24AUG23P19300 went short at price-59.2, time-9:31:18
2023-08-21 09:31:18,799 - short entry dict: [0.0, 59.2]
2023-08-21 09:44:59,163 - NIFTY24AUG23P19300 candle closing price at time 2023-08-21 09:44:59.163296+05:30 is 61.8
2023-08-21 09:59:59,116 - NIFTY24AUG23P19300 candle closing price at time 2023-08-21 09:59:59.116468+05:30 is 75.5
2023-08-21 10:09:00,321 - short entry dict: [0.0, 59.2]
2023-08-21 10:09:00,326 - short exit dict: [0.0, 81.7]
2023-08-21 10:09:00,332 - last entry was at : 59.2 and exit at: 81.7
2023-08-21 10:09:00,337 - short pnl booked until now:-11250.0
2023-08-21 10:14:59,223 - NIFTY24AUG23P19300 candle closing price at time 2023-08-21 10:14:59.223456+05:30 is 82.15
2023-08-21 10:29:58,003 - NIFTY24AUG23P19300 went short at price-64.1, time-10:29:58
2023-08-21 10:29:58,003 - short entry dict: [0.0, 59.2, 64.1]
2023-08-21 10:29:59,209 - NIFTY24AUG23P19300 candle closing price at time 2023-08-21 10:29:59.209418+05:30 is 63.95
2023-08-21 10:44:59,150 - NIFTY24AUG23P19300 candle closing price at time 2023-08-21 10:44:59.150255+05:30 is 62.25
2023-08-21 10:59:59,049 - NIFTY24AUG23P19300 candle closing price at time 2023-08-21 10:59:59.049010+05:30 is 57.8
2023-08-21 11:14:59,144 - NIFTY24AUG23P19300 candle closing price at time 2023-08-21 11:14:59.143934+05:30 is 51.8
2023-08-21 11:29:59,205 - NIFTY24AUG23P19300 candle closing price at time 2023-08-21 11:29:59.205418+05:30 is 55.5
2023-08-21 11:44:59,269 - NIFTY24AUG23P19300 candle closing price at time 2023-08-21 11:44:59.269422+05:30 is 53.45
2023-08-21 11:59:59,196 - NIFTY24AUG23P19300 candle closing price at time 2023-08-21 11:59:59.196105+05:30 is 50.75
2023-08-21 12:14:59,274 - NIFTY24AUG23P19300 candle closing price at time 2023-08-21 12:14:59.274316+05:30 is 53.45
2023-08-21 12:29:59,228 - NIFTY24AUG23P19300 candle closing price at time 2023-08-21 12:29:59.228676+05:30 is 51.85
2023-08-21 12:44:59,043 - NIFTY24AUG23P19300 candle closing price at time 2023-08-21 12:44:59.043562+05:30 is 43.95
2023-08-21 12:59:59,032 - NIFTY24AUG23P19300 candle closing price at time 2023-08-21 12:59:59.032249+05:30 is 43.65
2023-08-21 13:14:59,086 - NIFTY24AUG23P19300 candle closing price at time 2023-08-21 13:14:59.086250+05:30 is 42.15
2023-08-21 13:29:59,084 - NIFTY24AUG23P19300 candle closing price at time 2023-08-21 13:29:59.084727+05:30 is 43.75
2023-08-21 13:44:59,157 - NIFTY24AUG23P19300 candle closing price at time 2023-08-21 13:44:59.157225+05:30 is 42.0
2023-08-21 13:59:59,191 - NIFTY24AUG23P19300 candle closing price at time 2023-08-21 13:59:59.191737+05:30 is 40.3
2023-08-21 14:14:59,250 - NIFTY24AUG23P19300 candle closing price at time 2023-08-21 14:14:59.250295+05:30 is 46.25
2023-08-21 14:29:59,290 - NIFTY24AUG23P19300 candle closing price at time 2023-08-21 14:29:59.290009+05:30 is 42.5
2023-08-21 14:44:59,116 - NIFTY24AUG23P19300 candle closing price at time 2023-08-21 14:44:59.116744+05:30 is 39.1
2023-08-21 14:59:59,199 - NIFTY24AUG23P19300 candle closing price at time 2023-08-21 14:59:59.198856+05:30 is 33.2
2023-08-21 15:14:59,240 - NIFTY24AUG23P19300 candle closing price at time 2023-08-21 15:14:59.240878+05:30 is 37.9
2023-08-22 09:31:19,761 - NIFTY24AUG23P19300 went short at price-26.9, time-9:31:19
2023-08-22 09:31:19,762 - short entry dict: [0.0, 26.9]
2023-08-22 09:44:59,124 - NIFTY24AUG23P19300 candle closing price at time 2023-08-22 09:44:59.124174+05:30 is 25.05
2023-08-22 09:55:00,201 - short entry dict: [0.0, 26.9]
2023-08-22 09:55:00,202 - short exit dict: [0.0, 36.15]
2023-08-22 09:55:00,202 - last entry was at : 26.9 and exit at: 36.15
2023-08-22 09:55:00,202 - short pnl booked until now:-4625.0
2023-08-22 09:59:58,004 - NIFTY24AUG23P19300 went short at price-35.4, time-9:59:58
2023-08-22 09:59:58,005 - short entry dict: [0.0, 26.9, 35.4]
2023-08-22 09:59:59,212 - NIFTY24AUG23P19300 candle closing price at time 2023-08-22 09:59:59.212437+05:30 is 35.55
2023-08-22 10:00:17,473 - short entry dict: [0.0, 26.9, 35.4]
2023-08-22 10:00:17,474 - short exit dict: [0.0, 36.15, 36.25]
2023-08-22 10:00:17,474 - last entry was at : 35.4 and exit at: 36.25
2023-08-22 10:00:17,474 - short pnl booked until now:-5050.000000000001
2023-08-22 10:14:58,002 - NIFTY24AUG23P19300 went short at price-32.6, time-10:14:58
2023-08-22 10:14:58,003 - short entry dict: [0.0, 26.9, 35.4, 32.6]
2023-08-22 10:14:59,210 - NIFTY24AUG23P19300 candle closing price at time 2023-08-22 10:14:59.210491+05:30 is 32.6
2023-08-22 10:29:59,115 - NIFTY24AUG23P19300 candle closing price at time 2023-08-22 10:29:59.115688+05:30 is 28.1
2023-08-22 10:44:59,231 - NIFTY24AUG23P19300 candle closing price at time 2023-08-22 10:44:59.231190+05:30 is 27.1
2023-08-22 10:59:59,163 - NIFTY24AUG23P19300 candle closing price at time 2023-08-22 10:59:59.162952+05:30 is 29.25
2023-08-22 11:14:59,295 - NIFTY24AUG23P19300 candle closing price at time 2023-08-22 11:14:59.295018+05:30 is 27.25
2023-08-22 11:29:59,007 - NIFTY24AUG23P19300 candle closing price at time 2023-08-22 11:29:59.007000+05:30 is 25.3
2023-08-22 11:44:59,113 - NIFTY24AUG23P19300 candle closing price at time 2023-08-22 11:44:59.113188+05:30 is 24.6
2023-08-22 11:59:59,262 - NIFTY24AUG23P19300 candle closing price at time 2023-08-22 11:59:59.262858+05:30 is 22.1
2023-08-22 12:14:59,161 - NIFTY24AUG23P19300 candle closing price at time 2023-08-22 12:14:59.161801+05:30 is 22.55
2023-08-22 12:29:59,088 - NIFTY24AUG23P19300 candle closing price at time 2023-08-22 12:29:59.088686+05:30 is 24.1
2023-08-22 12:44:59,220 - NIFTY24AUG23P19300 candle closing price at time 2023-08-22 12:44:59.220932+05:30 is 24.2
2023-08-22 12:59:59,078 - NIFTY24AUG23P19300 candle closing price at time 2023-08-22 12:59:59.078259+05:30 is 22.6
2023-08-22 13:14:59,015 - NIFTY24AUG23P19300 candle closing price at time 2023-08-22 13:14:59.015121+05:30 is 22.25
2023-08-22 13:29:59,213 - NIFTY24AUG23P19300 candle closing price at time 2023-08-22 13:29:59.212990+05:30 is 22.5
2023-08-22 13:44:59,107 - NIFTY24AUG23P19300 candle closing price at time 2023-08-22 13:44:59.107320+05:30 is 23.35
2023-08-22 13:59:59,033 - NIFTY24AUG23P19300 candle closing price at time 2023-08-22 13:59:59.033601+05:30 is 26.5
2023-08-22 14:14:59,188 - NIFTY24AUG23P19300 candle closing price at time 2023-08-22 14:14:59.187954+05:30 is 23.75
2023-08-22 14:29:59,199 - NIFTY24AUG23P19300 candle closing price at time 2023-08-22 14:29:59.199793+05:30 is 26.25
2023-08-22 14:39:16,905 - short entry dict: [0.0, 26.9, 35.4, 32.6]
2023-08-22 14:39:16,906 - short exit dict: [0.0, 36.15, 36.25, 29.15]
2023-08-22 14:39:16,906 - last entry was at : 32.6 and exit at: 29.15
2023-08-22 14:39:16,906 - short pnl booked until now:-3324.9999999999995
2023-08-22 14:44:58,001 - NIFTY24AUG23P19300 went short at price-28.55, time-14:44:58
2023-08-22 14:44:58,001 - short entry dict: [0.0, 26.9, 35.4, 32.6, 28.55]
2023-08-22 14:44:59,207 - NIFTY24AUG23P19300 candle closing price at time 2023-08-22 14:44:59.207286+05:30 is 28.5
2023-08-22 14:49:08,501 - short entry dict: [0.0, 26.9, 35.4, 32.6, 28.55]
2023-08-22 14:49:08,502 - short exit dict: [0.0, 36.15, 36.25, 29.15, 29.55]
2023-08-22 14:49:08,502 - last entry was at : 28.55 and exit at: 29.55
2023-08-22 14:49:08,502 - short pnl booked until now:-3824.9999999999995
2023-08-22 14:59:58,606 - NIFTY24AUG23P19300 went short at price-28.75, time-14:59:58
2023-08-22 14:59:58,606 - short entry dict: [0.0, 26.9, 35.4, 32.6, 28.55, 28.75]
2023-08-22 14:59:59,209 - NIFTY24AUG23P19300 candle closing price at time 2023-08-22 14:59:59.209016+05:30 is 28.7
2023-08-22 15:00:09,333 - short entry dict: [0.0, 26.9, 35.4, 32.6, 28.55, 28.75]
2023-08-22 15:00:09,334 - short exit dict: [0.0, 36.15, 36.25, 29.15, 29.55, 29.9]
2023-08-22 15:00:09,334 - last entry was at : 28.75 and exit at: 29.9
2023-08-22 15:00:09,334 - short pnl booked until now:-4399.999999999999
2023-08-22 15:14:59,206 - NIFTY24AUG23P19300 candle closing price at time 2023-08-22 15:14:59.206163+05:30 is 30.3
2023-08-23 09:31:13,227 - NIFTY24AUG23P19300 went short at price-24.25, time-9:31:13
2023-08-23 09:31:13,227 - short entry dict: [0.0, 24.25]
2023-08-23 09:44:59,089 - NIFTY24AUG23P19300 candle closing price at time 2023-08-23 09:44:59.089339+05:30 is 20.9
2023-08-23 09:53:44,566 - short entry dict: [0.0, 24.25]
2023-08-23 09:53:44,571 - short exit dict: [0.0, 26.7]
2023-08-23 09:53:44,577 - last entry was at : 24.25 and exit at: 26.7
2023-08-23 09:53:44,582 - short pnl booked until now:-1224.9999999999995
2023-08-23 09:59:59,207 - NIFTY24AUG23P19300 candle closing price at time 2023-08-23 09:59:59.207530+05:30 is 28.2
2023-08-23 10:14:59,208 - NIFTY24AUG23P19300 candle closing price at time 2023-08-23 10:14:59.208364+05:30 is 26.65
2023-08-23 10:29:59,205 - NIFTY24AUG23P19300 candle closing price at time 2023-08-23 10:29:59.205666+05:30 is 26.5
2023-08-23 10:44:58,001 - NIFTY24AUG23P19300 went short at price-24.9, time-10:44:58
2023-08-23 10:44:58,001 - short entry dict: [0.0, 24.25, 24.9]
2023-08-23 10:44:59,204 - NIFTY24AUG23P19300 candle closing price at time 2023-08-23 10:44:59.204795+05:30 is 24.9
2023-08-23 10:59:59,148 - NIFTY24AUG23P19300 candle closing price at time 2023-08-23 10:59:59.148024+05:30 is 22.05
2023-08-23 11:14:59,252 - NIFTY24AUG23P19300 candle closing price at time 2023-08-23 11:14:59.251991+05:30 is 17.5
2023-08-23 11:29:59,279 - NIFTY24AUG23P19300 candle closing price at time 2023-08-23 11:29:59.279634+05:30 is 14.05
2023-08-23 11:44:59,069 - NIFTY24AUG23P19300 candle closing price at time 2023-08-23 11:44:59.068913+05:30 is 13.25
2023-08-23 11:59:59,165 - NIFTY24AUG23P19300 candle closing price at time 2023-08-23 11:59:59.165573+05:30 is 13.15
2023-08-23 12:14:59,114 - NIFTY24AUG23P19300 candle closing price at time 2023-08-23 12:14:59.113998+05:30 is 13.15
2023-08-23 12:29:59,293 - NIFTY24AUG23P19300 candle closing price at time 2023-08-23 12:29:59.293233+05:30 is 11.3
2023-08-23 12:44:59,291 - NIFTY24AUG23P19300 candle closing price at time 2023-08-23 12:44:59.291446+05:30 is 9.85
2023-08-23 12:59:59,046 - NIFTY24AUG23P19300 candle closing price at time 2023-08-23 12:59:59.046346+05:30 is 9.5
2023-08-23 13:14:59,200 - NIFTY24AUG23P19300 candle closing price at time 2023-08-23 13:14:59.200025+05:30 is 10.45
2023-08-23 13:29:59,047 - NIFTY24AUG23P19300 candle closing price at time 2023-08-23 13:29:59.047427+05:30 is 9.9
2023-08-23 13:44:59,278 - NIFTY24AUG23P19300 candle closing price at time 2023-08-23 13:44:59.278897+05:30 is 9.05
2023-08-23 13:59:59,089 - NIFTY24AUG23P19300 candle closing price at time 2023-08-23 13:59:59.089843+05:30 is 7.7
2023-08-23 14:14:59,100 - NIFTY24AUG23P19300 candle closing price at time 2023-08-23 14:14:59.099901+05:30 is 7.7
2023-08-23 14:29:59,172 - NIFTY24AUG23P19300 candle closing price at time 2023-08-23 14:29:59.172274+05:30 is 8.45
2023-08-23 14:44:59,198 - NIFTY24AUG23P19300 candle closing price at time 2023-08-23 14:44:59.198315+05:30 is 7.75
2023-08-23 14:59:59,234 - NIFTY24AUG23P19300 candle closing price at time 2023-08-23 14:59:59.234359+05:30 is 7.75
2023-08-23 15:14:59,194 - NIFTY24AUG23P19300 candle closing price at time 2023-08-23 15:14:59.194762+05:30 is 8.35
2023-08-24 09:31:19,424 - NIFTY24AUG23P19300 went short at price-1.85, time-9:31:19
2023-08-24 09:31:19,425 - short entry dict: [0.0, 1.85]
2023-08-24 09:44:59,091 - NIFTY24AUG23P19300 candle closing price at time 2023-08-24 09:44:59.090936+05:30 is 1.75
2023-08-24 09:59:59,250 - NIFTY24AUG23P19300 candle closing price at time 2023-08-24 09:59:59.250212+05:30 is 1.95
2023-08-24 10:14:59,072 - NIFTY24AUG23P19300 candle closing price at time 2023-08-24 10:14:59.072031+05:30 is 1.6
2023-08-24 10:29:59,215 - NIFTY24AUG23P19300 candle closing price at time 2023-08-24 10:29:59.215144+05:30 is 1.65
2023-08-24 10:44:59,180 - NIFTY24AUG23P19300 candle closing price at time 2023-08-24 10:44:59.180280+05:30 is 1.75
2023-08-24 10:59:59,225 - NIFTY24AUG23P19300 candle closing price at time 2023-08-24 10:59:59.225707+05:30 is 1.5
2023-08-24 11:14:59,129 - NIFTY24AUG23P19300 candle closing price at time 2023-08-24 11:14:59.129629+05:30 is 1.25
2023-08-24 11:29:59,272 - NIFTY24AUG23P19300 candle closing price at time 2023-08-24 11:29:59.272647+05:30 is 1.4
2023-08-24 11:44:59,296 - NIFTY24AUG23P19300 candle closing price at time 2023-08-24 11:44:59.296439+05:30 is 1.15
2023-08-24 11:59:59,201 - NIFTY24AUG23P19300 candle closing price at time 2023-08-24 11:59:59.201435+05:30 is 1.15
2023-08-24 12:14:59,228 - NIFTY24AUG23P19300 candle closing price at time 2023-08-24 12:14:59.228822+05:30 is 1.35
2023-08-24 12:29:59,056 - NIFTY24AUG23P19300 candle closing price at time 2023-08-24 12:29:59.056099+05:30 is 1.6
2023-08-24 12:44:59,037 - NIFTY24AUG23P19300 candle closing price at time 2023-08-24 12:44:59.037461+05:30 is 1.05
2023-08-24 12:59:59,195 - NIFTY24AUG23P19300 candle closing price at time 2023-08-24 12:59:59.194992+05:30 is 1.1
2023-08-24 13:14:59,274 - NIFTY24AUG23P19300 candle closing price at time 2023-08-24 13:14:59.274225+05:30 is 1.25
2023-08-24 13:29:59,175 - NIFTY24AUG23P19300 candle closing price at time 2023-08-24 13:29:59.174931+05:30 is 1.25
2023-08-24 13:44:59,248 - NIFTY24AUG23P19300 candle closing price at time 2023-08-24 13:44:59.248174+05:30 is 1.05
2023-08-24 13:59:59,112 - NIFTY24AUG23P19300 candle closing price at time 2023-08-24 13:59:59.112208+05:30 is 0.95
2023-08-24 14:14:59,127 - NIFTY24AUG23P19300 candle closing price at time 2023-08-24 14:14:59.126870+05:30 is 0.6
2023-08-24 14:29:59,283 - NIFTY24AUG23P19300 candle closing price at time 2023-08-24 14:29:59.282947+05:30 is 0.5
2023-08-24 14:44:59,250 - NIFTY24AUG23P19300 candle closing price at time 2023-08-24 14:44:59.250770+05:30 is 0.3
2023-08-24 14:59:59,208 - NIFTY24AUG23P19300 candle closing price at time 2023-08-24 14:59:59.208712+05:30 is 0.2
2023-08-24 15:14:59,300 - NIFTY24AUG23P19300 candle closing price at time 2023-08-24 15:14:59.300240+05:30 is 0.1
