2023-09-07 09:31:12,881 - BANKNIFTY13SEP23C45000 went short at price-53.55, time-9:31:12
2023-09-07 09:31:12,881 - short entry dict: [0.0, 53.55]
2023-09-07 09:44:59,192 - BANKNIFTY13SEP23C45000 candle closing price at time 2023-09-07 09:44:59.192201+05:30 is 54.0
2023-09-07 09:55:57,165 - short entry dict: [0.0, 53.55]
2023-09-07 09:55:57,170 - short exit dict: [0.0, 75.45]
2023-09-07 09:55:57,176 - last entry was at : 53.55 and exit at: 75.45
2023-09-07 09:55:57,181 - short pnl booked until now:-6570.000000000002
2023-09-07 09:59:58,002 - BANKNIFTY13SEP23C45000 went short at price-74.0, time-9:59:58
2023-09-07 09:59:58,004 - short entry dict: [0.0, 53.55, 74.0]
2023-09-07 09:59:59,208 - BANKNIFTY13SEP23C45000 candle closing price at time 2023-09-07 09:59:59.208410+05:30 is 73.9
2023-09-07 10:00:10,231 - short entry dict: [0.0, 53.55, 74.0]
2023-09-07 10:00:10,231 - short exit dict: [0.0, 75.45, 75.35]
2023-09-07 10:00:10,232 - last entry was at : 74.0 and exit at: 75.35
2023-09-07 10:00:10,232 - short pnl booked until now:-6975.0
2023-09-07 10:14:58,003 - BANKNIFTY13SEP23C45000 went short at price-70.85, time-10:14:58
2023-09-07 10:14:58,004 - short entry dict: [0.0, 53.55, 74.0, 70.85]
2023-09-07 10:14:59,207 - BANKNIFTY13SEP23C45000 candle closing price at time 2023-09-07 10:14:59.207693+05:30 is 70.75
2023-09-07 10:29:59,215 - BANKNIFTY13SEP23C45000 candle closing price at time 2023-09-07 10:29:59.215872+05:30 is 68.3
2023-09-07 10:38:45,086 - short entry dict: [0.0, 53.55, 74.0, 70.85]
2023-09-07 10:38:45,091 - short exit dict: [0.0, 75.45, 75.35, 76.45]
2023-09-07 10:38:45,153 - last entry was at : 70.85 and exit at: 76.45
2023-09-07 10:38:45,158 - short pnl booked until now:-8655.000000000002
2023-09-07 10:44:59,208 - BANKNIFTY13SEP23C45000 candle closing price at time 2023-09-07 10:44:59.207951+05:30 is 76.1
2023-09-07 10:59:59,205 - BANKNIFTY13SEP23C45000 candle closing price at time 2023-09-07 10:59:59.205507+05:30 is 80.2
2023-09-07 11:14:59,173 - BANKNIFTY13SEP23C45000 candle closing price at time 2023-09-07 11:14:59.173288+05:30 is 131.55
2023-09-07 11:29:59,294 - BANKNIFTY13SEP23C45000 candle closing price at time 2023-09-07 11:29:59.294736+05:30 is 110.85
2023-09-07 11:44:58,004 - BANKNIFTY13SEP23C45000 went short at price-72.05, time-11:44:58
2023-09-07 11:44:58,004 - short entry dict: [0.0, 53.55, 74.0, 70.85, 72.05]
2023-09-07 11:44:59,208 - BANKNIFTY13SEP23C45000 candle closing price at time 2023-09-07 11:44:59.208189+05:30 is 71.85
2023-09-07 11:59:59,004 - BANKNIFTY13SEP23C45000 candle closing price at time 2023-09-07 11:59:59.004040+05:30 is 76.3
2023-09-07 12:14:59,203 - BANKNIFTY13SEP23C45000 candle closing price at time 2023-09-07 12:14:59.203530+05:30 is 69.5
2023-09-07 12:29:59,101 - BANKNIFTY13SEP23C45000 candle closing price at time 2023-09-07 12:29:59.101413+05:30 is 59.05
2023-09-07 12:44:59,049 - BANKNIFTY13SEP23C45000 candle closing price at time 2023-09-07 12:44:59.049834+05:30 is 64.05
2023-09-07 12:59:59,168 - BANKNIFTY13SEP23C45000 candle closing price at time 2023-09-07 12:59:59.168038+05:30 is 63.6
2023-09-07 13:14:59,133 - BANKNIFTY13SEP23C45000 candle closing price at time 2023-09-07 13:14:59.133402+05:30 is 67.3
2023-09-07 13:20:22,170 - short entry dict: [0.0, 53.55, 74.0, 70.85, 72.05]
2023-09-07 13:20:22,183 - short exit dict: [0.0, 75.45, 75.35, 76.45, 77.55]
2023-09-07 13:20:22,189 - last entry was at : 72.05 and exit at: 77.55
2023-09-07 13:20:22,225 - short pnl booked until now:-10305.000000000002
2023-09-07 13:29:59,213 - BANKNIFTY13SEP23C45000 candle closing price at time 2023-09-07 13:29:59.212959+05:30 is 79.75
2023-09-07 13:44:59,206 - BANKNIFTY13SEP23C45000 candle closing price at time 2023-09-07 13:44:59.206638+05:30 is 87.8
2023-09-07 13:59:59,213 - BANKNIFTY13SEP23C45000 candle closing price at time 2023-09-07 13:59:59.213391+05:30 is 83.7
2023-09-07 14:14:59,221 - BANKNIFTY13SEP23C45000 candle closing price at time 2023-09-07 14:14:59.221530+05:30 is 106.5
2023-09-07 14:29:59,024 - BANKNIFTY13SEP23C45000 candle closing price at time 2023-09-07 14:29:59.023931+05:30 is 126.65
2023-09-07 14:44:59,177 - BANKNIFTY13SEP23C45000 candle closing price at time 2023-09-07 14:44:59.177505+05:30 is 201.4
2023-09-07 14:59:59,265 - BANKNIFTY13SEP23C45000 candle closing price at time 2023-09-07 14:59:59.265302+05:30 is 205.95
2023-09-07 15:14:59,055 - BANKNIFTY13SEP23C45000 candle closing price at time 2023-09-07 15:14:59.055085+05:30 is 181.35
2023-09-08 09:31:14,550 - BANKNIFTY13SEP23C45000 went long at price-209.05, time-9:31:14
2023-09-08 09:31:14,550 - long entry dict:[0.0, 209.05]
2023-09-08 09:31:14,550 - long exit dict:[0.0]
2023-09-08 09:31:14,550 - HEDGE-BANKNIFTY13SEP23C45000 went long at price-209.05, time-9:31:14
