2023-09-06 10:05:20,177 - FINNIFTY12SEP23C19900 went short at price-52.5, time-10:5:20
2023-09-06 10:05:20,177 - short entry dict: [0.0, 52.5]
2023-09-06 10:14:59,148 - FINNIFTY12SEP23C19900 candle closing price at time 2023-09-06 10:14:59.148722+05:30 is 51.45
2023-09-06 10:29:59,196 - FINNIFTY12SEP23C19900 candle closing price at time 2023-09-06 10:29:59.196051+05:30 is 49.25
2023-09-06 10:44:59,040 - FINNIFTY12SEP23C19900 candle closing price at time 2023-09-06 10:44:59.040452+05:30 is 54.5
2023-09-06 10:59:59,035 - FINNIFTY12SEP23C19900 candle closing price at time 2023-09-06 10:59:59.035281+05:30 is 47.6
2023-09-06 11:14:59,075 - FINNIFTY12SEP23C19900 candle closing price at time 2023-09-06 11:14:59.075473+05:30 is 47.55
2023-09-06 11:29:59,175 - FINNIFTY12SEP23C19900 candle closing price at time 2023-09-06 11:29:59.175397+05:30 is 45.35
2023-09-06 11:44:59,054 - FINNIFTY12SEP23C19900 candle closing price at time 2023-09-06 11:44:59.054022+05:30 is 40.8
2023-09-06 11:59:59,284 - FINNIFTY12SEP23C19900 candle closing price at time 2023-09-06 11:59:59.284176+05:30 is 43.2
2023-09-06 12:14:59,163 - FINNIFTY12SEP23C19900 candle closing price at time 2023-09-06 12:14:59.162906+05:30 is 43.85
2023-09-06 12:29:59,009 - FINNIFTY12SEP23C19900 candle closing price at time 2023-09-06 12:29:59.009567+05:30 is 40.35
2023-09-06 12:44:59,160 - FINNIFTY12SEP23C19900 candle closing price at time 2023-09-06 12:44:59.160313+05:30 is 34.55
2023-09-06 12:59:59,237 - FINNIFTY12SEP23C19900 candle closing price at time 2023-09-06 12:59:59.236989+05:30 is 34.85
2023-09-06 13:14:59,267 - FINNIFTY12SEP23C19900 candle closing price at time 2023-09-06 13:14:59.267876+05:30 is 34.6
2023-09-06 13:29:59,157 - FINNIFTY12SEP23C19900 candle closing price at time 2023-09-06 13:29:59.157921+05:30 is 30.85
2023-09-06 13:44:59,162 - FINNIFTY12SEP23C19900 candle closing price at time 2023-09-06 13:44:59.162815+05:30 is 32.7
2023-09-06 13:59:59,191 - FINNIFTY12SEP23C19900 candle closing price at time 2023-09-06 13:59:59.191125+05:30 is 30.45
2023-09-06 14:14:59,286 - FINNIFTY12SEP23C19900 candle closing price at time 2023-09-06 14:14:59.286845+05:30 is 32.45
2023-09-06 14:29:59,273 - FINNIFTY12SEP23C19900 candle closing price at time 2023-09-06 14:29:59.273262+05:30 is 34.1
2023-09-06 14:44:59,100 - FINNIFTY12SEP23C19900 candle closing price at time 2023-09-06 14:44:59.100347+05:30 is 33.75
2023-09-06 14:59:59,276 - FINNIFTY12SEP23C19900 candle closing price at time 2023-09-06 14:59:59.276017+05:30 is 35.3
2023-09-06 15:14:59,119 - FINNIFTY12SEP23C19900 candle closing price at time 2023-09-06 15:14:59.119031+05:30 is 39.3
2023-09-06 15:16:02,940 - short entry dict: [0.0, 52.5]
2023-09-06 15:16:02,948 - short exit dict: [0.0, 41.85]
2023-09-06 15:16:02,948 - last entry was at : 52.5 and exit at: 41.85
2023-09-06 15:16:02,949 - short pnl booked until now:1703.9999999999998
