2023-08-18 09:31:17,185 - BANKNIFTY24AUG23C44800 went long at price-30.5, time-9:31:17
2023-08-18 09:31:17,186 - long entry dict:[0.0, 30.5]
2023-08-18 09:31:17,186 - long exit dict:[0.0]
2023-08-18 09:31:17,186 - HEDGE-BANKNIFTY24AUG23C44800 went long at price-30.5, time-9:31:17
2023-08-21 09:31:16,668 - BANKNIFTY24AUG23C44800 went long at price-16.1, time-9:31:16
2023-08-21 09:31:16,668 - long entry dict:[0.0, 16.1]
2023-08-21 09:31:16,669 - long exit dict:[0.0]
2023-08-21 09:31:16,669 - HEDGE-BANKNIFTY24AUG23C44800 went long at price-16.1, time-9:31:16
2023-08-24 09:31:20,170 - BANKNIFTY24AUG23C44800 went short at price-74.3, time-9:31:20
2023-08-24 09:31:20,170 - short entry dict: [0.0, 74.3]
2023-08-24 09:38:48,557 - short entry dict: [0.0, 74.3]
2023-08-24 09:38:48,558 - short exit dict: [0.0, 93.05]
2023-08-24 09:38:48,558 - last entry was at : 74.3 and exit at: 93.05
2023-08-24 09:38:48,558 - short pnl booked until now:-5625.0
2023-08-24 09:44:59,234 - BANKNIFTY24AUG23C44800 candle closing price at time 2023-08-24 09:44:59.234195+05:30 is 118.6
2023-08-24 09:59:59,157 - BANKNIFTY24AUG23C44800 candle closing price at time 2023-08-24 09:59:59.157310+05:30 is 153.05
2023-08-24 10:14:59,233 - BANKNIFTY24AUG23C44800 candle closing price at time 2023-08-24 10:14:59.233673+05:30 is 148.5
2023-08-24 10:29:59,186 - BANKNIFTY24AUG23C44800 candle closing price at time 2023-08-24 10:29:59.186364+05:30 is 109.5
2023-08-24 10:44:59,232 - BANKNIFTY24AUG23C44800 candle closing price at time 2023-08-24 10:44:59.232389+05:30 is 92.25
2023-08-24 10:59:58,002 - BANKNIFTY24AUG23C44800 went short at price-52.8, time-10:59:58
2023-08-24 10:59:58,020 - short entry dict: [0.0, 74.3, 52.8]
2023-08-24 10:59:59,229 - BANKNIFTY24AUG23C44800 candle closing price at time 2023-08-24 10:59:59.229721+05:30 is 52.8
2023-08-24 11:14:59,011 - BANKNIFTY24AUG23C44800 candle closing price at time 2023-08-24 11:14:59.011702+05:30 is 34.75
2023-08-24 11:29:59,232 - BANKNIFTY24AUG23C44800 candle closing price at time 2023-08-24 11:29:59.232643+05:30 is 40.7
2023-08-24 11:44:59,239 - BANKNIFTY24AUG23C44800 candle closing price at time 2023-08-24 11:44:59.239340+05:30 is 51.6
2023-08-24 11:47:09,258 - short entry dict: [0.0, 74.3, 52.8]
2023-08-24 11:47:09,258 - short exit dict: [0.0, 93.05, 53.25]
2023-08-24 11:47:09,258 - last entry was at : 52.8 and exit at: 53.25
2023-08-24 11:47:09,258 - short pnl booked until now:-5760.000000000001
2023-08-24 11:59:58,002 - BANKNIFTY24AUG23C44800 went short at price-33.4, time-11:59:58
2023-08-24 11:59:58,002 - short entry dict: [0.0, 74.3, 52.8, 33.4]
2023-08-24 11:59:59,208 - BANKNIFTY24AUG23C44800 candle closing price at time 2023-08-24 11:59:59.208576+05:30 is 33.75
2023-08-24 12:14:59,068 - BANKNIFTY24AUG23C44800 candle closing price at time 2023-08-24 12:14:59.068543+05:30 is 24.65
2023-08-24 12:29:59,114 - BANKNIFTY24AUG23C44800 candle closing price at time 2023-08-24 12:29:59.113976+05:30 is 17.55
2023-08-24 12:44:59,264 - BANKNIFTY24AUG23C44800 candle closing price at time 2023-08-24 12:44:59.264647+05:30 is 28.65
2023-08-24 12:59:59,109 - BANKNIFTY24AUG23C44800 candle closing price at time 2023-08-24 12:59:59.109598+05:30 is 18.4
2023-08-24 13:14:59,272 - BANKNIFTY24AUG23C44800 candle closing price at time 2023-08-24 13:14:59.271927+05:30 is 10.0
2023-08-24 13:29:59,037 - BANKNIFTY24AUG23C44800 candle closing price at time 2023-08-24 13:29:59.037161+05:30 is 10.25
2023-08-24 13:44:59,029 - BANKNIFTY24AUG23C44800 candle closing price at time 2023-08-24 13:44:59.029356+05:30 is 7.25
2023-08-24 13:59:59,243 - BANKNIFTY24AUG23C44800 candle closing price at time 2023-08-24 13:59:59.243500+05:30 is 5.75
2023-08-24 14:14:59,119 - BANKNIFTY24AUG23C44800 candle closing price at time 2023-08-24 14:14:59.119087+05:30 is 7.95
2023-08-24 14:29:59,020 - BANKNIFTY24AUG23C44800 candle closing price at time 2023-08-24 14:29:59.020654+05:30 is 2.8
2023-08-24 14:44:59,012 - BANKNIFTY24AUG23C44800 candle closing price at time 2023-08-24 14:44:59.011880+05:30 is 1.1
2023-08-24 14:59:59,285 - BANKNIFTY24AUG23C44800 candle closing price at time 2023-08-24 14:59:59.285266+05:30 is 0.85
2023-08-24 15:14:59,008 - BANKNIFTY24AUG23C44800 candle closing price at time 2023-08-24 15:14:59.008149+05:30 is 0.25
