2023-09-04 09:31:11,954 - NIFTY07SEP23P19400 went short at price-33.65, time-9:31:11
2023-09-04 09:31:11,954 - short entry dict: [0.0, 33.65]
2023-09-04 09:44:59,055 - NIFTY07SEP23P19400 candle closing price at time 2023-09-04 09:44:59.055925+05:30 is 44.4
2023-09-04 09:59:59,169 - NIFTY07SEP23P19400 candle closing price at time 2023-09-04 09:59:59.169430+05:30 is 37.95
2023-09-04 10:09:16,498 - short entry dict: [0.0, 33.65]
2023-09-04 10:09:16,503 - short exit dict: [0.0, 47.45]
2023-09-04 10:09:16,508 - last entry was at : 33.65 and exit at: 47.45
2023-09-04 10:09:16,513 - short pnl booked until now:-6900.000000000002
2023-09-04 10:14:58,001 - NIFTY07SEP23P19400 went short at price-45.85, time-10:14:58
2023-09-04 10:14:58,002 - short entry dict: [0.0, 33.65, 45.85]
2023-09-04 10:14:59,206 - NIFTY07SEP23P19400 candle closing price at time 2023-09-04 10:14:59.206479+05:30 is 45.8
2023-09-04 10:17:14,151 - short entry dict: [0.0, 33.65, 45.85]
2023-09-04 10:17:14,157 - short exit dict: [0.0, 47.45, 49.2]
2023-09-04 10:17:14,168 - last entry was at : 45.85 and exit at: 49.2
2023-09-04 10:17:14,173 - short pnl booked until now:-8575.000000000002
2023-09-04 10:29:59,206 - NIFTY07SEP23P19400 candle closing price at time 2023-09-04 10:29:59.206251+05:30 is 47.65
2023-09-04 10:44:59,121 - NIFTY07SEP23P19400 candle closing price at time 2023-09-04 10:44:59.121508+05:30 is 53.15
2023-09-04 10:59:59,057 - NIFTY07SEP23P19400 candle closing price at time 2023-09-04 10:59:59.057260+05:30 is 51.25
2023-09-04 11:14:59,075 - NIFTY07SEP23P19400 candle closing price at time 2023-09-04 11:14:59.075521+05:30 is 37.35
2023-09-04 11:29:59,038 - NIFTY07SEP23P19400 candle closing price at time 2023-09-04 11:29:59.038688+05:30 is 39.35
2023-09-04 11:44:59,041 - NIFTY07SEP23P19400 candle closing price at time 2023-09-04 11:44:59.041305+05:30 is 37.8
2023-09-04 11:59:59,130 - NIFTY07SEP23P19400 candle closing price at time 2023-09-04 11:59:59.130613+05:30 is 35.8
2023-09-04 12:14:59,005 - NIFTY07SEP23P19400 candle closing price at time 2023-09-04 12:14:59.005116+05:30 is 33.15
2023-09-04 12:29:59,288 - NIFTY07SEP23P19400 candle closing price at time 2023-09-04 12:29:59.287956+05:30 is 28.5
2023-09-04 12:44:59,192 - NIFTY07SEP23P19400 candle closing price at time 2023-09-04 12:44:59.192522+05:30 is 28.4
2023-09-04 12:59:59,106 - NIFTY07SEP23P19400 candle closing price at time 2023-09-04 12:59:59.106207+05:30 is 29.2
2023-09-04 13:14:59,112 - NIFTY07SEP23P19400 candle closing price at time 2023-09-04 13:14:59.111814+05:30 is 25.85
2023-09-04 13:29:59,166 - NIFTY07SEP23P19400 candle closing price at time 2023-09-04 13:29:59.166177+05:30 is 26.75
2023-09-04 13:44:59,036 - NIFTY07SEP23P19400 candle closing price at time 2023-09-04 13:44:59.036483+05:30 is 26.85
2023-09-04 13:59:59,065 - NIFTY07SEP23P19400 candle closing price at time 2023-09-04 13:59:59.065622+05:30 is 28.8
2023-09-04 14:14:59,062 - NIFTY07SEP23P19400 candle closing price at time 2023-09-04 14:14:59.062567+05:30 is 28.3
2023-09-04 14:29:59,119 - NIFTY07SEP23P19400 candle closing price at time 2023-09-04 14:29:59.119501+05:30 is 25.85
2023-09-04 14:44:59,137 - NIFTY07SEP23P19400 candle closing price at time 2023-09-04 14:44:59.137269+05:30 is 21.4
2023-09-04 14:59:59,019 - NIFTY07SEP23P19400 candle closing price at time 2023-09-04 14:59:59.019347+05:30 is 22.35
2023-09-04 15:14:59,073 - NIFTY07SEP23P19400 candle closing price at time 2023-09-04 15:14:59.073398+05:30 is 23.85
2023-09-05 10:55:13,812 - NIFTY07SEP23P19400 went short at price-14.15, time-10:55:13
2023-09-05 10:55:13,813 - short entry dict: [0.0, 14.15]
2023-09-05 10:59:59,239 - NIFTY07SEP23P19400 candle closing price at time 2023-09-05 10:59:59.239797+05:30 is 14.7
2023-09-05 11:14:59,014 - NIFTY07SEP23P19400 candle closing price at time 2023-09-05 11:14:59.014339+05:30 is 13.25
2023-09-05 11:29:59,185 - NIFTY07SEP23P19400 candle closing price at time 2023-09-05 11:29:59.185427+05:30 is 12.8
2023-09-05 11:44:59,244 - NIFTY07SEP23P19400 candle closing price at time 2023-09-05 11:44:59.243987+05:30 is 12.75
2023-09-05 11:59:59,009 - NIFTY07SEP23P19400 candle closing price at time 2023-09-05 11:59:59.009045+05:30 is 12.6
2023-09-05 12:14:59,235 - NIFTY07SEP23P19400 candle closing price at time 2023-09-05 12:14:59.235226+05:30 is 13.5
2023-09-05 12:29:59,137 - NIFTY07SEP23P19400 candle closing price at time 2023-09-05 12:29:59.136996+05:30 is 13.2
2023-09-05 12:44:59,174 - NIFTY07SEP23P19400 candle closing price at time 2023-09-05 12:44:59.174790+05:30 is 17.05
2023-09-05 12:59:59,170 - NIFTY07SEP23P19400 candle closing price at time 2023-09-05 12:59:59.170382+05:30 is 15.8
2023-09-05 13:14:59,248 - NIFTY07SEP23P19400 candle closing price at time 2023-09-05 13:14:59.248675+05:30 is 14.6
2023-09-05 13:29:59,175 - NIFTY07SEP23P19400 candle closing price at time 2023-09-05 13:29:59.175025+05:30 is 15.7
2023-09-05 13:44:59,245 - NIFTY07SEP23P19400 candle closing price at time 2023-09-05 13:44:59.245115+05:30 is 14.2
2023-09-05 13:59:59,089 - NIFTY07SEP23P19400 candle closing price at time 2023-09-05 13:59:59.089746+05:30 is 13.3
2023-09-05 14:14:59,118 - NIFTY07SEP23P19400 candle closing price at time 2023-09-05 14:14:59.117946+05:30 is 11.3
2023-09-05 14:29:59,183 - NIFTY07SEP23P19400 candle closing price at time 2023-09-05 14:29:59.183208+05:30 is 9.4
2023-09-05 14:44:59,156 - NIFTY07SEP23P19400 candle closing price at time 2023-09-05 14:44:59.156399+05:30 is 9.1
2023-09-05 14:59:59,062 - NIFTY07SEP23P19400 candle closing price at time 2023-09-05 14:59:59.062338+05:30 is 7.95
2023-09-05 15:14:59,026 - NIFTY07SEP23P19400 candle closing price at time 2023-09-05 15:14:59.026084+05:30 is 8.5
2023-09-06 10:05:20,645 - NIFTY07SEP23P19400 went short at price-9.05, time-10:5:20
2023-09-06 10:05:20,646 - short entry dict: [0.0, 9.05]
2023-09-06 10:14:59,002 - NIFTY07SEP23P19400 candle closing price at time 2023-09-06 10:14:59.002255+05:30 is 8.55
2023-09-06 10:29:59,220 - NIFTY07SEP23P19400 candle closing price at time 2023-09-06 10:29:59.220763+05:30 is 7.75
2023-09-06 10:44:59,251 - NIFTY07SEP23P19400 candle closing price at time 2023-09-06 10:44:59.251524+05:30 is 7.35
2023-09-06 10:59:59,097 - NIFTY07SEP23P19400 candle closing price at time 2023-09-06 10:59:59.097266+05:30 is 8.1
2023-09-06 11:14:59,000 - NIFTY07SEP23P19400 candle closing price at time 2023-09-06 11:14:59.000202+05:30 is 7.75
2023-09-06 11:29:59,205 - NIFTY07SEP23P19400 candle closing price at time 2023-09-06 11:29:59.205096+05:30 is 7.6
2023-09-06 11:44:59,246 - NIFTY07SEP23P19400 candle closing price at time 2023-09-06 11:44:59.246263+05:30 is 9.6
2023-09-06 11:47:55,586 - short entry dict: [0.0, 9.05]
2023-09-06 11:47:55,587 - short exit dict: [0.0, 10.15]
2023-09-06 11:47:55,587 - last entry was at : 9.05 and exit at: 10.15
2023-09-06 11:47:55,587 - short pnl booked until now:-549.9999999999998
2023-09-06 11:59:58,002 - NIFTY07SEP23P19400 went short at price-8.9, time-11:59:58
2023-09-06 11:59:58,002 - short entry dict: [0.0, 9.05, 8.9]
2023-09-06 11:59:59,206 - NIFTY07SEP23P19400 candle closing price at time 2023-09-06 11:59:59.205991+05:30 is 8.95
2023-09-06 12:14:59,206 - NIFTY07SEP23P19400 candle closing price at time 2023-09-06 12:14:59.205983+05:30 is 7.85
2023-09-06 12:29:59,101 - NIFTY07SEP23P19400 candle closing price at time 2023-09-06 12:29:59.101553+05:30 is 8.1
2023-09-06 12:39:59,432 - short entry dict: [0.0, 9.05, 8.9]
2023-09-06 12:39:59,438 - short exit dict: [0.0, 10.15, 10.35]
2023-09-06 12:39:59,443 - last entry was at : 8.9 and exit at: 10.35
2023-09-06 12:39:59,448 - short pnl booked until now:-1274.9999999999995
2023-09-06 12:44:59,206 - NIFTY07SEP23P19400 candle closing price at time 2023-09-06 12:44:59.206307+05:30 is 13.55
2023-09-06 12:59:59,140 - NIFTY07SEP23P19400 candle closing price at time 2023-09-06 12:59:59.140312+05:30 is 14.3
2023-09-06 13:14:59,207 - NIFTY07SEP23P19400 candle closing price at time 2023-09-06 13:14:59.207077+05:30 is 13.45
2023-09-06 13:29:59,183 - NIFTY07SEP23P19400 candle closing price at time 2023-09-06 13:29:59.183799+05:30 is 13.85
2023-09-06 13:44:58,001 - NIFTY07SEP23P19400 went short at price-10.0, time-13:44:58
2023-09-06 13:44:58,001 - short entry dict: [0.0, 9.05, 8.9, 10.0]
2023-09-06 13:44:59,206 - NIFTY07SEP23P19400 candle closing price at time 2023-09-06 13:44:59.206476+05:30 is 9.95
2023-09-06 13:47:21,868 - short entry dict: [0.0, 9.05, 8.9, 10.0]
2023-09-06 13:47:21,869 - short exit dict: [0.0, 10.15, 10.35, 11.15]
2023-09-06 13:47:21,869 - last entry was at : 10.0 and exit at: 11.15
2023-09-06 13:47:21,869 - short pnl booked until now:-1849.9999999999998
2023-09-06 13:59:59,205 - NIFTY07SEP23P19400 candle closing price at time 2023-09-06 13:59:59.205890+05:30 is 11.95
2023-09-06 14:14:58,001 - NIFTY07SEP23P19400 went short at price-10.85, time-14:14:58
2023-09-06 14:14:58,002 - short entry dict: [0.0, 9.05, 8.9, 10.0, 10.85]
2023-09-06 14:14:59,207 - NIFTY07SEP23P19400 candle closing price at time 2023-09-06 14:14:59.207332+05:30 is 10.8
2023-09-06 14:29:59,053 - NIFTY07SEP23P19400 candle closing price at time 2023-09-06 14:29:59.053613+05:30 is 6.6
2023-09-06 14:44:59,164 - NIFTY07SEP23P19400 candle closing price at time 2023-09-06 14:44:59.164871+05:30 is 4.95
2023-09-06 14:59:59,234 - NIFTY07SEP23P19400 candle closing price at time 2023-09-06 14:59:59.234560+05:30 is 4.95
2023-09-06 15:14:59,207 - NIFTY07SEP23P19400 candle closing price at time 2023-09-06 15:14:59.207017+05:30 is 2.7
