2023-08-18 09:31:20,215 - BANKNIFTY24AUG23P43300 went short at price-77.25, time-9:31:20
2023-08-18 09:31:20,216 - short entry dict: [0.0, 77.25]
2023-08-18 09:44:59,136 - BANKNIFTY24AUG23P43300 candle closing price at time 2023-08-18 09:44:59.135918+05:30 is 82.8
2023-08-18 09:59:57,165 - short entry dict: [0.0, 77.25]
2023-08-18 09:59:57,187 - short exit dict: [0.0, 87.9]
2023-08-18 09:59:57,197 - last entry was at : 77.25 and exit at: 87.9
2023-08-18 09:59:57,197 - short pnl booked until now:-3195.000000000002
2023-08-18 09:59:58,611 - BANKNIFTY24AUG23P43300 went short at price-87.65, time-9:59:58
2023-08-18 09:59:58,612 - short entry dict: [0.0, 77.25, 87.65]
2023-08-18 09:59:59,214 - BANKNIFTY24AUG23P43300 candle closing price at time 2023-08-18 09:59:59.214391+05:30 is 88.1
2023-08-18 10:00:18,957 - short entry dict: [0.0, 77.25, 87.65]
2023-08-18 10:00:18,958 - short exit dict: [0.0, 87.9, 89.8]
2023-08-18 10:00:18,958 - last entry was at : 87.65 and exit at: 89.8
2023-08-18 10:00:18,958 - short pnl booked until now:-3839.999999999999
2023-08-18 10:14:58,031 - BANKNIFTY24AUG23P43300 went short at price-83.1, time-10:14:58
2023-08-18 10:14:58,031 - short entry dict: [0.0, 77.25, 87.65, 83.1]
2023-08-18 10:14:59,237 - BANKNIFTY24AUG23P43300 candle closing price at time 2023-08-18 10:14:59.237434+05:30 is 82.85
2023-08-18 10:29:59,230 - BANKNIFTY24AUG23P43300 candle closing price at time 2023-08-18 10:29:59.230170+05:30 is 76.15
2023-08-18 10:44:59,164 - BANKNIFTY24AUG23P43300 candle closing price at time 2023-08-18 10:44:59.164278+05:30 is 77.45
2023-08-18 10:59:59,194 - BANKNIFTY24AUG23P43300 candle closing price at time 2023-08-18 10:59:59.194264+05:30 is 75.15
2023-08-18 11:14:59,016 - BANKNIFTY24AUG23P43300 candle closing price at time 2023-08-18 11:14:59.016357+05:30 is 74.0
2023-08-18 11:29:59,199 - BANKNIFTY24AUG23P43300 candle closing price at time 2023-08-18 11:29:59.199848+05:30 is 73.05
2023-08-18 11:44:59,294 - BANKNIFTY24AUG23P43300 candle closing price at time 2023-08-18 11:44:59.294758+05:30 is 71.4
2023-08-18 11:59:59,001 - BANKNIFTY24AUG23P43300 candle closing price at time 2023-08-18 11:59:59.001253+05:30 is 75.55
2023-08-18 12:14:59,149 - BANKNIFTY24AUG23P43300 candle closing price at time 2023-08-18 12:14:59.149587+05:30 is 73.95
2023-08-18 12:29:59,244 - BANKNIFTY24AUG23P43300 candle closing price at time 2023-08-18 12:29:59.244878+05:30 is 78.65
2023-08-18 12:44:59,089 - BANKNIFTY24AUG23P43300 candle closing price at time 2023-08-18 12:44:59.089293+05:30 is 74.9
2023-08-18 12:59:59,186 - BANKNIFTY24AUG23P43300 candle closing price at time 2023-08-18 12:59:59.186512+05:30 is 74.6
2023-08-18 13:11:54,176 - short entry dict: [0.0, 77.25, 87.65, 83.1]
2023-08-18 13:11:54,195 - short exit dict: [0.0, 87.9, 89.8, 80.6]
2023-08-18 13:11:54,215 - last entry was at : 83.1 and exit at: 80.6
2023-08-18 13:11:54,245 - short pnl booked until now:-3089.999999999999
2023-08-18 13:14:59,225 - BANKNIFTY24AUG23P43300 candle closing price at time 2023-08-18 13:14:59.225447+05:30 is 80.65
2023-08-18 13:29:59,213 - BANKNIFTY24AUG23P43300 candle closing price at time 2023-08-18 13:29:59.213543+05:30 is 81.5
2023-08-18 13:44:58,006 - BANKNIFTY24AUG23P43300 went short at price-79.4, time-13:44:58
2023-08-18 13:44:58,007 - short entry dict: [0.0, 77.25, 87.65, 83.1, 79.4]
2023-08-18 13:44:59,212 - BANKNIFTY24AUG23P43300 candle closing price at time 2023-08-18 13:44:59.212560+05:30 is 79.7
2023-08-18 13:48:43,159 - short entry dict: [0.0, 77.25, 87.65, 83.1, 79.4]
2023-08-18 13:48:43,164 - short exit dict: [0.0, 87.9, 89.8, 80.6, 80.6]
2023-08-18 13:48:43,170 - last entry was at : 79.4 and exit at: 80.6
2023-08-18 13:48:43,175 - short pnl booked until now:-3449.9999999999955
2023-08-18 13:59:58,015 - BANKNIFTY24AUG23P43300 went short at price-77.85, time-13:59:58
2023-08-18 13:59:58,015 - short entry dict: [0.0, 77.25, 87.65, 83.1, 79.4, 77.85]
2023-08-18 13:59:59,221 - BANKNIFTY24AUG23P43300 candle closing price at time 2023-08-18 13:59:59.221679+05:30 is 77.7
2023-08-18 14:14:59,203 - BANKNIFTY24AUG23P43300 candle closing price at time 2023-08-18 14:14:59.203610+05:30 is 66.0
2023-08-18 14:29:59,172 - BANKNIFTY24AUG23P43300 candle closing price at time 2023-08-18 14:29:59.172725+05:30 is 59.55
2023-08-18 14:44:59,211 - BANKNIFTY24AUG23P43300 candle closing price at time 2023-08-18 14:44:59.211349+05:30 is 59.05
2023-08-18 14:59:59,068 - BANKNIFTY24AUG23P43300 candle closing price at time 2023-08-18 14:59:59.068158+05:30 is 61.1
2023-08-18 15:14:59,162 - BANKNIFTY24AUG23P43300 candle closing price at time 2023-08-18 15:14:59.162759+05:30 is 67.5
2023-08-21 09:31:19,310 - BANKNIFTY24AUG23P43300 went short at price-45.65, time-9:31:19
2023-08-21 09:31:19,310 - short entry dict: [0.0, 45.65]
2023-08-21 09:44:59,137 - BANKNIFTY24AUG23P43300 candle closing price at time 2023-08-21 09:44:59.137575+05:30 is 44.0
2023-08-21 09:59:59,280 - BANKNIFTY24AUG23P43300 candle closing price at time 2023-08-21 09:59:59.280414+05:30 is 52.55
2023-08-21 10:14:59,090 - BANKNIFTY24AUG23P43300 candle closing price at time 2023-08-21 10:14:59.090362+05:30 is 51.3
2023-08-21 10:29:59,009 - BANKNIFTY24AUG23P43300 candle closing price at time 2023-08-21 10:29:59.009050+05:30 is 38.2
2023-08-21 10:44:59,274 - BANKNIFTY24AUG23P43300 candle closing price at time 2023-08-21 10:44:59.274219+05:30 is 36.35
2023-08-21 10:59:59,190 - BANKNIFTY24AUG23P43300 candle closing price at time 2023-08-21 10:59:59.190332+05:30 is 37.0
2023-08-21 11:14:59,052 - BANKNIFTY24AUG23P43300 candle closing price at time 2023-08-21 11:14:59.051929+05:30 is 32.1
2023-08-21 11:29:59,028 - BANKNIFTY24AUG23P43300 candle closing price at time 2023-08-21 11:29:59.028350+05:30 is 33.2
2023-08-21 11:44:59,080 - BANKNIFTY24AUG23P43300 candle closing price at time 2023-08-21 11:44:59.079946+05:30 is 32.8
2023-08-21 11:59:59,279 - BANKNIFTY24AUG23P43300 candle closing price at time 2023-08-21 11:59:59.279316+05:30 is 30.35
2023-08-21 12:14:59,086 - BANKNIFTY24AUG23P43300 candle closing price at time 2023-08-21 12:14:59.086279+05:30 is 29.1
2023-08-21 12:29:59,018 - BANKNIFTY24AUG23P43300 candle closing price at time 2023-08-21 12:29:59.018227+05:30 is 27.6
2023-08-21 12:44:59,299 - BANKNIFTY24AUG23P43300 candle closing price at time 2023-08-21 12:44:59.299767+05:30 is 25.0
2023-08-21 12:59:59,301 - BANKNIFTY24AUG23P43300 candle closing price at time 2023-08-21 12:59:59.301154+05:30 is 24.75
2023-08-21 13:14:59,196 - BANKNIFTY24AUG23P43300 candle closing price at time 2023-08-21 13:14:59.195944+05:30 is 23.05
2023-08-21 13:29:59,232 - BANKNIFTY24AUG23P43300 candle closing price at time 2023-08-21 13:29:59.232385+05:30 is 22.6
2023-08-21 13:44:59,260 - BANKNIFTY24AUG23P43300 candle closing price at time 2023-08-21 13:44:59.260667+05:30 is 23.5
2023-08-21 13:59:59,075 - BANKNIFTY24AUG23P43300 candle closing price at time 2023-08-21 13:59:59.075036+05:30 is 23.1
2023-08-21 14:14:59,129 - BANKNIFTY24AUG23P43300 candle closing price at time 2023-08-21 14:14:59.129829+05:30 is 24.7
2023-08-21 14:29:59,073 - BANKNIFTY24AUG23P43300 candle closing price at time 2023-08-21 14:29:59.073112+05:30 is 22.25
2023-08-21 14:44:59,121 - BANKNIFTY24AUG23P43300 candle closing price at time 2023-08-21 14:44:59.121247+05:30 is 21.4
2023-08-21 14:59:59,115 - BANKNIFTY24AUG23P43300 candle closing price at time 2023-08-21 14:59:59.115380+05:30 is 20.65
2023-08-21 15:14:59,018 - BANKNIFTY24AUG23P43300 candle closing price at time 2023-08-21 15:14:59.018693+05:30 is 26.2
