2023-08-18 09:31:19,469 - NIFTY24AUG23C19300 went short at price-98.6, time-9:31:19
2023-08-18 09:31:19,470 - short entry dict: [0.0, 98.6]
2023-08-18 09:44:59,017 - NIFTY24AUG23C19300 candle closing price at time 2023-08-18 09:44:59.016907+05:30 is 88.0
2023-08-18 09:59:59,036 - NIFTY24AUG23C19300 candle closing price at time 2023-08-18 09:59:59.036105+05:30 is 80.7
2023-08-18 10:14:59,173 - NIFTY24AUG23C19300 candle closing price at time 2023-08-18 10:14:59.173066+05:30 is 82.2
2023-08-18 10:29:59,154 - NIFTY24AUG23C19300 candle closing price at time 2023-08-18 10:29:59.154206+05:30 is 83.6
2023-08-18 10:44:59,028 - NIFTY24AUG23C19300 candle closing price at time 2023-08-18 10:44:59.028720+05:30 is 80.6
2023-08-18 10:59:59,209 - NIFTY24AUG23C19300 candle closing price at time 2023-08-18 10:59:59.209555+05:30 is 81.9
2023-08-18 11:14:59,015 - NIFTY24AUG23C19300 candle closing price at time 2023-08-18 11:14:59.015413+05:30 is 84.45
2023-08-18 11:29:59,264 - NIFTY24AUG23C19300 candle closing price at time 2023-08-18 11:29:59.264352+05:30 is 87.5
2023-08-18 11:44:59,051 - NIFTY24AUG23C19300 candle closing price at time 2023-08-18 11:44:59.051046+05:30 is 93.35
2023-08-18 11:59:59,155 - NIFTY24AUG23C19300 candle closing price at time 2023-08-18 11:59:59.155719+05:30 is 94.95
2023-08-18 12:14:59,278 - NIFTY24AUG23C19300 candle closing price at time 2023-08-18 12:14:59.278721+05:30 is 94.0
2023-08-18 12:29:59,120 - NIFTY24AUG23C19300 candle closing price at time 2023-08-18 12:29:59.119694+05:30 is 86.6
2023-08-18 12:44:59,225 - NIFTY24AUG23C19300 candle closing price at time 2023-08-18 12:44:59.225587+05:30 is 87.85
2023-08-18 12:59:59,271 - NIFTY24AUG23C19300 candle closing price at time 2023-08-18 12:59:59.271155+05:30 is 83.6
2023-08-18 13:14:59,002 - NIFTY24AUG23C19300 candle closing price at time 2023-08-18 13:14:59.002613+05:30 is 72.5
2023-08-18 13:29:59,264 - NIFTY24AUG23C19300 candle closing price at time 2023-08-18 13:29:59.264262+05:30 is 75.0
2023-08-18 13:44:59,191 - NIFTY24AUG23C19300 candle closing price at time 2023-08-18 13:44:59.191404+05:30 is 74.8
2023-08-18 13:59:59,109 - NIFTY24AUG23C19300 candle closing price at time 2023-08-18 13:59:59.109142+05:30 is 91.45
2023-08-18 14:02:39,838 - short entry dict: [0.0, 98.6]
2023-08-18 14:02:39,838 - short exit dict: [0.0, 99.95]
2023-08-18 14:02:39,838 - last entry was at : 98.6 and exit at: 99.95
2023-08-18 14:02:39,838 - short pnl booked until now:-675.0000000000043
2023-08-18 14:14:59,208 - NIFTY24AUG23C19300 candle closing price at time 2023-08-18 14:14:59.208866+05:30 is 118.5
2023-08-18 14:29:59,212 - NIFTY24AUG23C19300 candle closing price at time 2023-08-18 14:29:59.212716+05:30 is 120.7
2023-08-18 14:44:59,037 - NIFTY24AUG23C19300 candle closing price at time 2023-08-18 14:44:59.037623+05:30 is 109.95
2023-08-18 14:59:59,145 - NIFTY24AUG23C19300 candle closing price at time 2023-08-18 14:59:59.145626+05:30 is 109.35
2023-08-18 15:14:58,011 - NIFTY24AUG23C19300 went short at price-97.6, time-15:14:58
2023-08-18 15:14:58,016 - short entry dict: [0.0, 98.6, 97.6]
2023-08-18 15:14:59,223 - NIFTY24AUG23C19300 candle closing price at time 2023-08-18 15:14:59.223427+05:30 is 97.8
