2023-08-31 09:30:15,125 - BANKNIFTY31AUG23C44100 went short at price-117.3, time-9:30:15
2023-08-31 09:30:15,125 - short entry dict: [0.0, 117.3]
2023-08-31 09:45:04,308 - short entry dict: [0.0, 117.3]
2023-08-31 09:45:04,309 - short exit dict: [0.0, 283.4]
2023-08-31 09:45:04,309 - last entry was at : 117.3 and exit at: 283.4
2023-08-31 09:45:04,309 - short pnl booked until now:-49829.99999999999
2023-08-31 09:59:58,001 - BANKNIFTY31AUG23C44100 went short at price-253.7, time-9:59:58
2023-08-31 09:59:58,003 - short entry dict: [0.0, 117.3, 253.7]
2023-08-31 09:59:59,207 - BANKNIFTY31AUG23C44100 candle closing price at time 2023-08-31 09:59:59.207585+05:30 is 251.75
2023-08-31 10:14:59,242 - BANKNIFTY31AUG23C44100 candle closing price at time 2023-08-31 10:14:59.242319+05:30 is 146.3
2023-08-31 10:29:59,052 - BANKNIFTY31AUG23C44100 candle closing price at time 2023-08-31 10:29:59.052192+05:30 is 95.9
2023-08-31 10:44:59,133 - BANKNIFTY31AUG23C44100 candle closing price at time 2023-08-31 10:44:59.133374+05:30 is 72.15
2023-08-31 10:59:59,257 - BANKNIFTY31AUG23C44100 candle closing price at time 2023-08-31 10:59:59.257518+05:30 is 82.9
2023-08-31 11:14:59,294 - BANKNIFTY31AUG23C44100 candle closing price at time 2023-08-31 11:14:59.294347+05:30 is 67.95
2023-08-31 11:29:59,029 - BANKNIFTY31AUG23C44100 candle closing price at time 2023-08-31 11:29:59.029108+05:30 is 75.9
2023-08-31 11:44:59,234 - BANKNIFTY31AUG23C44100 candle closing price at time 2023-08-31 11:44:59.234562+05:30 is 71.2
2023-08-31 11:59:59,170 - BANKNIFTY31AUG23C44100 candle closing price at time 2023-08-31 11:59:59.170428+05:30 is 48.05
2023-08-31 12:14:59,143 - BANKNIFTY31AUG23C44100 candle closing price at time 2023-08-31 12:14:59.143091+05:30 is 48.05
2023-08-31 12:29:59,270 - BANKNIFTY31AUG23C44100 candle closing price at time 2023-08-31 12:29:59.270730+05:30 is 45.85
2023-08-31 12:44:59,283 - BANKNIFTY31AUG23C44100 candle closing price at time 2023-08-31 12:44:59.283658+05:30 is 39.65
2023-08-31 12:59:59,247 - BANKNIFTY31AUG23C44100 candle closing price at time 2023-08-31 12:59:59.247911+05:30 is 40.3
2023-08-31 13:14:59,168 - BANKNIFTY31AUG23C44100 candle closing price at time 2023-08-31 13:14:59.168217+05:30 is 19.5
2023-08-31 13:29:59,115 - BANKNIFTY31AUG23C44100 candle closing price at time 2023-08-31 13:29:59.115780+05:30 is 19.1
2023-08-31 13:44:59,257 - BANKNIFTY31AUG23C44100 candle closing price at time 2023-08-31 13:44:59.257687+05:30 is 41.4
2023-08-31 13:59:59,079 - BANKNIFTY31AUG23C44100 candle closing price at time 2023-08-31 13:59:59.079348+05:30 is 21.0
2023-08-31 14:14:59,266 - BANKNIFTY31AUG23C44100 candle closing price at time 2023-08-31 14:14:59.265906+05:30 is 13.35
2023-08-31 14:29:59,049 - BANKNIFTY31AUG23C44100 candle closing price at time 2023-08-31 14:29:59.049769+05:30 is 10.45
2023-08-31 14:44:59,085 - BANKNIFTY31AUG23C44100 candle closing price at time 2023-08-31 14:44:59.085409+05:30 is 3.0
2023-08-31 14:59:59,249 - BANKNIFTY31AUG23C44100 candle closing price at time 2023-08-31 14:59:59.249237+05:30 is 3.35
2023-08-31 15:14:59,044 - BANKNIFTY31AUG23C44100 candle closing price at time 2023-08-31 15:14:59.044592+05:30 is 0.65
