2023-08-30 10:11:27,770 - NIFTY31AUG23C19600 went short at price-4.1, time-10:11:27
2023-08-30 10:11:27,770 - short entry dict: [0.0, 4.1]
2023-08-30 10:13:26,334 - short entry dict: [0.0, 4.1]
2023-08-30 10:13:26,334 - short exit dict: [0.0, 4.25]
2023-08-30 10:13:26,334 - last entry was at : 4.1 and exit at: 4.25
2023-08-30 10:13:26,334 - short pnl booked until now:-75.00000000000017
2023-08-30 10:14:59,207 - NIFTY31AUG23C19600 candle closing price at time 2023-08-30 10:14:59.207266+05:30 is 4.35
2023-08-30 10:29:58,001 - NIFTY31AUG23C19600 went short at price-3.95, time-10:29:58
2023-08-30 10:29:58,001 - short entry dict: [0.0, 4.1, 3.95]
2023-08-30 10:29:59,206 - NIFTY31AUG23C19600 candle closing price at time 2023-08-30 10:29:59.206727+05:30 is 3.9
2023-08-30 10:44:59,054 - NIFTY31AUG23C19600 candle closing price at time 2023-08-30 10:44:59.053827+05:30 is 4.0
2023-08-30 10:59:59,216 - NIFTY31AUG23C19600 candle closing price at time 2023-08-30 10:59:59.216538+05:30 is 3.95
2023-08-30 11:09:44,085 - short entry dict: [0.0, 4.1, 3.95]
2023-08-30 11:09:44,097 - short exit dict: [0.0, 4.25, 4.2]
2023-08-30 11:09:44,097 - last entry was at : 3.95 and exit at: 4.2
2023-08-30 11:09:44,097 - short pnl booked until now:-200.00000000000017
2023-08-30 11:14:58,014 - NIFTY31AUG23C19600 went short at price-3.95, time-11:14:58
2023-08-30 11:14:58,014 - short entry dict: [0.0, 4.1, 3.95, 3.95]
2023-08-30 11:14:59,219 - NIFTY31AUG23C19600 candle closing price at time 2023-08-30 11:14:59.219811+05:30 is 3.95
2023-08-30 11:29:59,036 - NIFTY31AUG23C19600 candle closing price at time 2023-08-30 11:29:59.036604+05:30 is 3.85
2023-08-30 11:44:59,210 - NIFTY31AUG23C19600 candle closing price at time 2023-08-30 11:44:59.210700+05:30 is 3.8
2023-08-30 11:59:59,206 - NIFTY31AUG23C19600 candle closing price at time 2023-08-30 11:59:59.206376+05:30 is 3.65
2023-08-30 12:14:59,203 - NIFTY31AUG23C19600 candle closing price at time 2023-08-30 12:14:59.203656+05:30 is 3.35
2023-08-30 12:29:59,280 - NIFTY31AUG23C19600 candle closing price at time 2023-08-30 12:29:59.280444+05:30 is 3.1
2023-08-30 12:44:59,047 - NIFTY31AUG23C19600 candle closing price at time 2023-08-30 12:44:59.047348+05:30 is 2.95
2023-08-30 12:59:59,030 - NIFTY31AUG23C19600 candle closing price at time 2023-08-30 12:59:59.030146+05:30 is 2.95
2023-08-30 13:14:59,279 - NIFTY31AUG23C19600 candle closing price at time 2023-08-30 13:14:59.279278+05:30 is 2.9
2023-08-30 13:29:59,020 - NIFTY31AUG23C19600 candle closing price at time 2023-08-30 13:29:59.020082+05:30 is 2.85
2023-08-30 13:44:59,059 - NIFTY31AUG23C19600 candle closing price at time 2023-08-30 13:44:59.059201+05:30 is 2.55
2023-08-30 13:59:59,139 - NIFTY31AUG23C19600 candle closing price at time 2023-08-30 13:59:59.139067+05:30 is 2.65
2023-08-30 14:14:59,092 - NIFTY31AUG23C19600 candle closing price at time 2023-08-30 14:14:59.092026+05:30 is 2.15
2023-08-30 14:29:59,222 - NIFTY31AUG23C19600 candle closing price at time 2023-08-30 14:29:59.222838+05:30 is 2.25
2023-08-30 14:44:59,207 - NIFTY31AUG23C19600 candle closing price at time 2023-08-30 14:44:59.207230+05:30 is 2.15
2023-08-30 14:59:59,076 - NIFTY31AUG23C19600 candle closing price at time 2023-08-30 14:59:59.076602+05:30 is 2.0
2023-08-30 15:14:59,294 - NIFTY31AUG23C19600 candle closing price at time 2023-08-30 15:14:59.294350+05:30 is 2.15
