2023-08-22 09:31:22,414 - BANKNIFTY24AUG23P44100 went short at price-179.5, time-9:31:22
2023-08-22 09:31:22,414 - short entry dict: [0.0, 179.5]
2023-08-22 09:44:59,052 - BANKNIFTY24AUG23P44100 candle closing price at time 2023-08-22 09:44:59.052227+05:30 is 176.15
2023-08-22 09:59:59,211 - BANKNIFTY24AUG23P44100 candle closing price at time 2023-08-22 09:59:59.211064+05:30 is 206.1
2023-08-22 10:00:07,221 - short entry dict: [0.0, 179.5]
2023-08-22 10:00:07,222 - short exit dict: [0.0, 205.35]
2023-08-22 10:00:07,222 - last entry was at : 179.5 and exit at: 205.35
2023-08-22 10:00:07,222 - short pnl booked until now:-7754.999999999998
2023-08-22 10:14:58,002 - BANKNIFTY24AUG23P44100 went short at price-189.6, time-10:14:58
2023-08-22 10:14:58,004 - short entry dict: [0.0, 179.5, 189.6]
2023-08-22 10:14:59,214 - BANKNIFTY24AUG23P44100 candle closing price at time 2023-08-22 10:14:59.213918+05:30 is 189.55
2023-08-22 10:29:59,149 - BANKNIFTY24AUG23P44100 candle closing price at time 2023-08-22 10:29:59.149373+05:30 is 177.45
2023-08-22 10:44:59,168 - BANKNIFTY24AUG23P44100 candle closing price at time 2023-08-22 10:44:59.168703+05:30 is 171.8
2023-08-22 10:59:59,277 - BANKNIFTY24AUG23P44100 candle closing price at time 2023-08-22 10:59:59.277599+05:30 is 183.25
2023-08-22 11:14:59,253 - BANKNIFTY24AUG23P44100 candle closing price at time 2023-08-22 11:14:59.252978+05:30 is 181.9
2023-08-22 11:29:59,180 - BANKNIFTY24AUG23P44100 candle closing price at time 2023-08-22 11:29:59.180704+05:30 is 181.0
2023-08-22 11:44:59,170 - BANKNIFTY24AUG23P44100 candle closing price at time 2023-08-22 11:44:59.170185+05:30 is 178.5
2023-08-22 11:59:59,135 - BANKNIFTY24AUG23P44100 candle closing price at time 2023-08-22 11:59:59.135929+05:30 is 181.05
2023-08-22 12:14:59,014 - BANKNIFTY24AUG23P44100 candle closing price at time 2023-08-22 12:14:59.014731+05:30 is 178.45
2023-08-22 12:20:48,122 - short entry dict: [0.0, 179.5, 189.6]
2023-08-22 12:20:48,122 - short exit dict: [0.0, 205.35, 204.75]
2023-08-22 12:20:48,122 - last entry was at : 189.6 and exit at: 204.75
2023-08-22 12:20:48,123 - short pnl booked until now:-12300.0
2023-08-22 12:29:58,001 - BANKNIFTY24AUG23P44100 went short at price-195.8, time-12:29:58
2023-08-22 12:29:58,001 - short entry dict: [0.0, 179.5, 189.6, 195.8]
2023-08-22 12:29:59,204 - BANKNIFTY24AUG23P44100 candle closing price at time 2023-08-22 12:29:59.204639+05:30 is 195.85
2023-08-22 12:44:59,126 - BANKNIFTY24AUG23P44100 candle closing price at time 2023-08-22 12:44:59.126660+05:30 is 180.9
2023-08-22 12:59:59,119 - BANKNIFTY24AUG23P44100 candle closing price at time 2023-08-22 12:59:59.119093+05:30 is 168.2
2023-08-22 13:14:59,123 - BANKNIFTY24AUG23P44100 candle closing price at time 2023-08-22 13:14:59.122941+05:30 is 168.75
2023-08-22 13:29:59,146 - BANKNIFTY24AUG23P44100 candle closing price at time 2023-08-22 13:29:59.146224+05:30 is 162.1
2023-08-22 13:44:59,075 - BANKNIFTY24AUG23P44100 candle closing price at time 2023-08-22 13:44:59.075875+05:30 is 168.2
2023-08-22 13:59:59,167 - BANKNIFTY24AUG23P44100 candle closing price at time 2023-08-22 13:59:59.167711+05:30 is 178.95
2023-08-22 14:14:59,076 - BANKNIFTY24AUG23P44100 candle closing price at time 2023-08-22 14:14:59.076815+05:30 is 176.0
2023-08-22 14:29:59,020 - BANKNIFTY24AUG23P44100 candle closing price at time 2023-08-22 14:29:59.020312+05:30 is 182.4
2023-08-22 14:35:53,733 - short entry dict: [0.0, 179.5, 189.6, 195.8]
2023-08-22 14:35:53,734 - short exit dict: [0.0, 205.35, 204.75, 193.1]
2023-08-22 14:35:53,734 - last entry was at : 195.8 and exit at: 193.1
2023-08-22 14:35:53,734 - short pnl booked until now:-11489.999999999995
2023-08-22 14:44:58,906 - BANKNIFTY24AUG23P44100 went short at price-189.4, time-14:44:58
2023-08-22 14:44:58,909 - short entry dict: [0.0, 179.5, 189.6, 195.8, 189.4]
2023-08-22 14:44:59,210 - BANKNIFTY24AUG23P44100 candle closing price at time 2023-08-22 14:44:59.210229+05:30 is 189.3
2023-08-22 14:45:39,157 - short entry dict: [0.0, 179.5, 189.6, 195.8, 189.4]
2023-08-22 14:45:39,159 - short exit dict: [0.0, 205.35, 204.75, 193.1, 190.5]
2023-08-22 14:45:39,159 - last entry was at : 189.4 and exit at: 190.5
2023-08-22 14:45:39,159 - short pnl booked until now:-11819.999999999993
2023-08-22 14:59:58,013 - BANKNIFTY24AUG23P44100 went short at price-186.5, time-14:59:58
2023-08-22 14:59:58,014 - short entry dict: [0.0, 179.5, 189.6, 195.8, 189.4, 186.5]
2023-08-22 14:59:59,218 - BANKNIFTY24AUG23P44100 candle closing price at time 2023-08-22 14:59:59.218786+05:30 is 185.2
2023-08-22 15:00:09,672 - short entry dict: [0.0, 179.5, 189.6, 195.8, 189.4, 186.5]
2023-08-22 15:00:09,678 - short exit dict: [0.0, 205.35, 204.75, 193.1, 190.5, 195.6]
2023-08-22 15:00:09,678 - last entry was at : 186.5 and exit at: 195.6
2023-08-22 15:00:09,678 - short pnl booked until now:-14549.99999999999
2023-08-22 15:14:59,210 - BANKNIFTY24AUG23P44100 candle closing price at time 2023-08-22 15:14:59.210684+05:30 is 190.4
