2023-09-07 09:31:11,802 - BANKNIFTY13SEP23P44300 went long at price-184.7, time-9:31:11
2023-09-07 09:31:11,804 - long entry dict:[0.0, 184.7]
2023-09-07 09:31:11,805 - long exit dict:[0.0]
2023-09-07 09:31:11,805 - HEDGE-BANKNIFTY13SEP23P44300 went long at price-184.7, time-9:31:11
2023-09-08 09:31:16,301 - BANKNIFTY13SEP23P44300 went short at price-51.3, time-9:31:16
2023-09-08 09:31:16,301 - short entry dict: [0.0, 51.3]
2023-09-08 09:44:59,274 - BANKNIFTY13SEP23P44300 candle closing price at time 2023-09-08 09:44:59.274074+05:30 is 57.4
2023-09-08 09:59:59,136 - BANKNIFTY13SEP23P44300 candle closing price at time 2023-09-08 09:59:59.136009+05:30 is 56.85
2023-09-08 10:14:59,250 - BANKNIFTY13SEP23P44300 candle closing price at time 2023-09-08 10:14:59.250333+05:30 is 57.5
2023-09-08 10:29:59,120 - BANKNIFTY13SEP23P44300 candle closing price at time 2023-09-08 10:29:59.120722+05:30 is 67.0
2023-09-08 10:44:59,211 - BANKNIFTY13SEP23P44300 candle closing price at time 2023-09-08 10:44:59.211055+05:30 is 66.1
2023-09-08 10:59:59,251 - BANKNIFTY13SEP23P44300 candle closing price at time 2023-09-08 10:59:59.251325+05:30 is 60.7
2023-09-08 11:14:59,182 - BANKNIFTY13SEP23P44300 candle closing price at time 2023-09-08 11:14:59.182503+05:30 is 64.5
2023-09-08 11:29:59,239 - BANKNIFTY13SEP23P44300 candle closing price at time 2023-09-08 11:29:59.238946+05:30 is 52.95
2023-09-08 11:44:59,157 - BANKNIFTY13SEP23P44300 candle closing price at time 2023-09-08 11:44:59.157820+05:30 is 42.65
2023-09-08 11:59:59,066 - BANKNIFTY13SEP23P44300 candle closing price at time 2023-09-08 11:59:59.066178+05:30 is 42.6
2023-09-08 12:14:59,023 - BANKNIFTY13SEP23P44300 candle closing price at time 2023-09-08 12:14:59.023461+05:30 is 42.75
2023-09-08 12:29:59,088 - BANKNIFTY13SEP23P44300 candle closing price at time 2023-09-08 12:29:59.088482+05:30 is 43.75
2023-09-08 12:44:59,161 - BANKNIFTY13SEP23P44300 candle closing price at time 2023-09-08 12:44:59.161208+05:30 is 41.65
2023-09-08 12:59:59,150 - BANKNIFTY13SEP23P44300 candle closing price at time 2023-09-08 12:59:59.150346+05:30 is 44.05
2023-09-08 13:14:59,109 - BANKNIFTY13SEP23P44300 candle closing price at time 2023-09-08 13:14:59.109679+05:30 is 43.6
2023-09-08 13:29:59,060 - BANKNIFTY13SEP23P44300 candle closing price at time 2023-09-08 13:29:59.060684+05:30 is 39.9
2023-09-08 13:44:59,246 - BANKNIFTY13SEP23P44300 candle closing price at time 2023-09-08 13:44:59.246092+05:30 is 35.9
2023-09-08 13:59:59,146 - BANKNIFTY13SEP23P44300 candle closing price at time 2023-09-08 13:59:59.146828+05:30 is 35.9
2023-09-08 14:14:59,246 - BANKNIFTY13SEP23P44300 candle closing price at time 2023-09-08 14:14:59.246749+05:30 is 34.95
2023-09-08 14:29:59,117 - BANKNIFTY13SEP23P44300 candle closing price at time 2023-09-08 14:29:59.117276+05:30 is 28.8
2023-09-08 14:44:59,219 - BANKNIFTY13SEP23P44300 candle closing price at time 2023-09-08 14:44:59.218969+05:30 is 39.45
2023-09-08 14:59:59,081 - BANKNIFTY13SEP23P44300 candle closing price at time 2023-09-08 14:59:59.081697+05:30 is 39.15
2023-09-08 15:14:59,198 - BANKNIFTY13SEP23P44300 candle closing price at time 2023-09-08 15:14:59.198789+05:30 is 40.7
