2023-08-17 09:31:18,730 - FINNIFTY22AUG23P19500 went short at price-79.9, time-9:31:18
2023-08-17 09:31:18,730 - short entry dict: [0.0, 79.9]
2023-08-17 09:44:59,170 - FINNIFTY22AUG23P19500 candle closing price at time 2023-08-17 09:44:59.170296+05:30 is 73.45
2023-08-17 09:59:59,188 - FINNIFTY22AUG23P19500 candle closing price at time 2023-08-17 09:59:59.187805+05:30 is 74.3
2023-08-17 10:14:59,005 - FINNIFTY22AUG23P19500 candle closing price at time 2023-08-17 10:14:59.005183+05:30 is 66.8
2023-08-17 10:29:59,148 - FINNIFTY22AUG23P19500 candle closing price at time 2023-08-17 10:29:59.148047+05:30 is 65.3
2023-08-17 10:44:59,169 - FINNIFTY22AUG23P19500 candle closing price at time 2023-08-17 10:44:59.169122+05:30 is 58.85
2023-08-17 10:59:59,182 - FINNIFTY22AUG23P19500 candle closing price at time 2023-08-17 10:59:59.181983+05:30 is 56.8
2023-08-17 11:14:59,165 - FINNIFTY22AUG23P19500 candle closing price at time 2023-08-17 11:14:59.164949+05:30 is 57.15
2023-08-17 11:29:59,025 - FINNIFTY22AUG23P19500 candle closing price at time 2023-08-17 11:29:59.025068+05:30 is 68.45
2023-08-17 11:44:59,222 - FINNIFTY22AUG23P19500 candle closing price at time 2023-08-17 11:44:59.222758+05:30 is 62.65
2023-08-17 11:59:59,229 - FINNIFTY22AUG23P19500 candle closing price at time 2023-08-17 11:59:59.229139+05:30 is 67.6
2023-08-17 12:11:06,165 - short entry dict: [0.0, 79.9]
2023-08-17 12:11:06,166 - short exit dict: [0.0, 75.45]
2023-08-17 12:11:06,166 - last entry was at : 79.9 and exit at: 75.45
2023-08-17 12:11:06,166 - short pnl booked until now:712.0000000000005
2023-08-17 12:14:58,001 - FINNIFTY22AUG23P19500 went short at price-70.9, time-12:14:58
2023-08-17 12:14:58,001 - short entry dict: [0.0, 79.9, 70.9]
2023-08-17 12:14:59,206 - FINNIFTY22AUG23P19500 candle closing price at time 2023-08-17 12:14:59.206729+05:30 is 71.6
2023-08-17 12:16:25,129 - short entry dict: [0.0, 79.9, 70.9]
2023-08-17 12:16:25,130 - short exit dict: [0.0, 75.45, 76.85]
2023-08-17 12:16:25,130 - last entry was at : 70.9 and exit at: 76.85
2023-08-17 12:16:25,130 - short pnl booked until now:-239.99999999999773
2023-08-17 12:29:58,002 - FINNIFTY22AUG23P19500 went short at price-69.4, time-12:29:58
2023-08-17 12:29:58,002 - short entry dict: [0.0, 79.9, 70.9, 69.4]
2023-08-17 12:29:59,208 - FINNIFTY22AUG23P19500 candle closing price at time 2023-08-17 12:29:59.207991+05:30 is 69.05
2023-08-17 12:39:07,302 - short entry dict: [0.0, 79.9, 70.9, 69.4]
2023-08-17 12:39:07,302 - short exit dict: [0.0, 75.45, 76.85, 77.9]
2023-08-17 12:39:07,302 - last entry was at : 69.4 and exit at: 77.9
2023-08-17 12:39:07,303 - short pnl booked until now:-1599.9999999999977
2023-08-17 12:44:59,209 - FINNIFTY22AUG23P19500 candle closing price at time 2023-08-17 12:44:59.209461+05:30 is 86.05
2023-08-17 12:59:59,110 - FINNIFTY22AUG23P19500 candle closing price at time 2023-08-17 12:59:59.110040+05:30 is 94.8
2023-08-17 13:14:59,125 - FINNIFTY22AUG23P19500 candle closing price at time 2023-08-17 13:14:59.125798+05:30 is 91.4
2023-08-17 13:29:59,257 - FINNIFTY22AUG23P19500 candle closing price at time 2023-08-17 13:29:59.257737+05:30 is 87.85
2023-08-17 13:44:58,018 - FINNIFTY22AUG23P19500 went short at price-73.5, time-13:44:58
2023-08-17 13:44:58,019 - short entry dict: [0.0, 79.9, 70.9, 69.4, 73.5]
2023-08-17 13:44:59,224 - FINNIFTY22AUG23P19500 candle closing price at time 2023-08-17 13:44:59.224213+05:30 is 73.6
2023-08-17 13:59:59,047 - FINNIFTY22AUG23P19500 candle closing price at time 2023-08-17 13:59:59.046973+05:30 is 74.35
2023-08-17 14:14:59,278 - FINNIFTY22AUG23P19500 candle closing price at time 2023-08-17 14:14:59.277961+05:30 is 70.65
2023-08-17 14:28:31,889 - short entry dict: [0.0, 79.9, 70.9, 69.4, 73.5]
2023-08-17 14:28:31,889 - short exit dict: [0.0, 75.45, 76.85, 77.9, 77.65]
2023-08-17 14:28:31,889 - last entry was at : 73.5 and exit at: 77.65
2023-08-17 14:28:31,890 - short pnl booked until now:-2263.9999999999986
2023-08-17 14:29:58,002 - FINNIFTY22AUG23P19500 went short at price-74.4, time-14:29:58
2023-08-17 14:29:58,002 - short entry dict: [0.0, 79.9, 70.9, 69.4, 73.5, 74.4]
2023-08-17 14:29:59,207 - FINNIFTY22AUG23P19500 candle closing price at time 2023-08-17 14:29:59.207232+05:30 is 74.5
2023-08-17 14:44:59,129 - FINNIFTY22AUG23P19500 candle closing price at time 2023-08-17 14:44:59.128919+05:30 is 64.9
2023-08-17 14:59:59,107 - FINNIFTY22AUG23P19500 candle closing price at time 2023-08-17 14:59:59.106725+05:30 is 65.95
2023-08-17 15:14:59,121 - FINNIFTY22AUG23P19500 candle closing price at time 2023-08-17 15:14:59.121564+05:30 is 66.15
2023-08-18 09:31:19,274 - FINNIFTY22AUG23P19500 went short at price-77.55, time-9:31:19
2023-08-18 09:31:19,274 - short entry dict: [0.0, 77.55]
2023-08-18 09:32:00,649 - short entry dict: [0.0, 77.55]
2023-08-18 09:32:00,650 - short exit dict: [0.0, 74.1]
2023-08-18 09:32:00,650 - last entry was at : 77.55 and exit at: 74.1
2023-08-18 09:32:00,650 - short pnl booked until now:552.0000000000005
2023-08-18 09:44:59,218 - FINNIFTY22AUG23P19500 candle closing price at time 2023-08-18 09:44:59.217618+05:30 is 82.3
2023-08-18 09:59:59,079 - FINNIFTY22AUG23P19500 candle closing price at time 2023-08-18 09:59:59.079552+05:30 is 85.65
2023-08-18 10:14:59,142 - FINNIFTY22AUG23P19500 candle closing price at time 2023-08-18 10:14:59.142028+05:30 is 86.55
2023-08-18 10:29:59,207 - FINNIFTY22AUG23P19500 candle closing price at time 2023-08-18 10:29:59.207152+05:30 is 76.65
2023-08-18 10:44:59,206 - FINNIFTY22AUG23P19500 candle closing price at time 2023-08-18 10:44:59.206687+05:30 is 81.65
2023-08-18 10:59:59,209 - FINNIFTY22AUG23P19500 candle closing price at time 2023-08-18 10:59:59.209555+05:30 is 78.05
2023-08-18 11:14:59,210 - FINNIFTY22AUG23P19500 candle closing price at time 2023-08-18 11:14:59.210351+05:30 is 77.0
2023-08-18 11:29:58,000 - FINNIFTY22AUG23P19500 went short at price-75.45, time-11:29:58
2023-08-18 11:29:58,001 - short entry dict: [0.0, 77.55, 75.45]
2023-08-18 11:29:59,206 - FINNIFTY22AUG23P19500 candle closing price at time 2023-08-18 11:29:59.206653+05:30 is 75.1
2023-08-18 11:32:59,690 - short entry dict: [0.0, 77.55, 75.45]
2023-08-18 11:32:59,690 - short exit dict: [0.0, 74.1, 76.45]
2023-08-18 11:32:59,691 - last entry was at : 75.45 and exit at: 76.45
2023-08-18 11:32:59,691 - short pnl booked until now:392.00000000000045
2023-08-18 11:44:58,006 - FINNIFTY22AUG23P19500 went short at price-74.35, time-11:44:58
2023-08-18 11:44:58,007 - short entry dict: [0.0, 77.55, 75.45, 74.35]
2023-08-18 11:44:59,212 - FINNIFTY22AUG23P19500 candle closing price at time 2023-08-18 11:44:59.212444+05:30 is 74.5
2023-08-18 11:46:37,202 - short entry dict: [0.0, 77.55, 75.45, 74.35]
2023-08-18 11:46:37,202 - short exit dict: [0.0, 74.1, 76.45, 76.9]
2023-08-18 11:46:37,203 - last entry was at : 74.35 and exit at: 76.9
2023-08-18 11:46:37,203 - short pnl booked until now:-16.000000000001364
2023-08-18 11:59:59,205 - FINNIFTY22AUG23P19500 candle closing price at time 2023-08-18 11:59:59.205633+05:30 is 78.05
2023-08-18 12:14:59,219 - FINNIFTY22AUG23P19500 candle closing price at time 2023-08-18 12:14:59.218898+05:30 is 77.7
2023-08-18 12:29:59,219 - FINNIFTY22AUG23P19500 candle closing price at time 2023-08-18 12:29:59.219732+05:30 is 83.7
2023-08-18 12:44:59,127 - FINNIFTY22AUG23P19500 candle closing price at time 2023-08-18 12:44:59.127437+05:30 is 79.7
2023-08-18 12:59:59,207 - FINNIFTY22AUG23P19500 candle closing price at time 2023-08-18 12:59:59.207404+05:30 is 78.5
2023-08-18 13:14:59,211 - FINNIFTY22AUG23P19500 candle closing price at time 2023-08-18 13:14:59.211589+05:30 is 84.55
2023-08-18 13:29:59,209 - FINNIFTY22AUG23P19500 candle closing price at time 2023-08-18 13:29:59.209118+05:30 is 80.25
2023-08-18 13:44:59,213 - FINNIFTY22AUG23P19500 candle closing price at time 2023-08-18 13:44:59.213054+05:30 is 85.85
2023-08-18 13:59:59,110 - FINNIFTY22AUG23P19500 candle closing price at time 2023-08-18 13:59:59.110151+05:30 is 80.2
2023-08-18 14:14:58,022 - FINNIFTY22AUG23P19500 went short at price-67.65, time-14:14:58
2023-08-18 14:14:58,023 - short entry dict: [0.0, 77.55, 75.45, 74.35, 67.65]
2023-08-18 14:14:59,229 - FINNIFTY22AUG23P19500 candle closing price at time 2023-08-18 14:14:59.229086+05:30 is 67.85
2023-08-18 14:29:59,192 - FINNIFTY22AUG23P19500 candle closing price at time 2023-08-18 14:29:59.192724+05:30 is 59.65
2023-08-18 14:44:59,085 - FINNIFTY22AUG23P19500 candle closing price at time 2023-08-18 14:44:59.084905+05:30 is 63.6
2023-08-18 14:59:59,136 - FINNIFTY22AUG23P19500 candle closing price at time 2023-08-18 14:59:59.135815+05:30 is 65.75
2023-08-18 15:14:59,168 - FINNIFTY22AUG23P19500 candle closing price at time 2023-08-18 15:14:59.168060+05:30 is 72.6
2023-08-18 15:16:15,198 - short entry dict: [0.0, 77.55, 75.45, 74.35, 67.65]
2023-08-18 15:16:15,198 - short exit dict: [0.0, 74.1, 76.45, 76.9, 76.55]
2023-08-18 15:16:15,198 - last entry was at : 67.65 and exit at: 76.55
2023-08-18 15:16:15,198 - short pnl booked until now:-1440.0
2023-08-21 09:31:18,464 - FINNIFTY22AUG23P19500 went short at price-44.05, time-9:31:18
2023-08-21 09:31:18,464 - short entry dict: [0.0, 44.05]
2023-08-21 09:44:59,188 - FINNIFTY22AUG23P19500 candle closing price at time 2023-08-21 09:44:59.188274+05:30 is 42.2
2023-08-21 09:59:59,228 - FINNIFTY22AUG23P19500 candle closing price at time 2023-08-21 09:59:59.228393+05:30 is 46.95
2023-08-21 10:14:59,195 - FINNIFTY22AUG23P19500 candle closing price at time 2023-08-21 10:14:59.195497+05:30 is 47.65
2023-08-21 10:29:59,067 - FINNIFTY22AUG23P19500 candle closing price at time 2023-08-21 10:29:59.067144+05:30 is 32.25
2023-08-21 10:44:59,194 - FINNIFTY22AUG23P19500 candle closing price at time 2023-08-21 10:44:59.194623+05:30 is 28.9
2023-08-21 10:59:59,122 - FINNIFTY22AUG23P19500 candle closing price at time 2023-08-21 10:59:59.122346+05:30 is 26.15
2023-08-21 11:14:59,118 - FINNIFTY22AUG23P19500 candle closing price at time 2023-08-21 11:14:59.118337+05:30 is 19.15
2023-08-21 11:29:59,088 - FINNIFTY22AUG23P19500 candle closing price at time 2023-08-21 11:29:59.088621+05:30 is 20.65
2023-08-21 11:44:59,132 - FINNIFTY22AUG23P19500 candle closing price at time 2023-08-21 11:44:59.131962+05:30 is 20.9
2023-08-21 11:59:59,137 - FINNIFTY22AUG23P19500 candle closing price at time 2023-08-21 11:59:59.137293+05:30 is 20.2
2023-08-21 12:14:59,118 - FINNIFTY22AUG23P19500 candle closing price at time 2023-08-21 12:14:59.118329+05:30 is 20.9
2023-08-21 12:29:59,030 - FINNIFTY22AUG23P19500 candle closing price at time 2023-08-21 12:29:59.030375+05:30 is 19.95
2023-08-21 12:44:59,104 - FINNIFTY22AUG23P19500 candle closing price at time 2023-08-21 12:44:59.104660+05:30 is 18.45
2023-08-21 12:59:59,096 - FINNIFTY22AUG23P19500 candle closing price at time 2023-08-21 12:59:59.096513+05:30 is 17.8
2023-08-21 13:14:59,207 - FINNIFTY22AUG23P19500 candle closing price at time 2023-08-21 13:14:59.207330+05:30 is 17.8
2023-08-21 13:29:59,010 - FINNIFTY22AUG23P19500 candle closing price at time 2023-08-21 13:29:59.010775+05:30 is 18.2
2023-08-21 13:44:59,038 - FINNIFTY22AUG23P19500 candle closing price at time 2023-08-21 13:44:59.038321+05:30 is 19.7
2023-08-21 13:59:59,126 - FINNIFTY22AUG23P19500 candle closing price at time 2023-08-21 13:59:59.126305+05:30 is 15.65
2023-08-21 14:14:59,113 - FINNIFTY22AUG23P19500 candle closing price at time 2023-08-21 14:14:59.113706+05:30 is 18.45
2023-08-21 14:29:59,281 - FINNIFTY22AUG23P19500 candle closing price at time 2023-08-21 14:29:59.280851+05:30 is 16.4
2023-08-21 14:44:59,240 - FINNIFTY22AUG23P19500 candle closing price at time 2023-08-21 14:44:59.240320+05:30 is 13.75
2023-08-21 14:59:59,007 - FINNIFTY22AUG23P19500 candle closing price at time 2023-08-21 14:59:59.007092+05:30 is 10.55
2023-08-21 15:14:59,173 - FINNIFTY22AUG23P19500 candle closing price at time 2023-08-21 15:14:59.173672+05:30 is 18.75
2023-08-22 09:31:20,203 - FINNIFTY22AUG23P19500 went short at price-4.35, time-9:31:20
2023-08-22 09:31:20,203 - short entry dict: [0.0, 4.35]
2023-08-22 09:44:59,143 - FINNIFTY22AUG23P19500 candle closing price at time 2023-08-22 09:44:59.142972+05:30 is 3.4
2023-08-22 09:59:59,150 - FINNIFTY22AUG23P19500 candle closing price at time 2023-08-22 09:59:59.150667+05:30 is 4.35
2023-08-22 10:14:59,231 - FINNIFTY22AUG23P19500 candle closing price at time 2023-08-22 10:14:59.231630+05:30 is 3.6
2023-08-22 10:29:59,020 - FINNIFTY22AUG23P19500 candle closing price at time 2023-08-22 10:29:59.020489+05:30 is 2.8
2023-08-22 10:44:59,143 - FINNIFTY22AUG23P19500 candle closing price at time 2023-08-22 10:44:59.143642+05:30 is 2.15
2023-08-22 10:59:59,293 - FINNIFTY22AUG23P19500 candle closing price at time 2023-08-22 10:59:59.293587+05:30 is 2.6
2023-08-22 11:14:59,252 - FINNIFTY22AUG23P19500 candle closing price at time 2023-08-22 11:14:59.252259+05:30 is 2.25
2023-08-22 11:29:59,190 - FINNIFTY22AUG23P19500 candle closing price at time 2023-08-22 11:29:59.190204+05:30 is 2.4
2023-08-22 11:44:59,172 - FINNIFTY22AUG23P19500 candle closing price at time 2023-08-22 11:44:59.172426+05:30 is 2.05
2023-08-22 11:59:59,133 - FINNIFTY22AUG23P19500 candle closing price at time 2023-08-22 11:59:59.133438+05:30 is 1.9
2023-08-22 12:14:59,270 - FINNIFTY22AUG23P19500 candle closing price at time 2023-08-22 12:14:59.270461+05:30 is 1.95
2023-08-22 12:29:59,132 - FINNIFTY22AUG23P19500 candle closing price at time 2023-08-22 12:29:59.132850+05:30 is 3.15
2023-08-22 12:44:59,192 - FINNIFTY22AUG23P19500 candle closing price at time 2023-08-22 12:44:59.192789+05:30 is 2.25
2023-08-22 12:59:59,113 - FINNIFTY22AUG23P19500 candle closing price at time 2023-08-22 12:59:59.113252+05:30 is 1.25
2023-08-22 13:14:59,044 - FINNIFTY22AUG23P19500 candle closing price at time 2023-08-22 13:14:59.044040+05:30 is 1.35
2023-08-22 13:29:59,123 - FINNIFTY22AUG23P19500 candle closing price at time 2023-08-22 13:29:59.123280+05:30 is 0.8
2023-08-22 13:44:59,041 - FINNIFTY22AUG23P19500 candle closing price at time 2023-08-22 13:44:59.040904+05:30 is 0.75
2023-08-22 13:59:59,103 - FINNIFTY22AUG23P19500 candle closing price at time 2023-08-22 13:59:59.103164+05:30 is 1.4
2023-08-22 14:14:59,167 - FINNIFTY22AUG23P19500 candle closing price at time 2023-08-22 14:14:59.167588+05:30 is 0.7
2023-08-22 14:29:59,019 - FINNIFTY22AUG23P19500 candle closing price at time 2023-08-22 14:29:59.019671+05:30 is 0.75
2023-08-22 14:44:59,229 - FINNIFTY22AUG23P19500 candle closing price at time 2023-08-22 14:44:59.229882+05:30 is 0.5
2023-08-22 14:59:59,159 - FINNIFTY22AUG23P19500 candle closing price at time 2023-08-22 14:59:59.159782+05:30 is 0.25
2023-08-22 15:14:59,043 - FINNIFTY22AUG23P19500 candle closing price at time 2023-08-22 15:14:59.043466+05:30 is 0.1
