2023-09-04 09:31:11,901 - NIFTY07SEP23P19500 went short at price-66.85, time-9:31:11
2023-09-04 09:31:11,901 - short entry dict: [0.0, 66.85]
2023-09-04 09:44:59,021 - NIFTY07SEP23P19500 candle closing price at time 2023-09-04 09:44:59.021590+05:30 is 85.15
2023-09-04 09:59:59,202 - NIFTY07SEP23P19500 candle closing price at time 2023-09-04 09:59:59.201972+05:30 is 75.9
2023-09-04 10:05:26,213 - short entry dict: [0.0, 66.85]
2023-09-04 10:05:26,214 - short exit dict: [0.0, 90.15]
2023-09-04 10:05:26,214 - last entry was at : 66.85 and exit at: 90.15
2023-09-04 10:05:26,214 - short pnl booked until now:-11650.000000000005
2023-09-04 10:14:58,002 - NIFTY07SEP23P19500 went short at price-89.5, time-10:14:58
2023-09-04 10:14:58,003 - short entry dict: [0.0, 66.85, 89.5]
2023-09-04 10:14:59,206 - NIFTY07SEP23P19500 candle closing price at time 2023-09-04 10:14:59.206943+05:30 is 89.15
2023-09-04 10:30:04,305 - short entry dict: [0.0, 66.85, 89.5]
2023-09-04 10:30:04,305 - short exit dict: [0.0, 90.15, 93.55]
2023-09-04 10:30:04,305 - last entry was at : 89.5 and exit at: 93.55
2023-09-04 10:30:04,305 - short pnl booked until now:-13675.000000000004
2023-09-04 10:44:59,204 - NIFTY07SEP23P19500 candle closing price at time 2023-09-04 10:44:59.204650+05:30 is 101.0
2023-09-04 10:59:59,056 - NIFTY07SEP23P19500 candle closing price at time 2023-09-04 10:59:59.056786+05:30 is 98.1
2023-09-04 11:14:59,075 - NIFTY07SEP23P19500 candle closing price at time 2023-09-04 11:14:59.075086+05:30 is 75.4
2023-09-04 11:29:59,039 - NIFTY07SEP23P19500 candle closing price at time 2023-09-04 11:29:59.039149+05:30 is 78.85
2023-09-04 11:44:59,043 - NIFTY07SEP23P19500 candle closing price at time 2023-09-04 11:44:59.043247+05:30 is 76.25
2023-09-04 11:59:59,130 - NIFTY07SEP23P19500 candle closing price at time 2023-09-04 11:59:59.130159+05:30 is 72.35
2023-09-04 12:14:59,282 - NIFTY07SEP23P19500 candle closing price at time 2023-09-04 12:14:59.282479+05:30 is 67.6
2023-09-04 12:29:59,052 - NIFTY07SEP23P19500 candle closing price at time 2023-09-04 12:29:59.052295+05:30 is 57.95
2023-09-04 12:44:59,232 - NIFTY07SEP23P19500 candle closing price at time 2023-09-04 12:44:59.232489+05:30 is 57.95
2023-09-04 12:59:59,052 - NIFTY07SEP23P19500 candle closing price at time 2023-09-04 12:59:59.052707+05:30 is 59.5
2023-09-04 13:14:59,255 - NIFTY07SEP23P19500 candle closing price at time 2023-09-04 13:14:59.255880+05:30 is 52.95
2023-09-04 13:29:59,201 - NIFTY07SEP23P19500 candle closing price at time 2023-09-04 13:29:59.201577+05:30 is 55.0
2023-09-04 13:44:59,296 - NIFTY07SEP23P19500 candle closing price at time 2023-09-04 13:44:59.296510+05:30 is 55.1
2023-09-04 13:59:59,252 - NIFTY07SEP23P19500 candle closing price at time 2023-09-04 13:59:59.252610+05:30 is 59.4
2023-09-04 14:14:59,004 - NIFTY07SEP23P19500 candle closing price at time 2023-09-04 14:14:59.004380+05:30 is 58.0
2023-09-04 14:29:59,084 - NIFTY07SEP23P19500 candle closing price at time 2023-09-04 14:29:59.084362+05:30 is 53.95
2023-09-04 14:44:59,018 - NIFTY07SEP23P19500 candle closing price at time 2023-09-04 14:44:59.018211+05:30 is 44.35
2023-09-04 14:59:59,273 - NIFTY07SEP23P19500 candle closing price at time 2023-09-04 14:59:59.273070+05:30 is 46.2
2023-09-04 15:14:59,063 - NIFTY07SEP23P19500 candle closing price at time 2023-09-04 15:14:59.063124+05:30 is 49.0
2023-09-05 10:55:13,807 - NIFTY07SEP23P19500 went short at price-31.7, time-10:55:13
2023-09-05 10:55:13,807 - short entry dict: [0.0, 31.7]
2023-09-05 10:59:59,145 - NIFTY07SEP23P19500 candle closing price at time 2023-09-05 10:59:59.145479+05:30 is 33.05
2023-09-05 11:14:59,211 - NIFTY07SEP23P19500 candle closing price at time 2023-09-05 11:14:59.211681+05:30 is 29.5
2023-09-05 11:29:59,037 - NIFTY07SEP23P19500 candle closing price at time 2023-09-05 11:29:59.037201+05:30 is 29.5
2023-09-05 11:44:59,015 - NIFTY07SEP23P19500 candle closing price at time 2023-09-05 11:44:59.015566+05:30 is 28.9
2023-09-05 11:59:59,007 - NIFTY07SEP23P19500 candle closing price at time 2023-09-05 11:59:59.007777+05:30 is 28.35
2023-09-05 12:14:59,236 - NIFTY07SEP23P19500 candle closing price at time 2023-09-05 12:14:59.236230+05:30 is 31.5
2023-09-05 12:29:59,136 - NIFTY07SEP23P19500 candle closing price at time 2023-09-05 12:29:59.135971+05:30 is 31.5
2023-09-05 12:44:59,167 - NIFTY07SEP23P19500 candle closing price at time 2023-09-05 12:44:59.166947+05:30 is 40.4
2023-09-05 12:59:59,150 - NIFTY07SEP23P19500 candle closing price at time 2023-09-05 12:59:59.150304+05:30 is 37.85
2023-09-05 13:14:59,272 - NIFTY07SEP23P19500 candle closing price at time 2023-09-05 13:14:59.272656+05:30 is 34.8
2023-09-05 13:23:53,165 - short entry dict: [0.0, 31.7]
2023-09-05 13:23:53,171 - short exit dict: [0.0, 42.75]
2023-09-05 13:23:53,176 - last entry was at : 31.7 and exit at: 42.75
2023-09-05 13:23:53,181 - short pnl booked until now:-5525.0
2023-09-05 13:29:58,000 - NIFTY07SEP23P19500 went short at price-38.7, time-13:29:58
2023-09-05 13:29:58,001 - short entry dict: [0.0, 31.7, 38.7]
2023-09-05 13:29:59,206 - NIFTY07SEP23P19500 candle closing price at time 2023-09-05 13:29:59.206274+05:30 is 38.5
2023-09-05 13:44:59,253 - NIFTY07SEP23P19500 candle closing price at time 2023-09-05 13:44:59.253670+05:30 is 34.55
2023-09-05 13:59:59,101 - NIFTY07SEP23P19500 candle closing price at time 2023-09-05 13:59:59.101273+05:30 is 32.95
2023-09-05 14:14:59,118 - NIFTY07SEP23P19500 candle closing price at time 2023-09-05 14:14:59.118423+05:30 is 28.95
2023-09-05 14:29:59,182 - NIFTY07SEP23P19500 candle closing price at time 2023-09-05 14:29:59.182723+05:30 is 24.15
2023-09-05 14:44:59,154 - NIFTY07SEP23P19500 candle closing price at time 2023-09-05 14:44:59.154308+05:30 is 23.95
2023-09-05 14:59:59,062 - NIFTY07SEP23P19500 candle closing price at time 2023-09-05 14:59:59.062835+05:30 is 20.5
2023-09-05 15:14:59,026 - NIFTY07SEP23P19500 candle closing price at time 2023-09-05 15:14:59.026497+05:30 is 21.1
2023-09-06 10:05:20,535 - NIFTY07SEP23P19500 went short at price-25.2, time-10:5:20
2023-09-06 10:05:20,536 - short entry dict: [0.0, 25.2]
2023-09-06 10:14:59,108 - NIFTY07SEP23P19500 candle closing price at time 2023-09-06 10:14:59.108754+05:30 is 24.05
2023-09-06 10:29:59,238 - NIFTY07SEP23P19500 candle closing price at time 2023-09-06 10:29:59.238712+05:30 is 22.0
2023-09-06 10:44:59,252 - NIFTY07SEP23P19500 candle closing price at time 2023-09-06 10:44:59.252042+05:30 is 20.65
2023-09-06 10:59:59,098 - NIFTY07SEP23P19500 candle closing price at time 2023-09-06 10:59:59.098301+05:30 is 22.9
2023-09-06 11:14:59,034 - NIFTY07SEP23P19500 candle closing price at time 2023-09-06 11:14:59.034759+05:30 is 21.7
2023-09-06 11:29:59,228 - NIFTY07SEP23P19500 candle closing price at time 2023-09-06 11:29:59.228552+05:30 is 21.25
2023-09-06 11:42:17,995 - short entry dict: [0.0, 25.2]
2023-09-06 11:42:18,000 - short exit dict: [0.0, 26.5]
2023-09-06 11:42:18,005 - last entry was at : 25.2 and exit at: 26.5
2023-09-06 11:42:18,011 - short pnl booked until now:-650.0000000000003
2023-09-06 11:44:59,205 - NIFTY07SEP23P19500 candle closing price at time 2023-09-06 11:44:59.205836+05:30 is 28.0
2023-09-06 11:59:59,204 - NIFTY07SEP23P19500 candle closing price at time 2023-09-06 11:59:59.204445+05:30 is 26.65
2023-09-06 12:14:58,002 - NIFTY07SEP23P19500 went short at price-23.25, time-12:14:58
2023-09-06 12:14:58,003 - short entry dict: [0.0, 25.2, 23.25]
2023-09-06 12:14:59,206 - NIFTY07SEP23P19500 candle closing price at time 2023-09-06 12:14:59.206705+05:30 is 23.3
2023-09-06 12:23:48,731 - short entry dict: [0.0, 25.2, 23.25]
2023-09-06 12:23:48,736 - short exit dict: [0.0, 26.5, 26.7]
2023-09-06 12:23:48,741 - last entry was at : 23.25 and exit at: 26.7
2023-09-06 12:23:48,747 - short pnl booked until now:-2375.0
2023-09-06 12:29:58,001 - NIFTY07SEP23P19500 went short at price-24.8, time-12:29:58
2023-09-06 12:29:58,002 - short entry dict: [0.0, 25.2, 23.25, 24.8]
2023-09-06 12:29:59,207 - NIFTY07SEP23P19500 candle closing price at time 2023-09-06 12:29:59.207280+05:30 is 24.75
2023-09-06 12:31:26,644 - short entry dict: [0.0, 25.2, 23.25, 24.8]
2023-09-06 12:31:26,644 - short exit dict: [0.0, 26.5, 26.7, 25.8]
2023-09-06 12:31:26,644 - last entry was at : 24.8 and exit at: 25.8
2023-09-06 12:31:26,644 - short pnl booked until now:-2875.0
2023-09-06 12:44:59,205 - NIFTY07SEP23P19500 candle closing price at time 2023-09-06 12:44:59.205836+05:30 is 43.2
2023-09-06 12:59:59,140 - NIFTY07SEP23P19500 candle closing price at time 2023-09-06 12:59:59.140678+05:30 is 45.35
2023-09-06 13:14:59,208 - NIFTY07SEP23P19500 candle closing price at time 2023-09-06 13:14:59.208042+05:30 is 43.3
2023-09-06 13:29:59,173 - NIFTY07SEP23P19500 candle closing price at time 2023-09-06 13:29:59.173495+05:30 is 46.05
2023-09-06 13:44:59,003 - NIFTY07SEP23P19500 candle closing price at time 2023-09-06 13:44:59.003092+05:30 is 36.15
2023-09-06 13:59:59,135 - NIFTY07SEP23P19500 candle closing price at time 2023-09-06 13:59:59.134904+05:30 is 41.4
2023-09-06 14:14:59,019 - NIFTY07SEP23P19500 candle closing price at time 2023-09-06 14:14:59.018920+05:30 is 38.5
2023-09-06 14:29:58,001 - NIFTY07SEP23P19500 went short at price-25.3, time-14:29:58
2023-09-06 14:29:58,002 - short entry dict: [0.0, 25.2, 23.25, 24.8, 25.3]
2023-09-06 14:29:59,207 - NIFTY07SEP23P19500 candle closing price at time 2023-09-06 14:29:59.207704+05:30 is 25.1
2023-09-06 14:44:59,098 - NIFTY07SEP23P19500 candle closing price at time 2023-09-06 14:44:59.098367+05:30 is 19.5
2023-09-06 14:59:59,238 - NIFTY07SEP23P19500 candle closing price at time 2023-09-06 14:59:59.238180+05:30 is 20.05
2023-09-06 15:14:59,047 - NIFTY07SEP23P19500 candle closing price at time 2023-09-06 15:14:59.047485+05:30 is 7.6
