2023-09-08 09:31:15,937 - NIFTY14SEP23C19900 went short at price-46.35, time-9:31:15
2023-09-08 09:31:15,938 - short entry dict: [0.0, 46.35]
2023-09-08 09:31:21,952 - short entry dict: [0.0, 46.35]
2023-09-08 09:31:21,953 - short exit dict: [0.0, 46.05]
2023-09-08 09:31:21,953 - last entry was at : 46.35 and exit at: 46.05
2023-09-08 09:31:21,953 - short pnl booked until now:150.00000000000213
2023-09-08 09:44:58,009 - NIFTY14SEP23C19900 went short at price-42.75, time-9:44:58
2023-09-08 09:44:58,009 - short entry dict: [0.0, 46.35, 42.75]
2023-09-08 09:44:59,213 - NIFTY14SEP23C19900 candle closing price at time 2023-09-08 09:44:59.213900+05:30 is 42.95
2023-09-08 09:59:59,301 - NIFTY14SEP23C19900 candle closing price at time 2023-09-08 09:59:59.301151+05:30 is 40.5
2023-09-08 10:14:59,291 - NIFTY14SEP23C19900 candle closing price at time 2023-09-08 10:14:59.291924+05:30 is 40.7
2023-09-08 10:29:59,023 - NIFTY14SEP23C19900 candle closing price at time 2023-09-08 10:29:59.023575+05:30 is 32.25
2023-09-08 10:44:59,245 - NIFTY14SEP23C19900 candle closing price at time 2023-09-08 10:44:59.245712+05:30 is 31.9
2023-09-08 10:59:59,129 - NIFTY14SEP23C19900 candle closing price at time 2023-09-08 10:59:59.129881+05:30 is 33.75
2023-09-08 11:14:59,188 - NIFTY14SEP23C19900 candle closing price at time 2023-09-08 11:14:59.188203+05:30 is 32.5
2023-09-08 11:29:59,144 - NIFTY14SEP23C19900 candle closing price at time 2023-09-08 11:29:59.144777+05:30 is 39.45
2023-09-08 11:34:48,261 - short entry dict: [0.0, 46.35, 42.75]
2023-09-08 11:34:48,261 - short exit dict: [0.0, 46.05, 45.0]
2023-09-08 11:34:48,261 - last entry was at : 42.75 and exit at: 45.0
2023-09-08 11:34:48,261 - short pnl booked until now:-974.9999999999978
2023-09-08 11:44:59,207 - NIFTY14SEP23C19900 candle closing price at time 2023-09-08 11:44:59.207779+05:30 is 55.15
2023-09-08 11:59:59,227 - NIFTY14SEP23C19900 candle closing price at time 2023-09-08 11:59:59.227562+05:30 is 61.4
2023-09-08 12:14:59,039 - NIFTY14SEP23C19900 candle closing price at time 2023-09-08 12:14:59.039650+05:30 is 60.0
2023-09-08 12:29:59,175 - NIFTY14SEP23C19900 candle closing price at time 2023-09-08 12:29:59.175271+05:30 is 55.7
2023-09-08 12:44:59,195 - NIFTY14SEP23C19900 candle closing price at time 2023-09-08 12:44:59.195554+05:30 is 67.0
2023-09-08 12:59:59,046 - NIFTY14SEP23C19900 candle closing price at time 2023-09-08 12:59:59.046668+05:30 is 60.35
2023-09-08 13:14:59,000 - NIFTY14SEP23C19900 candle closing price at time 2023-09-08 13:14:59.000324+05:30 is 54.75
2023-09-08 13:29:59,270 - NIFTY14SEP23C19900 candle closing price at time 2023-09-08 13:29:59.270819+05:30 is 58.1
2023-09-08 13:44:59,095 - NIFTY14SEP23C19900 candle closing price at time 2023-09-08 13:44:59.095777+05:30 is 62.0
2023-09-08 13:59:59,170 - NIFTY14SEP23C19900 candle closing price at time 2023-09-08 13:59:59.170808+05:30 is 60.2
2023-09-08 14:14:59,178 - NIFTY14SEP23C19900 candle closing price at time 2023-09-08 14:14:59.178366+05:30 is 67.9
2023-09-08 14:29:59,132 - NIFTY14SEP23C19900 candle closing price at time 2023-09-08 14:29:59.132034+05:30 is 74.4
2023-09-08 14:44:59,214 - NIFTY14SEP23C19900 candle closing price at time 2023-09-08 14:44:59.214822+05:30 is 53.8
2023-09-08 14:59:59,126 - NIFTY14SEP23C19900 candle closing price at time 2023-09-08 14:59:59.126860+05:30 is 57.8
2023-09-08 15:14:59,205 - NIFTY14SEP23C19900 candle closing price at time 2023-09-08 15:14:59.205136+05:30 is 53.25
