2023-09-08 09:31:16,293 - BANKNIFTY13SEP23P44900 went short at price-200.4, time-9:31:16
2023-09-08 09:31:16,293 - short entry dict: [0.0, 200.4]
2023-09-08 09:44:59,126 - BANKNIFTY13SEP23P44900 candle closing price at time 2023-09-08 09:44:59.126645+05:30 is 212.15
2023-09-08 09:59:59,119 - BANKNIFTY13SEP23P44900 candle closing price at time 2023-09-08 09:59:59.119069+05:30 is 211.5
2023-09-08 10:14:59,080 - BANKNIFTY13SEP23P44900 candle closing price at time 2023-09-08 10:14:59.080251+05:30 is 211.55
2023-09-08 10:20:28,933 - short entry dict: [0.0, 200.4]
2023-09-08 10:20:28,933 - short exit dict: [0.0, 253.7]
2023-09-08 10:20:28,934 - last entry was at : 200.4 and exit at: 253.7
2023-09-08 10:20:28,934 - short pnl booked until now:-15989.999999999995
2023-09-08 10:29:58,002 - BANKNIFTY13SEP23P44900 went short at price-245.25, time-10:29:58
2023-09-08 10:29:58,003 - short entry dict: [0.0, 200.4, 245.25]
2023-09-08 10:29:59,207 - BANKNIFTY13SEP23P44900 candle closing price at time 2023-09-08 10:29:59.207756+05:30 is 244.5
2023-09-08 10:31:09,607 - short entry dict: [0.0, 200.4, 245.25]
2023-09-08 10:31:09,607 - short exit dict: [0.0, 253.7, 251.65]
2023-09-08 10:31:09,607 - last entry was at : 245.25 and exit at: 251.65
2023-09-08 10:31:09,607 - short pnl booked until now:-17909.999999999996
2023-09-08 10:44:58,006 - BANKNIFTY13SEP23P44900 went short at price-242.5, time-10:44:58
2023-09-08 10:44:58,007 - short entry dict: [0.0, 200.4, 245.25, 242.5]
2023-09-08 10:44:59,212 - BANKNIFTY13SEP23P44900 candle closing price at time 2023-09-08 10:44:59.212141+05:30 is 241.8
2023-09-08 10:59:59,227 - BANKNIFTY13SEP23P44900 candle closing price at time 2023-09-08 10:59:59.227239+05:30 is 227.9
2023-09-08 11:14:59,068 - BANKNIFTY13SEP23P44900 candle closing price at time 2023-09-08 11:14:59.068828+05:30 is 241.45
2023-09-08 11:29:59,233 - BANKNIFTY13SEP23P44900 candle closing price at time 2023-09-08 11:29:59.233910+05:30 is 203.4
2023-09-08 11:44:59,257 - BANKNIFTY13SEP23P44900 candle closing price at time 2023-09-08 11:44:59.257780+05:30 is 144.6
2023-09-08 11:59:59,046 - BANKNIFTY13SEP23P44900 candle closing price at time 2023-09-08 11:59:59.046143+05:30 is 145.2
2023-09-08 12:14:59,228 - BANKNIFTY13SEP23P44900 candle closing price at time 2023-09-08 12:14:59.228827+05:30 is 142.05
2023-09-08 12:29:59,220 - BANKNIFTY13SEP23P44900 candle closing price at time 2023-09-08 12:29:59.220766+05:30 is 150.1
2023-09-08 12:44:59,134 - BANKNIFTY13SEP23P44900 candle closing price at time 2023-09-08 12:44:59.134795+05:30 is 136.05
2023-09-08 12:59:59,142 - BANKNIFTY13SEP23P44900 candle closing price at time 2023-09-08 12:59:59.142172+05:30 is 149.55
2023-09-08 13:14:59,218 - BANKNIFTY13SEP23P44900 candle closing price at time 2023-09-08 13:14:59.218612+05:30 is 154.25
2023-09-08 13:29:59,007 - BANKNIFTY13SEP23P44900 candle closing price at time 2023-09-08 13:29:59.006878+05:30 is 143.95
2023-09-08 13:44:59,206 - BANKNIFTY13SEP23P44900 candle closing price at time 2023-09-08 13:44:59.206737+05:30 is 123.55
2023-09-08 13:59:59,215 - BANKNIFTY13SEP23P44900 candle closing price at time 2023-09-08 13:59:59.215190+05:30 is 126.5
2023-09-08 14:14:59,090 - BANKNIFTY13SEP23P44900 candle closing price at time 2023-09-08 14:14:59.090233+05:30 is 118.15
2023-09-08 14:29:59,147 - BANKNIFTY13SEP23P44900 candle closing price at time 2023-09-08 14:29:59.147768+05:30 is 87.4
2023-09-08 14:44:59,282 - BANKNIFTY13SEP23P44900 candle closing price at time 2023-09-08 14:44:59.282161+05:30 is 132.75
2023-09-08 14:59:59,126 - BANKNIFTY13SEP23P44900 candle closing price at time 2023-09-08 14:59:59.126850+05:30 is 133.4
2023-09-08 15:14:59,034 - BANKNIFTY13SEP23P44900 candle closing price at time 2023-09-08 15:14:59.034275+05:30 is 138.0
