2023-09-08 09:31:15,913 - NIFTY14SEP23C20000 went short at price-21.45, time-9:31:15
2023-09-08 09:31:15,914 - short entry dict: [0.0, 21.45]
2023-09-08 09:31:21,924 - short entry dict: [0.0, 21.45]
2023-09-08 09:31:21,925 - short exit dict: [0.0, 21.3]
2023-09-08 09:31:21,925 - last entry was at : 21.45 and exit at: 21.3
2023-09-08 09:31:21,925 - short pnl booked until now:74.99999999999929
2023-09-08 09:44:58,001 - NIFTY14SEP23C20000 went short at price-19.75, time-9:44:58
2023-09-08 09:44:58,002 - short entry dict: [0.0, 21.45, 19.75]
2023-09-08 09:44:59,209 - NIFTY14SEP23C20000 candle closing price at time 2023-09-08 09:44:59.209553+05:30 is 19.95
2023-09-08 09:59:59,000 - NIFTY14SEP23C20000 candle closing price at time 2023-09-08 09:59:59.000063+05:30 is 18.7
2023-09-08 10:14:59,292 - NIFTY14SEP23C20000 candle closing price at time 2023-09-08 10:14:59.292383+05:30 is 18.65
2023-09-08 10:29:59,218 - NIFTY14SEP23C20000 candle closing price at time 2023-09-08 10:29:59.218299+05:30 is 15.0
2023-09-08 10:44:59,246 - NIFTY14SEP23C20000 candle closing price at time 2023-09-08 10:44:59.246185+05:30 is 15.05
2023-09-08 10:59:59,202 - NIFTY14SEP23C20000 candle closing price at time 2023-09-08 10:59:59.202487+05:30 is 15.7
2023-09-08 11:14:59,194 - NIFTY14SEP23C20000 candle closing price at time 2023-09-08 11:14:59.194858+05:30 is 15.2
2023-09-08 11:29:59,110 - NIFTY14SEP23C20000 candle closing price at time 2023-09-08 11:29:59.110154+05:30 is 18.05
2023-09-08 11:34:16,396 - short entry dict: [0.0, 21.45, 19.75]
2023-09-08 11:34:16,397 - short exit dict: [0.0, 21.3, 20.45]
2023-09-08 11:34:16,397 - last entry was at : 19.75 and exit at: 20.45
2023-09-08 11:34:16,397 - short pnl booked until now:-275.00000000000034
2023-09-08 11:44:59,214 - NIFTY14SEP23C20000 candle closing price at time 2023-09-08 11:44:59.214321+05:30 is 25.95
2023-09-08 11:59:59,168 - NIFTY14SEP23C20000 candle closing price at time 2023-09-08 11:59:59.168233+05:30 is 30.15
2023-09-08 12:14:59,084 - NIFTY14SEP23C20000 candle closing price at time 2023-09-08 12:14:59.084794+05:30 is 29.35
2023-09-08 12:29:59,174 - NIFTY14SEP23C20000 candle closing price at time 2023-09-08 12:29:59.174586+05:30 is 26.85
2023-09-08 12:44:59,046 - NIFTY14SEP23C20000 candle closing price at time 2023-09-08 12:44:59.046304+05:30 is 34.2
2023-09-08 12:59:59,292 - NIFTY14SEP23C20000 candle closing price at time 2023-09-08 12:59:59.292452+05:30 is 30.5
2023-09-08 13:14:59,182 - NIFTY14SEP23C20000 candle closing price at time 2023-09-08 13:14:59.182293+05:30 is 27.05
2023-09-08 13:29:59,174 - NIFTY14SEP23C20000 candle closing price at time 2023-09-08 13:29:59.174839+05:30 is 28.65
2023-09-08 13:44:59,001 - NIFTY14SEP23C20000 candle closing price at time 2023-09-08 13:44:59.001391+05:30 is 30.9
2023-09-08 13:59:59,142 - NIFTY14SEP23C20000 candle closing price at time 2023-09-08 13:59:59.142847+05:30 is 29.9
2023-09-08 14:14:59,167 - NIFTY14SEP23C20000 candle closing price at time 2023-09-08 14:14:59.166894+05:30 is 34.4
2023-09-08 14:29:59,033 - NIFTY14SEP23C20000 candle closing price at time 2023-09-08 14:29:59.033074+05:30 is 38.2
2023-09-08 14:44:59,112 - NIFTY14SEP23C20000 candle closing price at time 2023-09-08 14:44:59.112806+05:30 is 25.75
2023-09-08 14:59:59,008 - NIFTY14SEP23C20000 candle closing price at time 2023-09-08 14:59:59.008820+05:30 is 28.05
2023-09-08 15:14:59,205 - NIFTY14SEP23C20000 candle closing price at time 2023-09-08 15:14:59.205767+05:30 is 24.85
