2023-08-18 09:31:19,471 - NIFTY24AUG23C19400 went short at price-53.85, time-9:31:19
2023-08-18 09:31:19,471 - short entry dict: [0.0, 53.85]
2023-08-18 09:44:59,047 - NIFTY24AUG23C19400 candle closing price at time 2023-08-18 09:44:59.047338+05:30 is 46.95
2023-08-18 09:59:59,122 - NIFTY24AUG23C19400 candle closing price at time 2023-08-18 09:59:59.122315+05:30 is 42.4
2023-08-18 10:14:59,211 - NIFTY24AUG23C19400 candle closing price at time 2023-08-18 10:14:59.211096+05:30 is 42.9
2023-08-18 10:29:59,254 - NIFTY24AUG23C19400 candle closing price at time 2023-08-18 10:29:59.254315+05:30 is 43.4
2023-08-18 10:44:59,150 - NIFTY24AUG23C19400 candle closing price at time 2023-08-18 10:44:59.150340+05:30 is 41.8
2023-08-18 10:59:59,063 - NIFTY24AUG23C19400 candle closing price at time 2023-08-18 10:59:59.063743+05:30 is 41.65
2023-08-18 11:14:59,145 - NIFTY24AUG23C19400 candle closing price at time 2023-08-18 11:14:59.145188+05:30 is 43.35
2023-08-18 11:29:59,052 - NIFTY24AUG23C19400 candle closing price at time 2023-08-18 11:29:59.051925+05:30 is 44.75
2023-08-18 11:44:59,119 - NIFTY24AUG23C19400 candle closing price at time 2023-08-18 11:44:59.119682+05:30 is 48.45
2023-08-18 11:59:59,019 - NIFTY24AUG23C19400 candle closing price at time 2023-08-18 11:59:59.018896+05:30 is 49.55
2023-08-18 12:14:59,211 - NIFTY24AUG23C19400 candle closing price at time 2023-08-18 12:14:59.211571+05:30 is 49.3
2023-08-18 12:29:59,165 - NIFTY24AUG23C19400 candle closing price at time 2023-08-18 12:29:59.165506+05:30 is 44.2
2023-08-18 12:44:59,178 - NIFTY24AUG23C19400 candle closing price at time 2023-08-18 12:44:59.177960+05:30 is 44.95
2023-08-18 12:59:59,101 - NIFTY24AUG23C19400 candle closing price at time 2023-08-18 12:59:59.101387+05:30 is 42.05
2023-08-18 13:14:59,205 - NIFTY24AUG23C19400 candle closing price at time 2023-08-18 13:14:59.205662+05:30 is 36.25
2023-08-18 13:29:59,229 - NIFTY24AUG23C19400 candle closing price at time 2023-08-18 13:29:59.229232+05:30 is 37.65
2023-08-18 13:44:59,131 - NIFTY24AUG23C19400 candle closing price at time 2023-08-18 13:44:59.131287+05:30 is 37.55
2023-08-18 13:59:59,110 - NIFTY24AUG23C19400 candle closing price at time 2023-08-18 13:59:59.110008+05:30 is 47.0
2023-08-18 14:03:16,974 - short entry dict: [0.0, 53.85]
2023-08-18 14:03:16,974 - short exit dict: [0.0, 55.05]
2023-08-18 14:03:16,974 - last entry was at : 53.85 and exit at: 55.05
2023-08-18 14:03:16,974 - short pnl booked until now:-599.9999999999978
2023-08-18 14:14:59,209 - NIFTY24AUG23C19400 candle closing price at time 2023-08-18 14:14:59.209393+05:30 is 65.05
2023-08-18 14:29:59,155 - NIFTY24AUG23C19400 candle closing price at time 2023-08-18 14:29:59.155120+05:30 is 66.4
2023-08-18 14:44:59,207 - NIFTY24AUG23C19400 candle closing price at time 2023-08-18 14:44:59.207280+05:30 is 58.2
2023-08-18 14:59:59,207 - NIFTY24AUG23C19400 candle closing price at time 2023-08-18 14:59:59.207177+05:30 is 58.25
2023-08-18 15:14:58,013 - NIFTY24AUG23C19400 went short at price-49.85, time-15:14:58
2023-08-18 15:14:58,016 - short entry dict: [0.0, 53.85, 49.85]
2023-08-18 15:14:59,224 - NIFTY24AUG23C19400 candle closing price at time 2023-08-18 15:14:59.224024+05:30 is 50.05
2023-08-21 09:31:18,807 - NIFTY24AUG23C19400 went short at price-52.45, time-9:31:18
2023-08-21 09:31:18,807 - short entry dict: [0.0, 52.45]
2023-08-21 09:35:35,298 - short entry dict: [0.0, 52.45]
2023-08-21 09:35:35,298 - short exit dict: [0.0, 50.55]
2023-08-21 09:35:35,299 - last entry was at : 52.45 and exit at: 50.55
2023-08-21 09:35:35,299 - short pnl booked until now:950.0000000000028
2023-08-21 09:44:59,212 - NIFTY24AUG23C19400 candle closing price at time 2023-08-21 09:44:59.212358+05:30 is 49.9
2023-08-21 09:59:58,001 - NIFTY24AUG23C19400 went short at price-41.3, time-9:59:58
2023-08-21 09:59:58,001 - short entry dict: [0.0, 52.45, 41.3]
2023-08-21 09:59:59,207 - NIFTY24AUG23C19400 candle closing price at time 2023-08-21 09:59:59.207003+05:30 is 41.4
2023-08-21 10:14:59,216 - NIFTY24AUG23C19400 candle closing price at time 2023-08-21 10:14:59.216335+05:30 is 37.35
2023-08-21 10:29:59,071 - NIFTY24AUG23C19400 candle closing price at time 2023-08-21 10:29:59.070916+05:30 is 44.65
2023-08-21 10:44:59,230 - NIFTY24AUG23C19400 candle closing price at time 2023-08-21 10:44:59.230688+05:30 is 45.25
2023-08-21 10:51:54,962 - short entry dict: [0.0, 52.45, 41.3]
2023-08-21 10:51:54,963 - short exit dict: [0.0, 50.55, 48.4]
2023-08-21 10:51:54,963 - last entry was at : 41.3 and exit at: 48.4
2023-08-21 10:51:54,963 - short pnl booked until now:-2599.999999999998
2023-08-21 10:59:59,217 - NIFTY24AUG23C19400 candle closing price at time 2023-08-21 10:59:59.217055+05:30 is 48.0
2023-08-21 11:14:59,217 - NIFTY24AUG23C19400 candle closing price at time 2023-08-21 11:14:59.217091+05:30 is 54.6
2023-08-21 11:29:59,004 - NIFTY24AUG23C19400 candle closing price at time 2023-08-21 11:29:59.003918+05:30 is 50.85
2023-08-21 11:44:59,205 - NIFTY24AUG23C19400 candle closing price at time 2023-08-21 11:44:59.205637+05:30 is 52.95
2023-08-21 11:59:59,033 - NIFTY24AUG23C19400 candle closing price at time 2023-08-21 11:59:59.033458+05:30 is 54.8
2023-08-21 12:14:59,239 - NIFTY24AUG23C19400 candle closing price at time 2023-08-21 12:14:59.239772+05:30 is 51.15
2023-08-21 12:29:59,210 - NIFTY24AUG23C19400 candle closing price at time 2023-08-21 12:29:59.210354+05:30 is 52.05
2023-08-21 12:44:59,248 - NIFTY24AUG23C19400 candle closing price at time 2023-08-21 12:44:59.248860+05:30 is 60.95
2023-08-21 12:59:59,076 - NIFTY24AUG23C19400 candle closing price at time 2023-08-21 12:59:59.076121+05:30 is 60.4
2023-08-21 13:14:59,052 - NIFTY24AUG23C19400 candle closing price at time 2023-08-21 13:14:59.052587+05:30 is 64.1
2023-08-21 13:29:59,268 - NIFTY24AUG23C19400 candle closing price at time 2023-08-21 13:29:59.268123+05:30 is 61.65
2023-08-21 13:44:59,238 - NIFTY24AUG23C19400 candle closing price at time 2023-08-21 13:44:59.238651+05:30 is 63.95
2023-08-21 13:59:59,103 - NIFTY24AUG23C19400 candle closing price at time 2023-08-21 13:59:59.103661+05:30 is 64.25
2023-08-21 14:14:58,003 - NIFTY24AUG23C19400 went short at price-53.4, time-14:14:58
2023-08-21 14:14:58,003 - short entry dict: [0.0, 52.45, 41.3, 53.4]
2023-08-21 14:14:59,208 - NIFTY24AUG23C19400 candle closing price at time 2023-08-21 14:14:59.208678+05:30 is 53.3
2023-08-21 14:16:12,714 - short entry dict: [0.0, 52.45, 41.3, 53.4]
2023-08-21 14:16:12,715 - short exit dict: [0.0, 50.55, 48.4, 54.65]
2023-08-21 14:16:12,715 - last entry was at : 53.4 and exit at: 54.65
2023-08-21 14:16:12,715 - short pnl booked until now:-3224.999999999998
2023-08-21 14:29:59,210 - NIFTY24AUG23C19400 candle closing price at time 2023-08-21 14:29:59.210820+05:30 is 57.1
2023-08-21 14:44:59,210 - NIFTY24AUG23C19400 candle closing price at time 2023-08-21 14:44:59.209967+05:30 is 62.6
2023-08-21 14:59:59,302 - NIFTY24AUG23C19400 candle closing price at time 2023-08-21 14:59:59.302347+05:30 is 73.4
2023-08-21 15:14:59,174 - NIFTY24AUG23C19400 candle closing price at time 2023-08-21 15:14:59.174329+05:30 is 61.55
2023-08-22 09:31:21,081 - NIFTY24AUG23C19400 went short at price-68.35, time-9:31:21
2023-08-22 09:31:21,081 - short entry dict: [0.0, 68.35]
2023-08-22 09:31:27,106 - short entry dict: [0.0, 68.35]
2023-08-22 09:31:27,111 - short exit dict: [0.0, 68.3]
2023-08-22 09:31:27,117 - last entry was at : 68.35 and exit at: 68.3
2023-08-22 09:31:27,123 - short pnl booked until now:24.99999999999858
2023-08-22 09:44:59,215 - NIFTY24AUG23C19400 candle closing price at time 2023-08-22 09:44:59.215107+05:30 is 70.95
2023-08-22 09:59:58,012 - NIFTY24AUG23C19400 went short at price-53.2, time-9:59:58
2023-08-22 09:59:58,014 - short entry dict: [0.0, 68.35, 53.2]
2023-08-22 09:59:59,220 - NIFTY24AUG23C19400 candle closing price at time 2023-08-22 09:59:59.220161+05:30 is 53.1
2023-08-22 10:14:59,286 - NIFTY24AUG23C19400 candle closing price at time 2023-08-22 10:14:59.286219+05:30 is 55.1
2023-08-22 10:16:38,781 - short entry dict: [0.0, 68.35, 53.2]
2023-08-22 10:16:38,784 - short exit dict: [0.0, 68.3, 59.0]
2023-08-22 10:16:38,784 - last entry was at : 53.2 and exit at: 59.0
2023-08-22 10:16:38,784 - short pnl booked until now:-2875.0
2023-08-22 10:29:59,213 - NIFTY24AUG23C19400 candle closing price at time 2023-08-22 10:29:59.213364+05:30 is 59.4
2023-08-22 10:44:59,210 - NIFTY24AUG23C19400 candle closing price at time 2023-08-22 10:44:59.210157+05:30 is 60.15
2023-08-22 10:59:58,002 - NIFTY24AUG23C19400 went short at price-56.55, time-10:59:58
2023-08-22 10:59:58,003 - short entry dict: [0.0, 68.35, 53.2, 56.55]
2023-08-22 10:59:59,214 - NIFTY24AUG23C19400 candle closing price at time 2023-08-22 10:59:59.214859+05:30 is 56.65
2023-08-22 11:02:46,590 - short entry dict: [0.0, 68.35, 53.2, 56.55]
2023-08-22 11:02:46,590 - short exit dict: [0.0, 68.3, 59.0, 58.85]
2023-08-22 11:02:46,590 - last entry was at : 56.55 and exit at: 58.85
2023-08-22 11:02:46,591 - short pnl booked until now:-4025.000000000002
2023-08-22 11:14:58,001 - NIFTY24AUG23C19400 went short at price-57.45, time-11:14:58
2023-08-22 11:14:58,001 - short entry dict: [0.0, 68.35, 53.2, 56.55, 57.45]
2023-08-22 11:14:59,204 - NIFTY24AUG23C19400 candle closing price at time 2023-08-22 11:14:59.204867+05:30 is 57.55
2023-08-22 11:15:21,966 - short entry dict: [0.0, 68.35, 53.2, 56.55, 57.45]
2023-08-22 11:15:21,967 - short exit dict: [0.0, 68.3, 59.0, 58.85, 58.65]
2023-08-22 11:15:21,967 - last entry was at : 57.45 and exit at: 58.65
2023-08-22 11:15:21,967 - short pnl booked until now:-4625.0
2023-08-22 11:29:59,204 - NIFTY24AUG23C19400 candle closing price at time 2023-08-22 11:29:59.204794+05:30 is 60.95
2023-08-22 11:44:59,117 - NIFTY24AUG23C19400 candle closing price at time 2023-08-22 11:44:59.117445+05:30 is 61.9
2023-08-22 11:59:59,117 - NIFTY24AUG23C19400 candle closing price at time 2023-08-22 11:59:59.117039+05:30 is 66.35
2023-08-22 12:14:59,082 - NIFTY24AUG23C19400 candle closing price at time 2023-08-22 12:14:59.082373+05:30 is 63.95
2023-08-22 12:29:58,002 - NIFTY24AUG23C19400 went short at price-58.6, time-12:29:58
2023-08-22 12:29:58,004 - short entry dict: [0.0, 68.35, 53.2, 56.55, 57.45, 58.6]
2023-08-22 12:29:59,207 - NIFTY24AUG23C19400 candle closing price at time 2023-08-22 12:29:59.207312+05:30 is 58.65
2023-08-22 12:33:42,426 - short entry dict: [0.0, 68.35, 53.2, 56.55, 57.45, 58.6]
2023-08-22 12:33:42,426 - short exit dict: [0.0, 68.3, 59.0, 58.85, 58.65, 60.05]
2023-08-22 12:33:42,427 - last entry was at : 58.6 and exit at: 60.05
2023-08-22 12:33:42,427 - short pnl booked until now:-5349.999999999998
2023-08-22 12:44:58,000 - NIFTY24AUG23C19400 went short at price-57.85, time-12:44:58
2023-08-22 12:44:58,001 - short entry dict: [0.0, 68.35, 53.2, 56.55, 57.45, 58.6, 57.85]
2023-08-22 12:44:59,204 - NIFTY24AUG23C19400 candle closing price at time 2023-08-22 12:44:59.204291+05:30 is 57.9
2023-08-22 12:49:56,777 - short entry dict: [0.0, 68.35, 53.2, 56.55, 57.45, 58.6, 57.85]
2023-08-22 12:49:56,777 - short exit dict: [0.0, 68.3, 59.0, 58.85, 58.65, 60.05, 59.7]
2023-08-22 12:49:56,777 - last entry was at : 57.85 and exit at: 59.7
2023-08-22 12:49:56,777 - short pnl booked until now:-6274.999999999999
2023-08-22 12:59:59,206 - NIFTY24AUG23C19400 candle closing price at time 2023-08-22 12:59:59.206378+05:30 is 62.3
2023-08-22 13:14:59,211 - NIFTY24AUG23C19400 candle closing price at time 2023-08-22 13:14:59.210941+05:30 is 60.45
2023-08-22 13:29:59,207 - NIFTY24AUG23C19400 candle closing price at time 2023-08-22 13:29:59.207071+05:30 is 60.4
2023-08-22 13:44:58,002 - NIFTY24AUG23C19400 went short at price-57.9, time-13:44:58
2023-08-22 13:44:58,003 - short entry dict: [0.0, 68.35, 53.2, 56.55, 57.45, 58.6, 57.85, 57.9]
2023-08-22 13:44:59,208 - NIFTY24AUG23C19400 candle closing price at time 2023-08-22 13:44:59.208370+05:30 is 57.7
2023-08-22 13:59:59,036 - NIFTY24AUG23C19400 candle closing price at time 2023-08-22 13:59:59.036625+05:30 is 52.2
2023-08-22 14:14:59,094 - NIFTY24AUG23C19400 candle closing price at time 2023-08-22 14:14:59.094937+05:30 is 54.3
2023-08-22 14:29:59,194 - NIFTY24AUG23C19400 candle closing price at time 2023-08-22 14:29:59.194522+05:30 is 51.5
2023-08-22 14:44:59,221 - NIFTY24AUG23C19400 candle closing price at time 2023-08-22 14:44:59.221600+05:30 is 48.25
2023-08-22 14:59:59,007 - NIFTY24AUG23C19400 candle closing price at time 2023-08-22 14:59:59.007623+05:30 is 47.2
2023-08-22 15:14:59,113 - NIFTY24AUG23C19400 candle closing price at time 2023-08-22 15:14:59.113109+05:30 is 46.8
2023-08-23 09:31:13,191 - NIFTY24AUG23C19400 went short at price-41.5, time-9:31:13
2023-08-23 09:31:13,191 - short entry dict: [0.0, 41.5]
2023-08-23 09:44:59,266 - NIFTY24AUG23C19400 candle closing price at time 2023-08-23 09:44:59.265978+05:30 is 42.65
2023-08-23 09:59:59,190 - NIFTY24AUG23C19400 candle closing price at time 2023-08-23 09:59:59.190370+05:30 is 34.65
2023-08-23 10:14:59,221 - NIFTY24AUG23C19400 candle closing price at time 2023-08-23 10:14:59.221325+05:30 is 34.95
2023-08-23 10:29:59,115 - NIFTY24AUG23C19400 candle closing price at time 2023-08-23 10:29:59.115136+05:30 is 33.8
2023-08-23 10:44:59,099 - NIFTY24AUG23C19400 candle closing price at time 2023-08-23 10:44:59.099279+05:30 is 33.35
2023-08-23 10:59:59,105 - NIFTY24AUG23C19400 candle closing price at time 2023-08-23 10:59:59.105244+05:30 is 36.55
2023-08-23 11:14:59,252 - NIFTY24AUG23C19400 candle closing price at time 2023-08-23 11:14:59.252018+05:30 is 43.25
2023-08-23 11:23:18,300 - short entry dict: [0.0, 41.5]
2023-08-23 11:23:18,300 - short exit dict: [0.0, 48.9]
2023-08-23 11:23:18,300 - last entry was at : 41.5 and exit at: 48.9
2023-08-23 11:23:18,300 - short pnl booked until now:-3699.999999999999
2023-08-23 11:29:59,213 - NIFTY24AUG23C19400 candle closing price at time 2023-08-23 11:29:59.213620+05:30 is 51.6
2023-08-23 11:44:59,095 - NIFTY24AUG23C19400 candle closing price at time 2023-08-23 11:44:59.094884+05:30 is 53.7
2023-08-23 11:59:59,145 - NIFTY24AUG23C19400 candle closing price at time 2023-08-23 11:59:59.145463+05:30 is 52.4
2023-08-23 12:14:59,029 - NIFTY24AUG23C19400 candle closing price at time 2023-08-23 12:14:59.029107+05:30 is 51.55
2023-08-23 12:29:59,193 - NIFTY24AUG23C19400 candle closing price at time 2023-08-23 12:29:59.193268+05:30 is 60.15
2023-08-23 12:44:59,127 - NIFTY24AUG23C19400 candle closing price at time 2023-08-23 12:44:59.127797+05:30 is 72.3
2023-08-23 12:59:59,144 - NIFTY24AUG23C19400 candle closing price at time 2023-08-23 12:59:59.144448+05:30 is 71.6
2023-08-23 13:14:59,120 - NIFTY24AUG23C19400 candle closing price at time 2023-08-23 13:14:59.120010+05:30 is 64.25
2023-08-23 13:29:59,225 - NIFTY24AUG23C19400 candle closing price at time 2023-08-23 13:29:59.225332+05:30 is 67.2
2023-08-23 13:44:59,234 - NIFTY24AUG23C19400 candle closing price at time 2023-08-23 13:44:59.234048+05:30 is 71.3
2023-08-23 13:59:59,140 - NIFTY24AUG23C19400 candle closing price at time 2023-08-23 13:59:59.140704+05:30 is 74.65
2023-08-23 14:14:59,289 - NIFTY24AUG23C19400 candle closing price at time 2023-08-23 14:14:59.289835+05:30 is 71.85
2023-08-23 14:29:59,157 - NIFTY24AUG23C19400 candle closing price at time 2023-08-23 14:29:59.157222+05:30 is 67.65
2023-08-23 14:44:59,085 - NIFTY24AUG23C19400 candle closing price at time 2023-08-23 14:44:59.085302+05:30 is 72.1
2023-08-23 14:59:59,282 - NIFTY24AUG23C19400 candle closing price at time 2023-08-23 14:59:59.282369+05:30 is 69.15
2023-08-23 15:14:58,001 - NIFTY24AUG23C19400 went short at price-60.4, time-15:14:58
2023-08-23 15:14:58,002 - short entry dict: [0.0, 41.5, 60.4]
2023-08-23 15:14:59,209 - NIFTY24AUG23C19400 candle closing price at time 2023-08-23 15:14:59.209889+05:30 is 60.2
