2023-08-18 09:31:17,218 - BANKNIFTY24AUG23C44200 went long at price-151.2, time-9:31:17
2023-08-18 09:31:17,218 - long entry dict:[0.0, 151.2]
2023-08-18 09:31:17,218 - long exit dict:[0.0]
2023-08-18 09:31:17,218 - HEDGE-BANKNIFTY24AUG23C44200 went long at price-151.2, time-9:31:17
2023-08-21 09:31:16,682 - BANKNIFTY24AUG23C44200 went long at price-104.15, time-9:31:16
2023-08-21 09:31:16,683 - long entry dict:[0.0, 104.15]
2023-08-21 09:31:16,683 - long exit dict:[0.0]
2023-08-21 09:31:16,683 - HEDGE-BANKNIFTY24AUG23C44200 went long at price-104.15, time-9:31:16
2023-08-22 09:31:17,270 - BANKNIFTY24AUG23C44200 went long at price-125.1, time-9:31:17
2023-08-22 09:31:17,270 - long entry dict:[0.0, 125.1]
2023-08-22 09:31:17,270 - long exit dict:[0.0]
2023-08-22 09:31:17,270 - HEDGE-BANKNIFTY24AUG23C44200 went long at price-125.1, time-9:31:17
2023-08-23 09:31:13,405 - BANKNIFTY24AUG23C44200 went short at price-59.0, time-9:31:13
2023-08-23 09:31:13,406 - short entry dict: [0.0, 59.0]
2023-08-23 09:44:59,283 - BANKNIFTY24AUG23C44200 candle closing price at time 2023-08-23 09:44:59.283839+05:30 is 60.4
2023-08-23 09:59:59,272 - BANKNIFTY24AUG23C44200 candle closing price at time 2023-08-23 09:59:59.271991+05:30 is 48.35
2023-08-23 10:14:59,171 - BANKNIFTY24AUG23C44200 candle closing price at time 2023-08-23 10:14:59.171204+05:30 is 48.9
2023-08-23 10:29:59,037 - BANKNIFTY24AUG23C44200 candle closing price at time 2023-08-23 10:29:59.037738+05:30 is 49.2
2023-08-23 10:44:59,011 - BANKNIFTY24AUG23C44200 candle closing price at time 2023-08-23 10:44:59.011948+05:30 is 50.25
2023-08-23 10:59:59,021 - BANKNIFTY24AUG23C44200 candle closing price at time 2023-08-23 10:59:59.021545+05:30 is 58.35
2023-08-23 11:06:51,604 - short entry dict: [0.0, 59.0]
2023-08-23 11:06:51,609 - short exit dict: [0.0, 83.65]
2023-08-23 11:06:51,615 - last entry was at : 59.0 and exit at: 83.65
2023-08-23 11:06:51,620 - short pnl booked until now:-7395.000000000002
2023-08-23 11:14:59,206 - BANKNIFTY24AUG23C44200 candle closing price at time 2023-08-23 11:14:59.206723+05:30 is 101.6
2023-08-23 11:29:59,231 - BANKNIFTY24AUG23C44200 candle closing price at time 2023-08-23 11:29:59.231668+05:30 is 129.1
2023-08-23 11:44:59,089 - BANKNIFTY24AUG23C44200 candle closing price at time 2023-08-23 11:44:59.088857+05:30 is 146.15
2023-08-23 11:59:59,167 - BANKNIFTY24AUG23C44200 candle closing price at time 2023-08-23 11:59:59.166972+05:30 is 127.65
2023-08-23 12:14:59,220 - BANKNIFTY24AUG23C44200 candle closing price at time 2023-08-23 12:14:59.219973+05:30 is 144.6
2023-08-23 12:29:59,254 - BANKNIFTY24AUG23C44200 candle closing price at time 2023-08-23 12:29:59.253927+05:30 is 182.2
2023-08-23 12:44:59,046 - BANKNIFTY24AUG23C44200 candle closing price at time 2023-08-23 12:44:59.046524+05:30 is 257.0
2023-08-23 12:59:59,073 - BANKNIFTY24AUG23C44200 candle closing price at time 2023-08-23 12:59:59.073644+05:30 is 271.35
2023-08-23 13:14:59,189 - BANKNIFTY24AUG23C44200 candle closing price at time 2023-08-23 13:14:59.189832+05:30 is 253.75
2023-08-23 13:29:59,275 - BANKNIFTY24AUG23C44200 candle closing price at time 2023-08-23 13:29:59.275694+05:30 is 258.25
2023-08-23 13:44:59,209 - BANKNIFTY24AUG23C44200 candle closing price at time 2023-08-23 13:44:59.209191+05:30 is 277.65
2023-08-23 13:59:59,044 - BANKNIFTY24AUG23C44200 candle closing price at time 2023-08-23 13:59:59.044258+05:30 is 306.45
2023-08-23 14:14:59,140 - BANKNIFTY24AUG23C44200 candle closing price at time 2023-08-23 14:14:59.140818+05:30 is 318.3
2023-08-23 14:29:59,200 - BANKNIFTY24AUG23C44200 candle closing price at time 2023-08-23 14:29:59.200894+05:30 is 279.55
2023-08-23 14:44:59,015 - BANKNIFTY24AUG23C44200 candle closing price at time 2023-08-23 14:44:59.015415+05:30 is 306.85
2023-08-23 14:59:59,294 - BANKNIFTY24AUG23C44200 candle closing price at time 2023-08-23 14:59:59.293941+05:30 is 311.4
2023-08-23 15:14:59,061 - BANKNIFTY24AUG23C44200 candle closing price at time 2023-08-23 15:14:59.061886+05:30 is 285.1
