2023-08-25 09:31:20,074 - BANKNIFTY31AUG23C44500 went short at price-176.0, time-9:31:20
2023-08-25 09:31:20,074 - short entry dict: [0.0, 176.0]
2023-08-25 09:44:59,069 - BANKNIFTY31AUG23C44500 candle closing price at time 2023-08-25 09:44:59.069210+05:30 is 172.6
2023-08-25 09:59:59,077 - BANKNIFTY31AUG23C44500 candle closing price at time 2023-08-25 09:59:59.077571+05:30 is 163.75
2023-08-25 10:14:59,111 - BANKNIFTY31AUG23C44500 candle closing price at time 2023-08-25 10:14:59.110938+05:30 is 158.95
2023-08-25 10:29:59,091 - BANKNIFTY31AUG23C44500 candle closing price at time 2023-08-25 10:29:59.091161+05:30 is 103.6
2023-08-25 10:44:59,211 - BANKNIFTY31AUG23C44500 candle closing price at time 2023-08-25 10:44:59.211074+05:30 is 96.25
2023-08-25 10:59:59,095 - BANKNIFTY31AUG23C44500 candle closing price at time 2023-08-25 10:59:59.095567+05:30 is 90.55
2023-08-25 11:14:59,234 - BANKNIFTY31AUG23C44500 candle closing price at time 2023-08-25 11:14:59.234954+05:30 is 96.7
2023-08-25 11:29:59,169 - BANKNIFTY31AUG23C44500 candle closing price at time 2023-08-25 11:29:59.169929+05:30 is 165.15
2023-08-25 11:44:59,203 - BANKNIFTY31AUG23C44500 candle closing price at time 2023-08-25 11:44:59.203521+05:30 is 157.0
2023-08-25 11:59:59,114 - BANKNIFTY31AUG23C44500 candle closing price at time 2023-08-25 11:59:59.114889+05:30 is 152.7
2023-08-25 12:14:59,047 - BANKNIFTY31AUG23C44500 candle closing price at time 2023-08-25 12:14:59.047105+05:30 is 147.0
2023-08-25 12:29:59,196 - BANKNIFTY31AUG23C44500 candle closing price at time 2023-08-25 12:29:59.196196+05:30 is 159.5
2023-08-25 12:44:59,152 - BANKNIFTY31AUG23C44500 candle closing price at time 2023-08-25 12:44:59.152829+05:30 is 174.15
2023-08-25 12:59:59,021 - BANKNIFTY31AUG23C44500 candle closing price at time 2023-08-25 12:59:59.021236+05:30 is 173.85
2023-08-25 13:14:59,072 - BANKNIFTY31AUG23C44500 candle closing price at time 2023-08-25 13:14:59.071974+05:30 is 156.05
2023-08-25 13:29:59,281 - BANKNIFTY31AUG23C44500 candle closing price at time 2023-08-25 13:29:59.281556+05:30 is 147.8
2023-08-25 13:44:59,119 - BANKNIFTY31AUG23C44500 candle closing price at time 2023-08-25 13:44:59.119075+05:30 is 160.85
2023-08-25 13:59:59,204 - BANKNIFTY31AUG23C44500 candle closing price at time 2023-08-25 13:59:59.204757+05:30 is 155.0
2023-08-25 14:14:59,021 - BANKNIFTY31AUG23C44500 candle closing price at time 2023-08-25 14:14:59.021059+05:30 is 143.15
2023-08-25 14:29:59,283 - BANKNIFTY31AUG23C44500 candle closing price at time 2023-08-25 14:29:59.283287+05:30 is 145.45
2023-08-25 14:44:59,129 - BANKNIFTY31AUG23C44500 candle closing price at time 2023-08-25 14:44:59.129675+05:30 is 132.0
2023-08-25 14:59:59,277 - BANKNIFTY31AUG23C44500 candle closing price at time 2023-08-25 14:59:59.277584+05:30 is 141.75
2023-08-25 15:14:59,109 - BANKNIFTY31AUG23C44500 candle closing price at time 2023-08-25 15:14:59.109152+05:30 is 137.45
2023-08-29 11:28:32,892 - BANKNIFTY31AUG23C44500 went short at price-179.65, time-11:28:32
2023-08-29 11:28:32,892 - short entry dict: [0.0, 179.65]
2023-08-29 11:29:59,274 - BANKNIFTY31AUG23C44500 candle closing price at time 2023-08-29 11:29:59.274424+05:30 is 183.2
2023-08-29 11:43:06,465 - short entry dict: [0.0, 179.65]
2023-08-29 11:43:06,465 - short exit dict: [0.0, 198.3]
2023-08-29 11:43:06,465 - last entry was at : 179.65 and exit at: 198.3
2023-08-29 11:43:06,465 - short pnl booked until now:-5595.000000000002
2023-08-29 11:44:59,220 - BANKNIFTY31AUG23C44500 candle closing price at time 2023-08-29 11:44:59.220755+05:30 is 199.35
2023-08-29 11:59:58,006 - BANKNIFTY31AUG23C44500 went short at price-191.95, time-11:59:58
2023-08-29 11:59:58,007 - short entry dict: [0.0, 179.65, 191.95]
2023-08-29 11:59:59,214 - BANKNIFTY31AUG23C44500 candle closing price at time 2023-08-29 11:59:59.214211+05:30 is 192.5
2023-08-29 12:09:21,905 - short entry dict: [0.0, 179.65, 191.95]
2023-08-29 12:09:21,905 - short exit dict: [0.0, 198.3, 199.25]
2023-08-29 12:09:21,905 - last entry was at : 191.95 and exit at: 199.25
2023-08-29 12:09:21,905 - short pnl booked until now:-7785.0000000000055
2023-08-29 12:14:58,000 - BANKNIFTY31AUG23C44500 went short at price-193.45, time-12:14:58
2023-08-29 12:14:58,001 - short entry dict: [0.0, 179.65, 191.95, 193.45]
2023-08-29 12:14:59,211 - BANKNIFTY31AUG23C44500 candle closing price at time 2023-08-29 12:14:59.211622+05:30 is 192.65
2023-08-29 12:29:59,156 - BANKNIFTY31AUG23C44500 candle closing price at time 2023-08-29 12:29:59.156326+05:30 is 193.5
2023-08-29 12:30:26,514 - short entry dict: [0.0, 179.65, 191.95, 193.45]
2023-08-29 12:30:26,514 - short exit dict: [0.0, 198.3, 199.25, 199.6]
2023-08-29 12:30:26,514 - last entry was at : 193.45 and exit at: 199.6
2023-08-29 12:30:26,515 - short pnl booked until now:-9630.000000000007
2023-08-29 12:44:58,002 - BANKNIFTY31AUG23C44500 went short at price-191.65, time-12:44:58
2023-08-29 12:44:58,002 - short entry dict: [0.0, 179.65, 191.95, 193.45, 191.65]
2023-08-29 12:44:59,212 - BANKNIFTY31AUG23C44500 candle closing price at time 2023-08-29 12:44:59.212799+05:30 is 191.9
2023-08-29 12:59:59,051 - BANKNIFTY31AUG23C44500 candle closing price at time 2023-08-29 12:59:59.050912+05:30 is 195.35
2023-08-29 13:00:23,929 - short entry dict: [0.0, 179.65, 191.95, 193.45, 191.65]
2023-08-29 13:00:23,929 - short exit dict: [0.0, 198.3, 199.25, 199.6, 197.5]
2023-08-29 13:00:23,929 - last entry was at : 191.65 and exit at: 197.5
2023-08-29 13:00:23,929 - short pnl booked until now:-11385.000000000005
2023-08-29 13:14:58,006 - BANKNIFTY31AUG23C44500 went short at price-192.4, time-13:14:58
2023-08-29 13:14:58,006 - short entry dict: [0.0, 179.65, 191.95, 193.45, 191.65, 192.4]
2023-08-29 13:14:59,211 - BANKNIFTY31AUG23C44500 candle closing price at time 2023-08-29 13:14:59.211715+05:30 is 192.85
2023-08-29 13:19:09,193 - short entry dict: [0.0, 179.65, 191.95, 193.45, 191.65, 192.4]
2023-08-29 13:19:09,193 - short exit dict: [0.0, 198.3, 199.25, 199.6, 197.5, 197.45]
2023-08-29 13:19:09,193 - last entry was at : 192.4 and exit at: 197.45
2023-08-29 13:19:09,193 - short pnl booked until now:-12900.0
2023-08-29 13:29:58,002 - BANKNIFTY31AUG23C44500 went short at price-189.35, time-13:29:58
2023-08-29 13:29:58,002 - short entry dict: [0.0, 179.65, 191.95, 193.45, 191.65, 192.4, 189.35]
2023-08-29 13:29:59,207 - BANKNIFTY31AUG23C44500 candle closing price at time 2023-08-29 13:29:59.207779+05:30 is 189.95
2023-08-29 13:44:59,203 - BANKNIFTY31AUG23C44500 candle closing price at time 2023-08-29 13:44:59.203165+05:30 is 183.0
2023-08-29 13:59:59,299 - BANKNIFTY31AUG23C44500 candle closing price at time 2023-08-29 13:59:59.299677+05:30 is 173.7
2023-08-29 14:14:59,144 - BANKNIFTY31AUG23C44500 candle closing price at time 2023-08-29 14:14:59.143981+05:30 is 175.7
2023-08-29 14:29:59,086 - BANKNIFTY31AUG23C44500 candle closing price at time 2023-08-29 14:29:59.086232+05:30 is 153.6
2023-08-29 14:44:59,153 - BANKNIFTY31AUG23C44500 candle closing price at time 2023-08-29 14:44:59.153761+05:30 is 157.5
2023-08-29 14:59:59,050 - BANKNIFTY31AUG23C44500 candle closing price at time 2023-08-29 14:59:59.050770+05:30 is 149.65
2023-08-29 15:14:59,274 - BANKNIFTY31AUG23C44500 candle closing price at time 2023-08-29 15:14:59.274610+05:30 is 162.85
2023-08-31 09:30:15,179 - BANKNIFTY31AUG23C44500 went short at price-19.25, time-9:30:15
2023-08-31 09:30:15,179 - short entry dict: [0.0, 19.25]
2023-08-31 09:44:59,204 - BANKNIFTY31AUG23C44500 candle closing price at time 2023-08-31 09:44:59.204265+05:30 is 56.7
2023-08-31 09:59:59,207 - BANKNIFTY31AUG23C44500 candle closing price at time 2023-08-31 09:59:59.207052+05:30 is 42.7
2023-08-31 10:14:59,272 - BANKNIFTY31AUG23C44500 candle closing price at time 2023-08-31 10:14:59.272043+05:30 is 22.55
2023-08-31 10:29:59,051 - BANKNIFTY31AUG23C44500 candle closing price at time 2023-08-31 10:29:59.051657+05:30 is 16.1
2023-08-31 10:44:59,133 - BANKNIFTY31AUG23C44500 candle closing price at time 2023-08-31 10:44:59.132927+05:30 is 15.1
2023-08-31 10:59:59,248 - BANKNIFTY31AUG23C44500 candle closing price at time 2023-08-31 10:59:59.248347+05:30 is 16.25
2023-08-31 11:14:59,295 - BANKNIFTY31AUG23C44500 candle closing price at time 2023-08-31 11:14:59.295419+05:30 is 13.55
2023-08-31 11:29:59,145 - BANKNIFTY31AUG23C44500 candle closing price at time 2023-08-31 11:29:59.145594+05:30 is 13.6
2023-08-31 11:44:59,234 - BANKNIFTY31AUG23C44500 candle closing price at time 2023-08-31 11:44:59.234110+05:30 is 12.5
2023-08-31 11:59:59,122 - BANKNIFTY31AUG23C44500 candle closing price at time 2023-08-31 11:59:59.122912+05:30 is 9.5
2023-08-31 12:14:59,142 - BANKNIFTY31AUG23C44500 candle closing price at time 2023-08-31 12:14:59.142579+05:30 is 9.4
2023-08-31 12:29:59,103 - BANKNIFTY31AUG23C44500 candle closing price at time 2023-08-31 12:29:59.103468+05:30 is 8.1
2023-08-31 12:44:59,052 - BANKNIFTY31AUG23C44500 candle closing price at time 2023-08-31 12:44:59.052066+05:30 is 6.5
2023-08-31 12:59:59,215 - BANKNIFTY31AUG23C44500 candle closing price at time 2023-08-31 12:59:59.215788+05:30 is 6.3
2023-08-31 13:14:59,140 - BANKNIFTY31AUG23C44500 candle closing price at time 2023-08-31 13:14:59.140194+05:30 is 5.3
2023-08-31 13:29:59,252 - BANKNIFTY31AUG23C44500 candle closing price at time 2023-08-31 13:29:59.252730+05:30 is 3.2
2023-08-31 13:44:59,226 - BANKNIFTY31AUG23C44500 candle closing price at time 2023-08-31 13:44:59.226315+05:30 is 4.6
2023-08-31 13:59:59,058 - BANKNIFTY31AUG23C44500 candle closing price at time 2023-08-31 13:59:59.058888+05:30 is 3.55
2023-08-31 14:14:59,092 - BANKNIFTY31AUG23C44500 candle closing price at time 2023-08-31 14:14:59.092483+05:30 is 2.65
2023-08-31 14:29:59,067 - BANKNIFTY31AUG23C44500 candle closing price at time 2023-08-31 14:29:59.067155+05:30 is 2.75
2023-08-31 14:44:59,122 - BANKNIFTY31AUG23C44500 candle closing price at time 2023-08-31 14:44:59.122735+05:30 is 1.15
2023-08-31 14:59:59,196 - BANKNIFTY31AUG23C44500 candle closing price at time 2023-08-31 14:59:59.196609+05:30 is 0.95
2023-08-31 15:14:59,178 - BANKNIFTY31AUG23C44500 candle closing price at time 2023-08-31 15:14:59.178843+05:30 is 0.25
