2023-08-23 09:31:14,058 - FINNIFTY29AUG23C19600 went short at price-85.15, time-9:31:14
2023-08-23 09:31:14,058 - short entry dict: [0.0, 85.15]
2023-08-23 09:44:59,008 - FINNIFTY29AUG23C19600 candle closing price at time 2023-08-23 09:44:59.008355+05:30 is 87.0
2023-08-23 09:59:59,044 - FINNIFTY29AUG23C19600 candle closing price at time 2023-08-23 09:59:59.044220+05:30 is 77.6
2023-08-23 10:14:59,108 - FINNIFTY29AUG23C19600 candle closing price at time 2023-08-23 10:14:59.108073+05:30 is 77.05
2023-08-23 10:29:59,091 - FINNIFTY29AUG23C19600 candle closing price at time 2023-08-23 10:29:59.091174+05:30 is 78.15
2023-08-23 10:44:59,085 - FINNIFTY29AUG23C19600 candle closing price at time 2023-08-23 10:44:59.085645+05:30 is 80.7
2023-08-23 10:59:59,114 - FINNIFTY29AUG23C19600 candle closing price at time 2023-08-23 10:59:59.114443+05:30 is 83.8
2023-08-23 11:14:59,252 - FINNIFTY29AUG23C19600 candle closing price at time 2023-08-23 11:14:59.251967+05:30 is 100.55
2023-08-23 11:23:53,904 - short entry dict: [0.0, 85.15]
2023-08-23 11:23:53,909 - short exit dict: [0.0, 110.65]
2023-08-23 11:23:53,914 - last entry was at : 85.15 and exit at: 110.65
2023-08-23 11:23:53,920 - short pnl booked until now:-4080.0
2023-08-23 11:29:59,215 - FINNIFTY29AUG23C19600 candle closing price at time 2023-08-23 11:29:59.215032+05:30 is 116.7
2023-08-23 11:44:59,062 - FINNIFTY29AUG23C19600 candle closing price at time 2023-08-23 11:44:59.062364+05:30 is 124.25
2023-08-23 11:59:59,164 - FINNIFTY29AUG23C19600 candle closing price at time 2023-08-23 11:59:59.164069+05:30 is 116.25
2023-08-23 12:14:59,205 - FINNIFTY29AUG23C19600 candle closing price at time 2023-08-23 12:14:59.205776+05:30 is 121.85
2023-08-23 12:29:59,258 - FINNIFTY29AUG23C19600 candle closing price at time 2023-08-23 12:29:59.258398+05:30 is 139.75
2023-08-23 12:44:59,216 - FINNIFTY29AUG23C19600 candle closing price at time 2023-08-23 12:44:59.216347+05:30 is 166.25
2023-08-23 12:59:59,243 - FINNIFTY29AUG23C19600 candle closing price at time 2023-08-23 12:59:59.243824+05:30 is 167.3
2023-08-23 13:14:59,006 - FINNIFTY29AUG23C19600 candle closing price at time 2023-08-23 13:14:59.006700+05:30 is 162.75
2023-08-23 13:29:59,149 - FINNIFTY29AUG23C19600 candle closing price at time 2023-08-23 13:29:59.149513+05:30 is 167.7
2023-08-23 13:44:59,002 - FINNIFTY29AUG23C19600 candle closing price at time 2023-08-23 13:44:59.002361+05:30 is 175.55
2023-08-23 13:59:59,221 - FINNIFTY29AUG23C19600 candle closing price at time 2023-08-23 13:59:59.221463+05:30 is 195.9
2023-08-23 14:14:59,166 - FINNIFTY29AUG23C19600 candle closing price at time 2023-08-23 14:14:59.166571+05:30 is 196.15
2023-08-23 14:29:59,107 - FINNIFTY29AUG23C19600 candle closing price at time 2023-08-23 14:29:59.107379+05:30 is 179.2
2023-08-23 14:44:59,086 - FINNIFTY29AUG23C19600 candle closing price at time 2023-08-23 14:44:59.086259+05:30 is 193.65
2023-08-23 14:59:59,154 - FINNIFTY29AUG23C19600 candle closing price at time 2023-08-23 14:59:59.154361+05:30 is 191.55
2023-08-23 15:14:59,297 - FINNIFTY29AUG23C19600 candle closing price at time 2023-08-23 15:14:59.297657+05:30 is 191.8
