2023-08-18 09:31:17,209 - BANKNIFTY24AUG23P43600 went long at price-141.15, time-9:31:17
2023-08-18 09:31:17,210 - long entry dict:[0.0, 141.15]
2023-08-18 09:31:17,210 - long exit dict:[0.0]
2023-08-18 09:31:17,210 - HEDGE-BANKNIFTY24AUG23P43600 went long at price-141.15, time-9:31:17
2023-08-21 09:31:16,695 - BANKNIFTY24AUG23P43600 went long at price-98.45, time-9:31:16
2023-08-21 09:31:16,695 - long entry dict:[0.0, 98.45]
2023-08-21 09:31:16,695 - long exit dict:[0.0]
2023-08-21 09:31:16,695 - HEDGE-BANKNIFTY24AUG23P43600 went long at price-98.45, time-9:31:16
2023-08-22 09:31:17,295 - BANKNIFTY24AUG23P43600 went long at price-40.25, time-9:31:17
2023-08-22 09:31:17,296 - long entry dict:[0.0, 40.25]
2023-08-22 09:31:17,296 - long exit dict:[0.0]
2023-08-22 09:31:17,296 - HEDGE-BANKNIFTY24AUG23P43600 went long at price-40.25, time-9:31:17
2023-08-23 09:31:13,393 - BANKNIFTY24AUG23P43600 went short at price-27.05, time-9:31:13
2023-08-23 09:31:13,393 - short entry dict: [0.0, 27.05]
2023-08-23 09:44:59,222 - BANKNIFTY24AUG23P43600 candle closing price at time 2023-08-23 09:44:59.222236+05:30 is 24.3
2023-08-23 09:59:59,176 - BANKNIFTY24AUG23P43600 candle closing price at time 2023-08-23 09:59:59.176863+05:30 is 27.5
2023-08-23 10:14:59,022 - BANKNIFTY24AUG23P43600 candle closing price at time 2023-08-23 10:14:59.022429+05:30 is 29.25
2023-08-23 10:29:59,001 - BANKNIFTY24AUG23P43600 candle closing price at time 2023-08-23 10:29:59.001480+05:30 is 24.9
2023-08-23 10:44:59,287 - BANKNIFTY24AUG23P43600 candle closing price at time 2023-08-23 10:44:59.287161+05:30 is 23.2
2023-08-23 10:59:59,021 - BANKNIFTY24AUG23P43600 candle closing price at time 2023-08-23 10:59:59.021777+05:30 is 19.9
2023-08-23 11:14:59,080 - BANKNIFTY24AUG23P43600 candle closing price at time 2023-08-23 11:14:59.080798+05:30 is 15.4
2023-08-23 11:29:59,121 - BANKNIFTY24AUG23P43600 candle closing price at time 2023-08-23 11:29:59.121183+05:30 is 14.65
2023-08-23 11:44:59,113 - BANKNIFTY24AUG23P43600 candle closing price at time 2023-08-23 11:44:59.113734+05:30 is 14.0
2023-08-23 11:59:59,258 - BANKNIFTY24AUG23P43600 candle closing price at time 2023-08-23 11:59:59.258854+05:30 is 14.5
2023-08-23 12:14:59,216 - BANKNIFTY24AUG23P43600 candle closing price at time 2023-08-23 12:14:59.216140+05:30 is 13.7
2023-08-23 12:29:59,027 - BANKNIFTY24AUG23P43600 candle closing price at time 2023-08-23 12:29:59.027784+05:30 is 12.0
2023-08-23 12:44:59,239 - BANKNIFTY24AUG23P43600 candle closing price at time 2023-08-23 12:44:59.239145+05:30 is 10.85
2023-08-23 12:59:59,134 - BANKNIFTY24AUG23P43600 candle closing price at time 2023-08-23 12:59:59.134836+05:30 is 10.9
2023-08-23 13:14:59,235 - BANKNIFTY24AUG23P43600 candle closing price at time 2023-08-23 13:14:59.235198+05:30 is 10.75
2023-08-23 13:29:59,091 - BANKNIFTY24AUG23P43600 candle closing price at time 2023-08-23 13:29:59.091474+05:30 is 10.45
2023-08-23 13:44:59,242 - BANKNIFTY24AUG23P43600 candle closing price at time 2023-08-23 13:44:59.242880+05:30 is 10.3
2023-08-23 13:59:59,157 - BANKNIFTY24AUG23P43600 candle closing price at time 2023-08-23 13:59:59.157229+05:30 is 10.7
2023-08-23 14:14:59,210 - BANKNIFTY24AUG23P43600 candle closing price at time 2023-08-23 14:14:59.210053+05:30 is 9.85
2023-08-23 14:29:59,010 - BANKNIFTY24AUG23P43600 candle closing price at time 2023-08-23 14:29:59.010144+05:30 is 9.7
2023-08-23 14:44:59,285 - BANKNIFTY24AUG23P43600 candle closing price at time 2023-08-23 14:44:59.285115+05:30 is 8.85
2023-08-23 14:59:59,082 - BANKNIFTY24AUG23P43600 candle closing price at time 2023-08-23 14:59:59.081968+05:30 is 8.75
2023-08-23 15:14:59,117 - BANKNIFTY24AUG23P43600 candle closing price at time 2023-08-23 15:14:59.117162+05:30 is 9.75
