2023-08-31 09:30:14,850 - FINNIFTY05SEP23C19600 went short at price-147.25, time-9:30:14
2023-08-31 09:30:14,851 - short entry dict: [0.0, 147.25]
2023-08-31 09:44:59,053 - FINNIFTY05SEP23C19600 candle closing price at time 2023-08-31 09:44:59.052893+05:30 is 194.6
2023-08-31 09:55:07,015 - short entry dict: [0.0, 147.25]
2023-08-31 09:55:07,016 - short exit dict: [0.0, 207.1]
2023-08-31 09:55:07,016 - last entry was at : 147.25 and exit at: 207.1
2023-08-31 09:55:07,016 - short pnl booked until now:-9576.0
2023-08-31 09:59:58,001 - FINNIFTY05SEP23C19600 went short at price-199.45, time-9:59:58
2023-08-31 09:59:58,001 - short entry dict: [0.0, 147.25, 199.45]
2023-08-31 09:59:59,205 - FINNIFTY05SEP23C19600 candle closing price at time 2023-08-31 09:59:59.205408+05:30 is 199.45
2023-08-31 10:14:59,068 - FINNIFTY05SEP23C19600 candle closing price at time 2023-08-31 10:14:59.068506+05:30 is 175.9
2023-08-31 10:29:59,059 - FINNIFTY05SEP23C19600 candle closing price at time 2023-08-31 10:29:59.059653+05:30 is 153.2
2023-08-31 10:44:59,200 - FINNIFTY05SEP23C19600 candle closing price at time 2023-08-31 10:44:59.200672+05:30 is 141.75
2023-08-31 10:59:59,093 - FINNIFTY05SEP23C19600 candle closing price at time 2023-08-31 10:59:59.093374+05:30 is 146.9
2023-08-31 11:14:59,157 - FINNIFTY05SEP23C19600 candle closing price at time 2023-08-31 11:14:59.157727+05:30 is 138.0
2023-08-31 11:29:59,291 - FINNIFTY05SEP23C19600 candle closing price at time 2023-08-31 11:29:59.291855+05:30 is 144.65
2023-08-31 11:44:59,295 - FINNIFTY05SEP23C19600 candle closing price at time 2023-08-31 11:44:59.295476+05:30 is 145.4
2023-08-31 11:59:59,223 - FINNIFTY05SEP23C19600 candle closing price at time 2023-08-31 11:59:59.223706+05:30 is 139.85
2023-08-31 12:14:59,104 - FINNIFTY05SEP23C19600 candle closing price at time 2023-08-31 12:14:59.104753+05:30 is 140.15
2023-08-31 12:29:59,282 - FINNIFTY05SEP23C19600 candle closing price at time 2023-08-31 12:29:59.281922+05:30 is 144.2
2023-08-31 12:44:59,292 - FINNIFTY05SEP23C19600 candle closing price at time 2023-08-31 12:44:59.292856+05:30 is 141.55
2023-08-31 12:59:59,081 - FINNIFTY05SEP23C19600 candle closing price at time 2023-08-31 12:59:59.080836+05:30 is 145.9
2023-08-31 13:14:59,177 - FINNIFTY05SEP23C19600 candle closing price at time 2023-08-31 13:14:59.177530+05:30 is 129.6
2023-08-31 13:29:59,200 - FINNIFTY05SEP23C19600 candle closing price at time 2023-08-31 13:29:59.200592+05:30 is 135.25
2023-08-31 13:44:59,228 - FINNIFTY05SEP23C19600 candle closing price at time 2023-08-31 13:44:59.228651+05:30 is 151.6
2023-08-31 13:59:59,213 - FINNIFTY05SEP23C19600 candle closing price at time 2023-08-31 13:59:59.213405+05:30 is 139.1
2023-08-31 14:14:59,232 - FINNIFTY05SEP23C19600 candle closing price at time 2023-08-31 14:14:59.232645+05:30 is 135.3
2023-08-31 14:29:59,137 - FINNIFTY05SEP23C19600 candle closing price at time 2023-08-31 14:29:59.136964+05:30 is 132.65
2023-08-31 14:44:59,248 - FINNIFTY05SEP23C19600 candle closing price at time 2023-08-31 14:44:59.248807+05:30 is 125.65
2023-08-31 14:59:59,075 - FINNIFTY05SEP23C19600 candle closing price at time 2023-08-31 14:59:59.075368+05:30 is 126.95
2023-08-31 15:14:59,038 - FINNIFTY05SEP23C19600 candle closing price at time 2023-08-31 15:14:59.038775+05:30 is 120.65
