2023-07-28 13:18:35,038 - NIFTY03AUG23P19600 went short at price-92.4, time-13:18:35
2023-07-28 13:18:35,038 - short entry dict: [0.0, 92.4]
2023-07-28 13:24:19,019 - short entry dict: [0.0, 92.4]
2023-07-28 13:24:19,020 - short exit dict: [0.0, 97.0]
2023-07-28 13:24:19,020 - last entry was at : 92.4 and exit at: 97.0
2023-07-28 13:24:19,020 - short pnl booked until now:-2299.9999999999973
2023-07-28 13:29:58,000 - NIFTY03AUG23P19600 went short at price-94.0, time-13:29:58
2023-07-28 13:29:58,001 - short entry dict: [0.0, 92.4, 94.0]
2023-07-28 13:29:59,205 - NIFTY03AUG23P19600 candle closing price at time 2023-07-28 13:29:59.204942+05:30 is 93.8
2023-07-28 13:30:43,362 - short entry dict: [0.0, 92.4, 94.0]
2023-07-28 13:30:43,362 - short exit dict: [0.0, 97.0, 96.15]
2023-07-28 13:30:43,362 - last entry was at : 94.0 and exit at: 96.15
2023-07-28 13:30:43,362 - short pnl booked until now:-3375.0
2023-07-28 13:44:59,206 - NIFTY03AUG23P19600 candle closing price at time 2023-07-28 13:44:59.206317+05:30 is 102.8
2023-07-28 13:59:59,117 - NIFTY03AUG23P19600 candle closing price at time 2023-07-28 13:59:59.117118+05:30 is 94.95
2023-07-28 14:14:59,062 - NIFTY03AUG23P19600 candle closing price at time 2023-07-28 14:14:59.062105+05:30 is 87.8
2023-07-28 14:29:59,019 - NIFTY03AUG23P19600 candle closing price at time 2023-07-28 14:29:59.019266+05:30 is 80.5
2023-07-28 14:44:59,017 - NIFTY03AUG23P19600 candle closing price at time 2023-07-28 14:44:59.017653+05:30 is 87.45
2023-07-28 14:59:59,145 - NIFTY03AUG23P19600 candle closing price at time 2023-07-28 14:59:59.145071+05:30 is 74.75
2023-07-28 15:14:58,002 - NIFTY03AUG23P19600 went short at price-64.45, time-15:14:58
2023-07-28 15:14:58,002 - short entry dict: [0.0, 92.4, 94.0, 64.45]
2023-07-28 15:14:59,207 - NIFTY03AUG23P19600 candle closing price at time 2023-07-28 15:14:59.207260+05:30 is 64.5
