2023-08-30 10:11:27,500 - FINNIFTY05SEP23P19800 went short at price-61.95, time-10:11:27
2023-08-30 10:11:27,501 - short entry dict: [0.0, 61.95]
2023-08-30 10:14:59,041 - FINNIFTY05SEP23P19800 candle closing price at time 2023-08-30 10:14:59.041539+05:30 is 62.7
2023-08-30 10:29:59,283 - FINNIFTY05SEP23P19800 candle closing price at time 2023-08-30 10:29:59.283140+05:30 is 64.7
2023-08-30 10:44:59,020 - FINNIFTY05SEP23P19800 candle closing price at time 2023-08-30 10:44:59.020317+05:30 is 60.6
2023-08-30 10:59:59,255 - FINNIFTY05SEP23P19800 candle closing price at time 2023-08-30 10:59:59.255706+05:30 is 60.55
2023-08-30 11:14:59,187 - FINNIFTY05SEP23P19800 candle closing price at time 2023-08-30 11:14:59.187067+05:30 is 60.65
2023-08-30 11:29:59,300 - FINNIFTY05SEP23P19800 candle closing price at time 2023-08-30 11:29:59.300346+05:30 is 62.05
2023-08-30 11:44:59,072 - FINNIFTY05SEP23P19800 candle closing price at time 2023-08-30 11:44:59.072164+05:30 is 63.1
2023-08-30 11:59:59,180 - FINNIFTY05SEP23P19800 candle closing price at time 2023-08-30 11:59:59.179950+05:30 is 65.7
2023-08-30 12:14:59,107 - FINNIFTY05SEP23P19800 candle closing price at time 2023-08-30 12:14:59.107510+05:30 is 64.5
2023-08-30 12:29:59,021 - FINNIFTY05SEP23P19800 candle closing price at time 2023-08-30 12:29:59.021238+05:30 is 67.85
2023-08-30 12:44:59,077 - FINNIFTY05SEP23P19800 candle closing price at time 2023-08-30 12:44:59.076871+05:30 is 70.0
2023-08-30 12:48:23,235 - short entry dict: [0.0, 61.95]
2023-08-30 12:48:23,235 - short exit dict: [0.0, 87.2]
2023-08-30 12:48:23,235 - last entry was at : 61.95 and exit at: 87.2
2023-08-30 12:48:23,235 - short pnl booked until now:-4040.0
2023-08-30 12:59:58,002 - FINNIFTY05SEP23P19800 went short at price-74.5, time-12:59:58
2023-08-30 12:59:58,002 - short entry dict: [0.0, 61.95, 74.5]
2023-08-30 12:59:59,208 - FINNIFTY05SEP23P19800 candle closing price at time 2023-08-30 12:59:59.208568+05:30 is 74.3
2023-08-30 13:01:12,257 - short entry dict: [0.0, 61.95, 74.5]
2023-08-30 13:01:12,263 - short exit dict: [0.0, 87.2, 77.4]
2023-08-30 13:01:12,263 - last entry was at : 74.5 and exit at: 77.4
2023-08-30 13:01:12,264 - short pnl booked until now:-4504.000000000001
2023-08-30 13:14:58,002 - FINNIFTY05SEP23P19800 went short at price-70.8, time-13:14:58
2023-08-30 13:14:58,002 - short entry dict: [0.0, 61.95, 74.5, 70.8]
2023-08-30 13:14:59,209 - FINNIFTY05SEP23P19800 candle closing price at time 2023-08-30 13:14:59.209203+05:30 is 70.5
2023-08-30 13:29:59,068 - FINNIFTY05SEP23P19800 candle closing price at time 2023-08-30 13:29:59.068222+05:30 is 72.65
2023-08-30 13:44:59,164 - FINNIFTY05SEP23P19800 candle closing price at time 2023-08-30 13:44:59.164607+05:30 is 75.55
2023-08-30 13:46:56,587 - short entry dict: [0.0, 61.95, 74.5, 70.8]
2023-08-30 13:46:56,593 - short exit dict: [0.0, 87.2, 77.4, 76.35]
2023-08-30 13:46:56,598 - last entry was at : 70.8 and exit at: 76.35
2023-08-30 13:46:56,599 - short pnl booked until now:-5392.0
2023-08-30 13:59:58,002 - FINNIFTY05SEP23P19800 went short at price-74.25, time-13:59:58
2023-08-30 13:59:58,003 - short entry dict: [0.0, 61.95, 74.5, 70.8, 74.25]
2023-08-30 13:59:59,211 - FINNIFTY05SEP23P19800 candle closing price at time 2023-08-30 13:59:59.211682+05:30 is 74.2
2023-08-30 14:01:34,724 - short entry dict: [0.0, 61.95, 74.5, 70.8, 74.25]
2023-08-30 14:01:34,725 - short exit dict: [0.0, 87.2, 77.4, 76.35, 76.5]
2023-08-30 14:01:34,725 - last entry was at : 74.25 and exit at: 76.5
2023-08-30 14:01:34,725 - short pnl booked until now:-5752.0
2023-08-30 14:14:59,210 - FINNIFTY05SEP23P19800 candle closing price at time 2023-08-30 14:14:59.210443+05:30 is 80.45
2023-08-30 14:29:59,266 - FINNIFTY05SEP23P19800 candle closing price at time 2023-08-30 14:29:59.266478+05:30 is 85.35
2023-08-30 14:44:59,206 - FINNIFTY05SEP23P19800 candle closing price at time 2023-08-30 14:44:59.206813+05:30 is 101.4
2023-08-30 14:59:59,108 - FINNIFTY05SEP23P19800 candle closing price at time 2023-08-30 14:59:59.108086+05:30 is 109.75
2023-08-30 15:14:59,061 - FINNIFTY05SEP23P19800 candle closing price at time 2023-08-30 15:14:59.061101+05:30 is 160.7
2023-09-04 09:31:11,820 - FINNIFTY05SEP23P19800 went short at price-48.9, time-9:31:11
2023-09-04 09:31:11,820 - short entry dict: [0.0, 48.9]
2023-09-04 09:35:23,009 - short entry dict: [0.0, 48.9]
2023-09-04 09:35:23,009 - short exit dict: [0.0, 66.25]
2023-09-04 09:35:23,009 - last entry was at : 48.9 and exit at: 66.25
2023-09-04 09:35:23,010 - short pnl booked until now:-2776.0
2023-09-04 09:44:59,208 - FINNIFTY05SEP23P19800 candle closing price at time 2023-09-04 09:44:59.207957+05:30 is 80.85
2023-09-04 09:59:59,170 - FINNIFTY05SEP23P19800 candle closing price at time 2023-09-04 09:59:59.170188+05:30 is 59.65
2023-09-04 10:14:59,111 - FINNIFTY05SEP23P19800 candle closing price at time 2023-09-04 10:14:59.111544+05:30 is 75.3
2023-09-04 10:29:59,240 - FINNIFTY05SEP23P19800 candle closing price at time 2023-09-04 10:29:59.240859+05:30 is 79.65
2023-09-04 10:44:58,001 - FINNIFTY05SEP23P19800 went short at price-115.85, time-10:44:58
2023-09-04 10:44:58,001 - short entry dict: [0.0, 48.9, 115.85]
2023-09-04 10:44:59,204 - FINNIFTY05SEP23P19800 candle closing price at time 2023-09-04 10:44:59.204569+05:30 is 116.35
2023-09-04 10:46:08,100 - short entry dict: [0.0, 48.9, 115.85]
2023-09-04 10:46:08,100 - short exit dict: [0.0, 66.25, 123.5]
2023-09-04 10:46:08,101 - last entry was at : 115.85 and exit at: 123.5
2023-09-04 10:46:08,101 - short pnl booked until now:-4000.000000000001
2023-09-04 10:59:58,001 - FINNIFTY05SEP23P19800 went short at price-108.1, time-10:59:58
2023-09-04 10:59:58,001 - short entry dict: [0.0, 48.9, 115.85, 108.1]
2023-09-04 10:59:59,205 - FINNIFTY05SEP23P19800 candle closing price at time 2023-09-04 10:59:59.204999+05:30 is 108.25
2023-09-04 11:14:59,079 - FINNIFTY05SEP23P19800 candle closing price at time 2023-09-04 11:14:59.079240+05:30 is 78.7
2023-09-04 11:29:59,157 - FINNIFTY05SEP23P19800 candle closing price at time 2023-09-04 11:29:59.157516+05:30 is 78.95
2023-09-04 11:44:59,226 - FINNIFTY05SEP23P19800 candle closing price at time 2023-09-04 11:44:59.226602+05:30 is 76.45
2023-09-04 11:59:59,125 - FINNIFTY05SEP23P19800 candle closing price at time 2023-09-04 11:59:59.125096+05:30 is 77.7
2023-09-04 12:14:59,100 - FINNIFTY05SEP23P19800 candle closing price at time 2023-09-04 12:14:59.100875+05:30 is 76.85
2023-09-04 12:29:59,016 - FINNIFTY05SEP23P19800 candle closing price at time 2023-09-04 12:29:59.016085+05:30 is 66.4
2023-09-04 12:44:59,190 - FINNIFTY05SEP23P19800 candle closing price at time 2023-09-04 12:44:59.190185+05:30 is 62.95
2023-09-04 12:59:59,187 - FINNIFTY05SEP23P19800 candle closing price at time 2023-09-04 12:59:59.187790+05:30 is 63.55
2023-09-04 13:14:59,260 - FINNIFTY05SEP23P19800 candle closing price at time 2023-09-04 13:14:59.260836+05:30 is 55.8
2023-09-04 13:29:59,145 - FINNIFTY05SEP23P19800 candle closing price at time 2023-09-04 13:29:59.145887+05:30 is 53.45
2023-09-04 13:44:59,241 - FINNIFTY05SEP23P19800 candle closing price at time 2023-09-04 13:44:59.240907+05:30 is 57.1
2023-09-04 13:59:59,295 - FINNIFTY05SEP23P19800 candle closing price at time 2023-09-04 13:59:59.295132+05:30 is 64.65
2023-09-04 14:14:59,103 - FINNIFTY05SEP23P19800 candle closing price at time 2023-09-04 14:14:59.103069+05:30 is 68.2
2023-09-04 14:29:59,139 - FINNIFTY05SEP23P19800 candle closing price at time 2023-09-04 14:29:59.139186+05:30 is 57.6
2023-09-04 14:44:59,175 - FINNIFTY05SEP23P19800 candle closing price at time 2023-09-04 14:44:59.174973+05:30 is 47.05
2023-09-04 14:59:59,201 - FINNIFTY05SEP23P19800 candle closing price at time 2023-09-04 14:59:59.200968+05:30 is 48.35
2023-09-04 15:14:59,074 - FINNIFTY05SEP23P19800 candle closing price at time 2023-09-04 15:14:59.074296+05:30 is 49.5
2023-09-05 10:55:13,650 - FINNIFTY05SEP23P19800 went short at price-57.2, time-10:55:13
2023-09-05 10:55:13,651 - short entry dict: [0.0, 57.2]
2023-09-05 10:55:19,658 - short entry dict: [0.0, 57.2]
2023-09-05 10:55:19,658 - short exit dict: [0.0, 57.35]
2023-09-05 10:55:19,658 - last entry was at : 57.2 and exit at: 57.35
2023-09-05 10:55:19,658 - short pnl booked until now:-23.999999999999773
2023-09-05 11:14:59,207 - FINNIFTY05SEP23P19800 candle closing price at time 2023-09-05 11:14:59.207608+05:30 is 64.1
2023-09-05 11:29:59,106 - FINNIFTY05SEP23P19800 candle closing price at time 2023-09-05 11:29:59.106241+05:30 is 63.1
2023-09-05 11:44:59,005 - FINNIFTY05SEP23P19800 candle closing price at time 2023-09-05 11:44:59.005860+05:30 is 64.65
2023-09-05 11:59:59,203 - FINNIFTY05SEP23P19800 candle closing price at time 2023-09-05 11:59:59.203590+05:30 is 62.3
2023-09-05 12:14:59,222 - FINNIFTY05SEP23P19800 candle closing price at time 2023-09-05 12:14:59.222660+05:30 is 79.95
2023-09-05 12:29:59,116 - FINNIFTY05SEP23P19800 candle closing price at time 2023-09-05 12:29:59.116097+05:30 is 81.75
2023-09-05 12:44:59,243 - FINNIFTY05SEP23P19800 candle closing price at time 2023-09-05 12:44:59.243569+05:30 is 83.8
2023-09-05 12:59:59,162 - FINNIFTY05SEP23P19800 candle closing price at time 2023-09-05 12:59:59.162461+05:30 is 79.05
2023-09-05 13:14:59,160 - FINNIFTY05SEP23P19800 candle closing price at time 2023-09-05 13:14:59.160880+05:30 is 72.55
2023-09-05 13:29:59,091 - FINNIFTY05SEP23P19800 candle closing price at time 2023-09-05 13:29:59.091055+05:30 is 82.6
2023-09-05 13:44:59,065 - FINNIFTY05SEP23P19800 candle closing price at time 2023-09-05 13:44:59.065057+05:30 is 80.15
2023-09-05 13:59:58,000 - FINNIFTY05SEP23P19800 went short at price-63.05, time-13:59:58
2023-09-05 13:59:58,000 - short entry dict: [0.0, 57.2, 63.05]
2023-09-05 13:59:59,204 - FINNIFTY05SEP23P19800 candle closing price at time 2023-09-05 13:59:59.204399+05:30 is 63.0
2023-09-05 14:14:59,244 - FINNIFTY05SEP23P19800 candle closing price at time 2023-09-05 14:14:59.244931+05:30 is 54.0
2023-09-05 14:29:59,270 - FINNIFTY05SEP23P19800 candle closing price at time 2023-09-05 14:29:59.270767+05:30 is 51.45
2023-09-05 14:44:59,054 - FINNIFTY05SEP23P19800 candle closing price at time 2023-09-05 14:44:59.054247+05:30 is 45.0
2023-09-05 14:59:59,110 - FINNIFTY05SEP23P19800 candle closing price at time 2023-09-05 14:59:59.109998+05:30 is 46.3
2023-09-05 15:14:59,021 - FINNIFTY05SEP23P19800 candle closing price at time 2023-09-05 15:14:59.020989+05:30 is 48.65
