2023-08-22 09:31:17,283 - BANKNIFTY24AUG23P44000 went long at price-136.7, time-9:31:17
2023-08-22 09:31:17,284 - long entry dict:[0.0, 136.7]
2023-08-22 09:31:17,284 - long exit dict:[0.0]
2023-08-22 09:31:17,284 - HEDGE-BANKNIFTY24AUG23P44000 went long at price-136.7, time-9:31:17
2023-08-23 09:31:13,362 - BANKNIFTY24AUG23P44000 went short at price-137.05, time-9:31:13
2023-08-23 09:31:13,362 - short entry dict: [0.0, 137.05]
2023-08-23 09:38:23,039 - short entry dict: [0.0, 137.05]
2023-08-23 09:38:23,040 - short exit dict: [0.0, 135.6]
2023-08-23 09:38:23,040 - last entry was at : 137.05 and exit at: 135.6
2023-08-23 09:38:23,040 - short pnl booked until now:435.0000000000051
2023-08-23 09:44:58,000 - BANKNIFTY24AUG23P44000 went short at price-127.3, time-9:44:58
2023-08-23 09:44:58,000 - short entry dict: [0.0, 137.05, 127.3]
2023-08-23 09:44:59,205 - BANKNIFTY24AUG23P44000 candle closing price at time 2023-08-23 09:44:59.205168+05:30 is 128.0
2023-08-23 09:52:28,442 - short entry dict: [0.0, 137.05, 127.3]
2023-08-23 09:52:28,442 - short exit dict: [0.0, 135.6, 136.65]
2023-08-23 09:52:28,442 - last entry was at : 127.3 and exit at: 136.65
2023-08-23 09:52:28,442 - short pnl booked until now:-2369.9999999999977
2023-08-23 09:59:59,204 - BANKNIFTY24AUG23P44000 candle closing price at time 2023-08-23 09:59:59.204586+05:30 is 143.0
2023-08-23 10:14:59,072 - BANKNIFTY24AUG23P44000 candle closing price at time 2023-08-23 10:14:59.072764+05:30 is 147.55
2023-08-23 10:29:58,002 - BANKNIFTY24AUG23P44000 went short at price-132.45, time-10:29:58
2023-08-23 10:29:58,002 - short entry dict: [0.0, 137.05, 127.3, 132.45]
2023-08-23 10:29:59,206 - BANKNIFTY24AUG23P44000 candle closing price at time 2023-08-23 10:29:59.206636+05:30 is 132.65
2023-08-23 10:44:59,288 - BANKNIFTY24AUG23P44000 candle closing price at time 2023-08-23 10:44:59.288432+05:30 is 128.75
2023-08-23 10:59:59,007 - BANKNIFTY24AUG23P44000 candle closing price at time 2023-08-23 10:59:59.007434+05:30 is 114.2
2023-08-23 11:14:59,062 - BANKNIFTY24AUG23P44000 candle closing price at time 2023-08-23 11:14:59.062385+05:30 is 77.8
2023-08-23 11:29:59,179 - BANKNIFTY24AUG23P44000 candle closing price at time 2023-08-23 11:29:59.179792+05:30 is 66.3
2023-08-23 11:44:59,195 - BANKNIFTY24AUG23P44000 candle closing price at time 2023-08-23 11:44:59.195181+05:30 is 59.3
2023-08-23 11:59:59,280 - BANKNIFTY24AUG23P44000 candle closing price at time 2023-08-23 11:59:59.280357+05:30 is 64.7
2023-08-23 12:14:59,195 - BANKNIFTY24AUG23P44000 candle closing price at time 2023-08-23 12:14:59.195450+05:30 is 58.2
2023-08-23 12:29:59,072 - BANKNIFTY24AUG23P44000 candle closing price at time 2023-08-23 12:29:59.072059+05:30 is 46.65
2023-08-23 12:44:59,238 - BANKNIFTY24AUG23P44000 candle closing price at time 2023-08-23 12:44:59.238389+05:30 is 35.9
2023-08-23 12:59:59,111 - BANKNIFTY24AUG23P44000 candle closing price at time 2023-08-23 12:59:59.111400+05:30 is 33.3
2023-08-23 13:14:59,158 - BANKNIFTY24AUG23P44000 candle closing price at time 2023-08-23 13:14:59.158631+05:30 is 34.7
2023-08-23 13:29:59,214 - BANKNIFTY24AUG23P44000 candle closing price at time 2023-08-23 13:29:59.214728+05:30 is 33.95
2023-08-23 13:44:59,281 - BANKNIFTY24AUG23P44000 candle closing price at time 2023-08-23 13:44:59.281210+05:30 is 31.95
2023-08-23 13:59:59,131 - BANKNIFTY24AUG23P44000 candle closing price at time 2023-08-23 13:59:59.131837+05:30 is 27.85
2023-08-23 14:14:59,034 - BANKNIFTY24AUG23P44000 candle closing price at time 2023-08-23 14:14:59.034422+05:30 is 24.75
2023-08-23 14:29:59,015 - BANKNIFTY24AUG23P44000 candle closing price at time 2023-08-23 14:29:59.014946+05:30 is 27.1
2023-08-23 14:44:59,161 - BANKNIFTY24AUG23P44000 candle closing price at time 2023-08-23 14:44:59.160981+05:30 is 21.75
2023-08-23 14:59:59,245 - BANKNIFTY24AUG23P44000 candle closing price at time 2023-08-23 14:59:59.245586+05:30 is 21.65
2023-08-23 15:14:59,117 - BANKNIFTY24AUG23P44000 candle closing price at time 2023-08-23 15:14:59.117673+05:30 is 23.15
