2023-09-04 09:31:11,051 - BANKNIFTY06SEP23C44900 went long at price-67.8, time-9:31:11
2023-09-04 09:31:11,053 - long entry dict:[0.0, 67.8]
2023-09-04 09:31:11,054 - long exit dict:[0.0]
2023-09-04 09:31:11,055 - HEDGE-BANKNIFTY06SEP23C44900 went long at price-67.8, time-9:31:11
2023-09-05 10:55:12,786 - BANKNIFTY06SEP23C44900 went long at price-33.3, time-10:55:12
2023-09-05 10:55:12,788 - long entry dict:[0.0, 33.3]
2023-09-05 10:55:12,788 - long exit dict:[0.0]
2023-09-05 10:55:12,789 - HEDGE-BANKNIFTY06SEP23C44900 went long at price-33.3, time-10:55:12
2023-09-06 10:05:20,877 - BANKNIFTY06SEP23C44900 went short at price-4.75, time-10:5:20
2023-09-06 10:05:20,877 - short entry dict: [0.0, 4.75]
2023-09-06 10:14:59,180 - BANKNIFTY06SEP23C44900 candle closing price at time 2023-09-06 10:14:59.180759+05:30 is 4.1
2023-09-06 10:29:59,165 - BANKNIFTY06SEP23C44900 candle closing price at time 2023-09-06 10:29:59.165074+05:30 is 3.8
2023-09-06 10:44:59,140 - BANKNIFTY06SEP23C44900 candle closing price at time 2023-09-06 10:44:59.140335+05:30 is 5.1
2023-09-06 10:59:59,101 - BANKNIFTY06SEP23C44900 candle closing price at time 2023-09-06 10:59:59.101564+05:30 is 4.1
2023-09-06 11:14:59,137 - BANKNIFTY06SEP23C44900 candle closing price at time 2023-09-06 11:14:59.137238+05:30 is 3.7
2023-09-06 11:29:59,084 - BANKNIFTY06SEP23C44900 candle closing price at time 2023-09-06 11:29:59.084336+05:30 is 3.4
2023-09-06 11:44:59,055 - BANKNIFTY06SEP23C44900 candle closing price at time 2023-09-06 11:44:59.055085+05:30 is 3.65
2023-09-06 11:59:59,285 - BANKNIFTY06SEP23C44900 candle closing price at time 2023-09-06 11:59:59.285623+05:30 is 3.7
2023-09-06 12:14:59,163 - BANKNIFTY06SEP23C44900 candle closing price at time 2023-09-06 12:14:59.163464+05:30 is 3.55
2023-09-06 12:29:59,162 - BANKNIFTY06SEP23C44900 candle closing price at time 2023-09-06 12:29:59.162756+05:30 is 2.9
2023-09-06 12:44:59,195 - BANKNIFTY06SEP23C44900 candle closing price at time 2023-09-06 12:44:59.195081+05:30 is 3.25
2023-09-06 12:59:59,239 - BANKNIFTY06SEP23C44900 candle closing price at time 2023-09-06 12:59:59.239671+05:30 is 2.3
2023-09-06 13:14:59,269 - BANKNIFTY06SEP23C44900 candle closing price at time 2023-09-06 13:14:59.269071+05:30 is 2.45
2023-09-06 13:29:59,156 - BANKNIFTY06SEP23C44900 candle closing price at time 2023-09-06 13:29:59.156433+05:30 is 1.95
2023-09-06 13:44:59,251 - BANKNIFTY06SEP23C44900 candle closing price at time 2023-09-06 13:44:59.251265+05:30 is 1.45
2023-09-06 13:59:59,083 - BANKNIFTY06SEP23C44900 candle closing price at time 2023-09-06 13:59:59.083303+05:30 is 1.1
2023-09-06 14:14:59,285 - BANKNIFTY06SEP23C44900 candle closing price at time 2023-09-06 14:14:59.285189+05:30 is 1.05
2023-09-06 14:29:59,029 - BANKNIFTY06SEP23C44900 candle closing price at time 2023-09-06 14:29:59.029487+05:30 is 1.0
2023-09-06 14:44:59,157 - BANKNIFTY06SEP23C44900 candle closing price at time 2023-09-06 14:44:59.156840+05:30 is 0.4
2023-09-06 14:59:59,014 - BANKNIFTY06SEP23C44900 candle closing price at time 2023-09-06 14:59:59.014433+05:30 is 0.35
2023-09-06 15:14:59,251 - BANKNIFTY06SEP23C44900 candle closing price at time 2023-09-06 15:14:59.251633+05:30 is 0.2
