2023-09-06 10:05:20,233 - FINNIFTY12SEP23P19800 went short at price-111.2, time-10:5:20
2023-09-06 10:05:20,234 - short entry dict: [0.0, 111.2]
2023-09-06 10:14:59,300 - FINNIFTY12SEP23P19800 candle closing price at time 2023-09-06 10:14:59.300758+05:30 is 113.3
2023-09-06 10:29:59,129 - FINNIFTY12SEP23P19800 candle closing price at time 2023-09-06 10:29:59.129768+05:30 is 114.5
2023-09-06 10:44:59,251 - FINNIFTY12SEP23P19800 candle closing price at time 2023-09-06 10:44:59.250881+05:30 is 106.3
2023-09-06 10:59:59,073 - FINNIFTY12SEP23P19800 candle closing price at time 2023-09-06 10:59:59.073712+05:30 is 116.05
2023-09-06 11:14:59,197 - FINNIFTY12SEP23P19800 candle closing price at time 2023-09-06 11:14:59.197531+05:30 is 114.8
2023-09-06 11:22:32,153 - short entry dict: [0.0, 111.2]
2023-09-06 11:22:32,153 - short exit dict: [0.0, 118.95]
2023-09-06 11:22:32,153 - last entry was at : 111.2 and exit at: 118.95
2023-09-06 11:22:32,153 - short pnl booked until now:-1240.0
2023-09-06 11:29:59,206 - FINNIFTY12SEP23P19800 candle closing price at time 2023-09-06 11:29:59.206104+05:30 is 121.25
2023-09-06 11:44:59,205 - FINNIFTY12SEP23P19800 candle closing price at time 2023-09-06 11:44:59.205248+05:30 is 131.45
2023-09-06 11:59:59,240 - FINNIFTY12SEP23P19800 candle closing price at time 2023-09-06 11:59:59.240392+05:30 is 124.6
2023-09-06 12:14:59,207 - FINNIFTY12SEP23P19800 candle closing price at time 2023-09-06 12:14:59.207923+05:30 is 121.0
2023-09-06 12:29:59,206 - FINNIFTY12SEP23P19800 candle closing price at time 2023-09-06 12:29:59.206728+05:30 is 123.55
2023-09-06 12:44:59,132 - FINNIFTY12SEP23P19800 candle closing price at time 2023-09-06 12:44:59.132753+05:30 is 143.6
2023-09-06 12:59:59,140 - FINNIFTY12SEP23P19800 candle closing price at time 2023-09-06 12:59:59.140289+05:30 is 150.95
2023-09-06 13:14:59,207 - FINNIFTY12SEP23P19800 candle closing price at time 2023-09-06 13:14:59.207059+05:30 is 148.2
2023-09-06 13:29:59,173 - FINNIFTY12SEP23P19800 candle closing price at time 2023-09-06 13:29:59.173517+05:30 is 156.0
2023-09-06 13:44:59,216 - FINNIFTY12SEP23P19800 candle closing price at time 2023-09-06 13:44:59.216317+05:30 is 143.5
2023-09-06 13:59:59,040 - FINNIFTY12SEP23P19800 candle closing price at time 2023-09-06 13:59:59.040868+05:30 is 150.75
2023-09-06 14:14:59,188 - FINNIFTY12SEP23P19800 candle closing price at time 2023-09-06 14:14:59.188704+05:30 is 140.7
2023-09-06 14:29:59,210 - FINNIFTY12SEP23P19800 candle closing price at time 2023-09-06 14:29:59.210213+05:30 is 132.0
2023-09-06 14:44:58,006 - FINNIFTY12SEP23P19800 went short at price-121.05, time-14:44:58
2023-09-06 14:44:58,006 - short entry dict: [0.0, 111.2, 121.05]
2023-09-06 14:44:59,216 - FINNIFTY12SEP23P19800 candle closing price at time 2023-09-06 14:44:59.216814+05:30 is 120.85
2023-09-06 14:59:59,198 - FINNIFTY12SEP23P19800 candle closing price at time 2023-09-06 14:59:59.198156+05:30 is 120.1
2023-09-06 15:14:59,293 - FINNIFTY12SEP23P19800 candle closing price at time 2023-09-06 15:14:59.293261+05:30 is 109.25
