2023-09-04 09:31:11,046 - BANKNIFTY06SEP23C44700 went long at price-131.0, time-9:31:11
2023-09-04 09:31:11,047 - long entry dict:[0.0, 131.0]
2023-09-04 09:31:11,048 - long exit dict:[0.0]
2023-09-04 09:31:11,048 - HEDGE-BANKNIFTY06SEP23C44700 went long at price-131.0, time-9:31:11
2023-09-05 10:55:12,782 - BANKNIFTY06SEP23C44700 went long at price-80.65, time-10:55:12
2023-09-05 10:55:12,783 - long entry dict:[0.0, 80.65]
2023-09-05 10:55:12,785 - long exit dict:[0.0]
2023-09-05 10:55:12,786 - HEDGE-BANKNIFTY06SEP23C44700 went long at price-80.65, time-10:55:12
2023-09-06 10:05:20,722 - BANKNIFTY06SEP23C44700 went short at price-15.05, time-10:5:20
2023-09-06 10:05:20,722 - short entry dict: [0.0, 15.05]
2023-09-06 10:14:59,196 - BANKNIFTY06SEP23C44700 candle closing price at time 2023-09-06 10:14:59.196738+05:30 is 13.05
2023-09-06 10:29:59,166 - BANKNIFTY06SEP23C44700 candle closing price at time 2023-09-06 10:29:59.166078+05:30 is 12.6
2023-09-06 10:44:59,139 - BANKNIFTY06SEP23C44700 candle closing price at time 2023-09-06 10:44:59.139618+05:30 is 18.65
2023-09-06 10:59:59,073 - BANKNIFTY06SEP23C44700 candle closing price at time 2023-09-06 10:59:59.073698+05:30 is 12.85
2023-09-06 11:14:59,085 - BANKNIFTY06SEP23C44700 candle closing price at time 2023-09-06 11:14:59.085058+05:30 is 10.65
2023-09-06 11:29:59,178 - BANKNIFTY06SEP23C44700 candle closing price at time 2023-09-06 11:29:59.178577+05:30 is 7.9
2023-09-06 11:44:59,053 - BANKNIFTY06SEP23C44700 candle closing price at time 2023-09-06 11:44:59.053699+05:30 is 5.65
2023-09-06 11:59:59,077 - BANKNIFTY06SEP23C44700 candle closing price at time 2023-09-06 11:59:59.077489+05:30 is 5.9
2023-09-06 12:14:59,163 - BANKNIFTY06SEP23C44700 candle closing price at time 2023-09-06 12:14:59.163949+05:30 is 6.45
2023-09-06 12:29:59,194 - BANKNIFTY06SEP23C44700 candle closing price at time 2023-09-06 12:29:59.194112+05:30 is 4.2
2023-09-06 12:44:59,194 - BANKNIFTY06SEP23C44700 candle closing price at time 2023-09-06 12:44:59.194431+05:30 is 4.05
2023-09-06 12:59:59,239 - BANKNIFTY06SEP23C44700 candle closing price at time 2023-09-06 12:59:59.239201+05:30 is 3.0
2023-09-06 13:14:59,268 - BANKNIFTY06SEP23C44700 candle closing price at time 2023-09-06 13:14:59.268512+05:30 is 3.0
2023-09-06 13:29:59,147 - BANKNIFTY06SEP23C44700 candle closing price at time 2023-09-06 13:29:59.147675+05:30 is 2.4
2023-09-06 13:44:59,077 - BANKNIFTY06SEP23C44700 candle closing price at time 2023-09-06 13:44:59.077435+05:30 is 1.8
2023-09-06 13:59:59,149 - BANKNIFTY06SEP23C44700 candle closing price at time 2023-09-06 13:59:59.149634+05:30 is 1.35
2023-09-06 14:14:59,285 - BANKNIFTY06SEP23C44700 candle closing price at time 2023-09-06 14:14:59.285900+05:30 is 1.3
2023-09-06 14:29:59,067 - BANKNIFTY06SEP23C44700 candle closing price at time 2023-09-06 14:29:59.066940+05:30 is 1.1
2023-09-06 14:44:59,296 - BANKNIFTY06SEP23C44700 candle closing price at time 2023-09-06 14:44:59.296817+05:30 is 0.5
2023-09-06 14:59:59,182 - BANKNIFTY06SEP23C44700 candle closing price at time 2023-09-06 14:59:59.182264+05:30 is 0.55
2023-09-06 15:14:59,043 - BANKNIFTY06SEP23C44700 candle closing price at time 2023-09-06 15:14:59.042903+05:30 is 0.2
