2023-08-18 09:31:20,196 - BANKNIFTY24AUG23P43700 went short at price-171.4, time-9:31:20
2023-08-18 09:31:20,196 - short entry dict: [0.0, 171.4]
2023-08-18 09:44:59,136 - BANKNIFTY24AUG23P43700 candle closing price at time 2023-08-18 09:44:59.136853+05:30 is 182.9
2023-08-18 09:58:16,106 - short entry dict: [0.0, 171.4]
2023-08-18 09:58:16,107 - short exit dict: [0.0, 187.0]
2023-08-18 09:58:16,107 - last entry was at : 171.4 and exit at: 187.0
2023-08-18 09:58:16,107 - short pnl booked until now:-4679.999999999998
2023-08-18 09:59:59,212 - BANKNIFTY24AUG23P43700 candle closing price at time 2023-08-18 09:59:59.212279+05:30 is 193.4
2023-08-18 10:14:58,023 - BANKNIFTY24AUG23P43700 went short at price-185.0, time-10:14:58
2023-08-18 10:14:58,023 - short entry dict: [0.0, 171.4, 185.0]
2023-08-18 10:14:59,228 - BANKNIFTY24AUG23P43700 candle closing price at time 2023-08-18 10:14:59.228708+05:30 is 184.7
2023-08-18 10:15:16,861 - short entry dict: [0.0, 171.4, 185.0]
2023-08-18 10:15:16,862 - short exit dict: [0.0, 187.0, 187.4]
2023-08-18 10:15:16,862 - last entry was at : 185.0 and exit at: 187.4
2023-08-18 10:15:16,862 - short pnl booked until now:-5400.0
2023-08-18 10:29:58,001 - BANKNIFTY24AUG23P43700 went short at price-169.0, time-10:29:58
2023-08-18 10:29:58,002 - short entry dict: [0.0, 171.4, 185.0, 169.0]
2023-08-18 10:29:59,207 - BANKNIFTY24AUG23P43700 candle closing price at time 2023-08-18 10:29:59.207470+05:30 is 168.85
2023-08-18 10:44:59,046 - BANKNIFTY24AUG23P43700 candle closing price at time 2023-08-18 10:44:59.046236+05:30 is 173.15
2023-08-18 10:59:59,050 - BANKNIFTY24AUG23P43700 candle closing price at time 2023-08-18 10:59:59.050143+05:30 is 169.1
2023-08-18 11:14:59,193 - BANKNIFTY24AUG23P43700 candle closing price at time 2023-08-18 11:14:59.192976+05:30 is 167.4
2023-08-18 11:29:59,199 - BANKNIFTY24AUG23P43700 candle closing price at time 2023-08-18 11:29:59.199222+05:30 is 166.25
2023-08-18 11:44:59,295 - BANKNIFTY24AUG23P43700 candle closing price at time 2023-08-18 11:44:59.295415+05:30 is 164.3
2023-08-18 11:59:59,227 - BANKNIFTY24AUG23P43700 candle closing price at time 2023-08-18 11:59:59.227260+05:30 is 172.65
2023-08-18 12:14:59,020 - BANKNIFTY24AUG23P43700 candle closing price at time 2023-08-18 12:14:59.020288+05:30 is 170.8
2023-08-18 12:15:18,799 - short entry dict: [0.0, 171.4, 185.0, 169.0]
2023-08-18 12:15:18,804 - short exit dict: [0.0, 187.0, 187.4, 178.4]
2023-08-18 12:15:18,809 - last entry was at : 169.0 and exit at: 178.4
2023-08-18 12:15:18,815 - short pnl booked until now:-8220.000000000002
2023-08-18 12:29:59,212 - BANKNIFTY24AUG23P43700 candle closing price at time 2023-08-18 12:29:59.212945+05:30 is 181.35
2023-08-18 12:44:58,007 - BANKNIFTY24AUG23P43700 went short at price-175.45, time-12:44:58
2023-08-18 12:44:58,007 - short entry dict: [0.0, 171.4, 185.0, 169.0, 175.45]
2023-08-18 12:44:59,212 - BANKNIFTY24AUG23P43700 candle closing price at time 2023-08-18 12:44:59.212489+05:30 is 175.5
2023-08-18 12:46:29,022 - short entry dict: [0.0, 171.4, 185.0, 169.0, 175.45]
2023-08-18 12:46:29,023 - short exit dict: [0.0, 187.0, 187.4, 178.4, 178.05]
2023-08-18 12:46:29,023 - last entry was at : 175.45 and exit at: 178.05
2023-08-18 12:46:29,023 - short pnl booked until now:-9000.00000000001
2023-08-18 12:59:58,001 - BANKNIFTY24AUG23P43700 went short at price-176.25, time-12:59:58
2023-08-18 12:59:58,002 - short entry dict: [0.0, 171.4, 185.0, 169.0, 175.45, 176.25]
2023-08-18 12:59:59,212 - BANKNIFTY24AUG23P43700 candle closing price at time 2023-08-18 12:59:59.212570+05:30 is 176.2
2023-08-18 13:05:11,094 - short entry dict: [0.0, 171.4, 185.0, 169.0, 175.45, 176.25]
2023-08-18 13:05:11,094 - short exit dict: [0.0, 187.0, 187.4, 178.4, 178.05, 177.8]
2023-08-18 13:05:11,095 - last entry was at : 176.25 and exit at: 177.8
2023-08-18 13:05:11,095 - short pnl booked until now:-9465.000000000013
2023-08-18 13:14:59,224 - BANKNIFTY24AUG23P43700 candle closing price at time 2023-08-18 13:14:59.224389+05:30 is 191.05
2023-08-18 13:29:59,052 - BANKNIFTY24AUG23P43700 candle closing price at time 2023-08-18 13:29:59.052272+05:30 is 192.75
2023-08-18 13:44:59,207 - BANKNIFTY24AUG23P43700 candle closing price at time 2023-08-18 13:44:59.207482+05:30 is 188.7
2023-08-18 13:59:59,062 - BANKNIFTY24AUG23P43700 candle closing price at time 2023-08-18 13:59:59.062122+05:30 is 185.6
2023-08-18 14:14:58,017 - BANKNIFTY24AUG23P43700 went short at price-160.65, time-14:14:58
2023-08-18 14:14:58,018 - short entry dict: [0.0, 171.4, 185.0, 169.0, 175.45, 176.25, 160.65]
2023-08-18 14:14:59,224 - BANKNIFTY24AUG23P43700 candle closing price at time 2023-08-18 14:14:59.224361+05:30 is 161.7
2023-08-18 14:29:59,198 - BANKNIFTY24AUG23P43700 candle closing price at time 2023-08-18 14:29:59.197907+05:30 is 145.95
2023-08-18 14:44:59,152 - BANKNIFTY24AUG23P43700 candle closing price at time 2023-08-18 14:44:59.152350+05:30 is 146.65
2023-08-18 14:59:59,156 - BANKNIFTY24AUG23P43700 candle closing price at time 2023-08-18 14:59:59.156771+05:30 is 150.25
2023-08-18 15:14:59,043 - BANKNIFTY24AUG23P43700 candle closing price at time 2023-08-18 15:14:59.043313+05:30 is 163.6
2023-08-21 09:31:19,562 - BANKNIFTY24AUG23P43700 went short at price-129.2, time-9:31:19
2023-08-21 09:31:19,562 - short entry dict: [0.0, 129.2]
2023-08-21 09:44:59,129 - BANKNIFTY24AUG23P43700 candle closing price at time 2023-08-21 09:44:59.129314+05:30 is 125.55
2023-08-21 09:59:59,263 - BANKNIFTY24AUG23P43700 candle closing price at time 2023-08-21 09:59:59.263198+05:30 is 145.95
2023-08-21 10:14:59,252 - BANKNIFTY24AUG23P43700 candle closing price at time 2023-08-21 10:14:59.252858+05:30 is 144.65
2023-08-21 10:29:59,093 - BANKNIFTY24AUG23P43700 candle closing price at time 2023-08-21 10:29:59.093148+05:30 is 112.95
2023-08-21 10:44:59,045 - BANKNIFTY24AUG23P43700 candle closing price at time 2023-08-21 10:44:59.045145+05:30 is 107.35
2023-08-21 10:59:59,168 - BANKNIFTY24AUG23P43700 candle closing price at time 2023-08-21 10:59:59.168427+05:30 is 110.25
2023-08-21 11:14:59,099 - BANKNIFTY24AUG23P43700 candle closing price at time 2023-08-21 11:14:59.098965+05:30 is 95.15
2023-08-21 11:29:59,210 - BANKNIFTY24AUG23P43700 candle closing price at time 2023-08-21 11:29:59.210829+05:30 is 100.55
2023-08-21 11:44:59,052 - BANKNIFTY24AUG23P43700 candle closing price at time 2023-08-21 11:44:59.052066+05:30 is 97.75
2023-08-21 11:59:59,297 - BANKNIFTY24AUG23P43700 candle closing price at time 2023-08-21 11:59:59.297337+05:30 is 93.6
2023-08-21 12:14:59,091 - BANKNIFTY24AUG23P43700 candle closing price at time 2023-08-21 12:14:59.091844+05:30 is 90.0
2023-08-21 12:29:59,290 - BANKNIFTY24AUG23P43700 candle closing price at time 2023-08-21 12:29:59.290362+05:30 is 85.15
2023-08-21 12:44:59,176 - BANKNIFTY24AUG23P43700 candle closing price at time 2023-08-21 12:44:59.176004+05:30 is 77.65
2023-08-21 12:59:59,207 - BANKNIFTY24AUG23P43700 candle closing price at time 2023-08-21 12:59:59.207222+05:30 is 77.55
2023-08-21 13:14:59,086 - BANKNIFTY24AUG23P43700 candle closing price at time 2023-08-21 13:14:59.086269+05:30 is 71.7
2023-08-21 13:29:59,125 - BANKNIFTY24AUG23P43700 candle closing price at time 2023-08-21 13:29:59.125656+05:30 is 70.4
2023-08-21 13:44:59,267 - BANKNIFTY24AUG23P43700 candle closing price at time 2023-08-21 13:44:59.267524+05:30 is 74.55
2023-08-21 13:59:59,027 - BANKNIFTY24AUG23P43700 candle closing price at time 2023-08-21 13:59:59.027170+05:30 is 73.25
2023-08-21 14:14:59,129 - BANKNIFTY24AUG23P43700 candle closing price at time 2023-08-21 14:14:59.129274+05:30 is 78.85
2023-08-21 14:29:59,052 - BANKNIFTY24AUG23P43700 candle closing price at time 2023-08-21 14:29:59.052381+05:30 is 71.9
2023-08-21 14:44:59,113 - BANKNIFTY24AUG23P43700 candle closing price at time 2023-08-21 14:44:59.112950+05:30 is 68.7
2023-08-21 14:59:59,152 - BANKNIFTY24AUG23P43700 candle closing price at time 2023-08-21 14:59:59.151918+05:30 is 64.5
2023-08-21 15:14:59,018 - BANKNIFTY24AUG23P43700 candle closing price at time 2023-08-21 15:14:59.017902+05:30 is 77.75
2023-08-22 09:31:20,200 - BANKNIFTY24AUG23P43700 went short at price-55.2, time-9:31:20
2023-08-22 09:31:20,201 - short entry dict: [0.0, 55.2]
2023-08-22 09:44:59,283 - BANKNIFTY24AUG23P43700 candle closing price at time 2023-08-22 09:44:59.283940+05:30 is 53.0
2023-08-22 09:55:40,017 - short entry dict: [0.0, 55.2]
2023-08-22 09:55:40,028 - short exit dict: [0.0, 66.5]
2023-08-22 09:55:40,076 - last entry was at : 55.2 and exit at: 66.5
2023-08-22 09:55:40,126 - short pnl booked until now:-3389.999999999999
2023-08-22 09:59:58,011 - BANKNIFTY24AUG23P43700 went short at price-63.15, time-9:59:58
2023-08-22 09:59:58,011 - short entry dict: [0.0, 55.2, 63.15]
2023-08-22 09:59:59,216 - BANKNIFTY24AUG23P43700 candle closing price at time 2023-08-22 09:59:59.216593+05:30 is 63.55
2023-08-22 10:14:59,248 - BANKNIFTY24AUG23P43700 candle closing price at time 2023-08-22 10:14:59.248194+05:30 is 57.15
2023-08-22 10:29:59,197 - BANKNIFTY24AUG23P43700 candle closing price at time 2023-08-22 10:29:59.197584+05:30 is 51.55
2023-08-22 10:44:59,103 - BANKNIFTY24AUG23P43700 candle closing price at time 2023-08-22 10:44:59.103402+05:30 is 48.6
2023-08-22 10:59:59,020 - BANKNIFTY24AUG23P43700 candle closing price at time 2023-08-22 10:59:59.020791+05:30 is 52.65
2023-08-22 11:14:59,248 - BANKNIFTY24AUG23P43700 candle closing price at time 2023-08-22 11:14:59.247867+05:30 is 52.4
2023-08-22 11:29:59,176 - BANKNIFTY24AUG23P43700 candle closing price at time 2023-08-22 11:29:59.176795+05:30 is 52.35
2023-08-22 11:44:59,171 - BANKNIFTY24AUG23P43700 candle closing price at time 2023-08-22 11:44:59.171207+05:30 is 50.95
2023-08-22 11:59:59,135 - BANKNIFTY24AUG23P43700 candle closing price at time 2023-08-22 11:59:59.135007+05:30 is 51.25
2023-08-22 12:14:59,013 - BANKNIFTY24AUG23P43700 candle closing price at time 2023-08-22 12:14:59.013808+05:30 is 49.5
2023-08-22 12:29:59,111 - BANKNIFTY24AUG23P43700 candle closing price at time 2023-08-22 12:29:59.111648+05:30 is 55.95
2023-08-22 12:44:59,127 - BANKNIFTY24AUG23P43700 candle closing price at time 2023-08-22 12:44:59.127089+05:30 is 49.9
2023-08-22 12:59:59,151 - BANKNIFTY24AUG23P43700 candle closing price at time 2023-08-22 12:59:59.151434+05:30 is 46.0
2023-08-22 13:14:59,015 - BANKNIFTY24AUG23P43700 candle closing price at time 2023-08-22 13:14:59.015757+05:30 is 46.05
2023-08-22 13:29:59,115 - BANKNIFTY24AUG23P43700 candle closing price at time 2023-08-22 13:29:59.115785+05:30 is 43.15
2023-08-22 13:44:59,075 - BANKNIFTY24AUG23P43700 candle closing price at time 2023-08-22 13:44:59.075191+05:30 is 44.75
2023-08-22 13:59:59,216 - BANKNIFTY24AUG23P43700 candle closing price at time 2023-08-22 13:59:59.216604+05:30 is 48.45
2023-08-22 14:14:59,101 - BANKNIFTY24AUG23P43700 candle closing price at time 2023-08-22 14:14:59.101618+05:30 is 46.55
2023-08-22 14:29:59,048 - BANKNIFTY24AUG23P43700 candle closing price at time 2023-08-22 14:29:59.048718+05:30 is 49.3
2023-08-22 14:44:59,243 - BANKNIFTY24AUG23P43700 candle closing price at time 2023-08-22 14:44:59.243222+05:30 is 51.5
2023-08-22 14:51:14,567 - short entry dict: [0.0, 55.2, 63.15]
2023-08-22 14:51:14,568 - short exit dict: [0.0, 66.5, 57.4]
2023-08-22 14:51:14,568 - last entry was at : 63.15 and exit at: 57.4
2023-08-22 14:51:14,568 - short pnl booked until now:-1664.999999999999
2023-08-22 14:59:58,002 - BANKNIFTY24AUG23P43700 went short at price-51.4, time-14:59:58
2023-08-22 14:59:58,017 - short entry dict: [0.0, 55.2, 63.15, 51.4]
2023-08-22 14:59:59,223 - BANKNIFTY24AUG23P43700 candle closing price at time 2023-08-22 14:59:59.223044+05:30 is 51.05
2023-08-22 15:14:59,059 - BANKNIFTY24AUG23P43700 candle closing price at time 2023-08-22 15:14:59.059688+05:30 is 52.45
2023-08-23 09:31:12,246 - BANKNIFTY24AUG23P43700 went long at price-41.25, time-9:31:12
2023-08-23 09:31:12,247 - long entry dict:[0.0, 41.25]
2023-08-23 09:31:12,247 - long exit dict:[0.0]
2023-08-23 09:31:12,248 - HEDGE-BANKNIFTY24AUG23P43700 went long at price-41.25, time-9:31:12
