2023-09-07 09:31:11,798 - BANKNIFTY13SEP23C44900 went long at price-71.15, time-9:31:11
2023-09-07 09:31:11,800 - long entry dict:[0.0, 71.15]
2023-09-07 09:31:11,802 - long exit dict:[0.0]
2023-09-07 09:31:11,803 - HEDGE-BANKNIFTY13SEP23C44900 went long at price-71.15, time-9:31:11
2023-09-08 09:31:16,337 - BANKNIFTY13SEP23C44900 went short at price-262.05, time-9:31:16
2023-09-08 09:31:16,337 - short entry dict: [0.0, 262.05]
2023-09-08 09:31:43,442 - short entry dict: [0.0, 262.05]
2023-09-08 09:31:43,442 - short exit dict: [0.0, 272.7]
2023-09-08 09:31:43,442 - last entry was at : 262.05 and exit at: 272.7
2023-09-08 09:31:43,442 - short pnl booked until now:-3194.999999999993
2023-09-08 09:44:58,005 - BANKNIFTY13SEP23C44900 went short at price-263.75, time-9:44:58
2023-09-08 09:44:58,006 - short entry dict: [0.0, 262.05, 263.75]
2023-09-08 09:44:59,212 - BANKNIFTY13SEP23C44900 candle closing price at time 2023-09-08 09:44:59.212358+05:30 is 263.2
2023-09-08 09:45:15,696 - short entry dict: [0.0, 262.05, 263.75]
2023-09-08 09:45:15,697 - short exit dict: [0.0, 272.7, 271.4]
2023-09-08 09:45:15,697 - last entry was at : 263.75 and exit at: 271.4
2023-09-08 09:45:15,697 - short pnl booked until now:-5489.999999999986
2023-09-08 09:59:58,001 - BANKNIFTY13SEP23C44900 went short at price-260.45, time-9:59:58
2023-09-08 09:59:58,004 - short entry dict: [0.0, 262.05, 263.75, 260.45]
2023-09-08 09:59:59,209 - BANKNIFTY13SEP23C44900 candle closing price at time 2023-09-08 09:59:59.209370+05:30 is 261.4
2023-09-08 10:14:59,140 - BANKNIFTY13SEP23C44900 candle closing price at time 2023-09-08 10:14:59.140037+05:30 is 260.25
2023-09-08 10:29:59,114 - BANKNIFTY13SEP23C44900 candle closing price at time 2023-09-08 10:29:59.114019+05:30 is 228.2
2023-09-08 10:44:59,061 - BANKNIFTY13SEP23C44900 candle closing price at time 2023-09-08 10:44:59.061771+05:30 is 229.35
2023-09-08 10:59:59,113 - BANKNIFTY13SEP23C44900 candle closing price at time 2023-09-08 10:59:59.113414+05:30 is 237.5
2023-09-08 11:14:59,183 - BANKNIFTY13SEP23C44900 candle closing price at time 2023-09-08 11:14:59.182991+05:30 is 221.2
2023-09-08 11:29:59,289 - BANKNIFTY13SEP23C44900 candle closing price at time 2023-09-08 11:29:59.289848+05:30 is 261.9
2023-09-08 11:33:05,277 - short entry dict: [0.0, 262.05, 263.75, 260.45]
2023-09-08 11:33:05,277 - short exit dict: [0.0, 272.7, 271.4, 287.95]
2023-09-08 11:33:05,277 - last entry was at : 260.45 and exit at: 287.95
2023-09-08 11:33:05,277 - short pnl booked until now:-13739.999999999985
2023-09-08 11:44:59,209 - BANKNIFTY13SEP23C44900 candle closing price at time 2023-09-08 11:44:59.209747+05:30 is 391.45
2023-09-08 11:59:59,266 - BANKNIFTY13SEP23C44900 candle closing price at time 2023-09-08 11:59:59.266335+05:30 is 387.15
2023-09-08 12:14:59,134 - BANKNIFTY13SEP23C44900 candle closing price at time 2023-09-08 12:14:59.134731+05:30 is 410.0
2023-09-08 12:29:59,117 - BANKNIFTY13SEP23C44900 candle closing price at time 2023-09-08 12:29:59.117154+05:30 is 377.8
2023-09-08 12:44:59,039 - BANKNIFTY13SEP23C44900 candle closing price at time 2023-09-08 12:44:59.039413+05:30 is 442.0
2023-09-08 12:59:59,232 - BANKNIFTY13SEP23C44900 candle closing price at time 2023-09-08 12:59:59.232074+05:30 is 390.15
2023-09-08 13:14:59,106 - BANKNIFTY13SEP23C44900 candle closing price at time 2023-09-08 13:14:59.106134+05:30 is 369.0
2023-09-08 13:29:59,011 - BANKNIFTY13SEP23C44900 candle closing price at time 2023-09-08 13:29:59.011726+05:30 is 377.0
2023-09-08 13:44:59,055 - BANKNIFTY13SEP23C44900 candle closing price at time 2023-09-08 13:44:59.055342+05:30 is 424.0
2023-09-08 13:59:59,158 - BANKNIFTY13SEP23C44900 candle closing price at time 2023-09-08 13:59:59.158136+05:30 is 404.9
2023-09-08 14:14:59,126 - BANKNIFTY13SEP23C44900 candle closing price at time 2023-09-08 14:14:59.126563+05:30 is 434.55
2023-09-08 14:29:59,081 - BANKNIFTY13SEP23C44900 candle closing price at time 2023-09-08 14:29:59.081322+05:30 is 571.65
2023-09-08 14:44:59,065 - BANKNIFTY13SEP23C44900 candle closing price at time 2023-09-08 14:44:59.065253+05:30 is 396.9
2023-09-08 14:59:59,284 - BANKNIFTY13SEP23C44900 candle closing price at time 2023-09-08 14:59:59.284338+05:30 is 397.2
2023-09-08 15:14:59,212 - BANKNIFTY13SEP23C44900 candle closing price at time 2023-09-08 15:14:59.212065+05:30 is 363.4
