2023-08-22 09:31:17,306 - BANKNIFTY24AUG23C44600 went long at price-25.6, time-9:31:17
2023-08-22 09:31:17,306 - long entry dict:[0.0, 25.6]
2023-08-22 09:31:17,306 - long exit dict:[0.0]
2023-08-22 09:31:17,306 - HEDGE-BANKNIFTY24AUG23C44600 went long at price-25.6, time-9:31:17
2023-08-23 09:31:13,410 - BANKNIFTY24AUG23C44600 went short at price-8.55, time-9:31:13
2023-08-23 09:31:13,410 - short entry dict: [0.0, 8.55]
2023-08-23 09:44:59,126 - BANKNIFTY24AUG23C44600 candle closing price at time 2023-08-23 09:44:59.126282+05:30 is 8.1
2023-08-23 09:59:59,283 - BANKNIFTY24AUG23C44600 candle closing price at time 2023-08-23 09:59:59.283688+05:30 is 7.25
2023-08-23 10:14:59,204 - BANKNIFTY24AUG23C44600 candle closing price at time 2023-08-23 10:14:59.204622+05:30 is 6.75
2023-08-23 10:29:59,293 - BANKNIFTY24AUG23C44600 candle closing price at time 2023-08-23 10:29:59.293077+05:30 is 6.9
2023-08-23 10:44:59,010 - BANKNIFTY24AUG23C44600 candle closing price at time 2023-08-23 10:44:59.010934+05:30 is 6.9
2023-08-23 10:59:59,020 - BANKNIFTY24AUG23C44600 candle closing price at time 2023-08-23 10:59:59.020730+05:30 is 7.65
2023-08-23 11:07:16,218 - short entry dict: [0.0, 8.55]
2023-08-23 11:07:16,223 - short exit dict: [0.0, 14.05]
2023-08-23 11:07:16,260 - last entry was at : 8.55 and exit at: 14.05
2023-08-23 11:07:16,265 - short pnl booked until now:-1650.0
2023-08-23 11:14:59,207 - BANKNIFTY24AUG23C44600 candle closing price at time 2023-08-23 11:14:59.207771+05:30 is 14.2
2023-08-23 11:29:59,210 - BANKNIFTY24AUG23C44600 candle closing price at time 2023-08-23 11:29:59.210698+05:30 is 20.6
2023-08-23 11:44:59,146 - BANKNIFTY24AUG23C44600 candle closing price at time 2023-08-23 11:44:59.146638+05:30 is 23.3
2023-08-23 11:59:59,220 - BANKNIFTY24AUG23C44600 candle closing price at time 2023-08-23 11:59:59.220728+05:30 is 18.95
2023-08-23 12:14:59,055 - BANKNIFTY24AUG23C44600 candle closing price at time 2023-08-23 12:14:59.055242+05:30 is 22.35
2023-08-23 12:29:59,184 - BANKNIFTY24AUG23C44600 candle closing price at time 2023-08-23 12:29:59.183852+05:30 is 33.7
2023-08-23 12:44:59,141 - BANKNIFTY24AUG23C44600 candle closing price at time 2023-08-23 12:44:59.141275+05:30 is 59.95
2023-08-23 12:59:59,263 - BANKNIFTY24AUG23C44600 candle closing price at time 2023-08-23 12:59:59.263145+05:30 is 62.25
2023-08-23 13:14:59,030 - BANKNIFTY24AUG23C44600 candle closing price at time 2023-08-23 13:14:59.030389+05:30 is 54.4
2023-08-23 13:29:59,121 - BANKNIFTY24AUG23C44600 candle closing price at time 2023-08-23 13:29:59.121025+05:30 is 56.15
2023-08-23 13:44:59,090 - BANKNIFTY24AUG23C44600 candle closing price at time 2023-08-23 13:44:59.090323+05:30 is 63.1
2023-08-23 13:59:59,002 - BANKNIFTY24AUG23C44600 candle closing price at time 2023-08-23 13:59:59.002543+05:30 is 72.6
2023-08-23 14:14:59,215 - BANKNIFTY24AUG23C44600 candle closing price at time 2023-08-23 14:14:59.215407+05:30 is 76.4
2023-08-23 14:29:59,008 - BANKNIFTY24AUG23C44600 candle closing price at time 2023-08-23 14:29:59.007891+05:30 is 58.65
2023-08-23 14:44:59,242 - BANKNIFTY24AUG23C44600 candle closing price at time 2023-08-23 14:44:59.242356+05:30 is 68.25
2023-08-23 14:59:59,294 - BANKNIFTY24AUG23C44600 candle closing price at time 2023-08-23 14:59:59.294433+05:30 is 70.45
2023-08-23 15:14:59,013 - BANKNIFTY24AUG23C44600 candle closing price at time 2023-08-23 15:14:59.013235+05:30 is 56.5
