2023-08-18 09:31:17,213 - BANKNIFTY24AUG23P43400 went long at price-95.0, time-9:31:17
2023-08-18 09:31:17,214 - long entry dict:[0.0, 95.0]
2023-08-18 09:31:17,214 - long exit dict:[0.0]
2023-08-18 09:31:17,214 - HEDGE-BANKNIFTY24AUG23P43400 went long at price-95.0, time-9:31:17
2023-08-21 09:31:16,699 - BANKNIFTY24AUG23P43400 went long at price-58.55, time-9:31:16
2023-08-21 09:31:16,699 - long entry dict:[0.0, 58.55]
2023-08-21 09:31:16,699 - long exit dict:[0.0]
2023-08-21 09:31:16,699 - HEDGE-BANKNIFTY24AUG23P43400 went long at price-58.55, time-9:31:16
2023-08-23 09:31:13,338 - BANKNIFTY24AUG23P43400 went short at price-12.1, time-9:31:13
2023-08-23 09:31:13,338 - short entry dict: [0.0, 12.1]
2023-08-23 09:44:59,075 - BANKNIFTY24AUG23P43400 candle closing price at time 2023-08-23 09:44:59.075618+05:30 is 10.95
2023-08-23 09:59:59,217 - BANKNIFTY24AUG23P43400 candle closing price at time 2023-08-23 09:59:59.217852+05:30 is 11.95
2023-08-23 10:14:59,254 - BANKNIFTY24AUG23P43400 candle closing price at time 2023-08-23 10:14:59.254863+05:30 is 12.7
2023-08-23 10:29:59,245 - BANKNIFTY24AUG23P43400 candle closing price at time 2023-08-23 10:29:59.245858+05:30 is 11.1
2023-08-23 10:44:59,288 - BANKNIFTY24AUG23P43400 candle closing price at time 2023-08-23 10:44:59.288953+05:30 is 10.2
2023-08-23 10:59:59,020 - BANKNIFTY24AUG23P43400 candle closing price at time 2023-08-23 10:59:59.020757+05:30 is 9.05
2023-08-23 11:14:59,061 - BANKNIFTY24AUG23P43400 candle closing price at time 2023-08-23 11:14:59.061391+05:30 is 8.25
2023-08-23 11:29:59,120 - BANKNIFTY24AUG23P43400 candle closing price at time 2023-08-23 11:29:59.120263+05:30 is 8.7
2023-08-23 11:44:59,128 - BANKNIFTY24AUG23P43400 candle closing price at time 2023-08-23 11:44:59.128151+05:30 is 8.7
2023-08-23 11:59:59,016 - BANKNIFTY24AUG23P43400 candle closing price at time 2023-08-23 11:59:59.016291+05:30 is 8.65
2023-08-23 12:14:59,194 - BANKNIFTY24AUG23P43400 candle closing price at time 2023-08-23 12:14:59.194765+05:30 is 8.45
2023-08-23 12:29:59,072 - BANKNIFTY24AUG23P43400 candle closing price at time 2023-08-23 12:29:59.072493+05:30 is 8.1
2023-08-23 12:44:59,287 - BANKNIFTY24AUG23P43400 candle closing price at time 2023-08-23 12:44:59.287850+05:30 is 7.65
2023-08-23 12:59:59,134 - BANKNIFTY24AUG23P43400 candle closing price at time 2023-08-23 12:59:59.134275+05:30 is 8.1
2023-08-23 13:14:59,248 - BANKNIFTY24AUG23P43400 candle closing price at time 2023-08-23 13:14:59.248643+05:30 is 7.8
2023-08-23 13:29:59,092 - BANKNIFTY24AUG23P43400 candle closing price at time 2023-08-23 13:29:59.092091+05:30 is 7.75
2023-08-23 13:44:59,004 - BANKNIFTY24AUG23P43400 candle closing price at time 2023-08-23 13:44:59.004274+05:30 is 7.8
2023-08-23 13:59:59,133 - BANKNIFTY24AUG23P43400 candle closing price at time 2023-08-23 13:59:59.133193+05:30 is 8.65
2023-08-23 14:14:59,280 - BANKNIFTY24AUG23P43400 candle closing price at time 2023-08-23 14:14:59.280830+05:30 is 7.9
2023-08-23 14:29:59,156 - BANKNIFTY24AUG23P43400 candle closing price at time 2023-08-23 14:29:59.156682+05:30 is 7.35
2023-08-23 14:44:59,267 - BANKNIFTY24AUG23P43400 candle closing price at time 2023-08-23 14:44:59.267362+05:30 is 7.1
2023-08-23 14:59:59,024 - BANKNIFTY24AUG23P43400 candle closing price at time 2023-08-23 14:59:59.024277+05:30 is 7.05
2023-08-23 15:14:59,040 - BANKNIFTY24AUG23P43400 candle closing price at time 2023-08-23 15:14:59.040436+05:30 is 7.65
