2023-08-25 09:31:19,894 - NIFTY31AUG23C19300 went short at price-95.45, time-9:31:19
2023-08-25 09:31:19,895 - short entry dict: [0.0, 95.45]
2023-08-25 09:44:59,050 - NIFTY31AUG23C19300 candle closing price at time 2023-08-25 09:44:59.050300+05:30 is 100.15
2023-08-25 09:59:59,287 - NIFTY31AUG23C19300 candle closing price at time 2023-08-25 09:59:59.287025+05:30 is 106.0
2023-08-25 10:14:59,204 - NIFTY31AUG23C19300 candle closing price at time 2023-08-25 10:14:59.203995+05:30 is 94.75
2023-08-25 10:29:59,290 - NIFTY31AUG23C19300 candle closing price at time 2023-08-25 10:29:59.290625+05:30 is 72.7
2023-08-25 10:44:59,111 - NIFTY31AUG23C19300 candle closing price at time 2023-08-25 10:44:59.111815+05:30 is 71.3
2023-08-25 10:59:59,182 - NIFTY31AUG23C19300 candle closing price at time 2023-08-25 10:59:59.182797+05:30 is 71.4
2023-08-25 11:14:59,262 - NIFTY31AUG23C19300 candle closing price at time 2023-08-25 11:14:59.262758+05:30 is 74.1
2023-08-25 11:29:59,099 - NIFTY31AUG23C19300 candle closing price at time 2023-08-25 11:29:59.099342+05:30 is 92.05
2023-08-25 11:44:59,038 - NIFTY31AUG23C19300 candle closing price at time 2023-08-25 11:44:59.038542+05:30 is 94.05
2023-08-25 11:59:59,038 - NIFTY31AUG23C19300 candle closing price at time 2023-08-25 11:59:59.038565+05:30 is 87.25
2023-08-25 12:14:59,292 - NIFTY31AUG23C19300 candle closing price at time 2023-08-25 12:14:59.291997+05:30 is 76.05
2023-08-25 12:29:59,065 - NIFTY31AUG23C19300 candle closing price at time 2023-08-25 12:29:59.064985+05:30 is 79.65
2023-08-25 12:44:59,263 - NIFTY31AUG23C19300 candle closing price at time 2023-08-25 12:44:59.263523+05:30 is 81.45
2023-08-25 12:59:59,200 - NIFTY31AUG23C19300 candle closing price at time 2023-08-25 12:59:59.200427+05:30 is 86.85
2023-08-25 13:14:59,020 - NIFTY31AUG23C19300 candle closing price at time 2023-08-25 13:14:59.020498+05:30 is 83.75
2023-08-25 13:29:59,024 - NIFTY31AUG23C19300 candle closing price at time 2023-08-25 13:29:59.024666+05:30 is 83.6
2023-08-25 13:44:59,086 - NIFTY31AUG23C19300 candle closing price at time 2023-08-25 13:44:59.086014+05:30 is 89.25
2023-08-25 13:59:59,080 - NIFTY31AUG23C19300 candle closing price at time 2023-08-25 13:59:59.079908+05:30 is 85.3
2023-08-25 14:14:59,289 - NIFTY31AUG23C19300 candle closing price at time 2023-08-25 14:14:59.289364+05:30 is 77.9
2023-08-25 14:29:59,184 - NIFTY31AUG23C19300 candle closing price at time 2023-08-25 14:29:59.184354+05:30 is 79.0
2023-08-25 14:44:59,168 - NIFTY31AUG23C19300 candle closing price at time 2023-08-25 14:44:59.168819+05:30 is 74.75
2023-08-25 14:59:59,026 - NIFTY31AUG23C19300 candle closing price at time 2023-08-25 14:59:59.026307+05:30 is 79.15
2023-08-25 15:14:59,235 - NIFTY31AUG23C19300 candle closing price at time 2023-08-25 15:14:59.235789+05:30 is 70.4
2023-08-29 11:28:32,787 - NIFTY31AUG23C19300 went short at price-78.4, time-11:28:32
2023-08-29 11:28:32,787 - short entry dict: [0.0, 78.4]
2023-08-29 11:29:59,279 - NIFTY31AUG23C19300 candle closing price at time 2023-08-29 11:29:59.279839+05:30 is 78.3
2023-08-29 11:44:59,219 - NIFTY31AUG23C19300 candle closing price at time 2023-08-29 11:44:59.219728+05:30 is 81.9
2023-08-29 11:59:59,014 - NIFTY31AUG23C19300 candle closing price at time 2023-08-29 11:59:59.014366+05:30 is 77.9
2023-08-29 12:14:59,158 - NIFTY31AUG23C19300 candle closing price at time 2023-08-29 12:14:59.158113+05:30 is 82.2
2023-08-29 12:18:11,073 - short entry dict: [0.0, 78.4]
2023-08-29 12:18:11,073 - short exit dict: [0.0, 85.0]
2023-08-29 12:18:11,073 - last entry was at : 78.4 and exit at: 85.0
2023-08-29 12:18:11,073 - short pnl booked until now:-3299.9999999999973
2023-08-29 12:29:59,206 - NIFTY31AUG23C19300 candle closing price at time 2023-08-29 12:29:59.206272+05:30 is 87.0
2023-08-29 12:44:58,001 - NIFTY31AUG23C19300 went short at price-83.5, time-12:44:58
2023-08-29 12:44:58,001 - short entry dict: [0.0, 78.4, 83.5]
2023-08-29 12:44:59,211 - NIFTY31AUG23C19300 candle closing price at time 2023-08-29 12:44:59.211703+05:30 is 83.65
2023-08-29 12:52:40,066 - short entry dict: [0.0, 78.4, 83.5]
2023-08-29 12:52:40,066 - short exit dict: [0.0, 85.0, 86.3]
2023-08-29 12:52:40,067 - last entry was at : 83.5 and exit at: 86.3
2023-08-29 12:52:40,067 - short pnl booked until now:-4699.999999999996
2023-08-29 12:59:59,211 - NIFTY31AUG23C19300 candle closing price at time 2023-08-29 12:59:59.211427+05:30 is 89.15
2023-08-29 13:14:59,206 - NIFTY31AUG23C19300 candle closing price at time 2023-08-29 13:14:59.206520+05:30 is 87.45
2023-08-29 13:29:59,208 - NIFTY31AUG23C19300 candle closing price at time 2023-08-29 13:29:59.208484+05:30 is 91.95
2023-08-29 13:44:58,006 - NIFTY31AUG23C19300 went short at price-84.0, time-13:44:58
2023-08-29 13:44:58,006 - short entry dict: [0.0, 78.4, 83.5, 84.0]
2023-08-29 13:44:59,211 - NIFTY31AUG23C19300 candle closing price at time 2023-08-29 13:44:59.211789+05:30 is 84.1
2023-08-29 13:59:59,214 - NIFTY31AUG23C19300 candle closing price at time 2023-08-29 13:59:59.214368+05:30 is 78.5
2023-08-29 14:14:59,044 - NIFTY31AUG23C19300 candle closing price at time 2023-08-29 14:14:59.044841+05:30 is 74.1
2023-08-29 14:29:59,162 - NIFTY31AUG23C19300 candle closing price at time 2023-08-29 14:29:59.162157+05:30 is 67.25
2023-08-29 14:44:59,244 - NIFTY31AUG23C19300 candle closing price at time 2023-08-29 14:44:59.244871+05:30 is 69.0
2023-08-29 14:59:59,153 - NIFTY31AUG23C19300 candle closing price at time 2023-08-29 14:59:59.153690+05:30 is 68.75
2023-08-29 15:14:59,131 - NIFTY31AUG23C19300 candle closing price at time 2023-08-29 15:14:59.131177+05:30 is 76.15
2023-08-31 09:30:14,987 - NIFTY31AUG23C19300 went short at price-47.5, time-9:30:14
2023-08-31 09:30:14,987 - short entry dict: [0.0, 47.5]
2023-08-31 09:44:59,263 - NIFTY31AUG23C19300 candle closing price at time 2023-08-31 09:44:59.263217+05:30 is 71.0
2023-08-31 09:47:55,772 - short entry dict: [0.0, 47.5]
2023-08-31 09:47:55,772 - short exit dict: [0.0, 77.6]
2023-08-31 09:47:55,772 - last entry was at : 47.5 and exit at: 77.6
2023-08-31 09:47:55,772 - short pnl booked until now:-15049.999999999996
2023-08-31 09:59:59,205 - NIFTY31AUG23C19300 candle closing price at time 2023-08-31 09:59:59.205632+05:30 is 79.35
2023-08-31 10:14:59,007 - NIFTY31AUG23C19300 candle closing price at time 2023-08-31 10:14:59.007594+05:30 is 51.75
2023-08-31 10:29:59,140 - NIFTY31AUG23C19300 candle closing price at time 2023-08-31 10:29:59.140220+05:30 is 37.75
2023-08-31 10:44:59,056 - NIFTY31AUG23C19300 candle closing price at time 2023-08-31 10:44:59.056324+05:30 is 33.3
2023-08-31 10:59:59,162 - NIFTY31AUG23C19300 candle closing price at time 2023-08-31 10:59:59.162814+05:30 is 32.65
2023-08-31 11:14:59,158 - NIFTY31AUG23C19300 candle closing price at time 2023-08-31 11:14:59.158515+05:30 is 24.75
2023-08-31 11:29:59,140 - NIFTY31AUG23C19300 candle closing price at time 2023-08-31 11:29:59.140842+05:30 is 33.0
2023-08-31 11:44:59,055 - NIFTY31AUG23C19300 candle closing price at time 2023-08-31 11:44:59.055900+05:30 is 32.25
2023-08-31 11:59:59,022 - NIFTY31AUG23C19300 candle closing price at time 2023-08-31 11:59:59.022563+05:30 is 24.05
2023-08-31 12:14:59,105 - NIFTY31AUG23C19300 candle closing price at time 2023-08-31 12:14:59.105334+05:30 is 21.25
2023-08-31 12:29:59,284 - NIFTY31AUG23C19300 candle closing price at time 2023-08-31 12:29:59.284255+05:30 is 19.65
2023-08-31 12:44:59,297 - NIFTY31AUG23C19300 candle closing price at time 2023-08-31 12:44:59.296931+05:30 is 21.4
2023-08-31 12:59:59,109 - NIFTY31AUG23C19300 candle closing price at time 2023-08-31 12:59:59.109036+05:30 is 21.65
2023-08-31 13:14:59,107 - NIFTY31AUG23C19300 candle closing price at time 2023-08-31 13:14:59.107215+05:30 is 12.6
2023-08-31 13:29:59,269 - NIFTY31AUG23C19300 candle closing price at time 2023-08-31 13:29:59.269296+05:30 is 12.3
2023-08-31 13:44:59,019 - NIFTY31AUG23C19300 candle closing price at time 2023-08-31 13:44:59.019586+05:30 is 21.85
2023-08-31 13:59:59,258 - NIFTY31AUG23C19300 candle closing price at time 2023-08-31 13:59:59.258004+05:30 is 10.5
2023-08-31 14:14:59,205 - NIFTY31AUG23C19300 candle closing price at time 2023-08-31 14:14:59.205886+05:30 is 6.4
2023-08-31 14:29:59,168 - NIFTY31AUG23C19300 candle closing price at time 2023-08-31 14:29:59.168537+05:30 is 4.15
2023-08-31 14:44:59,122 - NIFTY31AUG23C19300 candle closing price at time 2023-08-31 14:44:59.121796+05:30 is 2.45
2023-08-31 14:59:59,286 - NIFTY31AUG23C19300 candle closing price at time 2023-08-31 14:59:59.286153+05:30 is 2.85
2023-08-31 15:14:59,117 - NIFTY31AUG23C19300 candle closing price at time 2023-08-31 15:14:59.117301+05:30 is 0.25
